Case #1:
1412.1527321830
108.7116921488
120.2712124425
33579.3459930683
4830.8899463135
4691.6185670297
12435.7357940934
168233.8076350184
193486.7057610910
1375.2575149891
2072.1034081366
10694.8597847937
120.2712124425
60883.9644842622
37406.2819314790
122830.2778792155
12157.2349146985
1425.7527433282
145474.8591706716
23099.6984745405
10585.6621621289
Case #2:
12191.4077449595
1124476.0114566840
60074.1743641759
6844.5182473968
14975.9371262679
38421.8462820590
41370.3405582481
52475.5025605253
60511.7570799194
68127.3987188917
22078.4797553530
49734.0191810870
60686.3618664699
13080.9069248535
32339.6030658643
17073.2831928738
83723.3469642700
62302.9809131621
62810.0410873676
25809.9485792415
36924.7412508150
4664.9517086762
25446.9251940812
11024.4925102800
100640.9000765228
20296.7747134380
33405.4518588413
28334.7653132401
38831.5006920765
8712.3523170793
23431.1258026884
41317.7015828114
55602.9349660676
15377.0221815661
52332.4574198169
23180.0743657903
14698.6271108369
52439.1487118024
34652.3349571804
28129.3579438861
27124.7344840545
44518.8419600060
63206.1891579778
64770.2838697985
27478.8781408759
25432.8084407148
30761.5902521393
55848.2288150234
46211.4816360814
30681.0849331302
23857.3149104466
14959.5275332840
60769.7967914010
34718.1962743722
67337.7237002051
15801.7433572966
36221.0884176667
50080.2081627368
53604.7904196095
55670.9093127283
34270.7803840694
25645.2873234341
12659.0666851228
39665.7751146148
28190.2749263082
31762.2741865531
27351.8284838604
73419.5454367619
18658.3238207746
44999.0309467857
64058.8016250609
21254.4520851843
27793.7400312323
67793.8456590883
23996.6946383992
62598.2203532871
44649.7458849818
28511.8089784818
93756.0034654246
16858.0291488372
16429.5976563926
52796.5855037884
28750.5826290239
15587.3026900612
28176.5064970547
64949.6905983503
29644.7080803197
22586.5844930563
56382.7361021685
37067.0984784139
59718.8266676259
21423.0764326218
64146.6631656367
45773.1019893060
70683.1151177952
84041.4786949483
155125.6080680932
57332.6422775065
33511.7735688929
32282.1759510670
Case #3:
147376.2332369268
73378.0947308816
77582.1362275869
74946.0000000000
76060.1455599638
56508.7755126575
139040.3208613098
23513.2419819582
75559.0014747919
5368.5297424606
710615.1407134550
94514.5449129404
92674.1054738235
17493.9517158447
242798.5225866435
24434.9788470048
52789.4473035263
50563.6345115789
246112.5229477834
57704.1875802115
1232.3882706669
45382.5068459075
38179.8307443432
36048.1605061705
151676.0925761366
113259.9485406586
9776.6596531966
14029.2495482059
2191.7645099728
40558.3742174176
79787.9247810590
36162.5361468819
572945.0312253737
27538.4922081911
132901.5536930650
114236.4721617379
209626.6255990744
22378.7718969509
54854.5917859207
79378.6365222819
37707.6496265497
66374.3493090240
438.9705012202
305313.1222430907
40228.0866626857
83387.7660324813
26544.6678681847
40730.2232449365
56776.6106590430
79154.0714808784
63777.5722864448
45062.1564419895
50138.7742217047
17421.1521082907
90329.6561163806
59646.3855431017
14853.0657315844
67560.0420300859
582811501.9805871248
Case #4:
27387.6861596574
62792.6943326711
73357.2171093620
45224.8941947381
24948.1281610607
5633.2175844804
39269.3797450517
360505.1829563849
69968.3536924487
16645.0164647463
19178074.2000469752
21083.3837060468
12380.5968242875
32933.3965547878
506620.0708521969
42916.5305231468
1153.0004318878
5617.1409972435
30582.7540539196
27060.0224199053
27027.3527469939
74800.8467648810
27727.8465112131
25351.8640422768
73535.2028361428
8029.9555200459
78646.0364734715
6910.0810354463
84210.6936014809
23729.3336954313
27773.6473948965
16760.7474190810
392697.9214751053
30869.5778168076
11079.9602415753
37378.4662090109
9851.4083762198
1066.0644906316
278655.8747140199
55944.5172828925
46076.8857478739
10887.4875963265
32968.2889939227
27229.0520791508
22773.2653738101
236979.1896024153
132359.6806106595
37095.0420776817
23464.0551231664
18113.8521374435
19552.2868684404
49390.0392954484
8355.1884378112
163211.9390927255
12660.0199343656
14779.9108205221
48235.8032293781
43273.0226122422
190444.6993560034
54470.4465258566
12075.2168061428
15845.7018544967
56514.4254341923
44657.1738692448
6696.0626094545
8069.9485747867
130.5916739445
47662.7817773443
30654.7755760242
47469.1122806587
21444.3180409766
253596.5239054254
32810.3192389755
24078.9742402109
41957.2138208322
32155.1217811696
555858239.7826229334
42308.9452751363
21863.3430174610
37868.1554083799
35779.1493364286
112378.8917320662
27485.7123619967
16394.7000936771
38586.7348761218
28754.2498531556
28105.7804641369
22918.4570960499
452740.0132513122
30501.1062883154
Case #5:
65668980.4429810718
454071.9925281382
10679.6748546011
71811.3604876474
2740.1079448866
64435.7916733571
18686.3217292051
98529.1044499209
123608.7772184131
136621.4390758522
58096.9077617764
82535.7785603381
334622.3435200179
60998.2691968860
253531.8000122026
35395.5953563693
80653.9670667571
56959.1271386403
45506.0263651379
35.0414326733
36796.7843599056
39818.1454097010
96411.8704271517
64386.3995079784
170776.7315206079
73661.5084749371
33534.5650159313
35094.4463904025
65923.4948116290
36478.9002225491
76968.6300366569
121674.5330909743
87139.6033409780
58305.4948618557
94378.1267798636
28775.4802932053
33547.4711284604
129512.8950858590
83411.9117819099
92110.1233008440
102721.5286639402
62297.4712696046
24640.5830060634
127729.0125020776
60675.5703780043
150849.3352853664
126380.6650444948
73273.6526633878
69840.1545899844
28668.7042472603
59137.1164895365
5793378.6673386889
36689.4642022252
78113.4588844685
33366.1348362759
18245.4648901564
105900.0482056794
25519.2554170636
32815.2367181463
34105.6710450351
71787.6250638890
166278.2721211636
187783.6042125490
94570.7914041826
118947.1514970776
55805.5546449297
126346.0061413081
117390.6449367491
5684762.1888896404
59230.2576561149
89463.3362744925
26238.7648420213
85889.0410678886
10899.1002512370
46052.6967337314
100384.3992454841
114583.7120042448
23917.3700242405
134439.3994683631
110613.5607516436
11508.0695535489
53047.3639108235
Case #6:
42714.4704905879
36359.3432159651
31986.4904041861
30118.2677004891
44098.1257269481
42225.7527608523
48446.9321986472
38960.9014341570
36162.3056996046
13554.3833357107
30043.3703802870
65513.8330305148
55850.5877764790
33033.6850546902
35950.2413216447
142760.0120850776
33798.2337552106
141549.9036023230
33308.6226207551
28799.0186132436
39700.0054049439
33600.4928281421
39136.7501904475
111549.4962458501
34421.0403085157
42035.5825655541
47105.4078671496
60429.2969465926
35726.9480072240
39935.6051976959
31006.0167056630
67845.0904303803
67869.7906023122
32180.9403453287
30783.5084187795
31243.3288032888
82679.2673260060
110129.2663005747
28586.2049595143
28450.5985215701
43405.5941284035
66893.7191874100
9414.7181456619
43990.8581068309
31310.2536879390
28572.1673624245
41000.4188573978
39116.0161899377
37461.9730832433
35310.5973800374
38235.4394245549
43269.9470001574
21017.3234169794
25994.6454381845
30963.0925906898
1789.1376132918
33999.9214798516
34796.2598983951
42368.8694685952
11273.1622319033
31582.8312918481
33584.9649273994
39297.0100903303
43161.4667262336
40484.0516574689
13003.8716590609
23445.6114492882
31230.5326353232
36198.6621459307
35933.3492983896
1692.8402268191
28633.8879710504
38020.0413469117
32609.0648611228
35124.4195224003
42208.5410996621
28755.9126976143
34931.3946282281
10697.5582572452
131515.1905129155
45441.2330240990
41702.8835608484
28867.9174397772
37617.8508872824
39195.2568515921
34801.4381187839
41578.4649357455
31740.2230141094
42727.4792425699
47518.0772868741
65232.8414296756
15777.6888533498
47351.8683825642
76624.0332198645
50837.1001849126
37811.5637164636
15118.8050233603
29852.5768277041
17668.1616339534
38033.6065702089
Case #7:
36665.3617164931
40288.7552166607
34558.0337177542
47412.3053931240
71316.6426358076
79458.1731469580
42298.0615483451
166074.7224786847
94126.3940027336
17918.7400167674
230551.0732169765
16203.6290861031
40941.3830957734
52719.8527870310
36548.6312249488
32603.6721667176
84162.4925364752
64361.1632252127
48508.2953922328
34708.6223105977
110329.1738120300
41858.3276333408
41765.0334170484
20429.6783235694
47804.9729323132
64720.3662256274
24849.4768734395
40994.5180242597
25410.3612106231
78355.9182397537
41905.7424312965
25681.2456808306
51036.5626366749
15657.3064835624
40114.8308814242
50860.7352329127
269274.5290235291
50170.7077982865
49101.2230703141
29532.9696829168
29230.0128302032
28155.4964736734
39496.1092119118
25159.3210730989
46583.2350781885
36657.6140329221
395994.5788807598
66037.5582058302
156828.5243435642
88016.6650869285
68458.7936405666
41957.2643497469
45109.1155914528
19433.0099511694
17281.3190804699
52441.9939869315
22998.8341806009
18230.4479822045
40756.1778688456
36064.4851692502
45702.5439833866
135759.6859942876
21792.9592211176
26341.5844879030
49974.0791187618
55756.7636382823
41306.2698073096
29063.3855574183
41251.4535584877
15899.7950342980
22556.4623771789
35937.2777851002
57409.3908966334
131394.5239236870
34800.8878761374
24056.9739986912
45744.3708827466
30101.7923066150
19610.8976396224
41378.1570779876
35476.0311517617
124726.9877625691
50121.0055856692
211686.5556106936
23192.9691785384
56359.5759297704
28369.4312697765
105173.6043338996
42932.2591643240
48453.7343059601
58890.4264618346
31066.4842167826
39882.2049512109
20460.1434625459
18260.5604366907
22290.6273850964
24426.8505207231
51546.9804335231
71621.6048421295
65106.8016678402
Case #8:
19873.4053247519
35099.9258847923
15104.1571205496
37688.4768283648
36136.8110688027
28779.9511036189
29867.8401249078
40083.4903642898
53403.2746930203
38111.0093973698
38204.4684468654
39750.4880176065
38367.1334387555
37913.4019965333
18870.6794719875
36142.9521442930
39991.3041301898
9519.6839344393
53384.8011894260
48541.4943147123
32263.0876896039
47750.9147924949
47684.9757889265
79592.1593116817
44157.1713625056
30749.0379099526
43265.1038030396
36437.5054078361
76835.2401731558
41655.9182034491
44638.1018687358
69324.7906541921
18663.8040826892
46886.6596910303
40062.8399957362
23415.1075805566
16461.6795322734
28208.2689411282
164534.0390015049
12090.6958024823
35477.6369586960
36566.5329756962
45393.6563319503
38413.0543443087
162787.7978295934
35261.9625590721
38891.4409224577
46360.3110494382
32851.0443739051
36233.9884666784
36760.3183077986
24483.9536271791
21757.2069207326
38011.4737845159
7539.4254902545
47871.6021591482
114704.2837280511
35044.5484555191
36597.3500752154
40290.3425383384
55627.7120506827
111815.3904806832
41477.1550546359
79179.6121165280
30145.5606275620
35149.5572716120
40038.2402050840
56697.9676026868
33339.5812439064
55524.0075011493
34519.2550824657
34617.9461315185
52709.9589126350
2023.7052152855
28977.3526639800
106355.1172209000
43755.6569556849
49836.4619966214
44450.0110180103
15726.8465341486
15222.1097508152
61479.1655689393
39964.1170828248
97010.3490354434
37502.2785556173
38848.4745275698
44596.0295875403
25439476.1910908930
48025.0690941418
83389.7764279089
50703.3193367640
7042.5935436825
37795.7799047623
16851.7416784776
19966.0587501850
30865.8870451297
28139.7677612860
42173.3527340000
37201.2124323024
40833.3404821445
Case #9:
235034.9825202483
794403.3326785653
44356.2687224414
115731.7030954868
47270.9039631579
172503.7579025040
230435.4255052717
109256.5849293466
34082.2566671775
16534.3153230264
8223.2766728199
17735.7411030123
65274.8065221919
67721987.1893877983
100124.2987517122
89708.2282374373
92432.8779928465
8130.0298436030
9511.3544822435
45717.2002125178
38671.4897681573
37486.0550273395
59155.0922369722
34970.4370647008
10854.8149702346
49653.0602975133
54754.5690890283
19070.3188072695
32404.6802023323
Case #10:
28716.3846031842
14645.6032738050
27071.7918895855
68683.7878732106
Case #11:
639971.6638163275
60052.2368769025
42965.8042826172
91388.8859187338
3681606.4569471544
55683.9411640971
56993.7299980094
233900.7722649578
54726.9049281116
53957.9291758512
50826.2706603562
Case #12:
54415.2293874399
42192.8406103477
68898.2256555195
187805.4777057190
44916.6656844439
49163.0336712444
10300.2253619929
49329.5309976421
122689.6931502038
59383.5824725988
59866.9123546307
45856.6736143727
129386.4468599244
219385.6279891718
56816.7226300545
149957.7544418300
21355.7986953102
4065.2571524712
27071.6653465566
47793.0453241260
58537.8069787151
46763.4756622728
44662.6086213268
43108.0729075684
62533.3300214956
82127.9454243092
53810.1586301999
71017.6016765335
43549.2286197523
78518.3295145174
32844.8356904215
17493.3541009467
60465.9072478598
22630.5431261691
50117.0951078237
44732.2350094692
86123.1713655942
75187.6674031380
86579.6507100703
48451.9105323188
22453.7473511820
57028.0348924588
45463.0595163879
55227.2434909106
28446.2899083494
18131.8852948142
16573.5053032465
50725.6159176754
38994.3309067951
8149.1796258080
41161.5936121352
59703.6268464462
49691.6764719015
13524.6592990272
93660.4587267544
38451.0988914536
42615.4343092588
44233.4277455044
59891.3118588263
45406.4037923169
54502.2467720115
21646.8562164946
79715.0317072120
6129.0403793366
56314.2605290704
50809.5565778572
38043.6308123738
42365.9841480253
54632.2055263103
51463.4578348728
57917.5188042678
38803.2831191681
43068.7325013980
146702.2519536771
16968.7116728046
51100.3467506056
47960.7835699011
86682.2085640932
52836.7217924886
63515.2004802642
49466.8280377497
53645.6597964284
49571.8520184424
63061.6961454416
49090.2981153300
16646.7711433839
82713.7236908408
47643.6463553767
54956.8218827997
59441.3226103915
79023.1283271539
94795.1506130162
62359.7971377249
10677116.9511003327
48514.1377370460
42501.0688681690
8360.4223045474
61897.0928719205
28598.5174471687
38036.9027537964
Case #13:
14063.5807993787
36781.4227198811
2238348.4996347195
21832.3317130778
52716.7311801722
23180.8825879317
6924.6567863579
2578.6806016275
1956.3999163755
395038.9083571387
457214.4304650769
46558.5272130234
11412.6791781157
53216.6764941482
1706164.4919054911
9344.3427086532
15722.8005080762
741138.4232911804
192199.7558181085
81404.9422999034
27437.8734412286
18859.9516701895
17505.3090130203
55279.4917388442
15789.1688108766
136319.8562120089
75672.3565474922
38636.8717391897
10417.6875024136
Case #14:
71372.0000000000
66410.6837229520
18112.9680869526
66091.2767827706
66410.6837229520
885.3761912317
3146.7908603509
66673.0886511248
66673.0886511248
66091.2767827706
1171714.1564141989
280075.2005381121
65093.7529324502
66091.2767827706
66536.8205773894
280075.2005381121
68665.0412528208
6666.9941555750
69227.2844598703
8.0000000000
65093.7529324502
660.7510877781
5429247.2774862628
3778.3519711805
3146.7908603509
66536.8205773894
3778.3519711805
66410.6837229520
6124159.0021474790
60580.7066731454
280075.2005381121
280075.2005381121
63612.4572893962
14699.4736041802
66091.2767827706
3146.7908603509
3146.7908603509
1171714.1564141989
786.9498078023
712.2022184745
712.2022184745
69332.0003735361
591529296.0000000000
5429247.2774862628
66946.4626052828
18112.9680869526
3025.0378309318
65093.7529324502
Case #15:
1.4142135624
2.4494897428
Case #16:
154346.4404508712
252033.7277883050
120014.3836643998
12341.2583586025
90821.6000922030
102295.0605770733
5445.1504467165
173172.2695915588
3142.3205476186
75995.2380600612
749905.1038792704
7.4888723872
212262.5680466859
208851.8965901775
1496870.4637916540
307998.6632744388
251509.9187178407
80103.3514474403
60507.0910239311
103042616.0000000000
2169.5112758957
25680585.9416504391
50523.2644868058
182339.2820348279
109973.6144364496
65062.0324820536
53267.5750026894
169902.0948455950
125298.2082825102
154203.6986327260
41712.9139921074
12455.1075890472
293193.7384652677
846026.7179482578
95031.4857791581
27306.0620833474
119114.0978271964
147818.6755546142
137018.1061992620
198430.3484441469
140398.7146596015
16590.6178423503
132991.5068297111
149997.1966110284
33419.9029471563
113716.6010609840
146650.4809994567
475996.1491395534
234813.3181069147
102384.0590613451
106068.8787162704
4935.1664175287
127840.6330766202
80834.4171501856
6562.7930447861
2463258.6209148569
253315.0964753281
215417.7527657963
113755.7991050099
92433.1199451239
139045.5334726533
78712.3836619604
283777.8797643103
129271.6220185556
190229.4606084876
337526.8074779839
131466.5260451516
384475.9327587722
106690.8819436963
292276.2007899554
424330.2232920814
107439.5293381155
162525.0687845148
450445.8938663689
209173.3610509252
11483.6816382481
102488.7670312915
115539.7284213106
65602.3703433881
64700.8320989130
1211980.3233919332
110080.0341988377
34784.3184227675
39722.0999200994
151538.9222627615
193061.5083110908
29875.9288125168
14496.8741356732
40836.7121190893
Case #17:
4.0000000000
23890.1798711565
82743.4917840959
4154.9539525208
17273.7099486159
23582.3619436233
21224.4897828813
33923.9396696960
34831.8726463754
15331.1389650594
231390.4778592815
31668.4415348113
38816.3380476890
16963.7448024500
13839.6302787858
39992.5232202852
97325.2316324346
9731.2229386639
5.2915026221
153981.4826323985
245327.4231628172
30963.7112529403
3363.0885252728
2371.0250165773
142032.6084853995
42838.9575240707
25532.3182027229
87506.7606664680
12823.6829140837
5345.7503135710
363878.9168656968
6168.0922697856
6332.9162183836
99364.8140037053
10152.2918504641
10142.0606096472
3663.5869506201
258382.7434791276
28507.2952311937
29132.6752173910
4056.5158538252
96585.0000000000
88677.1861729838
244584.0332920675
52942.9116293373
30275.2525249920
24832.8329830704
15676.2671563896
23213.2900614869
23936.4498586904
44093.2920830552
26500.2512689395
24688.3938286613
32541.3092491916
71555.7848751373
5499.8535700193
13007.8127397178
57445.2240131486
16649.1810954998
134259.5046571081
25680.3288513390
13648.9621155616
18929.3952851322
2624.3687245563
1415.5209447128
6171.5038853719
22714.8732717786
21734.3909704694
29913.1620441003
545055842.3447142839
113609.6854852202
23428.6268389178
Case #18:
1.0000000000
2.0000000000
Case #19:
31870.9038503396
56287.3532687406
59462.2590886981
875.6409988807
43565.6538196732
22406.5808589115
5067.5539368793
37013.0410452844
26099.6525409764
58327.5568115503
2037.3090228261
10309.3003096843
76618.4335077233
66641.6943812205
25986.2248166757
32040.3182700851
201.2567796206
45380.1145608939
12569.5025788306
30827.8797671811
568534.9285330954
49667.3403825589
49505.5473077770
67096.4906532806
67761.4481703786
62149.9347043516
50137.0922588961
32643.3495179876
80961.6533985547
1987.8319381064
65901.0646079052
5603.7807885730
25879.2887351146
62588.2699787391
28273.7224659181
30219.1235680950
93845.3281649892
1947.2692876202
33536.3071660388
50173.9792603659
51485.9172757104
52778.1593655202
64836.6061793730
224548.4515746005
15881.3827497700
820.4653934106
50110.2569038073
77952.8714599380
64559.2763748034
45327.6745227997
18951.1105127641
419589108.0019291043
86704.7162689095
55209.6640941713
139707.0446992057
100270.6596365600
110422.8826118775
12556.6917199715
38639.2094987268
24554.0628527678
57473.6343797566
238420.7345789873
21563.0985421885
1.0000000000
76061.9453343315
129185.8890739660
23265.3951681307
28664.7505473480
23969.5799021218
346482.6184882744
Case #20:
12511.0415873881
20093.8162034974
78900.3606070407
515349.9092481364
77580.0235902221
8539.7319564648
7780.5613787441
134810.1044521033
798214.1682909072
16852.3254380496
9638.9289591979
71777.4204461503
Case #21:
28977.1150811539
61786.1505313096
41244.9628197190
22871.1486911014
1998.9211922919
25645.9269493748
500.0195345224
30649.8205158081
87246.6889766420
24647.9184929962
81209.6906431143
8774.4167719467
73426.7285440408
8787.3770616645
1050860.7426076403
68088.5620004370
42622.3991463265
16541.7034179697
56835.4387894640
30711.2962714658
37596.7516873796
45822.1862691059
2589.1629140913
68396.6428354975
13198.6905811230
405553.4576940264
65859.8477016563
21915.1838510768
233.1910075519
3466.4727578861
1396.8672833223
861309.2168309519
19437.6745021403
602198.8826012132
26817.5719288829
68507.1901224616
56058.5074454817
30919.5089657236
31919.0393369710
8241.2194968058
53862.1579667677
1118.2302337099
50469.1267884936
479471862.0000000000
7206.6279208575
3614948.0340459188
49538.2668338634
7610.8121028461
11428.7080268459
64783.5137256122
26924.0960493014
35597.0276892701
297385.3785372779
11299.1146207804
43306.4290641722
12737.3485281916
39159.5249968796
106992.7596061883
38835.1951386224
24474.1493276070
41833.7313155302
26088.6507331679
25566.3856802530
45989.7287345812
25910.7863134086
394716.8871509018
28977.1150811539
38561644.5740939975
27048.7217376484
138.0217059103
16181.8724391419
15724653.7659407370
59914.8306135169
33006.8196338009
112352.7021773396
92997.0000000000
Case #22:
23937.3056097531
16388.2979153330
24269.9895088193
25154.1382830629
46242.9137768601
15030.3554605084
24616.1014906618
26571.9216276557
36701.9818766176
11734.7276068407
27838.7315261698
83886.5340033497
48665.9690921683
25116.3941573375
83141.1735864774
76456.6821854281
17845.3341320170
25456.9285409667
32328.6372152679
20020.9402614993
61197.1345668864
14734.1570443782
19805.9945170133
25403.9676712227
5457.1215465530
5757762.1782968771
18788.1106112518
21942.7680006444
14041.8801473182
18135.9973311793
24701.7760490094
26197.6956206249
2271.4514137956
2884.8665699430
15366.1151140170
2029.8872841877
36300.2027262635
32728.5867602384
24094.0920164661
19257.1678280173
15115.5916015279
6604.3218507875
20945.6056941717
70146.8102645199
36300.2027262635
19751.9203565919
14981.7914270920
113173.1879356625
29038.6172039169
24461.6921370128
24898.4299143396
1764631.7375707601
19531.3381910277
25905.0075342965
1922.3429793581
28188.9131071722
26801.6593565987
24127.8649625164
23707.7922523355
10157.2765028406
3274605.9887253609
47038.4856745637
9734.2415709344
22309.0836716034
13567.9677588508
14482.9570870329
18232.4103862168
22032.9737170265
56321.6259794009
23902.1193593019
19167.1336052108
Case #23:
154128.0845040386
12457.3808407366
2281708.2863860615
20630.4506434008
10106.1563657773
23847.9083998015
181269.3983589348
251808.2461987466
7276.2611171950
23355.5326255089
86842.5933414384
3653.5716603659
18309.7730357423
8262.8581133147
33749.9406894089
1132.4742326094
347160.6844970615
48157.2738826387
8031.8824497290
22046.6378245986
46592.7398874261
24932.6010922348
202222.6138914526
16919.7479409586
7411.6884313781
55518.7849926831
210378.9849187045
49441.0145205489
72036.8175095560
10418.0734482199
8233.3354404388
409853.4411646680
35360.9874785093
201617.1662365313
622.4307190363
10014.9196391857
142626.9926645746
5058.0966541173
25398.6255205727
118419.6535831867
8856.8503731386
34072.6609537094
2121.8747472919
88555.3175150286
24229.5594405814
76541.6821304448
8741.7838407657
11707.8507600723
242210.9917457310
9439.6588958838
4.2426406871
4441.6490468811
3821.4713049456
23451.7252687125
151912.9144414218
965.1571312653
7155.3089515910
135533.3621253317
13251.4840157898
48816.3979676894
24570.0239861435
20761.1208999705
Case #24:
17527.0368316619
9483.3745867052
25806.2696873157
54405.9867797974
3607.8996294552
90720.1854034928
20570.6134862811
28074.5018369669
12641.3148364867
25737.5080621941
11974.2293074074
9441.9776746916
15991.2082487822
16058.0347529057
12652.2942647610
25785.1940640068
3250.5443175961
16902.4850603430
23290.9592697362
15817.7343268290
63005.8264952441
18731.3300884874
1341.8544801096
471.1259244518
3290.8846446526
27557.6514971933
18838.2279904934
4166.9788386730
34446.8068845534
18397.5634454311
23810.7472179641
28709.6141263201
18064.2948545851
87.6202967451
23607.0251906511
15350.2393065429
235781.3839021245
18474.1187507418
16142.6519804883
21871.6958138325
16610.7587636596
28830.5905674046
10166.9278530970
2109047.3795515280
Case #25:
45208.3226197053
5791.9003074568
4514.7677605578
Case #26:
17099.5499940788
50380.0847585116
70539.9820839232
26316.2271992016
37340.8921207029
180604.6060248055
363446.3444199755
4367.1080473991
43884.9699043667
2771.4838268250
6823.3093128857
60907.0932075974
277212.8185519424
125239.0097303843
51314.8346494645
273846.0379503344
29057.8095519028
1157359.2741025276
133353.5983605710
293561.2238271742
354860.4635120759
69944.1807300870
38945.0159411156
201623.1648433868
7256.5001222095
35850.6404435614
35016.8595025605
70374.8469811367
96942.1678574782
570259.1650962119
71528.2327218473
10526.7734921428
1339783.8331157914
93519.3605541333
5665990.9392035194
5406.3513504567
70465.5138644250
22053.4460060486
67997.4119944641
44330.6381312681
413592.0834554600
11867.9173794607
1339783.8331157914
31608.7145690357
47939.9293102104
5665990.9392035194
109766.5780079342
20444.2083004017
160772.8394382012
14818267.5932672638
32754.1148237786
192462.6920687807
5606607.1511637988
318.0602176005
5.4772255751
76159.6569445577
168985.7921014155
62813.6720786168
42445.6738202631
65845.0452165783
31017.9575016705
21525.5092147897
13509.8510984037
97416.2376457974
90655.3214493104
203525.9605310837
44571.4141833018
227742.7982406573
18884.9382079018
51662.7501356366
40631.8346924692
52670.0974620616
34023.7513105537
92222.4483422698
86.1804503195
72312.3910001717
18044.3324866182
31017.9575016705
6332.9490795405
59065.3738673004
Case #27:
46889.3947397970
60254.3693977435
67241.4282377177
49274.7612247144
27363.0899950799
41536.2209100106
50429.4630751101
48333.3075174796
62452.7588650466
74882.5371548254
59159.8272604375
42700.0947761551
19222.3287502121
37848.8653840126
45224.0209664153
95068.1844808897
43031.3609600018
44439.0612973110
291067.6148342369
52693.9468601000
108888.2250360353
42383.0781005260
52106.9490907493
11807.5567253133
76792.5631583579
38630.7604964158
51043.7657631790
27059.7127781295
73167.6649830684
47285.6683834105
51625.2632752077
41452.9442554101
85818.8635786556
29797.7190052187
50017.7239623313
109168.5710815793
47841.9935954630
37641.8796593475
28826.9698012513
22813.8155296354
56843.9653745987
90279.1065025849
57799.3634265830
226529.9954154147
8876.8947417494
235495.9619229068
48387.0881303905
53489.0791678939
51560.8208255264
56805.5574793992
37711.7874826016
53127.8762152297
61429.9256518269
53146.6219897207
1378308.4912269881
46384.8983245352
51878.1172518304
61770.6305460151
50101.4422180536
34249.9612162656
55532.3778519827
50802.5777135672
58219.4846741520
88084.7598023301
45678.0714257666
51221.5227678333
86377.5011576917
56789.8745704148
34424.4234730253
40948.8703374744
44963.2564295157
72746.4026005787
223573.5678135633
4676495.8509032940
48932.1175750694
193564.6441511470
55190.1961271096
44938.5348282924
120983.0202135394
61386.7664453969
65243.7347910459
35206.0392192052
118419.7394447276
72650.0445488450
50864.3893594343
57623.2323892339
47323.5300764316
110575.9598538841
34693.7643302507
48310.4791075746
24995.8197577757
95624.0667712833
77353.1754891506
55589.4419194346
41474.2102168377
674123.5036172309
67566.3306342637
26995.2969058621
35782.6410517517
56181.1631190148
Case #28:
23231.1859219318
32881.9216312718
32635.6715379587
40792.8570562636
27159.4251712181
41810.1173418774
200297.7378834213
26681.4150476572
24790.3548640765
43685.4903063416
31824.2132901587
34315.1850059948
50206.1367065820
30965.9817471286
16860.6468633196
35056.2555492759
14756.2621486061
9389.7770132509
34501.6210365573
13154.1200930745
47195.5346891994
38656.3847149037
33567.3436732137
76523.6804433937
34691.3874930203
8577.8976414223
29980.2529676995
13272.1595523156
31259.7568293162
25453.8684772428
37536.9032612569
43513.1320711712
65319.7147365315
55763.3200716077
28981.0209733796
31943.2114244966
32948.8550120471
43566.3519649314
19589.6065371997
33166.3375969599
79936.2704684110
40935.1300466006
20884.1656806666
33240.9486962805
41612.3270569800
39847.1733927059
30502.9883378783
23070.4112781382
15785.3970918960
1769.6673951327
23826.9519670466
12692.3867573162
11711.2983065078
26675.0079893619
36871.4229128186
20903.9722352180
38410.0325151301
30526.4865202161
23203.1475613785
60045.6646683368
38711.0419609175
9586.8749529292
45282.0316028171
30313.3865568514
36853.5189712486
21045.9190997452
32192.4712211046
68411.3104596771
62550.1267753997
34155.8676705542
42651.3400719683
31331.8372668350
18853.1631940210
34888.1120850188
32902.2316899238
36733.0989030550
19171.2023476668
25056.1901646164
13737.8170210641
41530.4198693522
64002.2449512485
23475.7549792051
30869.6249473431
37771.8735193797
25299.5582399380
35676.8562109626
35364.6338537200
35974.3766013341
34821.0806228666
35060.3370271202
7239.7698503282
31424.7181273327
2445.0991237638
36397.8531751087
18632.5645996838
32448.3376948406
27869.4606992638
31674.4088210935
32628.9193174539
34037.4539091953
Case #29:
8219.1996482967
4594305.4034913704
39964.7511119787
8219.1996482967
46974621.0000000000
20519.2035664155
364.6637322956
87661.5023930963
26756.5300796790
364.6637322956
33285.4290152120
3038195.7036202061
64403.5747843222
226522.9476086332
54288.7097378451
351239.8210833956
1494223.4558893794
46974621.0000000000
3989.2821471876
1433.7486215369
775.5842958699
1067.7413332943
87661.5023930963
5140.0038112637
3038195.7036202061
9365.5588118491
794292.2714752320
46974621.0000000000
38987.1328681794
34889.8484089570
6177545.3310643537
3038195.7036202061
1494223.4558893794
1433.7486215369
38987.1328681794
33285.4290152120
59693.1413261030
9971664.7530645821
1087.2916500155
41815.4193058280
114058.0659266759
9365.5588118491
9365.5588118491
1494223.4558893794
34889.8484089570
3989.2821471876
794292.2714752320
40757.7484320974
794292.2714752320
64403.5747843222
1219550.8092958741
1433.7486215369
39964.7511119787
26756.5300796790
87661.5023930963
85933.0000000000
364.6637322956
54288.7097378451
87661.5023930963
4594305.4034913704
33285.4290152120
364.6637322956
3989.2821471876
9365.5588118491
47530.0000000000
351239.8210833956
114058.0659266759
20519.2035664155
6.0000000000
9365.5588118491
1219550.8092958741
6177545.3310643537
20519.2035664155
6.0000000000
1.0000000000
226522.9476086332
64403.5747843222
34889.8484089570
364.6637322956
794292.2714752320
794292.2714752320
4594305.4034913704
3038195.7036202061
41815.4193058280
1067.7413332943
1087.2916500155
46974621.0000000000
40757.7484320974
3038195.7036202061
6177545.3310643537
38987.1328681794
8219.1996482967
579112.2217416354
5140.0038112637
54288.7097378451
Case #30:
3558.7189033647
570.2279442055
38864.0425071814
3583.0276416631
38864.0425071814
490.2856310356
7415.5598905772
95701.2770775392
2632.8894674441
14246.2827000731
31733.0754482016
565.4221238042
7112270.0336558474
2632.8894674441
252.7825152181
1165.3462576560
367.5568072230
5113.4669455814
Case #31:
1344.8658290231
14680.3958992835
44084.5698182869
13885.3422256477
23111.5001758761
27175.4743484257
3820.3164644309
9773.9917175804
475930.3465930498
32683.5374069870
1492.3893599569
15212.7423663982
3851.0046887880
130878.4803755583
51.4351220253
2455.5103363755
29284.3818975063
18288.9927520397
67385.2145668306
16965.6489483056
30999.2046914340
271863.0410104442
906022.7215598553
11491.3850445270
29737.4815367464
175261.7325406557
18222.6517294201
2517.0037175322
21905.1975626644
111382.4314221810
26994.9968337404
39344.1196733608
24752.6938844011
12679.6476582237
18008.2599521574
11608.0296467961
6414.4895264881
27978.2798146693
25682.9477932896
Case #32:
694032.9910086012
74096.3192985273
40513.8621944436
26465.1030211080
4862094.6883280650
35490.8420354468
14014.8220326462
18368.0707741655
63569.6138784694
77136.4317946088
47825.3636822327
24783.3686618522
47470.5248276419
63144.2392286991
38469.5079245515
28368.8075163650
16735.0049861066
37413.9789485935
34247.3626494802
36372.4353544737
17031.4805482088
42888.9392314927
46814.4241017680
66434.7598431050
16948.0436893355
14409.4440860117
46881.0000000000
44836.1249011946
51654.0822409419
30637.9071513809
38994.4968904713
19906.3361485110
32071.3659077033
60127.2330877599
13716.9263790521
36736.7050891503
71130.5187749353
61299.8060931140
32359.6564899813
27356.8718143292
6728.0537073073
34555.8606678137
27291.9466361938
30060.0161447134
43038.7968348729
29773.0096204945
37914.4294249411
29041.7107808888
27031.4032097655
42023.4518993107
48079.2791035907
33867.7925575478
29855.9768288734
5701.1228797458
23236.0452960381
53824.1824114710
12482.6438247551
25974.9974245887
24567.6913719770
66697.7790980631
34215.9614964985
36755.9753300686
42800.3635508266
34046.9829090094
77834.9880343820
15145.7434617763
10146.5855053944
23372.9470083668
33849.4054708629
31475.8378834477
60170.4912925608
8219.5693618908
12384.2630097499
55367.8253597666
38744.3992598716
184943.6963308420
30681.8986905200
31542.1641384128
77862.5592287221
14447.9699072146
53432.1318160144
19662.2614944302
30162.9888554774
46121.5166812371
32453.9759315486
99236.0234673840
29671.6841970759
8314.3798170236
36481.5954359688
17844.8767104078
21327.0011532048
53665.8002524382
39140.4662574687
47221.5354627763
26203.8690612926
65977.9538662176
4594.7059585339
23833.5249881696
26680.8172928138
214503.5799615912
Case #33:
155625.0221745337
51600.2947691795
53384.5899170775
63213.3425037370
45956.9648996913
59951.6766858324
47318.7801076605
56217.1793385883
499418.4214734672
408068.1486840725
79703.2841953108
28005.6930850381
14593.5248875053
34568.6263707369
53880.9652543572
46773.4790657653
36601.9101779779
232169.7650285378
126690.3026517735
44161.2275200831
136748.2126810512
63353.5392558296
87648.5200258809
73027.5441200724
161659.0663646366
63749.9645608665
24438.1755619933
70111.2432554590
164553.4237797528
49971.0476228734
70174.5077829655
17033.2522435879
99739.0890499152
75015.1279468619
60068.3038347477
7003.5000411171
80123.2345077560
35249.2090640957
105995.3481108421
61481.2804138432
2752.4178412888
70218.7136255827
54247.9885384438
12838.9852985703
69062.0422228425
62485.0086722634
56590.6076229119
50408.3098545042
77213.9493907315
384.0854745584
73281.8297571666
61167.7794564239
42907.9895048811
67524.5153047752
42162.3655491705
56698.4394921336
Case #34:
73400.0591475308
104066.2767691116
50521.4686172233
272697.1066941289
86816.4899194316
82109.5784994767
73812.7109342076
87798.2744622272
Case #35:
25479.2699845720
52696.1280424226
72862.1293710854
179475.5778957507
185040.9769369450
113310.5294099671
42536.5696205146
82837.3592936500
208937.4848919639
178240.5084668699
349214541.1668850780
52696.1280424226
917.0177341260
180985.4208496072
5630.4147131498
165833.3156320525
197738.3772418651
42983.9872725740
21188.8514223049
151480.6270972440
70985.8077785791
119886.9480074543
Case #36:
4762.7998352578
21285.7171571563
43584.4622543401
4106.1167927883
723109.5611994377
563728.1613634068
14850.1001354346
11361.3788141703
11191.1670941955
105205.7287907863
1087.5777278262
17633.3924812565
23577.1200530392
29319.4813213883
10993.1534732885
5322.4927733073
15382.9382024285
24119.5816612860
4462.3949883582
6623.3849565353
13860.5497461003
15976.6977989663
14887.9779647066
12317.7782275811
67071.5560049271
275995.3424765619
35957.4412076547
58624.3049201298
449.6152183599
5388.1214870044
11919.2190211788
5019.9684891781
15042.6052037330
42544.9261160667
12959.0473745244
8042.0130636904
7644.2586407745
8425.6281605351
38582.8487346738
25344.8376409447
3453555.9534465652
10726.4154983555
204412.8078657067
76558.8475213245
36653.8735232495
4972.0926243442
10407.3817190068
17619.7828476523
10735.8053361636
24861.9521453580
12633.5062545370
62803.1255853706
4553.2069050067
6212.7343535197
53007.1712129595
7796.1561578091
10693.4128802183
6764.4559556532
5778.3413108010
1900.3220751552
7061.9173777499
160.2102191795
24820.2369520583
8496.2932287752
2030.0334615312
9553.1210166489
8425.6281605351
2516.0376074044
6838.7179752695
7513.6689967498
1507.9597955903
Case #37:
293537.1687972848
35423.0259725180
72.2445388847
3313.6604421128
31907.6693866738
2183.9353113793
68433.1077156730
13286.2547560155
60443.1311180540
12165.5492043388
68014.8300176090
42905.6360808061
75435.2905358518
335448.8142860023
214365.6730714312
46953.9916117516
106174.7533661822
34915.7298774990
28196.9429655516
32415.2472819669
6483.1123700203
79896.0738697361
62125.1655706075
3265.0947191469
39039.5427634678
28382.3170759736
51080.4714229395
58404.7162149969
60580.5724378607
55866.1584058493
41971.8389766023
82904.4738746252
29114.2221754065
178967.0054004850
66462.5893865250
73761.5779600901
221839.2904885421
56858.2141581737
79491.7731008255
70443.3844374332
415214.1723561680
5019.2598249462
3521665.8248610133
Case #38:
1060883.5875808070
48435.3611025260
1230.1272411797
21787.9156298933
4935677.1874758666
86585.2434606297
57654.4454808771
42757.0000000000
35268.7411657533
12856.5970946657
230112.0596997638
66660.9337949537
1821465.4669612611
157392.7355906810
305074.5000386362
5405956.2469291883
194625.5602159625
36416.3433363972
17014.6006080563
23292.6777548320
5210425.5988558158
703943.3027298908
3341.9120526076
20340.3880557071
3313.7261687570
92471.4919329083
79271.9933309953
3297.8055147174
4.0000000000
8543738.0576727353
1421443.8641164892
3452638.0279373424
67349.5041851152
26060.6598972750
822798.2723653805
2669.9945881277
31266.4348826189
164037.3247966468
30919.1580340834
29654.5474254061
1948618.3051154830
30717.7652678488
30073.9762811810
7020.2998536194
153076.8709222132
44754.2475620545
26782.9580546209
504.8597367649
105736.5477698003
72678.3305501505
43656.0142108958
126679.7714098734
728911.5502482689
19806.1145466963
30306.5792113274
80690.8598819001
801.5816768904
3784.2500741938
86560.6936058851
92423.3389706394
69.1598634835
3876568.3358004997
30919.1580340834
62548.8609186020
6560.0727982882
183947.9724303899
29654.5474254061
110772.1882435577
98378.3541130161
32925.8593681337
10050.5045369561
681.6565237658
17014.6006080563
136434.0393716398
104805.3769303649
79436.0324851392
209832.2475314772
13559.9883955942
61759.4734949993
73183.5049291631
14135.6278967155
22092.4394941783
1183103.6091761896
1092.3700689714
12237.5310422287
123675.5409749681
185910.9801371112
39700.3126175389
62905.2617327630
86246.1627247650
11819.0134252315
8941.9543409879
692.1011763553
79257.7571387964
134892.0361614177
40930.9227775878
38741.8327935213
16521.8829605400
273305.6106015101
Case #39:
6667.7785519006
216511.0833342654
214492.1856078923
18639.0000000000
562833.1169531668
69572.4629516047
38868.4392558173
39711.0000000000
62387.0039538370
58792.6888202547
216511.0833342654
193988221.0000000000
69572.4629516047
41659.8659964666
40554.0000000000
49304.2124602228
103678.8750051138
543430.0560944888
47880.4549124405
1078815.3585904529
51551.7538429002
114223.8656577143
1078815.3585904529
18639.0000000000
59430.5223215893
27206.1266813194
68677.2330814630
138559.9285740491
214492.1856078923
562833.1169531668
49304.2124602228
116957227.5622873008
79924.0000000000
76387.9996255880
8216671.8377940031
69572.4629516047
543430.0560944888
58928.0000000000
107257.0142530576
1504083.3285172214
127327.9156183710
116957227.5622873008
5.0000000000
105154.4024455644
216511.0833342654
43712.5059336570
39711.0000000000
68677.2330814630
116957227.5622873008
194346.2900284944
45569.4049654351
31215.2089666426
562833.1169531668
48930.1920908900
5.0000000000
216511.0833342654
31239.0224135663
197758.1601177656
31239.0224135663
105154.4024455644
99304.8176220050
138349.0328976759
214492.1856078923
562833.1169531668
4010675.5921166199
112736.6720606511
181762.3833390686
64692.7037554784
56104.2090111989
54448.3659290691
100144.3685793585
39711.0000000000
48930.1920908900
8216671.8377940031
101729.5984008486
24733.6908738629
58792.6888202547
71636.6169780407
68677.2330814630
49304.2124602228
782182.5792996581
165353.7422483224
78984.4778674899
24733.6908738629
15505.0052049505
31239.0224135663
45569.4049654351
40554.0000000000
51551.7538429002
165353.7422483224
108784.1718234117
2593.0835564978
101285.1190940479
35941.1002041607
59430.5223215893
Case #40:
43810.5822148029
8.3666002653
60088.2772511039
126218.0366341851
27792.2945934612
68650887.2421164662
45424.0000000000
60088.2772511039
109072.7520220327
390750.1974073874
609540.5517413126
214236.0824019238
82413.9027713164
Case #41:
196334.1945531339
17664.2156385948
47160.9127256159
179203.2535625775
105443.4162972178
114675.4960019010
83619.8402041544
85516.7142431373
53575.7472625517
143415.8432794350
40669.1083416938
1202367.1995704924
17200.7704894630
84317.9690581115
46757.0267652535
25351.8775952470
20050.8088277074
105689.3041305307
107009.3804002254
138645.5670405457
91099.9711545987
75591.6760947061
95280.1951437677
140962.9152988036
91133.0638951956
239410.1416815429
99015.5688542226
90127.6218227609
57217.8747026255
78056.1078022913
55936.2422568552
53412.1318412869
77719.1787046447
98540.5557480322
590106.6858036385
35930.3649164014
9088.7617082702
55049.8579461831
132319.7346398578
56217.7483871670
133634.4359780129
110194.6478202900
84992.7712226672
136089.3131055742
65044.6598700577
Case #42:
7420.1514654649
188608.9250436866
76974.0909785199
38868.4055984232
17802.7834186355
27269.8851663376
12976.2364090043
20179.8712709689
28617.8909487151
28691.9074150626
21848.0943935167
38725.1651415118
154570.4115919477
35221.4798128731
86754.6774476054
31196.7516271665
84709.5599844241
27431.5275255670
28746.7203617705
7783.0527136454
23903.4768293248
39274.8525452828
17715.0367528151
38925.1705948973
37119.1805485676
110549.8279252763
27814.8252746311
34214.8710070426
30668.8273450029
24233.7797204718
43422.4187401246
34773.7872881969
43109.2642550514
23032.0316620476
47055.8279708491
28360.7725424197
26612.6364172277
32066.4220280770
43923.2512607093
19743.0257696026
51690.7339285995
8536.4860281854
47157.5915600232
15812.4907528369
42934.3277976979
49852.0726633568
36073.4797231295
48009.8731332087
223986.6225285622
6170.0516373551
12169.9420448253
26331.8474982769
12765.7532344818
91398.3300378101
53387.4409509492
24934.2435427712
28822.2689017926
25251.3255285323
22985.7772193514
132698.5897410180
33541.2728046402
48431.3402443397
16518.8909058866
29034.5625592002
82744.7490301039
7305.8844721428
7955.8465106026
35455.1781342923
346775.9276602220
17996.3267805256
2739.7708767426
73432.4789853712
21251.0961843430
26858.0790005981
27993.6915049488
29666.7598816060
7685.7811939599
35625.8721890665
21115.1405884739
18867.6613055928
24573.3234290502
22351.2176010803
28784.7852440226
27806.9343631638
25984.2399294248
8081.7674615014
18242.2771166806
31358.9810664906
23967.6887792339
21034.2864477534
5954.1537037070
46775.7257986071
30972.5986593298
21883.7463568850
9056.4109803692
30077.1802912657
27905.4049076358
22938.7382837116
47656319.6684554219
32551.2535703868
Case #43:
35310.6016849338
59487.8123772833
1443619.9456070010
113776.7542308725
46343.8827385203
57054.4934288344
38423.8931255465
45655.4908850725
97799.5598487157
42947.3303663319
117533.7644406272
52553.3170416077
107871.0111246272
71655.9524615847
86070.6227340175
46884.6025473175
74377.2319611552
62963.7965381836
44136.3785805437
58924.8355514471
49068.8667256705
47408.8642603279
86708.6068901312
50825.1397135092
51922.2205742996
56685.9751894599
64797.7755260380
54408.8567878118
60500.6379587095
41170.0708645459
66558.8845587979
51182.1182432069
53895.7010660397
69552.7299096889
111756.4607654181
57483.8200962061
120105.8347957039
53065.3303734852
89477.4068009005
84759.9672645309
102900.1752980059
62982.1997539683
58080.2772254397
97921.3377290319
46572.6072806448
77200.3500200382
24254.9290471241
25770.5989409218
39126.4599717900
52491.6323702720
21300.5770867701
82485.9298260851
66877.2736215780
52340.8369415854
74104.2079135998
64233.1554518888
55035.1204139450
44735.8059424093
48421.0547735182
44920.0965151981
103296.8891966307
1051686.1457212656
53772.4648721173
46084.2075691385
106655.0542313083
62271.5006231508
24023.1862492973
84274.6303845687
45192.7287425661
15844.8665293010
101878.3701812134
55032.9491649510
119129.3849120502
60814.5772383565
66746.8544392739
52568.9437357107
47845.2488976514
27999.1169956655
131055.9645828064
45307.6661999063
54638.2294066107
34612.2227211798
74656.2950323255
56076.4617259141
107606.5322237993
64925.4958759200
62485.5273231804
92693.8215840712
47840.4066637873
99415.3523298145
54412.6635859225
79125.5242231789
53447.9184975973
86631.2613638641
67272.4140591331
197339.7942462180
66961.1106191385
127047.8866421543
84155.2154841097
52661.7450471374
Case #44:
25694.6473406648
15889.4241726883
11640.4545428271
14671.8103943859
763.3534077230
309457.8389968769
17520.1828381112
19471.0761172343
1141642.8698475908
11314.2097817332
42349.6663206024
12498.0318451480
16909.5138613806
16985.2797832008
274608.7136783139
6241.3797103640
6438.1267062920
1287.9043810993
44972.7586913073
10441.1022055200
23740.9944107503
29706.1479741029
12440.0587133591
Case #45:
3140.0000000000
73753064.3628452271
1087675.4085831863
453664.5258718990
82587.7534876176
9620.8256909166
81795.9842935166
307026.1163153793
221788.3712401649
36973.0767298873
996428.1547427642
93647.6179884376
333471.6845786716
215100.3582470563
488561333.0000000000
267979.2018350266
1330447.9711391581
3264258.2089895676
83615.7975684021
6005.4298688400
168.1071087135
1135883.7891903406
9114883.6160153896
547353.9002999585
480518.9888159651
29744532.1713651679
4732874.7680333769
344045.3664830519
4732874.7680333769
641545.4540514089
220245.8329944792
9601.1298593905
33849.1473689724
8642920.1007334478
929.1048078382
1223535.0243310116
83615.7975684021
293245.1470837047
12555778.3885046635
75084.6185782526
540681.1200845331
220245.8329944792
662495.7672904502
123241.0538048754
1075761.4775268505
8642920.1007334478
641545.4540514089
1356314.5310620996
1805160.0093111899
401494.4221042933
540.8696700685
452997.9724739958
Case #46:
999999500.4999587536
999999500.8217799664
999999501.0731029510
999999500.6930376291
999999501.0742536783
999999500.7416690588
999999500.2947288752
999999500.5206029415
999999500.6229417324
999999500.9505136013
999999500.5343018770
999999500.9635590315
999999501.2499587536
999999500.9178930521
999999500.4309928417
999999500.3349850178
999999500.3993510008
999999500.3560107946
999999500.5315247774
999999500.2649958134
999999500.6703685522
999999500.4473544359
999999500.0296127796
999999500.2353734970
999999500.5194268227
999999500.6645737886
999999500.3890762329
999999500.2661459446
999999499.8970795870
999999499.8846126795
999999500.3071753979
999999500.5283365250
999999500.2871490717
999999500.0806217194
999999500.4854671955
999999500.0756051540
999999499.9097094536
999999499.7237377167
999999499.2858223915
999999499.2944452763
999999499.1749581099
999999498.6767055988
999999498.6732339859
999999498.1922280788
999999497.6777809858
999999497.6177617311
999999497.7976535559
999999498.1269265413
999999497.8339911699
999999497.8548474312
999999497.3862738609
999999497.8882606030
999999498.3301256895
999999498.5754586458
999999498.5802977085
999999499.1015473604
999999498.9406365156
999999498.7189426422
999999498.8778774738
999999499.0700955391
999999498.8574056625
999999499.0276495218
999999498.9146702290
999999499.3340046406
999999499.1270972490
999999499.0266969204
999999498.5898953676
999999498.4876323938
999999498.9763532877
999999498.5982394218
999999499.0268402100
999999499.3724001646
999999499.4697858095
999999499.6784895658
999999499.8034154177
999999500.1902290583
999999500.3257160187
999999499.8515284061
999999500.1246880293
999999500.5005023479
999999500.2282196283
999999500.2437021732
999999500.7799170017
999999501.2834928036
999999501.0589095354
999999500.8862973452
999999500.6268724203
999999500.5738902092
999999500.8859223127
999999500.7946902514
999999501.0944639444
999999500.8569430113
999999500.5131762028
999999500.8511165380
999999501.0948811769
999999500.5458164215
999999500.7742944956
999999500.3820174932
999999500.3392045498
999999499.8567847013
Case #47:
38.5080798401
3763.1653530052
34717.4612479499
34317.3810165219
315.2585368291
9238.8589963801
406984.2047233511
34717.4612479499
3024.6036260284
42362.0000000000
205.8203099794
671.1550582319
171.3903676287
21.3131425660
11408.2167906679
37407.5266545832
3.0000000000
2145.6348151772
5270130.8409289047
341.2794718639
35307.5873819075
1076.8537469225
2387.7900704773
9238.8589963801
5015.5154639516
5015.5154639516
2145.6348151772
30284.0716495110
8060.9278917821
30284.0716495110
10460.0074904455
205.8203099794
2.0000000000
76.0464858729
3.1622776602
76.0464858729
840.0957267962
38.5080798401
406984.2047233511
34.7959780987
336.3545210901
5270130.8409289047
3024.6036260284
90.1630788105
35307.5873819075
267512.9396342029
4.5825756950
59.3844472502
37407.5266545832
2.0000000000
171.3903676287
5015.5154639516
1703.2683409282
35307.5873819075
382.8759590259
1076.8537469225
49936.0000000000
1435.8541869355
38.5080798401
35307.5873819075
30284.0716495110
34717.4612479499
21.3131425660
655641355.0000000000
1254.7748518610
1076.8537469225
406984.2047233511
671.1550582319
37407.5266545832
3792.4633666018
4.5825756950
5015.5154639516
44447.6402523239
3.0000000000
1703.2683409282
11408.2167906679
Case #48:
37710.8472026990
44122.2859196185
40927.2671043971
46213.5082850530
78340.5438588665
104527.3890840992
36933.0723150029
103382.8808745373
71350.7764518844
3035585.8680293565
91472.5391170237
81551.6655915148
70964.2073711306
52543.4448988580
57016.4246326568
52044.5671527233
45463.8271862981
161405.7140393733
44732.5729283471
63423.0829855609
74252.0000000000
260159.2136608317
27989.7883821568
41499.1409755732
75095.1764255545
13823.2250676411
56520.5578294987
45260.4622279219
698994.0721181610
66536.2143747588
121369.9817450333
37232.9195874123
60342.3867891485
56689.5007165531
18027.1176987049
155590.0473592092
36703.9865251725
66413.2051775341
110246.1227954232
22957.2501446845
80870.7411317162
59850.5612814963
47746.3518875747
74076.0915338923
52177.5389677094
34640.8039090192
48940.6000251983
75928.3024812086
88640.7891076650
Case #49:
1760.0787998552
41362.7766215970
1123.9034800340
16339.4079406502
52977.3782477012
Case #50:
53379.0593693532
24035.6293084549
50037.9503135382
39611.2511094493
38300.0531647288
65086.9369543071
48599.1248082709
57523.6561620187
92066.6766659020
27613.9856605423
58586.3538039199
63322.3801804618
46165.0574903080
16676.6674809383
73637.9016190437
69785.8044596339
64144.2820106871
50873.3218986919
85264.3666953768
41362.8074822905
29500.5259049869
72918.4493332817
6082.4706743613
63942.3916099568
49227.8279785075
11800.9715821158
45192.1593999114
106244.2741267113
6046.0573576004
43896.7009739145
36120.4352332907
29989.2338459348
168599.7617480812
26856.3973620557
45763.0186733596
49635.3893750755
49820.3168142615
32816.8792625873
28432.7462619629
81111.6134810256
52208.3967865468
43613.9947267382
37049.0966354154
25562.7218282254
43873.5505263395
3335.1097238215
51562.3621715209
35786.6484026278
73514.8311772193
53987.1158097103
39280.5445145142
72853.7761907220
22631.3569636581
31686.0236336219
27780.6305815316
6542.7963337735
39847.8859867328
48838.1157877004
52965.3267461962
20670.8524324426
48599.4738414691
64601.7466702157
31484.1024812152
40348.9930666307
57813.1593889302
44491.9997180629
61054.8970967527
47840.2123757602
2232534.9960791809
41576.5665632969
58289.2665402923
41069.6362067806
20670.8524324426
31346.8884629477
27123.9218320653
38688.8744071180
21529.9909187427
61591.1186262649
25665.0547023539
57904.6670885625
34907.5394396455
89700.9382182744
93701.6494521674
90085.7014097949
79151.5676298225
42531.2475959113
54057.4597546350
25004.2918506688
79233.0795752222
68825.8308368738
38324.8187619540
22774.3873396740
28391.7612625604
37878.7920841902
22581.3474369906
134569.4920507713
55004.0083686584
40350.0551588629
81850.9136233696
39067.6849738604
Case #51:
65424.8848279096
57671.0717351116
36609.7694381746
16780.4866170054
445491.3195773984
27922.0152645457
61259.1657093382
52333.2160581934
214928.4966573746
19786.4146069515
34154.4849156417
83235.1199611646
10412418.6738797985
18906.7190531588
152737704.0658639371
50730.7329187568
112779.5801114048
84691.3506981751
20395.8108746365
56800.9379920896
39381.0778078802
45812.8091539426
10497.9656961573
99782.2600183282
Case #52:
49074.1153043712
23963.6083261206
21343.3746391726
572.1214438843
10935.4450488917
44115.7752177552
4004.3097300203
711606.9007518161
7100.3154035711
7528.6241406081
23344.6877592870
30948.0813391173
1013489.0199119687
16460.1089935907
45225.8771914111
57529.0775692186
42017.6253532637
10268.0909247190
21835.9738207825
6954.6945285054
12313.9588590384
10884.5474394927
9464.5855710091
Case #53:
559107.7015511709
17023.7230263047
10254.4578128787
22715.1330741900
31658.9519788065
310.8710424699
18505.9834848330
27621.1726380243
51626.4262360618
222354.8392848421
39568.7501750978
32829.5398529964
19797.0417417052
26651.8117843047
40247.6374581055
3340.5019561817
20589.1757774044
16661.0897420101
49530.8573105560
18158.9416073561
25126.0344194696
15536.1836836407
15083.2616616985
23044.5433907360
102160.0449065555
21097.7687782327
44459.2991517396
36991.2055861085
186114.5981100341
37256.4637678781
3185.3620010252
20214.1753545548
115135.0164343719
27552.4562669212
49207.4904577131
30578.6011232834
30728.2638154634
57032.0000000000
42810.8399886614
28667.9434098764
32863.2919452372
221027.4750819039
23318.9841219705
58139.4794159949
19512.1626885220
39004944.0748327225
508.1786269909
32011.4381085238
27187.7563892818
23861.3339011366
4.5825756950
13722.2848617826
32763.3842033603
55730.0608065340
61895.3213404502
23127.5608642901
26319.1203856810
557169.9915193865
7293.0362484738
28216.3813961336
222183.8058333694
56308.0915112725
1474557.5213225018
11039.0795119239
16571.9445729731
20816.7598498025
10828.4416386334
48153.0791475425
34941.0174430042
23282.6884919301
68365.3660909754
46134.9110992716
41767.8053744836
19684.0418525299
18562.6133156335
13907.3899835447
13721.6974686736
47221.5404222007
278796.6377356722
161228.6541689761
272417.1233224689
8942.2269747632
20808.4457731117
20628.6310176240
51119.5516501045
42152.1830568813
19509.7305663032
77187.1185661812
34442.1800420866
43502.1250975168
48369.0938325614
15074.9846281573
17533.7428394396
20915.7567043638
35454.1029943586
20471.7321108814
7973.5381057119
14773.5180521525
116150.8267857802
Case #54:
210793.7547858459
82490.1109901957
196736.8742395988
76803.5293827141
99037.1498322869
71707.8457444818
83657.3967934037
43482.5560783871
1789.3430654898
65042.0335963650
117068.4042621273
52105.4480059387
1499508.1146527031
7269.3303074726
10490.9824651395
44219.7263782201
51940.2635135917
29.9561066802
389746.6483187843
52877.6584848079
66202.8757905160
80220.9064282304
71205.5097993809
60463.7614276513
59918.1043829962
54307.2762246559
78255.0862189099
25324.1910274045
362315.2593774465
113121.4958339650
51815.2921060221
53987.4703392794
53341.2390843621
Case #55:
49919.5842590447
42256.1238208657
6243072.6335127642
31819.3109507876
16335.2395829283
8028.1026681697
74527.5108316321
6531.1010786214
74730.3075185493
356828.8331412725
126136.0103091740
5665797.7185776765
56459.2189020751
33011.2935438192
39561.8188043697
63357.9223805198
27253.2909244929
30259.1451794684
20085.2718159730
38108.8065862983
27946.2902522816
46494.7496677078
39112.6352813927
62360.5709725875
36586.0628459942
107244.9459750726
22947.8609384125
106404.2614808121
22218.2076093379
29905.8224953960
46298.0225976443
743684.5981082183
70994.5430800965
38108.8065862983
33896.3473600949
13229.2693165054
3397888.1084578517
1012945.2104836232
57777.8399716946
61990.6902794823
103318.8625338473
1191382.2885481697
32375.3256323841
29378.6385871617
24884.6280925790
559282.4637573380
39324.0888060087
42793.5266209675
96800.5661313614
14561.1950123112
19242.3674653136
47406.2435274493
972.3256673558
44264.6056776186
38518.3216494250
29545.0132914086
39792.8301885902
84117.5648880416
3299.3744936906
6.0000000000
42976.9324113519
Case #56:
11656.9518789771
18176.1644953441
143418.1868856517
33476.5119524617
19190.1858116593
7629.7020006518
64026.0028140248
2401.8314695616
27941.0509310838
5215.1466634730
19480.1291391084
7698.1516183030
148238.8265995538
23956.7468379817
69749.3700554841
33828.5574013501
53745.8147486855
15264.0061457677
153660.4481419951
14024.9433835407
10520.4635672494
6160.9136767510
207.2100383669
21098.6427825249
105069.0717767792
162937.7999643247
24821.5344308174
30617.4659222455
26701.5716823170
25439.8638054368
17435.2410380885
10013.7164129417
12666.6869588821
3481.8332319715
53151.1517825563
3526380.8089346089
15305.7945931884
28561.7043131302
21600.1740342708
37887.7207171658
18360.6031327800
450423.7235381911
113220.7041711791
9804.9319681111
26880.7771899033
26741.8443648766
30176.3022857279
56818.7090584117
338421.6972363315
3812.4207245835
21056.9999164065
37690.5042815516
33813.2677488130
36824.5678397363
65232.2005631786
65232.2005631786
24086.7156514880
53151.3601004378
18283.6815774561
174048.8856079652
21882.5769502998
19335.0632124131
31864.9551964820
17916.2424923607
15995.5143856368
32650.8237935017
122081.7990565075
26330.4029751276
84.8666883743
30010.1459278026
37724.0556624851
1312.1904759093
42020.2589321553
20091.0638867019
153953.3439475961
12373.7431030270
49730.0710710751
25948.2075226078
14802.9256109542
12450.6954922582
142148983.0000000000
24444.4483823389
4002.8750367514
34842.3678834444
28110.7839971336
54914.9445055364
9987.9718909825
19174.2177827664
21454.1521284960
238691.7391809842
32590.3187239261
44107.8326577770
20776.5358010728
202938.3269886840
20974.8153588516
26976.0385241188
53276.2251996205
Case #57:
144656.4548121497
5163.1635494081
3899.2037586756
638.4806027293
47830.3942696302
280695.8807151131
3354.6192253997
3133.0757739114
31600.7682695658
5546.8061419667
14122.9931786564
6592.5381045311
3732.6394574549
2789.7381084462
5907.1621371281
8762.0684537342
3662.1096434797
8598.0907318111
6111.9829820123
6652.1372809085
1301.0805386197
21817.5860781309
7092.2029413219
1142.6456529205
1279.5540883697
4196.3483913886
10623.6841695790
5587.0000995286
85728.3440257932
3282.7856155557
1875.1241691317
10774.3195625232
40584.3776616141
8531.9475392925
13212.1319197825
Case #58:
15229.4836827561
21806.7385448588
10641.9546027152
329902.9087799597
628864.5583060255
20797.7462054843
47954.2057472529
41122.5967916170
788414.5366337678
41353.9130313501
14636.6593746078
34804.0699736331
46806.9879003234
46195.7459414031
32835.2040931545
42922.3878138291
35965.9408399779
25431.5435375491
32620.4663957921
65988.9899708117
44652.2160564101
1267.9571312750
32896.1931917029
24864.3221765521
280214.1071241170
34821.5861410708
64941.5164127431
81061.4785148818
32937.1700676312
7146.7562572121
70674.4158763076
36526.6587181327
43532.9366038877
76677.4266831744
106662.3909565558
19023.7203809400
76978.3504303565
110229.6315222104
30232.2972884627
74330.0290480744
53603.1155027561
32168.0667112428
39946.0137271462
60430.7998750362
68347.5349716489
36473.4457077371
23859.5789237715
37609.1637300781
34945.8503379412
11698.7915960198
44428.6669559454
56602.1572287047
31316.5341708582
32922.7077152033
89402.3527886317
26789.8866708423
26477.0512117569
48986.4719809078
387454.6488936538
12647.6536726355
585275969.0000000000
35289.6467437167
135415.1364908038
32404.9839365080
31396.3602670423
55499.3086654027
27419.2799091732
71246.2379383241
66821.7310901341
567.5455928822
27978.1103401832
54678.7605300845
33118.0308294569
35106.9870734855
25607.3618344343
40676.6695450617
53124.7460332238
14192.5198961294
48531.0033846867
63116.6678994975
63055.7068153468
61551.0000000000
Case #59:
97432.9860476751
74809.7408396241
47695.8642104422
59200.2184523201
59576.0450121758
427700.7451887038
9221.3617276672
41345.1786061609
32877.1516729125
79337.1027763010
105776.3264082675
121508.0321323965
322042.9677398875
616404.4896776758
88221.7702212436
103978.9854922991
109.8587719241
87383.5871698255
139291.3096716295
106457.6575286341
119811.7962602401
71195.5342359502
79274.5934841341
93425.2695316262
93920.4361148307
82491.6488855072
24037.4828464730
50965.9054484420
81571.6588440456
295846.6370400277
41785.5233999359
111349.1637614593
108700.7333472867
167644.7063761622
310010.5429348284
100619.3261830021
59203.4699710147
84579.8150603877
93920.4361148307
9987.3985691593
26320.4930111145
86753.5947121881
105814.0752133090
579239.7909880737
21219.6761099284
254519.2727829109
19284.6386441615
41804.8662244398
441238.0112037375
84866.9360997893
87748.6755880561
70774.8535748407
83943.8901638322
627419.5839273160
34976.3188861483
35513.8825483180
40112.3173988811
73761.4068829603
80898.4768165932
76455.0126210203
56010.4734252642
99974.4866527015
192517.3041987582
71014.6957107868
24745.1962388294
520349.4520354636
197315.8442057577
78396.6360087877
73258.4143698259
103454.7498914735
4687603.6497958414
249995.3355053200
170246.8706171687
88897.4108563349
79022.3884195028
97469.5737514286
34850.3137288132
62445.2485703593
70366.1041619104
10709677.5174370799
153300.6179684407
74306.1894085922
68025.7195393637
20322.8768464689
87540.5218868743
71443.2197536975
66127.8201558008
85675.5341771147
68005.9262211479
Case #60:
17546.6932104077
72448.7947325277
29095.3039281152
31328.7827625872
20237.5008351466
22169.8212765205
49171.5751424382
17558.9345032275
13056.7831142495
139877.3386250015
184605.6912530554
31028.9567672602
43068.7954892867
32266.5940756096
54391.2631576150
176979.2332128835
30700.3853134902
42252.8338603599
16448.6121075613
91018.9418076631
26031.0051717769
33916.5001853733
42763.9095500043
8826.2485350629
46956.4321606764
1338.4032890823
56837.6443608968
91176.1232643909
93854.2840646948
4344.5694139012
38096.9063141106
133875.6491831198
31094.9642727664
17188.3238023096
52946.1384584859
41476.4731485533
Case #61:
61916.9112013971
83052.6582465768
59983.7599546671
25106.2082962674
27927.5347350715
47414.7364527957
24132.3150843741
217502.0655090865
87690.2754069123
23235.7201873033
41131.2087551786
70739.2118669131
72603.0341099836
25458.0842584786
51976.1686459008
53340.9722192637
42249.7749234974
39019.4090355569
22207.4903296540
36149.3749754588
71129.7787752912
42582.5813600408
19288.0396746876
40819.9575071094
18587.6133278428
37216.8430721269
65390.2471654621
67094.0293395600
76642.9377270206
43603.4789517598
37945.9608851979
42569.4008312449
29400.1695302910
68584.9490233356
37952.1544096066
21779.5160487265
33320.3391239299
104472.1175980040
531863.0746207413
39725.2800699065
33424.3837502348
44012.0681390488
42525.1109836456
54698.2576622723
98046.9403071044
36238.7077076174
50312.3216480780
42735.5338305315
76838.8796029565
43370.4523294120
56246.7437359844
34517.6829825892
65245.1438835594
44391.0639902730
45543.1770626830
46831.5532709854
72574.7663107263
11455.8909665602
38788.3712398876
45624.5665283394
50738.9374526644
45457.5503432486
43379.5641330560
30848.9810672641
52567.9660727193
30003.0889265887
59827.0820435518
41143.5831979148
23019.1055663111
14983.4413631255
71058.4280695683
38148.3350065256
64444.9082349098
49677.3164099711
41162.9741894184
32149.3381594214
63576.6435574954
89290.0137187186
36253.2088168857
7854.9506928159
41061.0446453968
43592.8340602956
18432.4773287183
50443.9103691090
41916.3918619441
37670.3288260697
61217.7618591819
66941.6324366134
38237.3292443087
27329.5745483560
40495.1789634462
57361.4306526887
37723.2068358257
30349.9531704686
112076.9903964996
43639.8414379105
31605.0885229170
54497.8430504246
57496.5968153533
50542.5196549728
Case #62:
5724246.6753276801
181.0165738268
1.0000000000
Case #63:
106064.2334458775
143228.1958923904
95222.6928310684
52298.7942361223
75913.5295851118
98309.9867099552
48201.0421703428
156634.2818950069
21764.4231693125
85904.4869934511
107005.0553144572
59052.5404458684
125903.6418448657
1908129.1183244796
142494.2654008855
65696.4195785097
37441.3499783321
184164.5644211471
382457.2789394110
97628.4908322321
80020.7288298884
3077.3149387084
413767.7623278695
472.5128615649
50942.9240906533
74228.6577007804
86697.4951724533
162656.9851477586
92957.8109516276
79362.0657994230
35184.1518398212
173447.6371590311
14414.7620960723
73175.6408850419
46635.6897736237
135011.7823682098
31856.3812664595
53041.9909901987
748830949.0000000000
120321.8897343542
80248.8423881627
90343.2695449093
65343.4666943166
142278.5233579742
151086.8453132129
Case #64:
1000000000.0000000000
Case #65:
6507376.0261672167
1295417.6032714343
21234324.6061200052
1046762.2474389091
94641143.0000000000
37126422.1543084010
11077085.1598134972
478396.2998213062
147140.1508912577
2102854.6491384185
150304.3395127037
343891.5664798520
Case #66:
36483.6817696311
48582.7411485527
1255018.3722405117
20384.3803462389
16786.1795087635
13954.4906843748
27582.4211887100
14654.3378340042
28882.6523986638
38569.7364316167
26429.5401520785
10076.0825835447
5076.7720864669
31868.9567757209
11702.4331996337
24643.3445332845
17820.4820375551
337.9209288180
48008.9464728029
37046.2510437145
35567.0419896316
32645.7795259276
26775.2834373099
41881.5662924607
13300.0425340347
35259.1269690074
31991.6197758161
34168.3125079020
22162.8128470460
23619.7164327687
52078.6767010420
33422.4398636364
27108.7594052170
17417.6641521321
23894.2314495925
11002.1873256744
15415.4044519809
46672.4552323120
18523.3295674304
21526.7641585708
7853.4818374352
26447.5718724200
31724.7717847352
25173.8615539915
29551.7301356686
34089.2812209122
47473.9176856923
16483.7558130226
29524.9504162778
9891.3695574144
24453.4125839451
10148.6830380775
25873.2838415126
20488.1265245787
40098.4148363202
15451.6434076341
28504.9092318357
10312.5670670351
13129.0773364685
38396.0066659268
20422.8448366409
38596.4283756375
26208.0453246672
38721.2351738957
25370.9929448101
28064.6952397754
23962.4878279424
68166.8044036570
27015.8237300559
23727.0378092529
24869.4532007385
64027.3277225356
20682.5594666271
41269.3000058077
25637.9752901624
22515.1155481902
66687.0660051769
20060.2170860478
159377717.0000000000
10145.9698468142
28718.4309528877
10445.5658523215
21758.2002324568
18014.2143164192
25868.4781011414
594817218.7582612038
5703.9240588297
9961.3967292928
41186.1527556733
Case #67:
95706.2253192359
68618.5250957475
24016.4531247459
87773.8529481336
530.9689256444
47072.5903823752
404469.5634787120
96220.5176951996
72962.6353905082
110142.0799544807
138577.4787959056
65999.0269791362
26356.7669089488
31833.0581517601
33921.7234623140
107174.2440472095
210349.2231821491
44895.4670978762
94183.6258602284
10333.6024942119
148907.3949575630
1838536.5788337812
27142.8193645252
141641.6694845791
88940.8599707400
69502.8768977968
60547.2421385556
53962.0548189742
65040.8137540608
47076.5728865151
72726.6023472193
57198.0616602061
53965.3034352706
55059.6865856841
71313.0208480126
70149.7474174471
3507.0008369819
28697.0254133938
86893.4192240411
51467.4782227816
3053.2181372143
6147.5729699524
4655.3334428753
141391.0747312949
2909.8508368945
87887.9412424757
136531.7021391852
59290.4106524405
101809.4080232387
70278.4582610763
70647.6109774922
53973.2018754410
547107.0011603683
392530.7147687367
1019.2967024711
47925.8976113192
49576.2801822840
239078.3155713219
14962.3761117278
35906.4991771606
106035.6480493819
136092.1005383257
43296.5654852337
6038.3962549271
106853.9932147955
97636.7461900857
91617.7653784799
52132.0714956687
7289.0471410261
124935.3236466542
3652.1927319617
67364.5170643226
97088.5082512578
7927.8176998858
51824.7559264740
189239.4532921730
89380.0171646838
28540.1826083930
77614.3095981628
251671.7751332310
52134.5025707730
358170.3197764911
59753.7657523193
42978.0154033675
Case #68:
27998.2961095104
41165.5800931328
174464.1751268437
37316.6066592226
82450.3795149290
8028.1428446678
233970558.0348519981
43442.2320306460
63070.7262874675
12062.1968310995
516861417.0000000000
51419.4819048320
971519.9568415693
267741.8297813783
13870.3986255167
34541.8634450464
43647.4494910085
44767.1629671375
84149.9278408298
53332.3894342929
31096.0859848463
44278.2208463717
44341.7937213200
52340.6312813999
40091.2583014701
32399.5612073933
4584.6121506156
393857.5698571192
42061.9715436920
83915.8646549280
73069.9531853256
1286001.6911192131
109830.3910566582
105777.7319373828
7048806.9203138910
332102.0670181724
49309.0413708286
Case #69:
61163.4236709084
51247.5588642686
36991.1133948917
28597.0415963506
38977.9594906698
54488.2464223063
54516.9782352808
41137.7912735331
128323.1819611087
42332.5212349205
54149.1091418855
88746.0187193323
23555.4991889658
36452.9289620142
46662.9043518526
20256.6423450046
40161.3537845115
42452.6509761808
73374.9587224498
18129.8314002834
20790.8493020792
66601.1558977900
121744.2878552613
28546.9959529778
52559.9316351330
39871.1985208045
96173.4198665060
32105.6770728508
12535.0490104797
35777.2796546964
62154.8126361419
23974.6590890569
36695.7235754650
27448.6013293672
44149.3480005551
70486.6215874349
66190.2723712337
38583.1748713062
12729.7814456362
50288.5349017890
30514.3543733952
31476.7713413281
43958.9680262473
36392.4652109264
38526.8521748818
38253.9579997059
45536.1121200735
35571.6084430656
54649.3972931303
37114.8151981982
38559.5994079140
28722.8900160836
33158.7811862066
44519.9595672972
51159.6052168212
2799.3444710823
19096.1210888661
460487.9753365670
66283.0254769865
45576.9205846757
27414.8023074269
42310.5477970145
39534.8056542747
42920.2015705601
42743.4736460088
48468.2659134268
44187.7332199629
44499.9889792146
30552.1286669114
19758.9876053841
18.8021128557
145264.2660403571
49575.7698272519
13074.1915452894
47768.7744681388
45198.5169601488
40890.6023812891
4052.9109506484
59511.2927529106
108351.2385729217
52047.9569803702
5075.3195304947
145001.2995446217
41572.1453356392
62962.7429281814
63942.9232705104
43612.4084037911
24586.4975601790
52578.1870127936
27649.3527288592
59502.6576263433
42975.0057550443
88119.5516594998
38647.1245540636
66240.3741029297
47191.5892444027
39413.2573251113
62097.2924488055
39098.4937984738
11305.7804727799
Case #70:
28473.9496382220
29354.5433181787
17464.7569047060
200156.1446078068
250237.8906549729
99327.2712048430
38797.7480069017
12354.0883988396
4124929.4232575665
462.0342435800
18241.9910940800
37705.2207778295
138000.7330924485
11953.0705513023
10137.9398216861
3802929.4982875469
32179.4965778583
10669.3634115396
80.9272323156
9947.3961278550
1857.6674692243
1187.7906291664
605456.7951855287
28473.9496382220
19241.0333735159
43272.5085548793
236146.2402526366
546616.8517870015
367215.0368991836
42001.4378016589
131138.2949553023
17464.7569047060
595785.2460186833
236146.2402526366
84897.5699227722
25948.1683774590
41917.5816827407
40504.6294339106
516433.3680397167
2955.8535103302
12354.0883988396
534694.1840649189
5535.5384355870
3802929.4982875469
11443.7300117903
33066.3495914461
493.1663146229
268.8270819691
7637.5465717380
18874.6464919648
99327.2712048430
2036.8475563385
2955.8535103302
3.0000000000
81928.0000000000
3802929.4982875469
18241.9910940800
2743.3625858523
1032321.6550494353
73238.7686888895
7637.5465717380
11443.7300117903
10669.3634115396
38797.7480069017
905524.9848291336
Case #71:
44097.1761200200
85653.6777489136
148892.4073461123
320.2029760099
83057.1166699185
46236.6649877350
15879.0724182284
35589.6388395080
154064.5469182010
6.0000000000
34053.4508352929
28014.8616204087
18686.3930655162
62947.5708431282
107638.2977249253
15758.1498998570
63600.5914075633
34649.7421508278
62045.9665811684
144945.4790434847
688783980.0000000000
39894.7402586664
410260.5379261330
Case #72:
195793.8072727448
353200.5920922004
180824.0030553752
9.0000000000
371807.3224402709
307.4361722374
353550.1676906135
1180848.3529828482
808543.2614104216
196249.6146467137
27238005.6403385699
999.8881717618
72386.7850353087
3176.4276419250
7415589.9898397839
3220788.8304674304
1376592.3981897675
1044652.4577767943
196604.9672311657
7327875.0261223912
505764.7018994168
92172.1737168429
149061.7608228662
868040.7843689966
4632320.3490896812
184090.0566323385
207227.7015849162
1400590.7926624597
784773.4135231036
313700.2878960187
933768.6604891804
102672.6040676196
628299.9997132180
256016.1200553953
426381.8794619261
96866.1661761434
186737.1041475579
134272.2415026536
288164.2204929388
58410.1351642396
54951.7433286414
153767.9009526066
2080438.4796730531
59288.2792085549
35969.6324099186
237347.1336028484
1103671.7553992893
97220.1447563422
538423.2018815143
659552.3459205239
102672.6040676196
1208947.4769835148
245530.2292511949
55642.6471145052
13952.6671728717
808543.2614104216
219309.8726221599
134272.2415026536
2792993.5041333628
1283.3585853167
5701.5563454651
288164.2204929388
426381.8794619261
1935635.4682316035
118308.9724321388
83740.8110250890
1003.8341623387
426381.8794619261
264247.8229509497
8955702.4558901880
777406.1652877835
188375.2885737487
275119.1071363540
546190.8840069276
808543.2614104216
353550.1676906135
68191.5054630177
2751.8436139195
3052594.1417742269
4.0000000000
113841.1045471764
97220.1447563422
126747.8163489871
31975.4115366309
67897.1155607510
5575.4529123716
630013752.0000000000
3176.4276419250
4200212.6502938382
99758.0000000000
131352.5229184071
28988930.8771517873
57941.5439437638
1921603.4951596786
1283.3585853167
54951.7433286414
12999.6371904944
15952.0000000000
261764.8094037474
Case #73:
50783.2918390263
47267.2054247293
65126.6663528901
21529.5766234364
41647.3162105489
41379.9336434415
502.0462724493
91802.8932298799
138844.8609338955
53817.3673547326
56442.2714759416
38936.5964171616
62923.5205239039
51640.5600679292
47492.9083953431
69867.5410458918
710139.4834800124
64462.4760053877
59040.6938983315
52533.0352217369
55196.8508535923
61981.1306557161
62512.1356630654
52309.1003208748
64104.7896439542
65649.0986054254
46169.2800619719
35305.3315264573
52591.3834191748
57150.0605776297
47758.7693787286
595943.3296539197
82961.1004282789
66446.0567445768
48144.2654303095
113465.7770815371
51037.8851877430
33348.9427351801
76661.4015058120
60794.4581778494
53506.2617886677
145932.4649215716
46165.8638095249
3156.7143639182
47861.8035826535
74230.0881196613
73550.7288042430
52606.7093567007
69579.8077738403
295085.5710898353
53541.6186727855
67031.1305465598
63923.8534904497
27677.4589336842
56214.3996377853
58527.7745088712
165460.8231038403
59463.3909137154
66827.2829873094
58501.3124255674
55353.7172666064
53686.6235624487
56320.9836622049
59016.5934761954
36172.7573999241
60493.1678116226
65746.3623563453
60210.5398083842
42159.6200446451
57517.4309595418
53139.4339316622
73085.1063205042
68659.1209960413
50842.4140651810
49757.7585940244
79433.9133553376
75165.8687526292
212646949.0000000000
85749.5578903672
72032.0776547665
61379.8985835950
63974.3035142958
46911.8658333570
67707.0841837462
78667.4160302237
67433.5521456474
45391.9815091604
41758.6594469506
69969.9489283664
55770.6819056368
51759.2610815054
53708.3104595287
58647.5876255311
60863.9669322708
63886.8866041257
60896.1782995830
64920.3862728145
88654.4883613652
42699.4295123345
72108.3273875852
Case #74:
96903.3807942741
43019.4806232810
40482.8922612329
27906.3250076514
57581.8198724174
87118.8823881005
41736.7780224822
55287.9902503698
33484.8029549879
136945.5842869249
49009.6787902518
34008.0614293356
426948.1389180481
1185298.2987561098
63487.4785870885
34352.4509627545
64976.6825266053
38647.3613156939
50193.4330593792
70254.3831718496
30884.5152289623
87629.8482394900
43019.4806232810
40695.4600353924
412087.9702915652
42445.6147519343
36221.0213570974
12970.4498666656
44787.5087817191
45839.4089304618
20998.0647917850
31820.1288075062
29703.4126525802
45641.4875941693
60568.7418887003
30884.5152289623
38414.1354924432
30095.1799172441
185546.3746246809
29557.5083930995
20834.7596412780
9499.4556610559
22996.6517894963
38652.7994242452
391455.9817087480
101292.2358895006
1384428.1417201888
35749.6180515596
45853.0229532131
42219.4232202264
39377.7971340940
51244.6066224101
8480.0000000000
22079.0209430536
46971.6202589558
30583.5195732934
50701.5059144175
57487.9561857540
61883.4697442889
84738.6652975681
17384.8092654347
4532.4741261250
50386.1155689302
65125.2784824602
5887.5262567742
39723.2723539487
2395.4443891921
186730.2884320823
28931.8510858641
22049.7240721277
46363.8701883890
2815.6011947918
6668.8280258150
27329.9267327370
12945.8822223195
69890.1986998509
59555.8095026318
52723.5021824000
27559.3781588064
38739.2991130906
27865.5695401084
30731.5769196784
60463.8543819830
40049.1785119833
62735.5595461380
7883.9739228582
10.0000000000
41821.5138356374
38832.0000000000
57419.6143524854
4888.8766890891
82153.0523490947
50919.4451692585
49021.8895737364
14255858.7551921066
Case #75:
10125.4419033423
15136.3231879927
61332.3393042991
92477.6648048832
31444.7495273407
37887.5953754362
77345.8439684969
57878.4095528313
62191.3328606096
51707.3615384026
45633.3375769108
57571.3975654116
19027.5035145730
27995.3163340831
65052.6161658707
55711.9396791189
51429.9764596467
56091.6312792276
37867.5044574039
66328.7732888838
53863.1670977600
50577.8584149472
57537.0351393870
35903.5325760036
57309.3002880216
57274.8023959768
59614.3224268344
56911.7970198943
116553.2803759068
52148.6537036224
87151.7784243109
66752.8714698047
62856.0865519039
77349.6802953210
84245.8752910727
63551.0830649539
2129.1539109928
31861.0858646433
50388.8063987152
63986.2844919473
69545.3315540769
64191.5897056766
60330.8387580595
65902.1012003729
55638.4750538101
64069.3476769510
73768.7380838657
55877.3726024122
63895.9373949518
53385.1564724174
57248.6135174960
43613.6823844353
60509.6611701905
55182.6364095525
44056.3111759260
63790.5398943799
57865.8827950580
51646.3678657120
54423.2747657243
51082.8183030506
43064.0229665977
52550.9880527664
59243.1984178082
57117.7014836492
71256.3206794659
57366.3280866576
3793.1353648874
41447.5112423637
60538.7883875401
91265.8211512449
45552.1341085531
61264.2184848849
55937.1634287323
61488.4918838120
56647.9797785383
40367.2104559322
29272.5583577283
19172.3550436585
46778.1014066087
50102.4841579315
23312.1277564046
50843.2199742181
45470.5779729763
875958.1890966893
39057.2215039138
46944.3382029348
37585.7819025620
66814.9295999673
51018.6615653611
45249.6968380963
135342.1293779277
56750.9195187731
63347.1338450541
73081.7136011728
67836.8534171898
64216.0776465676
38009.8306914561
44712.0798495967
65823.4517086876
36367.9835908542
Case #76:
6189.0722139581
13727.7474062836
58305.1337719771
13522.5583444044
11631.8505463001
23330.9146106144
19868.7757369150
513.8547083143
69119.0836976335
14842.1655027823
16281.5554429726
20475.1983037674
16704.1086626030
56981.4841467244
26315.7881471425
8787.7597788797
6713.9195754345
29092.3545833586
7054.5925151763
27824.9230167575
13101.9130833932
39472.1122285914
402537.8995553412
13855.5841647239
19222.6910738601
Case #77:
115309.1315976161
1261755.8891082155
46422.0283789026
43406.0466665769
8597.2002492698
64408.0458701560
17559.3718848350
55442.5678128264
66959.4099977829
961969.8721535830
404.5516036305
299344.8457253969
44477.4922282361
13936.7443015584
6723.0599326816
633693678.5564328432
27558.4866617338
10097.4254718258
15439.9646633230
1812.2905340799
117035.9355383411
Case #78:
101662.6309933969
16603.3420845751
21730.2425765241
31293.7371543207
24319592.4072262980
119428.0054388812
11667.7516918737
11772.8310917496
35.2135401301
16837.0761849157
31154.1875258308
12628.7813192652
15138.7036309350
39646.4041404204
212.2021764769
636872.3907967202
3153.3410555716
7279.0759848893
2043.9831911362
39368.9320311908
2541639.1218818934
4.0000000000
5188.8626482142
2943900.6954070334
950774.8569630217
32540774.5774429888
1600.6449099002
116624.3587645954
81253.4117131910
3043.1057371500
851676.0350376125
347731.5393557108
17718.1531779152
211699.5117246059
776.5876098723
9191.4826265112
301068.8073597300
66652.9031276867
106470.4630080604
97751.4492994318
148007.4117472987
15689.2467184108
19748.2880856525
19006.5548236964
50875991.1508623585
30236.4225906254
15148.2623254701
Case #79:
12869.6387014704
2334237.6922587818
43929.0189497070
63727.8816205746
8300.9436048426
24181.0580253792
177233.7461705272
819.7589636125
34520.2741187797
16430.0205531900
8920.5011172829
Case #80:
9961.0338577603
365134.3800449316
3.8258623655
3478.5730061325
3645.3057781314
2822.6093797175
9612.4510905984
3.0000000000
4619.0002267139
20708.6470923507
569688787.0000000000
2139.7762709319
770.4305806169
18360.1483927338
12329.3351142055
3866.6271788001
10201.1014627499
6148.9206097561
52997.0590663980
7326.9931126000
4784.3099681011
Case #81:
92442.4484443738
86141.1228892217
142884.6977580066
72699.2660873202
78133.6863567691
160885.8571331461
148062.2075276460
185082.2511600517
615245.9048406404
507309688.1017915010
24336.4173198021
260242.8022379362
47435.8980929629
91947.2569188583
283898.9880173127
63656.0515977354
14171.6134093644
209820.4991941403
27397.2435299137
110477.9856496588
92554.3546186026
738149.1484286841
98626.3956924443
57073.6920130457
91303.7474404691
195593.2080634430
68729.3555576017
83208.1874686226
80502.0227663001
102297.7772208863
259723.1406030642
207964.1764164002
114169.3585062628
81934.9380156891
Case #82:
82644.9011696304
22094.5097259681
12106.6719716908
506677.3974618792
3032.9656666868
281300.6111104485
62561.8098049530
827221.9321974196
561.0810993074
3050.7903565276
82644.9011696304
124548.6872946906
12986.1547607557
7996.8506189692
232746.0485695903
86687.8595268670
62530.3518272039
248874.7854005921
3172.8885525438
55146.2520226911
31498.3533893870
37765.2389882746
40404.2146226572
339354.4553438603
61127.1125312766
57312.6033687248
17969.1879579479
9907.8285013352
15128.9212551827
12880.0000000000
24245.6171890112
Case #83:
22143.6117081951
4002.6198828680
1610.2503488950
878557.2480097427
94682.6608084260
13648.0256439028
9103.9140554731
42084.7474193015
61960.2146652043
69617.1931787133
11265.8255400147
1040.7316316235
52648.5350112409
18734.0495548547
34898.9453347558
57406.6155837375
28268.2599695898
74186.7816565979
49186.6351059947
45908.8456290619
34484.9231211504
15050.4514470883
54442.6337222199
28138.1388636042
4577.3062607602
52872.7856034937
12802.8337775239
23377.8739993489
26749.6879624140
20606.2342970630
27165.3238716389
47264.4715187676
46729.9376988925
15660.7848995730
6631.4024820652
13079.1509339586
35841.2736746365
74114.5965673270
28954.3402740492
24293.6357066554
410965.8284323140
395977.5875147802
40973.4129986898
25506.6753323063
32607078.0349380411
15148.3022865501
25154.4255514265
Case #84:
304834291.8481031060
286.2631803811
3683.1829229828
28845.9288963424
5324.6883526345
192071.9473948490
60249.9582390533
130927.4254981409
10160315.9155192394
2129044.0811354909
26657.6011867453
94898.8956787954
56685619.7253400311
17441.9032981859
9711.9254946324
1804.2971259936
269752.2751430517
10616.5069802830
406896.2935427692
149135.9013099773
4516966.0793765681
165240.3562970445
17080888.9763096422
36338.9933158876
680661.3030699136
112638.1781346211
Case #85:
16187808.5960931312
8260.5387635821
4097082.9271147642
25366.1199246792
188150.5835309536
394181.5844155006
55924.8787045017
708470.7138844545
11791852.2723618671
1568977.1577838908
904558.1437440753
45464.0734334390
8580535.2888591159
1191770.0428463747
5293069.3619333878
311.7450881730
498619170.0000000000
302029.3624578524
480296172.0000000000
77721361.6375631839
6424.6608527451
471915.7095659014
487365152.4923666716
156545.3223528633
61268493.1678422913
2729256.1184911327
82026.9150302109
1630270.9859205256
3695207.2144552083
2729256.1184911327
667191.4740044550
489438.0120333520
73088.0911872253
21566.9965160175
1848426.5489653251
924915.6995028022
169506.9071370127
4186305.1779815378
43101984.3957693428
1500195.9123451416
222668.0816485643
Case #86:
139835.0287364399
7286.6072748738
11063.2336784725
9189.4933545203
2604.3088391925
8719.0895656167
16132.9418966080
23135.0941305559
13292.9360110314
26514.1440490756
429.0938901686
19328.8009403111
4025623.7890681699
2248921.9244069238
10737.4340565439
23318.9792040443
9710.6684521004
10874.1239359861
57226.1625127269
17516.7489171096
14233.4631739843
20998.7031498804
24157.3824214707
277.2153460369
16720.3630203260
20051.3921752906
17788.8046246891
15947.4509761652
16429.9440125748
10891.7811403196
13486.1259783238
201248048.0000000000
17817.5395230287
17833.9999865917
20697.9105629068
4478.1449097109
1.0000000000
12249.2419972759
2427.4636567829
18558.6470101091
1217.7024936324
15820.6936568955
21365.9442822317
22030.1670737130
10121.2264554822
37274.1933282417
11980.4190659623
1255.9927524541
620647361.6588541269
191445.3520548756
50425.7024947482
5520.5181372656
15500.1539467330
25946.0491795885
151204.8327079740
9787.3854616985
8386.4061414263
5006.8476326277
14905.4201841775
238679.7013978637
24383.7367487772
17451.9039583828
10317.9393289079
2427.4636567829
9157.9387085282
30477.0151538754
15473.7952466384
10432.2872258371
12348.1656745605
18966.6580554282
914.7402765861
9850.8496546940
49017.8150385123
8229.3826976730
1858776.7091613200
18148.5044201287
13977.3697484345
11667.3357983245
50609.7698204987
1376.0968123579
13567.0570211437
Case #87:
32816.7243523426
31911.6563439138
54833.9029141693
37126.6082225241
89007.4371165351
28902.6001775386
197492.5199689189
27449.3571044890
165647.1604848385
29614.8365343799
29196.7248037713
25482.0745039754
37744.7633838250
32337.9262289461
28454.4021037127
151777.0536153048
36410.5309820391
49497.7928768492
34400.7267704518
30485.6352520549
37359.6587122719
26513.0326229690
34961.0984233829
20471.2163763028
31377.6371778537
44834.7186390972
33399.4679058579
43209.0910851069
49936.4843838644
29185.9422943060
32336.0343050212
30048.0941917066
35650.7379285334
31384.3039365517
38028.1398848689
10165.4691599470
71198.1002520226
35527.2065772490
25376.5424706018
28119.9004366704
24136.7609937847
24566.5896557033
41086.8559659264
19909.5182235065
26975.3623681333
35745.6514461312
29128.5504966327
30578.9338450098
101170.2304480182
30001.3573642424
43296.1740469456
38734.7629029790
28757.1328713803
26368.9111450601
78746.9399671410
57558.3730155809
40372.5200149113
37812.3842747003
41804.8118796187
28386.0094194664
24214.3414488215
32751.6703171194
31399.1960821111
28162.0638868708
34521.7850110714
24277.0340037745
30492.1092395170
24600.4151450641
16348.5085173606
30465.1736614848
37746.4715189685
41465.0172788733
23880.4065484300
24372.4642447068
28342.3532068797
51075.1246534296
28578.6678582108
20968.9527446867
33243.9251336819
37527.0896352717
33411.9612011866
26726.4792342987
35054.5000521802
49199.9120815779
15173.9065746390
38428.1944569957
436707.1624348628
198495.5545573740
55376.6162327704
43982.6753332827
40526.9722155875
46094.1643020803
369461.0029351626
31373.3271350243
32263.3328754539
31342.2713238729
22971.3246004737
32863.2840200175
26274.0232747036
41944.2954051413
Case #88:
261597.2376912272
262307.3518248756
285954.1761615988
265092.6301413496
292840.0580229336
188534.9749742741
913629.8032311162
1927408.5750543242
224566.2657560358
346661.0135352015
490869.0381991942
100482.0033593431
52013.5794887445
270047.4570591269
445490.9003041321
43224.4127203449
91860.8535890758
169641.0111803960
266575.7266624121
417416.4676828878
315033.4464687072
104862.1596306220
204916.1950002581
363766.1201418076
120571.7154233294
217040.7914353624
31585.7565170616
315999.8928047424
417018.8822015197
65562.4300396427
2223581.6546164723
391453.5046695797
214639.0641252315
232450.6143510611
224.8492800652
251091.3262147910
77558.5726148205
465442.2082340688
329569.0438934781
804581.4452005205
59695.7160770985
136420.5084895950
531841.7108129272
202725.2782764109
1159873.6176910617
93569.9975753165
44812.2666110206
1068273.4196792019
195420.5844570710
6819932.6348940879
2081545.1298912736
1382394.0820874234
325238.1190943921
172479.9245520770
488481.5360468263
1640.9934928170
159243.2445839552
16465.5532746110
29774.4297961832
257383.3332721427
187461.5915301570
115295.7140148299
2459298.3787633609
1827269.5164405322
153067.4309013440
3936602.4853088465
7164.8378232601
98464.1860881222
154318.7543162692
788515.4488424041
79518.6286517809
230389.2609726572
38362.7023674222
210433.6421896416
353687.0063733771
254862.3723717118
3653100.7095328327
55046.0371950502
65031.2992009979
392223.2925533853
61662.8326387703
328520.1949254146
177579.4020415659
251332.4867058469
452620.9914199463
721736.7818002423
101301.3567758627
2338199.7956949268
1567157.9625831251
140864.4907435990
7524.2070126708
9103.8637263499
316927.9647864315
180050.4450315210
348945.2533204768
199136.0445853423
278962.8774651547
Case #89:
31439.6450151369
47465.4952347361
41288.2489946407
34183.6341997050
36672.4405472979
43140.0915846183
53439.4192565691
53670.0901977750
38965.5997067407
44550.6001159620
38467.6316959695
39501.1289423427
38651.9146030768
34772.0960909600
42182.0605162332
40588.5358510556
43012.2367172106
34807.8192281803
43145.6947912651
35903.0090047385
62944.1474505898
34691.5656386389
36119.3491789833
30170.9333747183
35753.2631800741
49546.8717495364
26681.4080524601
38600.5311490571
51133.8934905923
38830.6493464047
37469.6364465807
48483.6300915430
37429.9948277391
8767.4926078436
45770.4872706935
14488.2268970475
23628.3873528245
15980.3864335296
40574.9955867136
52057.5179865551
41579.1210502308
9042.7113206046
51326.6562419934
57290.5410977724
29551.8924888389
34091.3547216927
24908.2584081452
42968.4935556441
40034.4322700299
34563.9359101998
29790.6964972044
7551.1194964080
91593.1894730457
35457.2916521351
41745.6878553008
40799.3266400514
47656.6433493723
38188.5091768724
42554.1001659776
35993.2807353079
9568.3881492108
36320.8695342303
35732.2142392284
29368.6797178067
21634.7571216262
28135.7770527706
89310.5417660892
56266.9432081868
23308.9218884604
79079.8051758145
40031.4909057275
38667.6763821335
37535.0999761668
40783.1787426821
53024.1869779266
41171.8752450355
43733.8617091165
48200.8990807274
35202.1226860639
30869.3940038094
32942.9143716829
36110.3747509372
33348.7783027926
32242.6495727084
38821.9961970906
67522.5778963154
43723.5359155117
35.9077435742
34668.2392969857
42205.9624589485
42272.6641651379
34327.3360963840
38724.3111845297
81609.8908584398
751440.3994955664
23422.9490472263
20055.6486501286
34484.0929393825
39180.5106005257
22385.9013731802
Case #90:
2886.4540622297
2923.5499031786
59245.0000000000
523.2547713792
1744.4163203005
3762.5784854106
3762.5784854106
41127.3082270163
41127.3082270163
46551.8987020600
19387.5990261817
2886.4540622297
10547.1284857363
2923.5499031786
6410.4848610629
59245.0000000000
10547.1284857363
189338.0405843142
523.2547713792
41127.3082270163
28134.1147185719
1501.1710801429
5341.1676751956
344.2237644324
3762.5784854106
462740780.0000000000
9069.2606292628
1849063.0822256985
9069.2606292628
5341.1676751956
377.4508906540
5341.1676751956
12829.0118970932
3.0000000000
9953.4935143059
2886.4540622297
12829.0118970932
5341.1676751956
2.0000000000
541.4120427179
1501.1710801429
6410.4848610629
19387.5990261817
57710090.0000000000
7.3484692283
Case #91:
400883541.3098375797
496504069.0546423197
443704758.4859262109
Case #92:
175860.9793555480
85291.0607472151
333614.4451219486
150016.2810852083
273809.2615409147
211907.1250891732
94109.7955201958
309532.1424137759
409528.0020243974
466837.6184417224
342099.2215586291
208752.9427306995
797509.0128203519
298888.8279020363
23022.0036911818
273344.9235424130
Case #93:
86342.8452410182
185905.5544442263
42626.1680172475
21683.7532333136
11502.7083987686
17888.4408875147
54743.9100876763
138533.4947097784
89711.6430528442
88249.7856447581
99671.5320689622
20750.5868053338
65281.2928281649
100374.4632118194
152489.1558617362
88282.7461920935
463418.3571239874
169632.3842756968
63226.4996578998
87616.1838838797
344646.9722315625
1785317.8712903745
21113113.5747618414
57430.1627420821
16276.3961861518
89077.4077305689
225711.3131583575
25041.7955297885
106437.0332823619
114139.2874920928
51739.1294299954
71517.3044759113
73846.3930241082
173003.6968081029
170443.4469157930
609784.3927507194
26933.4058431594
67819.5212452876
105871.0101769191
97999.1376617425
86888.9726796283
392916.3137951768
48119.1870705332
121635.9408175027
105448.6867599543
Case #94:
287462.5829754432
1861795.0451763596
127215.5059717243
17283.1502569368
157719.1077668988
17449.1241430420
108011.0122429128
18134.5563632473
7626.9023619632
20328.8918164358
61634.1099550429
11041.9901566889
4768.0202274835
33352.9528239970
27148.2967531763
14835.6381119639
99355.1857872492
Case #95:
7971.8516017134
422.1177581978
8250.0156641343
14655.9218878720
3461.8913712631
20558.1896401145
21876.8584412188
45169.2080906320
6020.4053468737
38114.7904366383
93775.5411800679
54608.8808415593
35505.0668150583
31885.5326590805
4095.2233472751
25855.6973503203
31480.0291971221
22999.3104623972
Case #96:
72986.3201981459
64813.4467500263
73984.1831205183
61679.2863597344
23267.8095549916
73460.7690556924
74953.7891852448
71160.3171825641
127422.2276367366
49381.9224809847
65995.0327868722
34276.6411469843
91798.8415238022
63993.5392376187
122788.9218315023
63836.0714997712
18759.2213735733
82299.3778261534
71759.0661189226
88110.0090556600
97747.0373195362
23194.5393102510
74933.2214965622
87340.2845062985
35154.5905553753
63005.1167806339
64613.9624955116
62542.9019239603
91339.8049779077
59290.4774964824
19848.8076567035
88842.9232331759
192203.0935718763
39158.8134347356
73676.5994704635
48912.6953096713
78764.2492214228
77110.5992285353
163477.0779205775
91203.3983689694
78744.1015276447
62215.1995213080
67792.8123135074
68020.8532968506
61457.2350044577
70003.7732190407
35574.3350347944
90956.8816531343
68016.4400692875
145668.9458479226
6085.3865051185
83941.1562526230
140049.6388261366
70690.3742008352
48946.8478616956
11490.5120338328
92957.8405072767
86855.1931701909
54626.4210449815
40967.1295244139
146393.6884308715
84639.1457969178
74226.7264056512
90697.7987965627
108544.9532384370
70013.1539020217
68125.6032438606
68676.4414323837
108380.5856957437
48699.3580074972
18977.2725185179
80559.1574275102
24773.4115334794
74928.8567353828
70014.4093621711
59106.7000798513
842537.6832591431
50919.9847709926
9893.1022704873
158453.9973191567
72292.4818109463
46939.0929803009
60669.7095917219
75069.3920898156
71078.0640936466
402809.4795272790
72797.6052444160
71694.0105755073
64996.4414916926
56851.4650520237
66339.1371717760
188166.2901541225
17394.8873647032
63214.8903738150
99954.7083884719
81861.9973721160
40944.7624310529
50836.0078186653
59502.3068613470
133642.5359198699
Case #97:
15599.4164511685
27767.1539132563
27728.0613726968
27253.4826279768
6626.7164050202
29630.0641129748
11068.1207665558
26094.0895792928
38132.1533375287
26380.7843937963
31110.3082898313
20462.6750013419
30832.9881309386
41921.9207420760
32909.2171580026
100264.7327097766
29677.7065108244
19552.4267161331
34022.9646179128
55789.6282027403
28313.5066439716
12482.7642046098
34780.1195003013
28730.1307810157
12152.6660944370
8041.4117897474
34297.8842561306
35341.1173100082
31391.1511365878
28899.3652456608
59831.5356064470
28876.9806288975
51342.3501419235
30205.6355129852
43808.4752760900
33491.9110626922
15292.7959368812
27583.9362655290
24538.3061018481
28702.3672900166
30195.5894930544
39492.1723856116
26323.2205735425
38742.6257347297
37312.1052579764
105204.5569456454
39052.1233606847
18971.0778997737
40361.3890912403
28798.6939158643
32496.3667868413
85780.7320636103
22748.5306153046
31195.5851940180
28134.3666804286
39951.4770940920
31633.8378405021
35271.8530358237
26823.9517786870
25705.3778616703
44532.1530813407
27078.1995599991
28195.5284803298
30525.2936613482
41646.2143075196
7106.5207745639
8433.2449252269
17678.9021059111
32657.2149795625
29396.6155622310
69407.9960803685
32287.7687974468
21624.9473597153
65973.2874697097
29380.0188790278
25506.1515145157
29801.2823413565
148612.0483408470
29397.2519513798
34293.9639301222
26419.6897766870
38763.9037046577
23758.9112486774
34836.6934226048
31369.4964614615
62613.6132886728
31300.6972069696
28903.4881878296
60306.8819622126
29403.4485997999
36402.7902228971
21235.3361993739
37412.5845998310
21456.2790019875
29264.4980061900
32897.3598394256
22859.8851393402
30970.7755392963
22327.2332551054
47936.4626701423
Case #98:
17943.6365150666
219438.3027660481
187118.1816443527
102853.2987122003
51007.1107678497
8791.1976317307
2415.2344455172
64769.8528776546
44966.5504753432
53014.9220600116
1007.0043354178
768.8536921938
15742.7056412524
45177.5051480534
453.6192166637
47683.7381504056
42800.6796665579
177897.4763581292
19352.3243566333
27158.2302879075
309.3639806678
57336.5851326786
23638.0639373890
49169.4503239216
198154.9413662319
791391.5744120110
14523.1879290953
19865.8968773128
924283.1605016952
667700606.7820258141
30308.1303031878
40239.3386297308
2823688.8477789103
34836.1389612313
112467.5164694093
99035.5115930758
39642.0757430433
Case #99:
28574.5909995176
28184.5862259391
34195.3633280259
35192.2846985418
33025.5149224207
33242.0413588858
77850.5465066449
48750.1072015667
16285.0519046526
33449.5258169526
21486.4105236276
85309.8870751925
41761.3399308412
34305.2896900426
38144.5554003697
39365.1438443681
35601.6063615894
28812.2467439176
38156.8200809312
4133.2182294675
41758.0483313690
50670.5373790254
30427.1034791665
26577.1697428381
46498.4107327358
16537.6413216148
30407.4710042251
59201.0093792516
26444.6513066316
22335.1707447639
10732.0431330599
89895.8263866755
20072.4535763757
34251.7787252031
74308.5023727910
36782.2501384997
11876.4626227557
204148.9389679834
35031.7905894370
35352.1058308457
50415.1452111631
16199.7476503426
46962.9065133193
86594.2083591484
23234.9121333657
32712.9050366230
46938.7009228575
36919.3618088708
30752.7259167852
37682.2501070291
34287.8943793574
29328.6279631203
41193.0255280116
51092.4769455645
42492.6719763669
33918.9968116656
58682.4735380382
35344.4710140032
50656.1921538138
10521.3705418857
36867.3602294135
41104.4828194322
27295.2876680614
24592.9390860669
185563.8203295948
78913.0648436959
17853.0146259973
52552.5030458517
23182.3382603106
37970.5409461140
172077.7322921327
66928.4593648103
23175.9543991070
59413.8112620707
40215.0458452954
28939.1928712153
27027.6215379906
29596.1383680510
37256.8939853417
36338.0592606618
37411.5316542783
53725.1108419637
27427.3222302387
24926.7700417410
22632.2007035110
14106.0139553005
14036.2711026393
31359.5463378331
25465.4984174785
37376.1340011769
26020.1502407900
41253.8573959732
30863.1764127019
36876.2560021862
35295.4744671590
156358.2497840418
50540.5342610340
35287.6909623436
42631.5725367959
29001.6944694118
Case #100:
30428.1563820676
12247.4122819218
27952.1503470934
693150.1353895896
38081.8548819338
30106.1626411804
61.8741811952
54340.6700594558
23622.2624920008
17939.9925660793
5179.2806508254
27774.0079928792
3606.0145473150
30860.8825438320
28108.7501139073
59968.6145972085
60190.0169503169
30337.4614038457
29939.1004592189
62648.2116148842
20536.2729252457
156.3504036027
39012.8005951908
52060.3621594919
32110.7532464433
34618.7538089551
29832.2765473907
90237.9204253225
681645.7923771649
32240.8190568794
73378.3648840465
61339.6205725185
126045.8293482418
77911.1151643237
38330.8352796148
43427.3615479905
23402.4468085748
265314.3632189611
74474.0723410599
173442.5896067239
12705.1473897037
74913.1178959705
157141.3297885116
183101.2149551889
651608.7661923358
26320.2070240310
28500.0965404476
63818.0316030235
761.7245089945
9464.5565121967
18963.2544659715
14402.3375986442
37578.8851078631
