Case #1:
41619.5607617380
19889490.6312812269
14028.2337339504
64976.0269689672
819.8347394445
71650.5127895118
79681.7854069708
3588.3409814438
534.4801212393
885490813.0000000000
Case #2:
23753.0916895450
24192.8965729273
Case #3:
8.0000000000
65904.2390317180
8934.3902829077
35240.2784632403
65904.2390317180
65904.2390317180
3449.2560570242
1993.4895560557
33532.2258133873
8934.3902829077
Case #4:
26136.4749450564
407810.3752374351
Case #5:
74775.2053557862
4.0000000000
6475.0580101060
70740.8878089609
54112.6660279259
5597.9590721170
65034.2917185493
25242.6792854599
16014.2494294071
Case #6:
61668.2266973844
1115566.7848574838
2352503.0810985225
Case #7:
825413851.0000000000
576.0000000000
689520.3972153398
689520.3972153398
825413851.0000000000
689520.3972153398
689520.3972153398
Case #8:
6.0000000000
72717.8112469157
38.7298334621
774055492.0000000000
682662381.9232496023
72717.8112469157
1408816.3978926048
Case #9:
45831.5116050082
1933189.0862013472
4212546.8186912285
548429.6386733262
109684.9119250700
31921.8922528098
52511.8531694989
3250865.6055187462
51241.1877301844
207071146.0000000000
Case #10:
400883541.3098375797
496504069.0546423197
443704758.4859262109
Case #11:
46729.5899202845
184363.0913745782
384210.4836420077
5481229.4515964212
Case #12:
789.7138099691
122.5317892504
327.2664175738
5.1961524227
73.7002729036
73.9757125712
1663.5309116755
Case #13:
1.0000000000
1.0000000000
1.0000000000
Case #14:
455407.5791430491
8989178.4909677468
8989178.4909677468
59180.3047450567
17780.6625334791
9.0000000000
1368867.0878211660
182937.5724447064
154835.5898577607
979278824.0000000000
Case #15:
1188766.9944848686
328820.4905671635
62851703.7313370183
72098.0450931565
31504.9777066660
38331.7620864400
113234804.0000000000
87190.3379280067
79052.0000000000
193328.1438697021
Case #16:
3.5568933045
4.9035500522
Case #17:
23152.0000000000
23152.0000000000
23152.0000000000
23152.0000000000
23152.0000000000
Case #18:
50723449.6034068689
740688970.8601471186
2312954.1571597462
21697.0000000000
7432054.0453869542
50723449.6034068689
Case #19:
233830799.0000000000
233830799.0000000000
157657.6880689908
233830799.0000000000
4093.7552442715
233830799.0000000000
233830799.0000000000
4093.7552442715
Case #20:
4366518.6019504257
201897599.0000000000
21976.7213002036
392762488.2587709427
2937963.8768435353
Case #21:
21257204.8849735744
251629659.0000000000
459517420.0000000000
21257204.8849735744
4572021.3289581230
74695.8518250639
459517420.0000000000
Case #22:
4.0000000000
25380.3152645857
1772.0540867196
688.1060964706
21612.0000000000
80.3468275436
6.0000000000
123.7248494955
Case #23:
408.1636586900
36188.0412124608
9674.6485803920
103.7361407916
192741327.0000000000
1666.2060055576
1236.6237156792
3390968.7325251494
201301.5087531832
36188.0412124608
Case #24:
247.9294254420
247.9294254420
1.0000000000
247.9294254420
61469.0000000000
247.9294254420
61469.0000000000
1.0000000000
1.0000000000
Case #25:
5612.5104618709
11916.4495716977
8.0000000000
434.0570974732
Case #26:
122.4053524081
3.0000000000
122.4053524081
76417.0000000000
478.8016290699
4.8989794856
4.8989794856
478.8016290699
Case #27:
40277.0926830624
1019365.4706012227
Case #28:
97788.0000000000
3262915.6576675782
7842163.9765393883
438571.5701571326
484606.9223492943
1580792.4140268173
484606.9223492943
Case #29:
495264.3427849236
1152056.7187677871
2462460.9910923014
6666.0000000000
Case #30:
6498.8242715092
34201801.9468205050
935870.8184458708
34897016.4570947215
7638088.3546010703
2757.5018282772
79192.6334672795
1625906.1387884351
2757.5018282772
16901095.7594188638
Case #31:
10296.3563072767
58336.2036817618
3218.1274013665
9012.3057359297
2.6207413942
3218.1274013665
424.6998940428
2687.5316162569
263.6479827831
28377.4443352463
Case #32:
45553.0748138915
45553.0748138915
23275.0000000000
32488.7865270465
Case #33:
42692.0000000000
42692.0000000000
42692.0000000000
42692.0000000000
42692.0000000000
Case #34:
43536.5257684011
44981.6682431179
41309.0623997486
14210.2547679872
6721.2672138903
418558.9521804504
Case #35:
7264280.8214662243
18218864.9293566868
1701802.5050777525
591812961.7934606075
605515546.2250835896
628800940.3566975594
591812961.7934606075
594729799.0546129942
Case #36:
616289781.9880087376
Case #37:
428.0890872418
34346.2382618021
1954.0220076989
445.3162205576
2263.8416138100
1954.0220076989
415.5333921600
2869.4940622304
7271.7147593899
43973.7429155172
Case #38:
539700303.6658231020
591240411.0000000000
539700303.6658231020
Case #39:
43209.0263707920
26658.0000000000
26658.0000000000
4668308.5615670262
43209.0263707920
26658.0000000000
834415.2327966825
56521.5817188444
Case #40:
66909.1131950421
254905.2705818090
Case #41:
1959.3077563911
5464.0401798609
85704.2649187470
85704.2649187470
22273.6449719438
Case #42:
60178.5607160167
11905.0605886962
949020.2956670849
5575460.2428330528
51316.8434471168
9821.5539593321
5575460.2428330528
149.3439795415
Case #43:
4255.1466246777
7.0000000000
93543.0000000000
25090.9138932802
Case #44:
63261.4210002129
7963.7414807929
28576.0000000000
74515.0000000000
1418284.0118865422
46144.7791196361
7963.7414807929
733005.8690908958
986615645.0000000000
1211818.9906844611
Case #45:
1.4142135624
2.4494897428
Case #46:
3.7416573868
46.4270254768
1.0000000000
2.6457513111
46.4270254768
10.5780781006
50036.0000000000
14.7598561175
17.7859941394
Case #47:
55562.3025980745
63999.9925435847
63999.9925435847
4091.8907910816
921.4879272134
63999.9925435847
7155.4169027599
Case #48:
7954460.5512706228
203588.4554331459
2630003.5787241561
910516718.0000000000
Case #49:
3603.7600422667
4180.4951873610
72388.8224360102
790485576.7357816696
6851.5660505828
398185.5172721804
636235736.0000000000
333547.6479899243
72112.8307168703
364137.3017666358
Case #50:
609593.7396034307
24325.7863182262
5770036.9580732323
33236.7222383417
62047.0000000000
374647.4156995578
33236.7222383417
62047.0000000000
609593.7396034307
Case #51:
8162.7106751442
38247.8922419652
41719.3753638830
2064508.2741602175
18290.4263346805
2064508.2741602175
35784.6025664189
18290.4263346805
Case #52:
548335.9691662225
70017.7813198365
1321584.2887425337
Case #53:
29819.3881560303
5103.4832624145
Case #54:
8.0000000000
8.0000000000
8.0000000000
8.0000000000
8.0000000000
8.0000000000
8.0000000000
Case #55:
941281813.0000000000
Case #56:
22567346.4421615452
790556071.0000000000
70410567.6690180153
470627014.0000000000
515917230.8277464509
70410567.6690180153
1220319.2605257521
4730569.9142488111
6156562.1633955389
Case #57:
708.1715893765
14731068.9594939221
274412.5023681954
9.0000000000
835299442.9451125860
634011.2929215491
55723.0000000000
5256861.1337827155
2534219.6335710068
Case #58:
39953.3505933267
1166216.1477800228
1527409.7379753739
404507.6459012715
152180.9546560890
9.0000000000
214296.6320637630
9.0000000000
666489.1037248523
Case #59:
18.0937635707
18.0937635707
329.0896534381
4.2426406871
4.6952537402
7.3484692283
5.4513617785
567.6245031208
558631.7070751182
4017.0348477244
Case #60:
3.4641016151
107.8571499579
39.8010201814
107.8571499579
3.4641016151
41824.0000000000
79.4698275597
Case #61:
5724246.6753276801
181.0165738268
1.0000000000
Case #62:
14210673.7407778408
97971.0000000000
5123940.7366247931
26291621.6348528974
5646906.6869925344
Case #63:
209624.3004094206
108392.9899391573
31747.6235550574
31275.2909678674
36157.8138759478
94318.2765485706
29314.9955857717
29122.2826298675
38573.3897136355
38573.3897136355
Case #64:
3236159.8519856832
9.0000000000
6.7082039325
3115.8433137687
9.0000000000
5.0000000000
6168.8519124170
6.7082039325
45509.3689660639
Case #65:
26640.0447591722
1427.4070556371
Case #66:
1626084.1732853381
65694.0000000000
15842.9638641259
9076.0100246373
1077903.3011577961
2334.0687748700
6.9282032303
3759.8672716783
4366232.4187514344
174.6720118823
Case #67:
749288953.0000000000
86561.4783261007
86561.4783261007
27373.1429141778
1956.8150350181
Case #68:
31008.0090441134
1.7320508076
23860721.2037738822
742.8307947421
325.1087528421
1861.4498504188
5.5444433713
1861.4498504188
509251.7100848465
13317.5857689963
Case #69:
537.5440552316
3349.4106347198
3349.4106347198
55456.1594414904
43.3128156554
1518.3802592647
3349.4106347198
2753.4902572216
Case #70:
73583.0000000000
1768260.8166266158
7968246.6451520566
80047.0740064870
1768260.8166266158
1768260.8166266158
1768260.8166266158
862875319.0000000000
1768260.8166266158
73583.0000000000
Case #71:
26733389.2552468441
5196697.0912285242
26733389.2552468441
755882676.8813062906
33439.0000000000
707468748.0000000000
33439.0000000000
Case #72:
1.0000000000
2.0000000000
Case #73:
10.0000000000
2400572.0468367534
268.7749988373
Case #74:
3617856.3447198952
48745.5613979365
57252.0000000000
57252.0000000000
41503.0000000000
48745.5613979365
Case #75:
492564.4867344783
4545.8781329904
167651.2185170665
19422.0000000000
1064.0000000000
492564.4867344783
4545.8781329904
4545.8781329904
4545.8781329904
Case #76:
37643.3357250142
2637782.4313221890
2.2360679775
1502.3868554883
5969187.1744471211
Case #77:
1902.0245944137
37097.0341941239
5.0000000000
2.2360679775
Case #78:
155.8313430372
142.8188483460
2698.2144958706
Case #79:
27528.5636211996
34402.7447572919
94965.2820451733
12964345.9723770432
105321.1807447621
34713.6393764267
34713.6393764267
47296.0000000000
31771.3203474228
27528.5636211996
Case #80:
344895175.0000000000
Case #81:
1088.3496066537
1192.7177790703
1192.7177790703
24393.0000000000
1210.3743267457
1197.0479901062
2395.2383421476
4498.8513095001
2389.7914659842
1210.3743267457
Case #82:
432.5777718637
53.4260193865
1.0000000000
2204.1117012611
5195.0976699268
78.2194441942
3865.7891286421
4.0000000000
2204.1117012611
53.4260193865
Case #83:
926597.9732432981
4662896.9124170011
Case #84:
298954921.2302666903
298954921.2302666903
595660622.0000000000
59782.6373790919
Case #85:
42724.0179874993
873452.8191135861
1517.7645926594
1120.6815712243
3056027.0829134486
455574.1022961635
5.0000000000
87651.9575059000
455574.1022961635
3968.4232702793
Case #86:
257659335.6189600825
5068.7583713718
29292.1340457180
6.0000000000
Case #87:
3.4641016151
579.1685055550
66562.6333914156
66562.6333914156
1566.5848658282
Case #88:
322884.8438891632
81128.6270375630
1412199.8036019669
Case #89:
10.0000000000
Case #90:
6093.7793691600
26.4726191615
Case #91:
5.0000000000
5.0000000000
5.0000000000
Case #92:
169206.5138982997
169206.5138982997
382863619.5300825834
2.2360679775
3741.2061636618
160075118.0000000000
30509.8722913905
527265.5546114041
Case #93:
4426024.2294487050
786.3269040291
10998518.3840017598
Case #94:
874425329.2465742826
814109096.0000000000
874425329.2465742826
874425329.2465742826
874425329.2465742826
939210310.0000000000
874425329.2465742826
814109096.0000000000
874425329.2465742826
Case #95:
21195.3284595023
53006.1230245049
12959.9305553695
676316.6064656208
21195.3284595023
518430.5834961860
11309.2386192772
141754.1808548516
518430.5834961860
1525695.7513614977
Case #96:
476.4902937102
901315.9003335196
3110442.0749235949
75681.0000000000
1686.9618787889
1686.9618787889
476.4902937102
75681.0000000000
Case #97:
1000000000.0000000000
Case #98:
45594.6238497479
2738693.0212509907
Case #99:
3283.0000000000
140.3495635903
Case #100:
59416.7079614011
50887.0164041395
68725.5182883330
37902.9567616754
992096.9352900444
15130.6205654966
3474.4345176539
9396.4129607666
36234.0000000000
992096.9352900444
