203 77 1466250580.941
next 1466250580.941
55 255 1466250580.941
255 155 1466250580.941
next 1466250580.941
55 255 1466250580.941
155 55 1466250580.941
next 1466250580.941
55 155 1466250580.941
next 1466250580.941
455 55 1466250580.941
155 155 1466250580.941
next 1466250580.941
next 1466250590.941
455 55 1466250590.941
455 55 1466250590.941
455 55 1466250590.941
455 55 1466250590.941
455 55 1466250590.941
455 55 1466250590.941
455 55 1466250590.941
455 55 1466250590.941
455 55 1466250590.941
455 55 1466250590.941
455 55 1466250590.941
455 55 1466250590.941
next 1466250590.941
next 1466250597.941
55 255 1466250597.941
55 255 1466250597.941
55 255 1466250597.941
55 255 1466250597.941
55 255 1466250597.941
55 255 1466250597.941
55 255 1466250597.941
55 255 1466250597.941
55 255 1466250597.941
55 255 1466250597.941
55 255 1466250597.941
55 255 1466250597.941
55 255 1466250597.941
55 255 1466250597.941
next 1466250597.941
10 10 1466250597.941
next 1466250597.941
next 1466250606.941
155 155 1466250606.941
55 255 1466250606.941
next 1466250606.941
155 55 1466250606.941
455 155 1466250606.941
next 1466250606.941
455 155 1466250606.941
255 255 1466250606.941
next 1466250606.941
455 155 1466250606.941
455 155 1466250606.941
455 155 1466250606.941
455 155 1466250606.941
455 155 1466250606.941
455 155 1466250606.941
455 155 1466250606.941
455 155 1466250606.941
455 155 1466250606.941
455 155 1466250606.941
455 155 1466250606.941
455 155 1466250606.941
next 1466250606.941
10 10 1466250606.941
next 1466250606.941
455 255 1466250606.941
55 55 1466250606.941
next 1466250606.941
next 1466250612.941
next 1466250617.941
455 255 1466250617.941
155 55 1466250617.941
next 1466250617.941
10 10 1466250617.941
next 1466250617.941
55 255 1466250617.941
255 155 1466250617.941
next 1466250617.941
255 155 1466250617.941
255 155 1466250617.941
255 155 1466250617.941
255 155 1466250617.941
255 155 1466250617.941
255 155 1466250617.941
255 155 1466250617.941
255 155 1466250617.941
255 155 1466250617.941
255 155 1466250617.941
255 155 1466250617.941
255 155 1466250617.941
255 155 1466250617.941
255 155 1466250617.941
next 1466250617.941
255 155 1466250617.941
255 155 1466250617.941
255 155 1466250617.941
255 155 1466250617.941
255 155 1466250617.941
255 155 1466250617.941
255 155 1466250617.941
255 155 1466250617.941
255 155 1466250617.941
255 155 1466250617.941
255 155 1466250617.941
255 155 1466250617.941
255 155 1466250617.941
255 155 1466250617.941
255 155 1466250617.941
255 155 1466250617.941
255 155 1466250617.941
255 155 1466250617.941
next 1466250617.941
55 55 1466250617.941
next 1466250617.941
255 55 1466250617.941
255 55 1466250617.941
255 55 1466250617.941
255 55 1466250617.941
255 55 1466250617.941
255 55 1466250617.941
255 55 1466250617.941
255 55 1466250617.941
255 55 1466250617.941
255 55 1466250617.941
255 55 1466250617.941
255 55 1466250617.941
255 55 1466250617.941
255 55 1466250617.941
255 55 1466250617.941
255 55 1466250617.941
255 55 1466250617.941
255 55 1466250617.941
next 1466250617.941
next 1466250627.941
155 255 1466250627.941
next 1466250627.941
10 10 1466250627.941
next 1466250627.941
next 1466250636.941
10 10 1466250636.941
next 1466250636.941
155 55 1466250636.941
155 155 1466250636.941
next 1466250636.941
255 255 1466250636.941
155 255 1466250636.941
next 1466250636.941
155 255 1466250636.941
155 255 1466250636.941
155 255 1466250636.941
155 255 1466250636.941
155 255 1466250636.941
155 255 1466250636.941
155 255 1466250636.941
155 255 1466250636.941
155 255 1466250636.941
155 255 1466250636.941
155 255 1466250636.941
next 1466250636.941
10 10 1466250636.941
next 1466250636.941
55 155 1466250636.941
155 155 1466250636.941
next 1466250636.941
55 155 1466250636.941
next 1466250636.941
55 155 1466250636.941
next 1466250636.941
155 255 1466250636.941
next 1466250636.941
next 1466250643.941
10 10 1466250643.941
next 1466250643.941
455 55 1466250643.941
455 55 1466250643.941
455 55 1466250643.941
455 55 1466250643.941
455 55 1466250643.941
455 55 1466250643.941
455 55 1466250643.941
455 55 1466250643.941
455 55 1466250643.941
455 55 1466250643.941
455 55 1466250643.941
455 55 1466250643.941
455 55 1466250643.941
455 55 1466250643.941
455 55 1466250643.941
455 55 1466250643.941
next 1466250643.941
155 255 1466250643.941
next 1466250643.941
255 255 1466250643.941
255 255 1466250643.941
255 255 1466250643.941
255 255 1466250643.941
255 255 1466250643.941
255 255 1466250643.941
255 255 1466250643.941
255 255 1466250643.941
255 255 1466250643.941
255 255 1466250643.941
255 255 1466250643.941
255 255 1466250643.941
255 255 1466250643.941
next 1466250643.941
255 155 1466250643.941
255 155 1466250643.941
255 155 1466250643.941
255 155 1466250643.941
255 155 1466250643.941
255 155 1466250643.941
255 155 1466250643.941
255 155 1466250643.941
255 155 1466250643.941
255 155 1466250643.941
255 155 1466250643.941
255 155 1466250643.941
next 1466250643.941
155 155 1466250643.941
next 1466250643.941
55 255 1466250643.941
next 1466250643.941
next 1466250649.941
255 255 1466250649.941
255 255 1466250649.941
255 255 1466250649.941
255 255 1466250649.941
255 255 1466250649.941
255 255 1466250649.941
255 255 1466250649.941
255 255 1466250649.941
255 255 1466250649.941
255 255 1466250649.941
255 255 1466250649.941
255 255 1466250649.941
255 255 1466250649.941
255 255 1466250649.941
255 255 1466250649.941
255 255 1466250649.941
next 1466250649.941
10 10 1466250649.941
next 1466250649.941
155 255 1466250649.941
155 255 1466250649.941
155 255 1466250649.941
155 255 1466250649.941
155 255 1466250649.941
155 255 1466250649.941
155 255 1466250649.941
155 255 1466250649.941
155 255 1466250649.941
155 255 1466250649.941
155 255 1466250649.941
155 255 1466250649.941
155 255 1466250649.941
155 255 1466250649.941
155 255 1466250649.941
next 1466250649.941
next 1466250659.941
next 1466250666.941
255 255 1466250666.941
55 255 1466250666.941
next 1466250666.941
455 55 1466250666.941
next 1466250666.941
55 55 1466250666.941
next 1466250666.941
10 10 1466250666.941
next 1466250666.941
155 255 1466250666.941
155 255 1466250666.941
155 255 1466250666.941
155 255 1466250666.941
155 255 1466250666.941
155 255 1466250666.941
155 255 1466250666.941
155 255 1466250666.941
155 255 1466250666.941
155 255 1466250666.941
155 255 1466250666.941
155 255 1466250666.941
155 255 1466250666.941
155 255 1466250666.941
155 255 1466250666.941
155 255 1466250666.941
next 1466250666.941
10 10 1466250666.941
next 1466250666.941
455 255 1466250666.941
next 1466250666.941
10 10 1466250666.941
next 1466250666.941
next 1466250671.941
255 155 1466250671.941
155 255 1466250671.941
next 1466250671.941
155 55 1466250671.941
next 1466250671.941
next 1466250678.941
255 255 1466250678.941
455 155 1466250678.941
next 1466250678.941
455 255 1466250678.941
455 255 1466250678.941
455 255 1466250678.941
455 255 1466250678.941
455 255 1466250678.941
455 255 1466250678.941
455 255 1466250678.941
455 255 1466250678.941
455 255 1466250678.941
455 255 1466250678.941
455 255 1466250678.941
455 255 1466250678.941
next 1466250678.941
10 10 1466250678.941
next 1466250678.941
155 155 1466250678.941
next 1466250678.941
next 1466250683.941
10 10 1466250683.941
next 1466250683.941
455 255 1466250683.941
455 255 1466250683.941
455 255 1466250683.941
455 255 1466250683.941
455 255 1466250683.941
455 255 1466250683.941
455 255 1466250683.941
455 255 1466250683.941
455 255 1466250683.941
455 255 1466250683.941
455 255 1466250683.941
455 255 1466250683.941
455 255 1466250683.941
455 255 1466250683.941
455 255 1466250683.941
455 255 1466250683.941
next 1466250683.941
next 1466250692.941
next 1466250699.941
10 10 1466250699.941
next 1466250699.941
255 55 1466250699.941
255 55 1466250699.941
255 55 1466250699.941
255 55 1466250699.941
255 55 1466250699.941
255 55 1466250699.941
255 55 1466250699.941
255 55 1466250699.941
255 55 1466250699.941
255 55 1466250699.941
255 55 1466250699.941
next 1466250699.941
255 55 1466250699.941
255 55 1466250699.941
255 55 1466250699.941
255 55 1466250699.941
255 55 1466250699.941
255 55 1466250699.941
255 55 1466250699.941
255 55 1466250699.941
255 55 1466250699.941
255 55 1466250699.941
255 55 1466250699.941
255 55 1466250699.941
255 55 1466250699.941
next 1466250699.941
455 55 1466250699.941
next 1466250699.941
455 55 1466250699.941
455 55 1466250699.941
455 55 1466250699.941
455 55 1466250699.941
455 55 1466250699.941
455 55 1466250699.941
455 55 1466250699.941
455 55 1466250699.941
455 55 1466250699.941
455 55 1466250699.941
455 55 1466250699.941
455 55 1466250699.941
455 55 1466250699.941
next 1466250699.941
255 155 1466250699.941
255 55 1466250699.941
next 1466250699.941
10 10 1466250699.941
next 1466250699.941
455 55 1466250699.941
255 55 1466250699.941
next 1466250699.941
55 255 1466250699.941
55 255 1466250699.941
55 255 1466250699.941
55 255 1466250699.941
55 255 1466250699.941
55 255 1466250699.941
55 255 1466250699.941
55 255 1466250699.941
55 255 1466250699.941
55 255 1466250699.941
55 255 1466250699.941
55 255 1466250699.941
55 255 1466250699.941
55 255 1466250699.941
55 255 1466250699.941
55 255 1466250699.941
55 255 1466250699.941
55 255 1466250699.941
next 1466250699.941
455 155 1466250699.941
55 55 1466250699.941
next 1466250699.941
next 1466250704.941
455 155 1466250704.941
455 155 1466250704.941
455 155 1466250704.941
455 155 1466250704.941
455 155 1466250704.941
455 155 1466250704.941
455 155 1466250704.941
455 155 1466250704.941
455 155 1466250704.941
455 155 1466250704.941
455 155 1466250704.941
455 155 1466250704.941
455 155 1466250704.941
455 155 1466250704.941
455 155 1466250704.941
455 155 1466250704.941
next 1466250704.941
55 155 1466250704.941
55 155 1466250704.941
55 155 1466250704.941
55 155 1466250704.941
55 155 1466250704.941
55 155 1466250704.941
55 155 1466250704.941
55 155 1466250704.941
55 155 1466250704.941
55 155 1466250704.941
55 155 1466250704.941
55 155 1466250704.941
55 155 1466250704.941
next 1466250704.941
55 155 1466250704.941
55 155 1466250704.941
55 155 1466250704.941
55 155 1466250704.941
55 155 1466250704.941
55 155 1466250704.941
55 155 1466250704.941
55 155 1466250704.941
55 155 1466250704.941
55 155 1466250704.941
55 155 1466250704.941
55 155 1466250704.941
55 155 1466250704.941
55 155 1466250704.941
55 155 1466250704.941
next 1466250704.941
455 255 1466250704.941
455 255 1466250704.941
455 255 1466250704.941
455 255 1466250704.941
455 255 1466250704.941
455 255 1466250704.941
455 255 1466250704.941
455 255 1466250704.941
455 255 1466250704.941
455 255 1466250704.941
455 255 1466250704.941
455 255 1466250704.941
455 255 1466250704.941
455 255 1466250704.941
455 255 1466250704.941
next 1466250704.941
55 55 1466250704.941
455 155 1466250704.941
next 1466250704.941
455 55 1466250704.941
455 55 1466250704.941
455 55 1466250704.941
455 55 1466250704.941
455 55 1466250704.941
455 55 1466250704.941
455 55 1466250704.941
455 55 1466250704.941
455 55 1466250704.941
455 55 1466250704.941
455 55 1466250704.941
455 55 1466250704.941
455 55 1466250704.941
455 55 1466250704.941
455 55 1466250704.941
455 55 1466250704.941
455 55 1466250704.941
455 55 1466250704.941
455 55 1466250704.941
455 55 1466250704.941
next 1466250704.941
next 1466250712.941
10 10 1466250712.941
next 1466250712.941
next 1466250720.941
10 10 1466250720.941
next 1466250720.941
55 55 1466250720.941
455 155 1466250720.941
next 1466250720.941
155 155 1466250720.941
next 1466250720.941
next 1466250726.941
255 55 1466250726.941
next 1466250726.941
55 155 1466250726.941
next 1466250726.941
155 255 1466250726.941
next 1466250726.941
455 255 1466250726.941
255 255 1466250726.941
next 1466250726.941
10 10 1466250726.941
next 1466250726.941
next 1466250731.941
10 10 1466250731.941
next 1466250731.941
next 1466250741.941
455 155 1466250741.941
next 1466250741.941
55 255 1466250741.941
55 255 1466250741.941
55 255 1466250741.941
55 255 1466250741.941
55 255 1466250741.941
55 255 1466250741.941
55 255 1466250741.941
55 255 1466250741.941
55 255 1466250741.941
55 255 1466250741.941
55 255 1466250741.941
55 255 1466250741.941
55 255 1466250741.941
55 255 1466250741.941
next 1466250741.941
155 55 1466250741.941
155 55 1466250741.941
155 55 1466250741.941
155 55 1466250741.941
155 55 1466250741.941
155 55 1466250741.941
155 55 1466250741.941
155 55 1466250741.941
155 55 1466250741.941
155 55 1466250741.941
155 55 1466250741.941
155 55 1466250741.941
155 55 1466250741.941
155 55 1466250741.941
155 55 1466250741.941
next 1466250741.941
next 1466250751.941
455 255 1466250751.941
155 255 1466250751.941
next 1466250751.941
10 10 1466250751.941
next 1466250751.941
next 1466250759.941
55 255 1466250759.941
next 1466250759.941
155 55 1466250759.941
155 55 1466250759.941
155 55 1466250759.941
155 55 1466250759.941
155 55 1466250759.941
155 55 1466250759.941
155 55 1466250759.941
155 55 1466250759.941
155 55 1466250759.941
155 55 1466250759.941
next 1466250759.941
10 10 1466250759.941
next 1466250759.941
55 155 1466250759.941
next 1466250759.941
10 10 1466250759.941
next 1466250759.941
next 1466250768.941
10 10 1466250768.941
next 1466250768.941
255 55 1466250768.941
455 255 1466250768.941
next 1466250768.941
255 255 1466250768.941
next 1466250768.941
next 1466250774.941
10 10 1466250774.941
next 1466250774.941
455 55 1466250774.941
next 1466250774.941
10 10 1466250774.941
next 1466250774.941
next 1466250783.941
55 255 1466250783.941
next 1466250783.941
next 1466250789.941
55 255 1466250789.941
55 255 1466250789.941
55 255 1466250789.941
55 255 1466250789.941
55 255 1466250789.941
55 255 1466250789.941
55 255 1466250789.941
55 255 1466250789.941
55 255 1466250789.941
55 255 1466250789.941
55 255 1466250789.941
55 255 1466250789.941
55 255 1466250789.941
55 255 1466250789.941
55 255 1466250789.941
next 1466250789.941
10 10 1466250789.941
next 1466250789.941
55 155 1466250789.941
next 1466250789.941
55 155 1466250789.941
255 255 1466250789.941
next 1466250789.941
455 255 1466250789.941
455 55 1466250789.941
next 1466250789.941
55 55 1466250789.941
155 255 1466250789.941
next 1466250789.941
455 255 1466250789.941
next 1466250789.941
55 255 1466250789.941
next 1466250789.941
255 255 1466250789.941
255 255 1466250789.941
255 255 1466250789.941
255 255 1466250789.941
255 255 1466250789.941
255 255 1466250789.941
255 255 1466250789.941
255 255 1466250789.941
255 255 1466250789.941
255 255 1466250789.941
255 255 1466250789.941
255 255 1466250789.941
255 255 1466250789.941
255 255 1466250789.941
255 255 1466250789.941
255 255 1466250789.941
255 255 1466250789.941
255 255 1466250789.941
next 1466250789.941
10 10 1466250789.941
next 1466250789.941
55 55 1466250789.941
55 55 1466250789.941
55 55 1466250789.941
55 55 1466250789.941
55 55 1466250789.941
55 55 1466250789.941
55 55 1466250789.941
55 55 1466250789.941
55 55 1466250789.941
55 55 1466250789.941
55 55 1466250789.941
55 55 1466250789.941
55 55 1466250789.941
55 55 1466250789.941
55 55 1466250789.941
55 55 1466250789.941
next 1466250789.941
10 10 1466250789.941
next 1466250789.941
455 255 1466250789.941
55 255 1466250789.941
next 1466250789.941
next 1466250798.941
10 10 1466250798.941
next 1466250798.941
455 55 1466250798.941
next 1466250798.941
55 55 1466250798.941
55 55 1466250798.941
55 55 1466250798.941
55 55 1466250798.941
55 55 1466250798.941
55 55 1466250798.941
55 55 1466250798.941
55 55 1466250798.941
55 55 1466250798.941
55 55 1466250798.941
55 55 1466250798.941
55 55 1466250798.941
55 55 1466250798.941
55 55 1466250798.941
55 55 1466250798.941
55 55 1466250798.941
next 1466250798.941
155 255 1466250798.941
next 1466250798.941
10 10 1466250798.941
next 1466250798.941
455 255 1466250798.941
next 1466250798.941
10 10 1466250798.941
next 1466250798.941
255 255 1466250798.941
255 255 1466250798.941
255 255 1466250798.941
255 255 1466250798.941
255 255 1466250798.941
255 255 1466250798.941
255 255 1466250798.941
255 255 1466250798.941
255 255 1466250798.941
255 255 1466250798.941
255 255 1466250798.941
255 255 1466250798.941
255 255 1466250798.941
255 255 1466250798.941
255 255 1466250798.941
next 1466250798.941
455 155 1466250798.941
455 155 1466250798.941
455 155 1466250798.941
455 155 1466250798.941
455 155 1466250798.941
455 155 1466250798.941
455 155 1466250798.941
455 155 1466250798.941
455 155 1466250798.941
455 155 1466250798.941
455 155 1466250798.941
455 155 1466250798.941
455 155 1466250798.941
455 155 1466250798.941
455 155 1466250798.941
455 155 1466250798.941
455 155 1466250798.941
next 1466250798.941
455 255 1466250798.941
next 1466250798.941
155 255 1466250798.941
next 1466250798.941
next 1466250808.941
10 10 1466250808.941
next 1466250808.941
455 255 1466250808.941
next 1466250808.941
55 155 1466250808.941
55 155 1466250808.941
55 155 1466250808.941
55 155 1466250808.941
55 155 1466250808.941
55 155 1466250808.941
55 155 1466250808.941
55 155 1466250808.941
55 155 1466250808.941
55 155 1466250808.941
55 155 1466250808.941
55 155 1466250808.941
55 155 1466250808.941
55 155 1466250808.941
55 155 1466250808.941
55 155 1466250808.941
55 155 1466250808.941
next 1466250808.941
55 155 1466250808.941
55 155 1466250808.941
55 155 1466250808.941
55 155 1466250808.941
55 155 1466250808.941
55 155 1466250808.941
55 155 1466250808.941
55 155 1466250808.941
55 155 1466250808.941
55 155 1466250808.941
55 155 1466250808.941
55 155 1466250808.941
55 155 1466250808.941
next 1466250808.941
55 255 1466250808.941
next 1466250808.941
55 255 1466250808.941
55 255 1466250808.941
55 255 1466250808.941
55 255 1466250808.941
55 255 1466250808.941
55 255 1466250808.941
55 255 1466250808.941
55 255 1466250808.941
55 255 1466250808.941
55 255 1466250808.941
55 255 1466250808.941
55 255 1466250808.941
55 255 1466250808.941
55 255 1466250808.941
55 255 1466250808.941
55 255 1466250808.941
55 255 1466250808.941
55 255 1466250808.941
55 255 1466250808.941
55 255 1466250808.941
next 1466250808.941
10 10 1466250808.941
next 1466250808.941
155 55 1466250808.941
155 55 1466250808.941
155 55 1466250808.941
155 55 1466250808.941
155 55 1466250808.941
155 55 1466250808.941
155 55 1466250808.941
155 55 1466250808.941
155 55 1466250808.941
155 55 1466250808.941
155 55 1466250808.941
155 55 1466250808.941
155 55 1466250808.941
155 55 1466250808.941
155 55 1466250808.941
155 55 1466250808.941
155 55 1466250808.941
next 1466250808.941
next 1466250815.941
next 1466250824.941
55 55 1466250824.941
55 55 1466250824.941
55 55 1466250824.941
55 55 1466250824.941
55 55 1466250824.941
55 55 1466250824.941
55 55 1466250824.941
55 55 1466250824.941
55 55 1466250824.941
55 55 1466250824.941
55 55 1466250824.941
55 55 1466250824.941
55 55 1466250824.941
55 55 1466250824.941
55 55 1466250824.941
55 55 1466250824.941
next 1466250824.941
10 10 1466250824.941
next 1466250824.941
next 1466250830.941
55 155 1466250830.941
next 1466250830.941
155 55 1466250830.941
next 1466250830.941
next 1466250837.941
255 255 1466250837.941
255 255 1466250837.941
255 255 1466250837.941
255 255 1466250837.941
255 255 1466250837.941
255 255 1466250837.941
255 255 1466250837.941
255 255 1466250837.941
255 255 1466250837.941
255 255 1466250837.941
255 255 1466250837.941
255 255 1466250837.941
255 255 1466250837.941
255 255 1466250837.941
255 255 1466250837.941
255 255 1466250837.941
255 255 1466250837.941
255 255 1466250837.941
255 255 1466250837.941
255 255 1466250837.941
next 1466250837.941
10 10 1466250837.941
next 1466250837.941
next 1466250847.941
55 55 1466250847.941
55 55 1466250847.941
55 55 1466250847.941
55 55 1466250847.941
55 55 1466250847.941
55 55 1466250847.941
55 55 1466250847.941
55 55 1466250847.941
55 55 1466250847.941
55 55 1466250847.941
55 55 1466250847.941
55 55 1466250847.941
55 55 1466250847.941
55 55 1466250847.941
55 55 1466250847.941
next 1466250847.941
155 155 1466250847.941
next 1466250847.941
155 255 1466250847.941
455 255 1466250847.941
next 1466250847.941
55 155 1466250847.941
255 155 1466250847.941
next 1466250847.941
255 55 1466250847.941
next 1466250847.941
next 1466250854.941
55 155 1466250854.941
55 155 1466250854.941
55 155 1466250854.941
55 155 1466250854.941
55 155 1466250854.941
55 155 1466250854.941
55 155 1466250854.941
55 155 1466250854.941
55 155 1466250854.941
55 155 1466250854.941
55 155 1466250854.941
55 155 1466250854.941
55 155 1466250854.941
55 155 1466250854.941
55 155 1466250854.941
55 155 1466250854.941
55 155 1466250854.941
55 155 1466250854.941
55 155 1466250854.941
55 155 1466250854.941
next 1466250854.941
10 10 1466250854.941
next 1466250854.941
next 1466250860.941
255 55 1466250860.941
255 55 1466250860.941
255 55 1466250860.941
255 55 1466250860.941
255 55 1466250860.941
255 55 1466250860.941
255 55 1466250860.941
255 55 1466250860.941
255 55 1466250860.941
255 55 1466250860.941
255 55 1466250860.941
255 55 1466250860.941
255 55 1466250860.941
255 55 1466250860.941
255 55 1466250860.941
255 55 1466250860.941
255 55 1466250860.941
255 55 1466250860.941
255 55 1466250860.941
next 1466250860.941
55 155 1466250860.941
next 1466250860.941
155 255 1466250860.941
next 1466250860.941
455 155 1466250860.941
455 155 1466250860.941
455 155 1466250860.941
455 155 1466250860.941
455 155 1466250860.941
455 155 1466250860.941
455 155 1466250860.941
455 155 1466250860.941
455 155 1466250860.941
455 155 1466250860.941
455 155 1466250860.941
455 155 1466250860.941
455 155 1466250860.941
455 155 1466250860.941
455 155 1466250860.941
455 155 1466250860.941
next 1466250860.941
255 55 1466250860.941
next 1466250860.941
455 155 1466250860.941
next 1466250860.941
next 1466250865.941
255 155 1466250865.941
455 155 1466250865.941
next 1466250865.941
55 255 1466250865.941
455 155 1466250865.941
next 1466250865.941
255 255 1466250865.941
155 155 1466250865.941
next 1466250865.941
55 155 1466250865.941
55 155 1466250865.941
55 155 1466250865.941
55 155 1466250865.941
55 155 1466250865.941
55 155 1466250865.941
55 155 1466250865.941
55 155 1466250865.941
55 155 1466250865.941
55 155 1466250865.941
55 155 1466250865.941
55 155 1466250865.941
55 155 1466250865.941
55 155 1466250865.941
55 155 1466250865.941
55 155 1466250865.941
55 155 1466250865.941
55 155 1466250865.941
next 1466250865.941
55 55 1466250865.941
455 155 1466250865.941
next 1466250865.941
55 155 1466250865.941
55 155 1466250865.941
55 155 1466250865.941
55 155 1466250865.941
55 155 1466250865.941
55 155 1466250865.941
55 155 1466250865.941
55 155 1466250865.941
55 155 1466250865.941
55 155 1466250865.941
55 155 1466250865.941
next 1466250865.941
155 255 1466250865.941
55 155 1466250865.941
next 1466250865.941
next 1466250874.941
255 155 1466250874.941
255 155 1466250874.941
255 155 1466250874.941
255 155 1466250874.941
255 155 1466250874.941
255 155 1466250874.941
255 155 1466250874.941
255 155 1466250874.941
255 155 1466250874.941
255 155 1466250874.941
255 155 1466250874.941
next 1466250874.941
155 55 1466250874.941
55 255 1466250874.941
next 1466250874.941
10 10 1466250874.941
next 1466250874.941
next 1466250879.941
10 10 1466250879.941
next 1466250879.941
255 255 1466250879.941
455 155 1466250879.941
next 1466250879.941
255 55 1466250879.941
55 255 1466250879.941
next 1466250879.941
55 255 1466250879.941
next 1466250879.941
10 10 1466250879.941
next 1466250879.941
455 155 1466250879.941
next 1466250879.941
255 55 1466250879.941
next 1466250879.941
255 155 1466250879.941
next 1466250879.941
255 255 1466250879.941
255 255 1466250879.941
255 255 1466250879.941
255 255 1466250879.941
255 255 1466250879.941
255 255 1466250879.941
255 255 1466250879.941
255 255 1466250879.941
255 255 1466250879.941
255 255 1466250879.941
255 255 1466250879.941
255 255 1466250879.941
255 255 1466250879.941
255 255 1466250879.941
255 255 1466250879.941
255 255 1466250879.941
255 255 1466250879.941
255 255 1466250879.941
255 255 1466250879.941
next 1466250879.941
next 1466250889.941
10 10 1466250889.941
next 1466250889.941
next 1466250894.941
10 10 1466250894.941
next 1466250894.941
next 1466250902.941
10 10 1466250902.941
next 1466250902.941
155 255 1466250902.941
next 1466250902.941
255 255 1466250902.941
next 1466250902.941
155 55 1466250902.941
455 255 1466250902.941
next 1466250902.941
next 1466250911.941
10 10 1466250911.941
next 1466250911.941
next 1466250921.941
next 1466250927.941
next 1466250936.941
155 255 1466250936.941
155 255 1466250936.941
155 255 1466250936.941
155 255 1466250936.941
155 255 1466250936.941
155 255 1466250936.941
155 255 1466250936.941
155 255 1466250936.941
155 255 1466250936.941
155 255 1466250936.941
155 255 1466250936.941
155 255 1466250936.941
155 255 1466250936.941
155 255 1466250936.941
next 1466250936.941
155 155 1466250936.941
455 255 1466250936.941
next 1466250936.941
255 155 1466250936.941
155 55 1466250936.941
next 1466250936.941
10 10 1466250936.941
next 1466250936.941
55 155 1466250936.941
155 255 1466250936.941
next 1466250936.941
455 155 1466250936.941
455 155 1466250936.941
455 155 1466250936.941
455 155 1466250936.941
455 155 1466250936.941
455 155 1466250936.941
455 155 1466250936.941
455 155 1466250936.941
455 155 1466250936.941
455 155 1466250936.941
455 155 1466250936.941
455 155 1466250936.941
455 155 1466250936.941
455 155 1466250936.941
455 155 1466250936.941
455 155 1466250936.941
next 1466250936.941
455 255 1466250936.941
255 55 1466250936.941
next 1466250936.941
10 10 1466250936.941
next 1466250936.941
next 1466250941.941
155 55 1466250941.941
255 255 1466250941.941
next 1466250941.941
10 10 1466250941.941
next 1466250941.941
next 1466250950.941
255 55 1466250950.941
next 1466250950.941
255 55 1466250950.941
55 155 1466250950.941
next 1466250950.941
455 55 1466250950.941
455 55 1466250950.941
455 55 1466250950.941
455 55 1466250950.941
455 55 1466250950.941
455 55 1466250950.941
455 55 1466250950.941
455 55 1466250950.941
455 55 1466250950.941
455 55 1466250950.941
455 55 1466250950.941
next 1466250950.941
255 255 1466250950.941
255 255 1466250950.941
255 255 1466250950.941
255 255 1466250950.941
255 255 1466250950.941
255 255 1466250950.941
255 255 1466250950.941
255 255 1466250950.941
255 255 1466250950.941
255 255 1466250950.941
255 255 1466250950.941
255 255 1466250950.941
255 255 1466250950.941
255 255 1466250950.941
255 255 1466250950.941
255 255 1466250950.941
255 255 1466250950.941
next 1466250950.941
255 55 1466250950.941
255 255 1466250950.941
next 1466250950.941
255 155 1466250950.941
255 155 1466250950.941
255 155 1466250950.941
255 155 1466250950.941
255 155 1466250950.941
255 155 1466250950.941
255 155 1466250950.941
255 155 1466250950.941
255 155 1466250950.941
255 155 1466250950.941
255 155 1466250950.941
255 155 1466250950.941
255 155 1466250950.941
next 1466250950.941
455 55 1466250950.941
455 55 1466250950.941
455 55 1466250950.941
455 55 1466250950.941
455 55 1466250950.941
455 55 1466250950.941
455 55 1466250950.941
455 55 1466250950.941
455 55 1466250950.941
455 55 1466250950.941
455 55 1466250950.941
455 55 1466250950.941
455 55 1466250950.941
455 55 1466250950.941
455 55 1466250950.941
455 55 1466250950.941
next 1466250950.941
455 255 1466250950.941
255 55 1466250950.941
next 1466250950.941
155 155 1466250950.941
155 155 1466250950.941
155 155 1466250950.941
155 155 1466250950.941
155 155 1466250950.941
155 155 1466250950.941
155 155 1466250950.941
155 155 1466250950.941
155 155 1466250950.941
155 155 1466250950.941
155 155 1466250950.941
155 155 1466250950.941
155 155 1466250950.941
155 155 1466250950.941
155 155 1466250950.941
155 155 1466250950.941
155 155 1466250950.941
155 155 1466250950.941
next 1466250950.941
next 1466250959.941
55 55 1466250959.941
455 55 1466250959.941
next 1466250959.941
55 155 1466250959.941
55 155 1466250959.941
55 155 1466250959.941
55 155 1466250959.941
55 155 1466250959.941
55 155 1466250959.941
55 155 1466250959.941
55 155 1466250959.941
55 155 1466250959.941
55 155 1466250959.941
55 155 1466250959.941
55 155 1466250959.941
55 155 1466250959.941
55 155 1466250959.941
55 155 1466250959.941
55 155 1466250959.941
next 1466250959.941
10 10 1466250959.941
next 1466250959.941
55 255 1466250959.941
55 255 1466250959.941
55 255 1466250959.941
55 255 1466250959.941
55 255 1466250959.941
55 255 1466250959.941
55 255 1466250959.941
55 255 1466250959.941
55 255 1466250959.941
55 255 1466250959.941
55 255 1466250959.941
55 255 1466250959.941
55 255 1466250959.941
55 255 1466250959.941
55 255 1466250959.941
55 255 1466250959.941
55 255 1466250959.941
55 255 1466250959.941
next 1466250959.941
10 10 1466250959.941
next 1466250959.941
next 1466250967.941
next 1466250973.941
455 155 1466250973.941
next 1466250973.941
next 1466250982.941
10 10 1466250982.941
next 1466250982.941
255 55 1466250982.941
255 255 1466250982.941
next 1466250982.941
255 55 1466250982.941
155 55 1466250982.941
next 1466250982.941
255 155 1466250982.941
455 255 1466250982.941
next 1466250982.941
55 55 1466250982.941
455 55 1466250982.941
next 1466250982.941
55 155 1466250982.941
255 55 1466250982.941
next 1466250982.941
55 55 1466250982.941
455 255 1466250982.941
next 1466250982.941
455 55 1466250982.941
455 55 1466250982.941
455 55 1466250982.941
455 55 1466250982.941
455 55 1466250982.941
455 55 1466250982.941
455 55 1466250982.941
455 55 1466250982.941
455 55 1466250982.941
455 55 1466250982.941
455 55 1466250982.941
455 55 1466250982.941
455 55 1466250982.941
next 1466250982.941
155 55 1466250982.941
next 1466250982.941
10 10 1466250982.941
next 1466250982.941
255 155 1466250982.941
55 55 1466250982.941
next 1466250982.941
10 10 1466250982.941
next 1466250982.941
next 1466250989.941
455 55 1466250989.941
next 1466250989.941
next 1466250994.941
next 1466251004.941
255 55 1466251004.941
255 55 1466251004.941
255 55 1466251004.941
255 55 1466251004.941
255 55 1466251004.941
255 55 1466251004.941
255 55 1466251004.941
255 55 1466251004.941
255 55 1466251004.941
255 55 1466251004.941
next 1466251004.941
10 10 1466251004.941
next 1466251004.941
55 255 1466251004.941
55 255 1466251004.941
55 255 1466251004.941
55 255 1466251004.941
55 255 1466251004.941
55 255 1466251004.941
55 255 1466251004.941
55 255 1466251004.941
55 255 1466251004.941
55 255 1466251004.941
next 1466251004.941
155 55 1466251004.941
155 55 1466251004.941
155 55 1466251004.941
155 55 1466251004.941
155 55 1466251004.941
155 55 1466251004.941
155 55 1466251004.941
155 55 1466251004.941
155 55 1466251004.941
155 55 1466251004.941
155 55 1466251004.941
155 55 1466251004.941
155 55 1466251004.941
155 55 1466251004.941
next 1466251004.941
255 55 1466251004.941
next 1466251004.941
next 1466251013.941
10 10 1466251013.941
next 1466251013.941
next 1466251020.941
next 1466251030.941
10 10 1466251030.941
next 1466251030.941
155 255 1466251030.941
155 255 1466251030.941
155 255 1466251030.941
155 255 1466251030.941
155 255 1466251030.941
155 255 1466251030.941
155 255 1466251030.941
155 255 1466251030.941
155 255 1466251030.941
155 255 1466251030.941
155 255 1466251030.941
155 255 1466251030.941
155 255 1466251030.941
155 255 1466251030.941
155 255 1466251030.941
155 255 1466251030.941
155 255 1466251030.941
155 255 1466251030.941
next 1466251030.941
10 10 1466251030.941
next 1466251030.941
455 255 1466251030.941
55 55 1466251030.941
next 1466251030.941
next 1466251036.941
next 1466251046.941
10 10 1466251046.941
next 1466251046.941
255 255 1466251046.941
255 255 1466251046.941
255 255 1466251046.941
255 255 1466251046.941
255 255 1466251046.941
255 255 1466251046.941
255 255 1466251046.941
255 255 1466251046.941
255 255 1466251046.941
255 255 1466251046.941
255 255 1466251046.941
255 255 1466251046.941
255 255 1466251046.941
next 1466251046.941
10 10 1466251046.941
next 1466251046.941
255 255 1466251046.941
255 255 1466251046.941
255 255 1466251046.941
255 255 1466251046.941
255 255 1466251046.941
255 255 1466251046.941
255 255 1466251046.941
255 255 1466251046.941
255 255 1466251046.941
255 255 1466251046.941
255 255 1466251046.941
255 255 1466251046.941
next 1466251046.941
10 10 1466251046.941
next 1466251046.941
455 255 1466251046.941
next 1466251046.941
next 1466251056.941
10 10 1466251056.941
next 1466251056.941
55 155 1466251056.941
155 55 1466251056.941
next 1466251056.941
455 255 1466251056.941
455 255 1466251056.941
455 255 1466251056.941
455 255 1466251056.941
455 255 1466251056.941
455 255 1466251056.941
455 255 1466251056.941
455 255 1466251056.941
455 255 1466251056.941
455 255 1466251056.941
455 255 1466251056.941
455 255 1466251056.941
455 255 1466251056.941
455 255 1466251056.941
455 255 1466251056.941
455 255 1466251056.941
next 1466251056.941
next 1466251065.941
55 255 1466251065.941
55 255 1466251065.941
55 255 1466251065.941
55 255 1466251065.941
55 255 1466251065.941
55 255 1466251065.941
55 255 1466251065.941
55 255 1466251065.941
55 255 1466251065.941
55 255 1466251065.941
55 255 1466251065.941
next 1466251065.941
10 10 1466251065.941
next 1466251065.941
55 155 1466251065.941
next 1466251065.941
next 1466251074.941
155 255 1466251074.941
255 155 1466251074.941
next 1466251074.941
next 1466251082.941
55 55 1466251082.941
55 55 1466251082.941
55 55 1466251082.941
55 55 1466251082.941
55 55 1466251082.941
55 55 1466251082.941
55 55 1466251082.941
55 55 1466251082.941
55 55 1466251082.941
55 55 1466251082.941
55 55 1466251082.941
55 55 1466251082.941
55 55 1466251082.941
55 55 1466251082.941
55 55 1466251082.941
55 55 1466251082.941
55 55 1466251082.941
next 1466251082.941
255 55 1466251082.941
255 55 1466251082.941
255 55 1466251082.941
255 55 1466251082.941
255 55 1466251082.941
255 55 1466251082.941
255 55 1466251082.941
255 55 1466251082.941
255 55 1466251082.941
255 55 1466251082.941
255 55 1466251082.941
255 55 1466251082.941
255 55 1466251082.941
255 55 1466251082.941
255 55 1466251082.941
255 55 1466251082.941
255 55 1466251082.941
255 55 1466251082.941
255 55 1466251082.941
next 1466251082.941
next 1466251088.941
55 55 1466251088.941
155 155 1466251088.941
next 1466251088.941
55 155 1466251088.941
next 1466251088.941
155 55 1466251088.941
255 55 1466251088.941
next 1466251088.941
155 55 1466251088.941
next 1466251088.941
255 55 1466251088.941
455 155 1466251088.941
next 1466251088.941
155 55 1466251088.941
155 55 1466251088.941
155 55 1466251088.941
155 55 1466251088.941
155 55 1466251088.941
155 55 1466251088.941
155 55 1466251088.941
155 55 1466251088.941
155 55 1466251088.941
155 55 1466251088.941
next 1466251088.941
255 155 1466251088.941
255 155 1466251088.941
255 155 1466251088.941
255 155 1466251088.941
255 155 1466251088.941
255 155 1466251088.941
255 155 1466251088.941
255 155 1466251088.941
255 155 1466251088.941
255 155 1466251088.941
255 155 1466251088.941
255 155 1466251088.941
255 155 1466251088.941
255 155 1466251088.941
255 155 1466251088.941
255 155 1466251088.941
255 155 1466251088.941
255 155 1466251088.941
next 1466251088.941
next 1466251094.941
255 255 1466251094.941
next 1466251094.941
next 1466251099.941
255 55 1466251099.941
next 1466251099.941
next 1466251109.941
55 55 1466251109.941
next 1466251109.941
10 10 1466251109.941
next 1466251109.941
55 255 1466251109.941
55 255 1466251109.941
55 255 1466251109.941
55 255 1466251109.941
55 255 1466251109.941
55 255 1466251109.941
55 255 1466251109.941
55 255 1466251109.941
55 255 1466251109.941
55 255 1466251109.941
55 255 1466251109.941
55 255 1466251109.941
55 255 1466251109.941
next 1466251109.941
next 1466251118.941
55 255 1466251118.941
455 255 1466251118.941
next 1466251118.941
255 55 1466251118.941
255 55 1466251118.941
255 55 1466251118.941
255 55 1466251118.941
255 55 1466251118.941
255 55 1466251118.941
255 55 1466251118.941
255 55 1466251118.941
255 55 1466251118.941
255 55 1466251118.941
255 55 1466251118.941
255 55 1466251118.941
next 1466251118.941
55 55 1466251118.941
55 55 1466251118.941
55 55 1466251118.941
55 55 1466251118.941
55 55 1466251118.941
55 55 1466251118.941
55 55 1466251118.941
55 55 1466251118.941
55 55 1466251118.941
55 55 1466251118.941
55 55 1466251118.941
next 1466251118.941
10 10 1466251118.941
next 1466251118.941
455 255 1466251118.941
455 255 1466251118.941
455 255 1466251118.941
455 255 1466251118.941
455 255 1466251118.941
455 255 1466251118.941
455 255 1466251118.941
455 255 1466251118.941
455 255 1466251118.941
455 255 1466251118.941
455 255 1466251118.941
455 255 1466251118.941
455 255 1466251118.941
455 255 1466251118.941
next 1466251118.941
10 10 1466251118.941
next 1466251118.941
455 55 1466251118.941
255 155 1466251118.941
next 1466251118.941
55 155 1466251118.941
55 155 1466251118.941
55 155 1466251118.941
55 155 1466251118.941
55 155 1466251118.941
55 155 1466251118.941
55 155 1466251118.941
55 155 1466251118.941
55 155 1466251118.941
55 155 1466251118.941
55 155 1466251118.941
55 155 1466251118.941
55 155 1466251118.941
next 1466251118.941
10 10 1466251118.941
next 1466251118.941
next 1466251124.941
455 155 1466251124.941
455 155 1466251124.941
455 155 1466251124.941
455 155 1466251124.941
455 155 1466251124.941
455 155 1466251124.941
455 155 1466251124.941
455 155 1466251124.941
455 155 1466251124.941
455 155 1466251124.941
next 1466251124.941
155 55 1466251124.941
next 1466251124.941
10 10 1466251124.941
next 1466251124.941
255 255 1466251124.941
next 1466251124.941
10 10 1466251124.941
next 1466251124.941
next 1466251132.941
455 55 1466251132.941
55 55 1466251132.941
next 1466251132.941
next 1466251137.941
455 155 1466251137.941
next 1466251137.941
next 1466251147.941
255 155 1466251147.941
next 1466251147.941
255 255 1466251147.941
next 1466251147.941
455 55 1466251147.941
455 55 1466251147.941
455 55 1466251147.941
455 55 1466251147.941
455 55 1466251147.941
455 55 1466251147.941
455 55 1466251147.941
455 55 1466251147.941
455 55 1466251147.941
455 55 1466251147.941
455 55 1466251147.941
455 55 1466251147.941
next 1466251147.941
10 10 1466251147.941
next 1466251147.941
455 155 1466251147.941
455 155 1466251147.941
455 155 1466251147.941
455 155 1466251147.941
455 155 1466251147.941
455 155 1466251147.941
455 155 1466251147.941
455 155 1466251147.941
455 155 1466251147.941
455 155 1466251147.941
455 155 1466251147.941
455 155 1466251147.941
455 155 1466251147.941
next 1466251147.941
255 255 1466251147.941
next 1466251147.941
next 1466251153.941
10 10 1466251153.941
next 1466251153.941
55 155 1466251153.941
next 1466251153.941
10 10 1466251153.941
next 1466251153.941
next 1466251159.941
10 10 1466251159.941
next 1466251159.941
255 255 1466251159.941
next 1466251159.941
255 255 1466251159.941
255 155 1466251159.941
next 1466251159.941
455 155 1466251159.941
455 55 1466251159.941
next 1466251159.941
455 155 1466251159.941
455 155 1466251159.941
455 155 1466251159.941
455 155 1466251159.941
455 155 1466251159.941
455 155 1466251159.941
455 155 1466251159.941
455 155 1466251159.941
455 155 1466251159.941
455 155 1466251159.941
455 155 1466251159.941
455 155 1466251159.941
next 1466251159.941
55 55 1466251159.941
55 55 1466251159.941
55 55 1466251159.941
55 55 1466251159.941
55 55 1466251159.941
55 55 1466251159.941
55 55 1466251159.941
55 55 1466251159.941
55 55 1466251159.941
55 55 1466251159.941
55 55 1466251159.941
55 55 1466251159.941
55 55 1466251159.941
55 55 1466251159.941
55 55 1466251159.941
55 55 1466251159.941
next 1466251159.941
10 10 1466251159.941
next 1466251159.941
455 155 1466251159.941
155 255 1466251159.941
next 1466251159.941
55 155 1466251159.941
255 255 1466251159.941
next 1466251159.941
10 10 1466251159.941
next 1466251159.941
455 255 1466251159.941
155 155 1466251159.941
next 1466251159.941
55 155 1466251159.941
55 55 1466251159.941
next 1466251159.941
55 155 1466251159.941
55 155 1466251159.941
55 155 1466251159.941
55 155 1466251159.941
55 155 1466251159.941
55 155 1466251159.941
55 155 1466251159.941
55 155 1466251159.941
55 155 1466251159.941
55 155 1466251159.941
55 155 1466251159.941
55 155 1466251159.941
55 155 1466251159.941
55 155 1466251159.941
next 1466251159.941
255 255 1466251159.941
255 255 1466251159.941
255 255 1466251159.941
255 255 1466251159.941
255 255 1466251159.941
255 255 1466251159.941
255 255 1466251159.941
255 255 1466251159.941
255 255 1466251159.941
255 255 1466251159.941
255 255 1466251159.941
255 255 1466251159.941
255 255 1466251159.941
255 255 1466251159.941
next 1466251159.941
255 55 1466251159.941
next 1466251159.941
55 155 1466251159.941
455 55 1466251159.941
next 1466251159.941
155 255 1466251159.941
next 1466251159.941
155 255 1466251159.941
155 255 1466251159.941
155 255 1466251159.941
155 255 1466251159.941
155 255 1466251159.941
155 255 1466251159.941
155 255 1466251159.941
155 255 1466251159.941
155 255 1466251159.941
155 255 1466251159.941
155 255 1466251159.941
155 255 1466251159.941
155 255 1466251159.941
155 255 1466251159.941
155 255 1466251159.941
155 255 1466251159.941
155 255 1466251159.941
next 1466251159.941
55 55 1466251159.941
55 255 1466251159.941
next 1466251159.941
155 255 1466251159.941
next 1466251159.941
255 255 1466251159.941
55 55 1466251159.941
next 1466251159.941
455 155 1466251159.941
next 1466251159.941
next 1466251167.941
next 1466251173.941
455 255 1466251173.941
455 55 1466251173.941
next 1466251173.941
55 55 1466251173.941
155 155 1466251173.941
next 1466251173.941
10 10 1466251173.941
next 1466251173.941
455 55 1466251173.941
next 1466251173.941
255 55 1466251173.941
55 255 1466251173.941
next 1466251173.941
255 255 1466251173.941
255 255 1466251173.941
255 255 1466251173.941
255 255 1466251173.941
255 255 1466251173.941
255 255 1466251173.941
255 255 1466251173.941
255 255 1466251173.941
255 255 1466251173.941
255 255 1466251173.941
255 255 1466251173.941
255 255 1466251173.941
255 255 1466251173.941
255 255 1466251173.941
255 255 1466251173.941
255 255 1466251173.941
255 255 1466251173.941
255 255 1466251173.941
255 255 1466251173.941
255 255 1466251173.941
next 1466251173.941
next 1466251179.941
455 55 1466251179.941
455 55 1466251179.941
455 55 1466251179.941
455 55 1466251179.941
455 55 1466251179.941
455 55 1466251179.941
455 55 1466251179.941
455 55 1466251179.941
455 55 1466251179.941
455 55 1466251179.941
455 55 1466251179.941
455 55 1466251179.941
455 55 1466251179.941
455 55 1466251179.941
455 55 1466251179.941
455 55 1466251179.941
next 1466251179.941
55 55 1466251179.941
55 155 1466251179.941
next 1466251179.941
55 155 1466251179.941
455 255 1466251179.941
next 1466251179.941
55 255 1466251179.941
55 155 1466251179.941
next 1466251179.941
155 255 1466251179.941
455 155 1466251179.941
next 1466251179.941
455 255 1466251179.941
455 155 1466251179.941
next 1466251179.941
255 255 1466251179.941
next 1466251179.941
10 10 1466251179.941
next 1466251179.941
455 155 1466251179.941
455 155 1466251179.941
455 155 1466251179.941
455 155 1466251179.941
455 155 1466251179.941
455 155 1466251179.941
455 155 1466251179.941
455 155 1466251179.941
455 155 1466251179.941
455 155 1466251179.941
455 155 1466251179.941
455 155 1466251179.941
455 155 1466251179.941
455 155 1466251179.941
455 155 1466251179.941
455 155 1466251179.941
next 1466251179.941
10 10 1466251179.941
next 1466251179.941
255 155 1466251179.941
next 1466251179.941
255 155 1466251179.941
455 155 1466251179.941
next 1466251179.941
155 155 1466251179.941
455 55 1466251179.941
next 1466251179.941
155 55 1466251179.941
155 55 1466251179.941
155 55 1466251179.941
155 55 1466251179.941
155 55 1466251179.941
155 55 1466251179.941
155 55 1466251179.941
155 55 1466251179.941
155 55 1466251179.941
155 55 1466251179.941
155 55 1466251179.941
155 55 1466251179.941
155 55 1466251179.941
155 55 1466251179.941
155 55 1466251179.941
155 55 1466251179.941
next 1466251179.941
55 155 1466251179.941
55 155 1466251179.941
55 155 1466251179.941
55 155 1466251179.941
55 155 1466251179.941
55 155 1466251179.941
55 155 1466251179.941
55 155 1466251179.941
55 155 1466251179.941
55 155 1466251179.941
55 155 1466251179.941
55 155 1466251179.941
55 155 1466251179.941
55 155 1466251179.941
next 1466251179.941
155 155 1466251179.941
155 155 1466251179.941
155 155 1466251179.941
155 155 1466251179.941
155 155 1466251179.941
155 155 1466251179.941
155 155 1466251179.941
155 155 1466251179.941
155 155 1466251179.941
155 155 1466251179.941
155 155 1466251179.941
155 155 1466251179.941
155 155 1466251179.941
155 155 1466251179.941
155 155 1466251179.941
155 155 1466251179.941
155 155 1466251179.941
155 155 1466251179.941
next 1466251179.941
next 1466251187.941
155 155 1466251187.941
next 1466251187.941
155 155 1466251187.941
next 1466251187.941
next 1466251192.941
next 1466251198.941
455 55 1466251198.941
455 255 1466251198.941
next 1466251198.941
10 10 1466251198.941
next 1466251198.941
255 255 1466251198.941
455 55 1466251198.941
next 1466251198.941
next 1466251205.941
455 155 1466251205.941
next 1466251205.941
next 1466251210.941
10 10 1466251210.941
next 1466251210.941
455 55 1466251210.941
455 55 1466251210.941
455 55 1466251210.941
455 55 1466251210.941
455 55 1466251210.941
455 55 1466251210.941
455 55 1466251210.941
455 55 1466251210.941
455 55 1466251210.941
455 55 1466251210.941
455 55 1466251210.941
455 55 1466251210.941
next 1466251210.941
255 155 1466251210.941
next 1466251210.941
255 255 1466251210.941
455 255 1466251210.941
next 1466251210.941
455 55 1466251210.941
next 1466251210.941
255 155 1466251210.941
455 155 1466251210.941
next 1466251210.941
255 155 1466251210.941
255 155 1466251210.941
255 155 1466251210.941
255 155 1466251210.941
255 155 1466251210.941
255 155 1466251210.941
255 155 1466251210.941
255 155 1466251210.941
255 155 1466251210.941
255 155 1466251210.941
255 155 1466251210.941
255 155 1466251210.941
next 1466251210.941
155 55 1466251210.941
155 55 1466251210.941
155 55 1466251210.941
155 55 1466251210.941
155 55 1466251210.941
155 55 1466251210.941
155 55 1466251210.941
155 55 1466251210.941
155 55 1466251210.941
155 55 1466251210.941
next 1466251210.941
10 10 1466251210.941
next 1466251210.941
255 55 1466251210.941
next 1466251210.941
10 10 1466251210.941
next 1466251210.941
155 155 1466251210.941
455 255 1466251210.941
next 1466251210.941
10 10 1466251210.941
455 255 1466251210.941
455 255 1466251210.941
455 255 1466251210.941
455 255 1466251210.941
455 255 1466251210.941
455 255 1466251210.941
455 255 1466251210.941
455 255 1466251210.941
455 255 1466251210.941
455 255 1466251210.941
455 255 1466251210.941
455 255 1466251210.941
10 10 1466251216.941
10 10 1466251223.941
155 55 1466251223.941
155 55 1466251223.941
155 55 1466251223.941
155 55 1466251223.941
155 55 1466251223.941
155 55 1466251223.941
155 55 1466251223.941
155 55 1466251223.941
155 55 1466251223.941
155 55 1466251223.941
10 10 1466251231.941
next 1466251238.941
455 55 1466251238.941
455 55 1466251238.941
455 55 1466251238.941
455 55 1466251238.941
455 55 1466251238.941
455 55 1466251238.941
455 55 1466251238.941
455 55 1466251238.941
455 55 1466251238.941
455 55 1466251238.941
455 55 1466251238.941
455 55 1466251238.941
455 55 1466251238.941
455 55 1466251238.941
455 55 1466251238.941
455 55 1466251238.941
455 55 1466251238.941
455 55 1466251238.941
455 55 1466251238.941
10 10 1466251238.941
10 10 1466251246.941
10 10 1466251255.941
next 1466251263.941
10 10 1466251263.941
455 55 1466251270.941
455 55 1466251270.941
455 55 1466251270.941
455 55 1466251270.941
455 55 1466251270.941
455 55 1466251270.941
455 55 1466251270.941
455 55 1466251270.941
455 55 1466251270.941
455 55 1466251270.941
10 10 1466251270.941
455 255 1466251275.941
455 255 1466251275.941
455 255 1466251275.941
455 255 1466251275.941
455 255 1466251275.941
455 255 1466251275.941
455 255 1466251275.941
455 255 1466251275.941
455 255 1466251275.941
455 255 1466251275.941
455 255 1466251275.941
10 10 1466251275.941
255 155 1466251280.941
255 155 1466251280.941
255 155 1466251280.941
255 155 1466251280.941
255 155 1466251280.941
255 155 1466251280.941
255 155 1466251280.941
255 155 1466251280.941
255 155 1466251280.941
255 155 1466251280.941
255 155 1466251280.941
255 155 1466251280.941
255 155 1466251280.941
10 10 1466251280.941
next 1466251280.941
55 155 1466251285.941
55 155 1466251285.941
55 155 1466251285.941
55 155 1466251285.941
55 155 1466251285.941
55 155 1466251285.941
55 155 1466251285.941
55 155 1466251285.941
55 155 1466251285.941
55 155 1466251285.941
455 155 1466251290.941
455 155 1466251290.941
455 155 1466251290.941
455 155 1466251290.941
455 155 1466251290.941
455 155 1466251290.941
455 155 1466251290.941
455 155 1466251290.941
455 155 1466251290.941
455 155 1466251290.941
455 155 1466251290.941
455 155 1466251290.941
10 10 1466251290.941
455 55 1466251290.941
455 55 1466251290.941
455 55 1466251290.941
455 55 1466251290.941
455 55 1466251290.941
455 55 1466251290.941
455 55 1466251290.941
455 55 1466251290.941
455 55 1466251290.941
455 55 1466251290.941
455 55 1466251290.941
455 55 1466251290.941
255 255 1466251295.941
255 255 1466251295.941
255 255 1466251295.941
255 255 1466251295.941
255 255 1466251295.941
255 255 1466251295.941
255 255 1466251295.941
255 255 1466251295.941
255 255 1466251295.941
255 255 1466251295.941
255 255 1466251295.941
255 255 1466251295.941
255 255 1466251295.941
255 255 1466251295.941
255 255 1466251295.941
255 255 1466251295.941
255 255 1466251295.941
10 10 1466251295.941
55 55 1466251295.941
55 55 1466251295.941
55 55 1466251295.941
55 55 1466251295.941
55 55 1466251295.941
55 55 1466251295.941
55 55 1466251295.941
55 55 1466251295.941
55 55 1466251295.941
55 55 1466251295.941
55 55 1466251295.941
next 1466251295.941
10 10 1466251295.941
255 55 1466251295.941
255 55 1466251295.941
255 55 1466251295.941
255 55 1466251295.941
255 55 1466251295.941
255 55 1466251295.941
255 55 1466251295.941
255 55 1466251295.941
255 55 1466251295.941
255 55 1466251295.941
255 55 1466251295.941
255 55 1466251295.941
255 55 1466251295.941
255 55 1466251295.941
255 55 1466251295.941
255 55 1466251295.941
255 55 1466251295.941
255 55 1466251295.941
255 55 1466251295.941
255 55 1466251295.941
10 10 1466251300.941
10 10 1466251308.941
next 1466251308.941
10 10 1466251318.941
155 55 1466251318.941
155 55 1466251318.941
155 55 1466251318.941
155 55 1466251318.941
155 55 1466251318.941
155 55 1466251318.941
155 55 1466251318.941
155 55 1466251318.941
155 55 1466251318.941
155 55 1466251318.941
155 55 1466251318.941
10 10 1466251318.941
455 255 1466251318.941
455 255 1466251318.941
455 255 1466251318.941
455 255 1466251318.941
455 255 1466251318.941
455 255 1466251318.941
455 255 1466251318.941
455 255 1466251318.941
455 255 1466251318.941
455 255 1466251318.941
455 255 1466251318.941
10 10 1466251318.941
155 155 1466251318.941
155 155 1466251318.941
155 155 1466251318.941
155 155 1466251318.941
155 155 1466251318.941
155 155 1466251318.941
155 155 1466251318.941
155 155 1466251318.941
155 155 1466251318.941
155 155 1466251318.941
155 155 1466251318.941
10 10 1466251318.941
155 55 1466251318.941
155 55 1466251318.941
155 55 1466251318.941
155 55 1466251318.941
155 55 1466251318.941
155 55 1466251318.941
155 55 1466251318.941
155 55 1466251318.941
155 55 1466251318.941
155 55 1466251318.941
155 55 1466251318.941
155 55 1466251318.941
155 55 1466251318.941
155 55 1466251318.941
155 55 1466251318.941
155 55 1466251318.941
155 55 1466251318.941
155 55 1466251318.941
155 55 1466251318.941
155 55 1466251318.941
next 1466251318.941
10 10 1466251326.941
55 55 1466251326.941
55 55 1466251326.941
55 55 1466251326.941
55 55 1466251326.941
55 55 1466251326.941
55 55 1466251326.941
55 55 1466251326.941
55 55 1466251326.941
55 55 1466251326.941
55 55 1466251326.941
55 55 1466251326.941
55 55 1466251326.941
10 10 1466251326.941
55 55 1466251326.941
55 55 1466251326.941
55 55 1466251326.941
55 55 1466251326.941
55 55 1466251326.941
55 55 1466251326.941
55 55 1466251326.941
55 55 1466251326.941
55 55 1466251326.941
55 55 1466251326.941
10 10 1466251326.941
55 255 1466251336.941
55 255 1466251336.941
55 255 1466251336.941
55 255 1466251336.941
55 255 1466251336.941
55 255 1466251336.941
55 255 1466251336.941
55 255 1466251336.941
55 255 1466251336.941
55 255 1466251336.941
55 255 1466251336.941
55 255 1466251336.941
55 255 1466251336.941
55 255 1466251336.941
55 255 1466251336.941
55 255 1466251336.941
55 255 1466251336.941
55 255 1466251336.941
next 1466251342.941
155 55 1466251342.941
155 55 1466251342.941
155 55 1466251342.941
155 55 1466251342.941
155 55 1466251342.941
155 55 1466251342.941
155 55 1466251342.941
155 55 1466251342.941
155 55 1466251342.941
155 55 1466251342.941
155 55 1466251342.941
155 55 1466251342.941
155 55 1466251342.941
155 55 1466251342.941
155 55 1466251342.941
155 55 1466251342.941
10 10 1466251351.941
10 10 1466251360.941
10 10 1466251367.941
next 1466251373.941
10 10 1466251383.941
10 10 1466251390.941
55 55 1466251390.941
55 55 1466251390.941
55 55 1466251390.941
55 55 1466251390.941
55 55 1466251390.941
55 55 1466251390.941
55 55 1466251390.941
55 55 1466251390.941
55 55 1466251390.941
55 55 1466251390.941
55 55 1466251390.941
55 55 1466251390.941
55 55 1466251390.941
55 55 1466251390.941
55 55 1466251390.941
55 55 1466251390.941
55 55 1466251390.941
55 55 1466251390.941
55 55 1466251390.941
55 55 1466251390.941
10 10 1466251390.941
155 155 1466251390.941
155 155 1466251390.941
155 155 1466251390.941
155 155 1466251390.941
155 155 1466251390.941
155 155 1466251390.941
155 155 1466251390.941
155 155 1466251390.941
155 155 1466251390.941
155 155 1466251390.941
155 155 1466251390.941
155 155 1466251390.941
155 155 1466251390.941
155 155 1466251390.941
155 155 1466251390.941
155 155 1466251390.941
155 155 1466251390.941
155 155 1466251390.941
155 155 1466251390.941
155 155 1466251390.941
next 1466251399.941
155 255 1466251399.941
155 255 1466251399.941
155 255 1466251399.941
155 255 1466251399.941
155 255 1466251399.941
155 255 1466251399.941
155 255 1466251399.941
155 255 1466251399.941
155 255 1466251399.941
155 255 1466251399.941
155 255 1466251399.941
155 255 1466251399.941
455 255 1466251409.941
455 255 1466251409.941
455 255 1466251409.941
455 255 1466251409.941
455 255 1466251409.941
455 255 1466251409.941
455 255 1466251409.941
455 255 1466251409.941
455 255 1466251409.941
455 255 1466251409.941
255 155 1466251417.941
255 155 1466251417.941
255 155 1466251417.941
255 155 1466251417.941
255 155 1466251417.941
255 155 1466251417.941
255 155 1466251417.941
255 155 1466251417.941
255 155 1466251417.941
255 155 1466251417.941
255 155 1466251417.941
10 10 1466251417.941
next 1466251417.941
10 10 1466251417.941
455 155 1466251417.941
455 155 1466251417.941
455 155 1466251417.941
455 155 1466251417.941
455 155 1466251417.941
455 155 1466251417.941
455 155 1466251417.941
455 155 1466251417.941
455 155 1466251417.941
455 155 1466251417.941
455 155 1466251417.941
455 155 1466251417.941
455 155 1466251417.941
455 155 1466251417.941
455 155 1466251417.941
455 155 1466251417.941
455 155 1466251417.941
455 155 1466251417.941
10 10 1466251417.941
55 55 1466251417.941
55 55 1466251417.941
55 55 1466251417.941
55 55 1466251417.941
55 55 1466251417.941
55 55 1466251417.941
55 55 1466251417.941
55 55 1466251417.941
55 55 1466251417.941
55 55 1466251417.941
55 55 1466251417.941
55 55 1466251417.941
55 55 1466251417.941
55 55 1466251417.941
55 55 1466251417.941
55 55 1466251417.941
55 55 1466251417.941
55 55 1466251417.941
55 55 1466251417.941
255 55 1466251427.941
255 55 1466251427.941
255 55 1466251427.941
255 55 1466251427.941
255 55 1466251427.941
255 55 1466251427.941
255 55 1466251427.941
255 55 1466251427.941
255 55 1466251427.941
255 55 1466251427.941
255 55 1466251427.941
255 55 1466251427.941
255 55 1466251427.941
255 55 1466251427.941
255 55 1466251427.941
255 55 1466251427.941
255 55 1466251427.941
255 55 1466251427.941
10 10 1466251427.941
next 1466251432.941
455 155 1466251432.941
455 155 1466251432.941
455 155 1466251432.941
455 155 1466251432.941
455 155 1466251432.941
455 155 1466251432.941
455 155 1466251432.941
455 155 1466251432.941
455 155 1466251432.941
455 155 1466251432.941
455 155 1466251432.941
455 155 1466251432.941
455 155 1466251432.941
455 155 1466251432.941
455 155 1466251432.941
455 155 1466251432.941
455 255 1466251438.941
455 255 1466251438.941
455 255 1466251438.941
455 255 1466251438.941
455 255 1466251438.941
455 255 1466251438.941
455 255 1466251438.941
455 255 1466251438.941
455 255 1466251438.941
455 255 1466251438.941
455 255 1466251438.941
455 255 1466251438.941
455 255 1466251438.941
455 255 1466251438.941
455 255 1466251438.941
455 255 1466251438.941
455 255 1466251438.941
455 255 1466251438.941
455 255 1466251438.941
10 10 1466251447.941
255 255 1466251447.941
255 255 1466251447.941
255 255 1466251447.941
255 255 1466251447.941
255 255 1466251447.941
255 255 1466251447.941
255 255 1466251447.941
255 255 1466251447.941
255 255 1466251447.941
255 255 1466251447.941
255 255 1466251447.941
255 255 1466251447.941
255 255 1466251447.941
255 255 1466251447.941
255 255 1466251447.941
255 255 1466251447.941
next 1466251447.941
10 10 1466251455.941
255 255 1466251455.941
255 255 1466251455.941
255 255 1466251455.941
255 255 1466251455.941
255 255 1466251455.941
255 255 1466251455.941
255 255 1466251455.941
255 255 1466251455.941
255 255 1466251455.941
255 255 1466251455.941
255 255 1466251455.941
255 255 1466251455.941
255 255 1466251455.941
255 255 1466251455.941
10 10 1466251455.941
55 55 1466251465.941
55 55 1466251465.941
55 55 1466251465.941
55 55 1466251465.941
55 55 1466251465.941
55 55 1466251465.941
55 55 1466251465.941
55 55 1466251465.941
55 55 1466251465.941
55 55 1466251465.941
next 1466251465.941
455 255 1466251470.941
455 255 1466251470.941
455 255 1466251470.941
455 255 1466251470.941
455 255 1466251470.941
455 255 1466251470.941
455 255 1466251470.941
455 255 1466251470.941
455 255 1466251470.941
455 255 1466251470.941
455 255 1466251470.941
455 255 1466251470.941
455 255 1466251470.941
455 255 1466251470.941
10 10 1466251470.941
10 10 1466251477.941
255 255 1466251477.941
255 255 1466251477.941
255 255 1466251477.941
255 255 1466251477.941
255 255 1466251477.941
255 255 1466251477.941
255 255 1466251477.941
255 255 1466251477.941
255 255 1466251477.941
255 255 1466251477.941
255 255 1466251477.941
255 255 1466251477.941
255 255 1466251477.941
255 255 1466251477.941
255 255 1466251477.941
10 10 1466251477.941
10 10 1466251484.941
next 1466251484.941
455 155 1466251493.941
455 155 1466251493.941
455 155 1466251493.941
455 155 1466251493.941
455 155 1466251493.941
455 155 1466251493.941
455 155 1466251493.941
455 155 1466251493.941
455 155 1466251493.941
455 155 1466251493.941
455 155 1466251493.941
455 155 1466251493.941
455 155 1466251493.941
455 155 1466251493.941
10 10 1466251493.941
255 155 1466251503.941
255 155 1466251503.941
255 155 1466251503.941
255 155 1466251503.941
255 155 1466251503.941
255 155 1466251503.941
255 155 1466251503.941
255 155 1466251503.941
255 155 1466251503.941
255 155 1466251503.941
255 155 1466251503.941
255 155 1466251503.941
255 155 1466251503.941
10 10 1466251503.941
next 1466251503.941
10 10 1466251503.941
255 255 1466251503.941
255 255 1466251503.941
255 255 1466251503.941
255 255 1466251503.941
255 255 1466251503.941
255 255 1466251503.941
255 255 1466251503.941
255 255 1466251503.941
255 255 1466251503.941
255 255 1466251503.941
255 255 1466251503.941
255 255 1466251503.941
255 255 1466251503.941
255 255 1466251503.941
255 255 1466251503.941
255 255 1466251503.941
255 255 1466251503.941
255 255 1466251503.941
255 255 1466251503.941
10 10 1466251508.941
455 55 1466251514.941
455 55 1466251514.941
455 55 1466251514.941
455 55 1466251514.941
455 55 1466251514.941
455 55 1466251514.941
455 55 1466251514.941
455 55 1466251514.941
455 55 1466251514.941
455 55 1466251514.941
455 55 1466251514.941
10 10 1466251524.941
next 1466251524.941
10 10 1466251524.941
55 55 1466251524.941
55 55 1466251524.941
55 55 1466251524.941
55 55 1466251524.941
55 55 1466251524.941
55 55 1466251524.941
55 55 1466251524.941
55 55 1466251524.941
55 55 1466251524.941
55 55 1466251524.941
55 55 1466251524.941
55 55 1466251524.941
55 55 1466251524.941
55 55 1466251524.941
10 10 1466251524.941
155 55 1466251530.941
155 55 1466251530.941
155 55 1466251530.941
155 55 1466251530.941
155 55 1466251530.941
155 55 1466251530.941
155 55 1466251530.941
155 55 1466251530.941
155 55 1466251530.941
155 55 1466251530.941
155 55 1466251530.941
155 55 1466251530.941
155 55 1466251530.941
155 55 1466251530.941
155 55 1466251530.941
155 55 1466251530.941
155 55 1466251530.941
10 10 1466251530.941
next 1466251536.941
10 10 1466251545.941
255 55 1466251545.941
255 55 1466251545.941
255 55 1466251545.941
255 55 1466251545.941
255 55 1466251545.941
255 55 1466251545.941
255 55 1466251545.941
255 55 1466251545.941
255 55 1466251545.941
255 55 1466251545.941
255 55 1466251545.941
255 55 1466251545.941
255 55 1466251545.941
255 55 1466251545.941
10 10 1466251545.941
155 155 1466251545.941
155 155 1466251545.941
155 155 1466251545.941
155 155 1466251545.941
155 155 1466251545.941
155 155 1466251545.941
155 155 1466251545.941
155 155 1466251545.941
155 155 1466251545.941
155 155 1466251545.941
155 155 1466251545.941
155 155 1466251545.941
155 155 1466251545.941
155 155 1466251545.941
155 155 1466251545.941
155 155 1466251545.941
155 155 1466251545.941
155 155 1466251545.941
155 155 1466251545.941
next 1466251545.941
10 10 1466251553.941
10 10 1466251560.941
55 155 1466251560.941
55 155 1466251560.941
55 155 1466251560.941
55 155 1466251560.941
55 155 1466251560.941
55 155 1466251560.941
55 155 1466251560.941
55 155 1466251560.941
55 155 1466251560.941
55 155 1466251560.941
55 155 1466251560.941
55 155 1466251560.941
55 155 1466251560.941
55 155 1466251560.941
55 155 1466251560.941
55 155 1466251560.941
55 155 1466251560.941
55 155 1466251560.941
55 155 1466251560.941
455 155 1466251565.941
455 155 1466251565.941
455 155 1466251565.941
455 155 1466251565.941
455 155 1466251565.941
455 155 1466251565.941
455 155 1466251565.941
455 155 1466251565.941
455 155 1466251565.941
455 155 1466251565.941
455 155 1466251565.941
455 155 1466251565.941
455 155 1466251565.941
455 155 1466251565.941
455 155 1466251565.941
455 155 1466251565.941
455 155 1466251565.941
455 155 1466251565.941
455 155 1466251565.941
455 155 1466251565.941
next 1466251565.941
10 10 1466251572.941
155 55 1466251572.941
155 55 1466251572.941
155 55 1466251572.941
155 55 1466251572.941
155 55 1466251572.941
155 55 1466251572.941
155 55 1466251572.941
155 55 1466251572.941
155 55 1466251572.941
155 55 1466251572.941
155 55 1466251572.941
155 55 1466251572.941
155 55 1466251572.941
155 55 1466251572.941
155 55 1466251572.941
155 55 1466251572.941
155 55 1466251572.941
155 55 1466251572.941
155 55 1466251572.941
10 10 1466251579.941
10 10 1466251587.941
next 1466251587.941
10 10 1466251593.941
10 10 1466251602.941
455 255 1466251602.941
455 255 1466251602.941
455 255 1466251602.941
455 255 1466251602.941
455 255 1466251602.941
455 255 1466251602.941
455 255 1466251602.941
455 255 1466251602.941
455 255 1466251602.941
455 255 1466251602.941
455 255 1466251602.941
455 255 1466251602.941
455 255 1466251602.941
455 255 1466251602.941
455 255 1466251602.941
455 255 1466251602.941
10 10 1466251608.941
10 10 1466251617.941
next 1466251617.941
255 255 1466251624.941
255 255 1466251624.941
255 255 1466251624.941
255 255 1466251624.941
255 255 1466251624.941
255 255 1466251624.941
255 255 1466251624.941
255 255 1466251624.941
255 255 1466251624.941
255 255 1466251624.941
255 255 1466251624.941
255 255 1466251624.941
255 255 1466251624.941
255 255 1466251624.941
255 255 1466251624.941
10 10 1466251632.941
455 55 1466251641.941
455 55 1466251641.941
455 55 1466251641.941
455 55 1466251641.941
455 55 1466251641.941
455 55 1466251641.941
455 55 1466251641.941
455 55 1466251641.941
455 55 1466251641.941
455 55 1466251641.941
455 55 1466251641.941
455 55 1466251641.941
455 55 1466251641.941
455 55 1466251641.941
455 55 1466251641.941
455 55 1466251641.941
455 55 1466251641.941
455 55 1466251641.941
10 10 1466251651.941
255 55 1466251651.941
255 55 1466251651.941
255 55 1466251651.941
255 55 1466251651.941
255 55 1466251651.941
255 55 1466251651.941
255 55 1466251651.941
255 55 1466251651.941
255 55 1466251651.941
255 55 1466251651.941
255 55 1466251651.941
255 55 1466251651.941
255 55 1466251651.941
255 55 1466251651.941
255 55 1466251651.941
255 55 1466251651.941
255 55 1466251651.941
next 1466251661.941
455 155 1466251661.941
455 155 1466251661.941
455 155 1466251661.941
455 155 1466251661.941
455 155 1466251661.941
455 155 1466251661.941
455 155 1466251661.941
455 155 1466251661.941
455 155 1466251661.941
455 155 1466251661.941
455 155 1466251661.941
455 155 1466251661.941
455 155 1466251661.941
455 155 1466251661.941
455 155 1466251661.941
455 155 1466251661.941
455 155 1466251661.941
455 155 1466251661.941
455 155 1466251661.941
455 155 1466251661.941
10 10 1466251661.941
55 155 1466251671.941
55 155 1466251671.941
55 155 1466251671.941
55 155 1466251671.941
55 155 1466251671.941
55 155 1466251671.941
55 155 1466251671.941
55 155 1466251671.941
55 155 1466251671.941
55 155 1466251671.941
55 155 1466251671.941
55 155 1466251671.941
55 155 1466251671.941
55 155 1466251671.941
55 155 1466251671.941
55 155 1466251671.941
55 155 1466251671.941
next 1466251680.941
10 10 1466251685.941
10 10 1466251693.941
155 55 1466251693.941
155 55 1466251693.941
155 55 1466251693.941
155 55 1466251693.941
155 55 1466251693.941
155 55 1466251693.941
155 55 1466251693.941
155 55 1466251693.941
155 55 1466251693.941
155 55 1466251693.941
155 55 1466251693.941
155 55 1466251693.941
155 55 1466251693.941
155 55 1466251693.941
155 55 1466251693.941
155 55 1466251693.941
155 55 1466251693.941
10 10 1466251693.941
455 255 1466251693.941
455 255 1466251693.941
455 255 1466251693.941
455 255 1466251693.941
455 255 1466251693.941
455 255 1466251693.941
455 255 1466251693.941
455 255 1466251693.941
455 255 1466251693.941
455 255 1466251693.941
455 255 1466251693.941
455 255 1466251693.941
455 255 1466251693.941
455 255 1466251693.941
455 255 1466251693.941
455 255 1466251693.941
455 255 1466251693.941
next 1466251703.941
10 10 1466251703.941
155 55 1466251703.941
155 55 1466251703.941
155 55 1466251703.941
155 55 1466251703.941
155 55 1466251703.941
155 55 1466251703.941
155 55 1466251703.941
155 55 1466251703.941
155 55 1466251703.941
155 55 1466251703.941
10 10 1466251703.941
255 255 1466251709.941
255 255 1466251709.941
255 255 1466251709.941
255 255 1466251709.941
255 255 1466251709.941
255 255 1466251709.941
255 255 1466251709.941
255 255 1466251709.941
255 255 1466251709.941
255 255 1466251709.941
255 255 1466251709.941
255 255 1466251709.941
255 255 1466251709.941
255 255 1466251709.941
255 255 1466251709.941
255 255 1466251709.941
255 255 1466251709.941
255 255 1466251709.941
next 1466251709.941
10 10 1466251709.941
255 155 1466251718.941
255 155 1466251718.941
255 155 1466251718.941
255 155 1466251718.941
255 155 1466251718.941
255 155 1466251718.941
255 155 1466251718.941
255 155 1466251718.941
255 155 1466251718.941
255 155 1466251718.941
255 155 1466251718.941
255 155 1466251718.941
255 155 1466251718.941
255 155 1466251718.941
255 155 1466251718.941
10 10 1466251718.941
455 155 1466251718.941
455 155 1466251718.941
455 155 1466251718.941
455 155 1466251718.941
455 155 1466251718.941
455 155 1466251718.941
455 155 1466251718.941
455 155 1466251718.941
455 155 1466251718.941
455 155 1466251718.941
455 155 1466251718.941
455 155 1466251718.941
455 155 1466251718.941
455 155 1466251718.941
455 155 1466251718.941
455 155 1466251718.941
455 155 1466251718.941
455 155 1466251718.941
455 155 1466251718.941
10 10 1466251727.941
next 1466251727.941
55 55 1466251727.941
55 55 1466251727.941
55 55 1466251727.941
55 55 1466251727.941
55 55 1466251727.941
55 55 1466251727.941
55 55 1466251727.941
55 55 1466251727.941
55 55 1466251727.941
55 55 1466251727.941
55 55 1466251727.941
55 55 1466251727.941
55 55 1466251727.941
55 55 1466251727.941
55 55 1466251727.941
10 10 1466251727.941
455 155 1466251733.941
455 155 1466251733.941
455 155 1466251733.941
455 155 1466251733.941
455 155 1466251733.941
455 155 1466251733.941
455 155 1466251733.941
455 155 1466251733.941
455 155 1466251733.941
455 155 1466251733.941
455 155 1466251733.941
455 155 1466251733.941
455 155 1466251733.941
10 10 1466251733.941
10 10 1466251738.941
255 255 1466251738.941
255 255 1466251738.941
255 255 1466251738.941
255 255 1466251738.941
255 255 1466251738.941
255 255 1466251738.941
255 255 1466251738.941
255 255 1466251738.941
255 255 1466251738.941
255 255 1466251738.941
255 255 1466251738.941
255 255 1466251738.941
255 255 1466251738.941
255 255 1466251738.941
255 255 1466251738.941
255 255 1466251738.941
255 255 1466251738.941
255 255 1466251738.941
255 255 1466251738.941
next 1466251738.941
10 10 1466251748.941
455 155 1466251748.941
455 155 1466251748.941
455 155 1466251748.941
455 155 1466251748.941
455 155 1466251748.941
455 155 1466251748.941
455 155 1466251748.941
455 155 1466251748.941
455 155 1466251748.941
455 155 1466251748.941
455 155 1466251748.941
455 155 1466251748.941
455 55 1466251753.941
455 55 1466251753.941
455 55 1466251753.941
455 55 1466251753.941
455 55 1466251753.941
455 55 1466251753.941
455 55 1466251753.941
455 55 1466251753.941
455 55 1466251753.941
455 55 1466251753.941
455 55 1466251753.941
455 55 1466251753.941
455 55 1466251753.941
455 55 1466251753.941
455 55 1466251753.941
155 255 1466251759.941
155 255 1466251759.941
155 255 1466251759.941
155 255 1466251759.941
155 255 1466251759.941
155 255 1466251759.941
155 255 1466251759.941
155 255 1466251759.941
155 255 1466251759.941
155 255 1466251759.941
155 255 1466251759.941
155 255 1466251759.941
155 255 1466251759.941
next 1466251764.941
55 55 1466251772.941
55 55 1466251772.941
55 55 1466251772.941
55 55 1466251772.941
55 55 1466251772.941
55 55 1466251772.941
55 55 1466251772.941
55 55 1466251772.941
55 55 1466251772.941
55 55 1466251772.941
55 55 1466251772.941
55 55 1466251772.941
55 55 1466251772.941
55 55 1466251772.941
55 55 1466251772.941
55 55 1466251772.941
55 55 1466251772.941
55 55 1466251772.941
55 55 1466251772.941
55 55 1466251772.941
10 10 1466251772.941
10 10 1466251777.941
455 155 1466251777.941
455 155 1466251777.941
455 155 1466251777.941
455 155 1466251777.941
455 155 1466251777.941
455 155 1466251777.941
455 155 1466251777.941
455 155 1466251777.941
455 155 1466251777.941
455 155 1466251777.941
455 155 1466251777.941
455 155 1466251777.941
455 155 1466251777.941
455 155 1466251777.941
455 155 1466251777.941
455 155 1466251777.941
455 155 1466251777.941
next 1466251777.941
10 10 1466251782.941
155 55 1466251782.941
155 55 1466251782.941
155 55 1466251782.941
155 55 1466251782.941
155 55 1466251782.941
155 55 1466251782.941
155 55 1466251782.941
155 55 1466251782.941
155 55 1466251782.941
155 55 1466251782.941
155 55 1466251782.941
155 55 1466251782.941
155 55 1466251782.941
10 10 1466251782.941
10 10 1466251792.941
next 1466251792.941
10 10 1466251792.941
155 155 1466251792.941
155 155 1466251792.941
155 155 1466251792.941
155 155 1466251792.941
155 155 1466251792.941
155 155 1466251792.941
155 155 1466251792.941
155 155 1466251792.941
155 155 1466251792.941
155 155 1466251792.941
155 155 1466251792.941
155 155 1466251792.941
255 55 1466251798.941
255 55 1466251798.941
255 55 1466251798.941
255 55 1466251798.941
255 55 1466251798.941
255 55 1466251798.941
255 55 1466251798.941
255 55 1466251798.941
255 55 1466251798.941
255 55 1466251798.941
255 55 1466251798.941
255 55 1466251798.941
255 55 1466251798.941
255 55 1466251798.941
255 55 1466251798.941
255 55 1466251798.941
55 155 1466251807.941
55 155 1466251807.941
55 155 1466251807.941
55 155 1466251807.941
55 155 1466251807.941
55 155 1466251807.941
55 155 1466251807.941
55 155 1466251807.941
55 155 1466251807.941
55 155 1466251807.941
55 155 1466251807.941
55 155 1466251807.941
55 155 1466251807.941
55 155 1466251807.941
10 10 1466251812.941
155 55 1466251812.941
155 55 1466251812.941
155 55 1466251812.941
155 55 1466251812.941
155 55 1466251812.941
155 55 1466251812.941
155 55 1466251812.941
155 55 1466251812.941
155 55 1466251812.941
155 55 1466251812.941
155 55 1466251812.941
155 55 1466251812.941
155 55 1466251812.941
155 55 1466251812.941
155 55 1466251812.941
155 55 1466251812.941
155 55 1466251812.941
155 55 1466251812.941
155 55 1466251812.941
next 1466251822.941
10 10 1466251829.941
255 155 1466251829.941
255 155 1466251829.941
255 155 1466251829.941
255 155 1466251829.941
255 155 1466251829.941
255 155 1466251829.941
255 155 1466251829.941
255 155 1466251829.941
255 155 1466251829.941
255 155 1466251829.941
10 10 1466251829.941
10 10 1466251834.941
455 55 1466251840.941
455 55 1466251840.941
455 55 1466251840.941
455 55 1466251840.941
455 55 1466251840.941
455 55 1466251840.941
455 55 1466251840.941
455 55 1466251840.941
455 55 1466251840.941
455 55 1466251840.941
455 55 1466251840.941
455 55 1466251840.941
455 55 1466251840.941
455 55 1466251840.941
455 55 1466251840.941
455 55 1466251840.941
455 55 1466251840.941
455 55 1466251840.941
455 55 1466251840.941
10 10 1466251840.941
next 1466251840.941
255 55 1466251840.941
255 55 1466251840.941
255 55 1466251840.941
255 55 1466251840.941
255 55 1466251840.941
255 55 1466251840.941
255 55 1466251840.941
255 55 1466251840.941
255 55 1466251840.941
255 55 1466251840.941
255 55 1466251840.941
10 10 1466251848.941
455 255 1466251848.941
455 255 1466251848.941
455 255 1466251848.941
455 255 1466251848.941
455 255 1466251848.941
455 255 1466251848.941
455 255 1466251848.941
455 255 1466251848.941
455 255 1466251848.941
455 255 1466251848.941
455 255 1466251848.941
55 255 1466251857.941
55 255 1466251857.941
55 255 1466251857.941
55 255 1466251857.941
55 255 1466251857.941
55 255 1466251857.941
55 255 1466251857.941
55 255 1466251857.941
55 255 1466251857.941
55 255 1466251857.941
55 255 1466251857.941
55 255 1466251857.941
55 255 1466251857.941
55 255 1466251857.941
next 1466251864.941
155 155 1466251870.941
155 155 1466251870.941
155 155 1466251870.941
155 155 1466251870.941
155 155 1466251870.941
155 155 1466251870.941
155 155 1466251870.941
155 155 1466251870.941
155 155 1466251870.941
155 155 1466251870.941
155 155 1466251870.941
155 155 1466251870.941
155 155 1466251870.941
155 155 1466251870.941
155 155 1466251870.941
155 155 1466251870.941
155 155 1466251870.941
10 10 1466251880.941
455 55 1466251880.941
455 55 1466251880.941
455 55 1466251880.941
455 55 1466251880.941
455 55 1466251880.941
455 55 1466251880.941
455 55 1466251880.941
455 55 1466251880.941
455 55 1466251880.941
455 55 1466251880.941
10 10 1466251880.941
155 255 1466251880.941
155 255 1466251880.941
155 255 1466251880.941
155 255 1466251880.941
155 255 1466251880.941
155 255 1466251880.941
155 255 1466251880.941
155 255 1466251880.941
155 255 1466251880.941
155 255 1466251880.941
155 255 1466251880.941
155 255 1466251880.941
155 255 1466251880.941
155 255 1466251880.941
155 255 1466251880.941
155 255 1466251880.941
155 255 1466251880.941
155 255 1466251880.941
155 255 1466251880.941
155 255 1466251880.941
455 255 1466251886.941
455 255 1466251886.941
455 255 1466251886.941
455 255 1466251886.941
455 255 1466251886.941
455 255 1466251886.941
455 255 1466251886.941
455 255 1466251886.941
455 255 1466251886.941
455 255 1466251886.941
455 255 1466251886.941
455 255 1466251886.941
455 255 1466251886.941
455 255 1466251886.941
10 10 1466251886.941
next 1466251886.941
10 10 1466251886.941
455 255 1466251886.941
455 255 1466251886.941
455 255 1466251886.941
455 255 1466251886.941
455 255 1466251886.941
455 255 1466251886.941
455 255 1466251886.941
455 255 1466251886.941
455 255 1466251886.941
455 255 1466251886.941
255 255 1466251891.941
255 255 1466251891.941
255 255 1466251891.941
255 255 1466251891.941
255 255 1466251891.941
255 255 1466251891.941
255 255 1466251891.941
255 255 1466251891.941
255 255 1466251891.941
255 255 1466251891.941
10 10 1466251891.941
55 255 1466251891.941
55 255 1466251891.941
55 255 1466251891.941
55 255 1466251891.941
55 255 1466251891.941
55 255 1466251891.941
55 255 1466251891.941
55 255 1466251891.941
55 255 1466251891.941
55 255 1466251891.941
455 155 1466251899.941
455 155 1466251899.941
455 155 1466251899.941
455 155 1466251899.941
455 155 1466251899.941
455 155 1466251899.941
455 155 1466251899.941
455 155 1466251899.941
455 155 1466251899.941
455 155 1466251899.941
455 155 1466251899.941
455 155 1466251899.941
455 155 1466251899.941
455 155 1466251899.941
455 155 1466251899.941
455 155 1466251899.941
455 155 1466251899.941
455 155 1466251899.941
455 155 1466251899.941
455 155 1466251899.941
next 1466251909.941
10 10 1466251909.941
155 255 1466251909.941
155 255 1466251909.941
155 255 1466251909.941
155 255 1466251909.941
155 255 1466251909.941
155 255 1466251909.941
155 255 1466251909.941
155 255 1466251909.941
155 255 1466251909.941
155 255 1466251909.941
155 255 1466251909.941
155 255 1466251909.941
155 255 1466251909.941
155 255 1466251909.941
155 255 1466251909.941
155 255 1466251909.941
155 255 1466251909.941
10 10 1466251916.941
155 155 1466251916.941
155 155 1466251916.941
155 155 1466251916.941
155 155 1466251916.941
155 155 1466251916.941
155 155 1466251916.941
155 155 1466251916.941
155 155 1466251916.941
155 155 1466251916.941
155 155 1466251916.941
155 155 1466251916.941
155 155 1466251916.941
155 155 1466251916.941
155 155 1466251916.941
155 155 1466251916.941
10 10 1466251916.941
255 155 1466251916.941
255 155 1466251916.941
255 155 1466251916.941
255 155 1466251916.941
255 155 1466251916.941
255 155 1466251916.941
255 155 1466251916.941
255 155 1466251916.941
255 155 1466251916.941
255 155 1466251916.941
255 155 1466251916.941
255 155 1466251916.941
255 155 1466251916.941
155 255 1466251926.941
155 255 1466251926.941
155 255 1466251926.941
155 255 1466251926.941
155 255 1466251926.941
155 255 1466251926.941
155 255 1466251926.941
155 255 1466251926.941
155 255 1466251926.941
155 255 1466251926.941
155 255 1466251926.941
155 255 1466251926.941
155 255 1466251926.941
next 1466251926.941
10 10 1466251926.941
155 55 1466251926.941
155 55 1466251926.941
155 55 1466251926.941
155 55 1466251926.941
155 55 1466251926.941
155 55 1466251926.941
155 55 1466251926.941
155 55 1466251926.941
155 55 1466251926.941
155 55 1466251926.941
155 55 1466251926.941
155 55 1466251926.941
155 55 1466251926.941
155 55 1466251926.941
10 10 1466251932.941
10 10 1466251938.941
255 55 1466251938.941
255 55 1466251938.941
255 55 1466251938.941
255 55 1466251938.941
255 55 1466251938.941
255 55 1466251938.941
255 55 1466251938.941
255 55 1466251938.941
255 55 1466251938.941
255 55 1466251938.941
255 55 1466251938.941
255 55 1466251938.941
255 55 1466251938.941
255 55 1466251938.941
255 55 1466251938.941
next 1466251938.941
10 10 1466251947.941
455 155 1466251947.941
455 155 1466251947.941
455 155 1466251947.941
455 155 1466251947.941
455 155 1466251947.941
455 155 1466251947.941
455 155 1466251947.941
455 155 1466251947.941
455 155 1466251947.941
455 155 1466251947.941
10 10 1466251947.941
10 10 1466251957.941
next 1466251957.941
55 155 1466251964.941
55 155 1466251964.941
55 155 1466251964.941
55 155 1466251964.941
55 155 1466251964.941
55 155 1466251964.941
55 155 1466251964.941
55 155 1466251964.941
55 155 1466251964.941
55 155 1466251964.941
55 155 1466251964.941
55 155 1466251964.941
55 155 1466251964.941
55 155 1466251964.941
55 155 1466251964.941
55 155 1466251964.941
55 155 1466251964.941
55 155 1466251964.941
55 155 1466251964.941
55 155 1466251964.941
10 10 1466251964.941
10 10 1466251970.941
next 1466251979.941
255 155 1466251988.941
255 155 1466251988.941
255 155 1466251988.941
255 155 1466251988.941
255 155 1466251988.941
255 155 1466251988.941
255 155 1466251988.941
255 155 1466251988.941
255 155 1466251988.941
255 155 1466251988.941
255 155 1466251988.941
255 155 1466251988.941
255 155 1466251988.941
255 155 1466251988.941
255 155 1466251988.941
255 155 1466251988.941
455 155 1466251997.941
455 155 1466251997.941
455 155 1466251997.941
455 155 1466251997.941
455 155 1466251997.941
455 155 1466251997.941
455 155 1466251997.941
455 155 1466251997.941
455 155 1466251997.941
455 155 1466251997.941
455 155 1466251997.941
455 155 1466251997.941
455 155 1466251997.941
455 155 1466251997.941
455 155 1466251997.941
455 155 1466251997.941
455 155 1466251997.941
455 155 1466251997.941
10 10 1466251997.941
155 155 1466251997.941
155 155 1466251997.941
155 155 1466251997.941
155 155 1466251997.941
155 155 1466251997.941
155 155 1466251997.941
155 155 1466251997.941
155 155 1466251997.941
155 155 1466251997.941
155 155 1466251997.941
155 155 1466251997.941
155 155 1466251997.941
155 155 1466251997.941
155 155 1466251997.941
155 155 1466251997.941
155 155 1466251997.941
155 155 1466252004.941
155 155 1466252004.941
155 155 1466252004.941
155 155 1466252004.941
155 155 1466252004.941
155 155 1466252004.941
155 155 1466252004.941
155 155 1466252004.941
155 155 1466252004.941
155 155 1466252004.941
155 155 1466252004.941
next 1466252004.941
255 255 1466252012.941
255 255 1466252012.941
255 255 1466252012.941
255 255 1466252012.941
255 255 1466252012.941
255 255 1466252012.941
255 255 1466252012.941
255 255 1466252012.941
255 255 1466252012.941
255 255 1466252012.941
255 255 1466252012.941
255 255 1466252012.941
255 255 1466252012.941
255 255 1466252012.941
55 255 1466252017.941
55 255 1466252017.941
55 255 1466252017.941
55 255 1466252017.941
55 255 1466252017.941
55 255 1466252017.941
55 255 1466252017.941
55 255 1466252017.941
55 255 1466252017.941
55 255 1466252017.941
55 255 1466252017.941
55 255 1466252017.941
55 255 1466252017.941
55 255 1466252017.941
455 255 1466252022.941
455 255 1466252022.941
455 255 1466252022.941
455 255 1466252022.941
455 255 1466252022.941
455 255 1466252022.941
455 255 1466252022.941
455 255 1466252022.941
455 255 1466252022.941
455 255 1466252022.941
455 255 1466252022.941
455 255 1466252022.941
455 255 1466252022.941
455 255 1466252022.941
10 10 1466252022.941
55 155 1466252031.941
55 155 1466252031.941
55 155 1466252031.941
55 155 1466252031.941
55 155 1466252031.941
55 155 1466252031.941
55 155 1466252031.941
55 155 1466252031.941
55 155 1466252031.941
55 155 1466252031.941
55 155 1466252031.941
55 155 1466252031.941
55 155 1466252031.941
55 155 1466252031.941
55 155 1466252031.941
55 155 1466252031.941
55 155 1466252031.941
10 10 1466252031.941
next 1466252031.941
55 155 1466252040.941
55 155 1466252040.941
55 155 1466252040.941
55 155 1466252040.941
55 155 1466252040.941
55 155 1466252040.941
55 155 1466252040.941
55 155 1466252040.941
55 155 1466252040.941
55 155 1466252040.941
55 155 1466252040.941
55 155 1466252040.941
55 155 1466252040.941
55 155 1466252040.941
55 155 1466252040.941
55 155 1466252040.941
55 155 1466252040.941
10 10 1466252040.941
255 155 1466252040.941
255 155 1466252040.941
255 155 1466252040.941
255 155 1466252040.941
255 155 1466252040.941
255 155 1466252040.941
255 155 1466252040.941
255 155 1466252040.941
255 155 1466252040.941
255 155 1466252040.941
255 155 1466252040.941
255 155 1466252040.941
10 10 1466252040.941
next 1466252040.941
55 255 1466252040.941
55 255 1466252040.941
55 255 1466252040.941
55 255 1466252040.941
55 255 1466252040.941
55 255 1466252040.941
55 255 1466252040.941
55 255 1466252040.941
55 255 1466252040.941
55 255 1466252040.941
55 255 1466252040.941
55 255 1466252040.941
55 255 1466252040.941
55 255 1466252040.941
55 255 1466252040.941
55 255 1466252040.941
55 255 1466252040.941
55 255 1466252040.941
55 255 1466252040.941
55 255 1466252040.941
10 10 1466252040.941
10 10 1466252045.941
55 155 1466252055.941
55 155 1466252055.941
55 155 1466252055.941
55 155 1466252055.941
55 155 1466252055.941
55 155 1466252055.941
55 155 1466252055.941
55 155 1466252055.941
55 155 1466252055.941
55 155 1466252055.941
55 155 1466252055.941
55 155 1466252055.941
55 155 1466252055.941
55 155 1466252055.941
55 155 1466252055.941
55 155 1466252055.941
55 155 1466252055.941
55 155 1466252055.941
55 155 1466252055.941
10 10 1466252063.941
55 155 1466252063.941
55 155 1466252063.941
55 155 1466252063.941
55 155 1466252063.941
55 155 1466252063.941
55 155 1466252063.941
55 155 1466252063.941
55 155 1466252063.941
55 155 1466252063.941
55 155 1466252063.941
55 155 1466252063.941
55 155 1466252063.941
55 155 1466252063.941
55 155 1466252063.941
55 155 1466252063.941
next 1466252063.941
255 55 1466252063.941
255 55 1466252063.941
255 55 1466252063.941
255 55 1466252063.941
255 55 1466252063.941
255 55 1466252063.941
255 55 1466252063.941
255 55 1466252063.941
255 55 1466252063.941
255 55 1466252063.941
455 155 1466252070.941
455 155 1466252070.941
455 155 1466252070.941
455 155 1466252070.941
455 155 1466252070.941
455 155 1466252070.941
455 155 1466252070.941
455 155 1466252070.941
455 155 1466252070.941
455 155 1466252070.941
455 155 1466252070.941
455 155 1466252070.941
455 155 1466252070.941
455 155 1466252070.941
455 155 1466252070.941
455 155 1466252070.941
455 155 1466252070.941
455 155 1466252070.941
455 155 1466252070.941
455 155 1466252070.941
10 10 1466252070.941
10 10 1466252079.941
455 55 1466252079.941
455 55 1466252079.941
455 55 1466252079.941
455 55 1466252079.941
455 55 1466252079.941
455 55 1466252079.941
455 55 1466252079.941
455 55 1466252079.941
455 55 1466252079.941
455 55 1466252079.941
455 55 1466252079.941
455 55 1466252079.941
455 55 1466252079.941
455 55 1466252079.941
10 10 1466252079.941
255 255 1466252079.941
255 255 1466252079.941
255 255 1466252079.941
255 255 1466252079.941
255 255 1466252079.941
255 255 1466252079.941
255 255 1466252079.941
255 255 1466252079.941
255 255 1466252079.941
255 255 1466252079.941
next 1466252079.941
10 10 1466252079.941
10 10 1466252084.941
155 255 1466252084.941
155 255 1466252084.941
155 255 1466252084.941
155 255 1466252084.941
155 255 1466252084.941
155 255 1466252084.941
155 255 1466252084.941
155 255 1466252084.941
155 255 1466252084.941
155 255 1466252084.941
155 255 1466252084.941
155 255 1466252084.941
155 255 1466252084.941
155 255 1466252084.941
155 255 1466252084.941
155 255 1466252084.941
155 255 1466252084.941
10 10 1466252092.941
next 1466252092.941
10 10 1466252100.941
155 255 1466252105.941
155 255 1466252105.941
155 255 1466252105.941
155 255 1466252105.941
155 255 1466252105.941
155 255 1466252105.941
155 255 1466252105.941
155 255 1466252105.941
155 255 1466252105.941
155 255 1466252105.941
155 255 1466252105.941
155 255 1466252105.941
155 255 1466252105.941
155 255 1466252105.941
155 255 1466252105.941
10 10 1466252105.941
155 155 1466252105.941
155 155 1466252105.941
155 155 1466252105.941
155 155 1466252105.941
155 155 1466252105.941
155 155 1466252105.941
155 155 1466252105.941
155 155 1466252105.941
155 155 1466252105.941
155 155 1466252105.941
155 155 1466252105.941
155 155 1466252105.941
155 155 1466252105.941
155 155 1466252105.941
155 155 1466252105.941
155 155 1466252105.941
10 10 1466252105.941
455 55 1466252113.941
455 55 1466252113.941
455 55 1466252113.941
455 55 1466252113.941
455 55 1466252113.941
455 55 1466252113.941
455 55 1466252113.941
455 55 1466252113.941
455 55 1466252113.941
455 55 1466252113.941
455 55 1466252113.941
455 55 1466252113.941
455 55 1466252113.941
455 55 1466252113.941
455 55 1466252113.941
455 55 1466252113.941
455 55 1466252113.941
455 55 1466252113.941
455 55 1466252113.941
455 55 1466252113.941
next 1466252113.941
10 10 1466252119.941
55 55 1466252119.941
55 55 1466252119.941
55 55 1466252119.941
55 55 1466252119.941
55 55 1466252119.941
55 55 1466252119.941
55 55 1466252119.941
55 55 1466252119.941
55 55 1466252119.941
55 55 1466252119.941
55 55 1466252119.941
10 10 1466252119.941
455 55 1466252119.941
455 55 1466252119.941
455 55 1466252119.941
455 55 1466252119.941
455 55 1466252119.941
455 55 1466252119.941
455 55 1466252119.941
455 55 1466252119.941
455 55 1466252119.941
455 55 1466252119.941
455 55 1466252119.941
455 55 1466252119.941
455 55 1466252119.941
455 55 1466252119.941
455 55 1466252119.941
455 55 1466252119.941
next 1466252125.941
55 255 1466252130.941
55 255 1466252130.941
55 255 1466252130.941
55 255 1466252130.941
55 255 1466252130.941
55 255 1466252130.941
55 255 1466252130.941
55 255 1466252130.941
55 255 1466252130.941
55 255 1466252130.941
10 10 1466252139.941
255 55 1466252139.941
255 55 1466252139.941
255 55 1466252139.941
255 55 1466252139.941
255 55 1466252139.941
255 55 1466252139.941
255 55 1466252139.941
255 55 1466252139.941
255 55 1466252139.941
255 55 1466252139.941
255 55 1466252139.941
255 55 1466252139.941
255 55 1466252139.941
255 55 1466252139.941
next 1466252148.941
10 10 1466252148.941
55 55 1466252148.941
55 55 1466252148.941
55 55 1466252148.941
55 55 1466252148.941
55 55 1466252148.941
55 55 1466252148.941
55 55 1466252148.941
55 55 1466252148.941
55 55 1466252148.941
55 55 1466252148.941
55 55 1466252148.941
55 55 1466252148.941
55 55 1466252148.941
55 55 1466252148.941
55 55 1466252148.941
55 55 1466252148.941
55 55 1466252148.941
10 10 1466252153.941
155 55 1466252159.941
155 55 1466252159.941
155 55 1466252159.941
155 55 1466252159.941
155 55 1466252159.941
155 55 1466252159.941
155 55 1466252159.941
155 55 1466252159.941
155 55 1466252159.941
155 55 1466252159.941
155 55 1466252159.941
155 55 1466252159.941
155 55 1466252159.941
155 55 1466252159.941
155 55 1466252159.941
155 55 1466252159.941
155 55 1466252159.941
10 10 1466252167.941
255 55 1466252167.941
255 55 1466252167.941
255 55 1466252167.941
255 55 1466252167.941
255 55 1466252167.941
255 55 1466252167.941
255 55 1466252167.941
255 55 1466252167.941
255 55 1466252167.941
255 55 1466252167.941
255 55 1466252167.941
255 55 1466252167.941
255 55 1466252167.941
255 55 1466252167.941
255 55 1466252167.941
10 10 1466252167.941
done 1466252167.941
