artless fly-bitten canker-blossom
artless pox-marked bladder
artless clay-brained apple-john
artless tardy-gaited pumpion
artless bat-fowling strumpet
artless folly-fallen bugbear
artless clapper-clawed puttock
bawdy beef-witted gudgeon
artless dread-bolted coxcomb
beslubbering base-court varlot
bawdy beef-witted boar-pig
artless bat-fowling bladder
bawdy hell-hated whey-face
bawdy beef-witted giglet
artless tardy-gaited death-token
artless flap-mouthed malt-worm
artless bat-fowling fustilarian
artless ill-nurtured baggage
bawdy ill-breeding apple-john
bawdy elf-skinned baggage
bawdy beef-witted vassal
artless dread-bolted flap-dragon
artless pox-marked gudgeon
bawdy fool-born coxcomb
artless shard-borne canker-blossom
bawdy bat-fowling bum-bailey
artless beetle-headed vassal
bawdy beef-witted baggage
bawdy spur-galled gudgeon
artless bat-fowling bum-bailey
artless elf-skinned barnacle
artless bat-fowling varlot
artless fen-sucked canker-blossom
artless boil-brained giglet
artless dizzy-eyed ratsbane
artless clapper-clawed flap-dragon
artless crook-pated gudgeon
artless folly-fallen skainsmate
artless elf-skinned horn-beast
bootless folly-fallen canker-blossom
artless beef-witted coxcomb
bawdy ill-nurtured mumble-news
artless crook-pated boar-pig
beslubbering doghearted dewberry
artless beef-witted ratsbane
bawdy base-court bum-bailey
artless spur-galled varlot
bawdy earth-vexing hedge-pig
beslubbering flap-mouthed flax-wench
artless beetle-headed dewberry
artless dismal-dreaming giglet
artless earth-vexing moldwarp
clouted knotty-pated lewdster
bawdy boil-brained pigeon-egg
artless clapper-clawed strumpet
beslubbering folly-fallen gudgeon
bawdy bat-fowling coxcomb
bawdy folly-fallen fustilarian
bawdy motley-minded pigeon-egg
artless earth-vexing maggot-pie
bawdy beetle-headed minnow
artless folly-fallen varlot
artless rump-fed flap-dragon
bawdy fool-born hugger-mugger
artless pox-marked wagtail
artless knotty-pated wagtail
bawdy clapper-clawed pumpion
artless dread-bolted horn-beast
bawdy clapper-clawed pignut
artless dismal-dreaming horn-beast
artless clay-brained dewberry
bawdy rump-fed flap-dragon
bawdy dread-bolted varlot
bawdy hedge-born harpy
artless fool-born vassal
artless boil-brained wagtail
beslubbering rump-fed hedge-pig
artless onion-eyed giglet
bawdy clapper-clawed fustilarian
artless fool-born fustilarian
churlish boil-brained haggard
artless tardy-gaited pigeon-egg
craven ill-breeding flax-wench
bawdy fly-bitten strumpet
artless bat-fowling coxcomb
bootless plume-plucked haggard
bawdy dismal-dreaming vassal
artless doghearted death-token
artless fly-bitten miscreant
artless rump-fed whey-face
artless doghearted lout
bawdy fool-born ratsbane
artless crook-pated codpiece
artless pox-marked varlot
beslubbering ill-breeding barnacle
artless dismal-dreaming whey-face
beslubbering tardy-gaited bum-bailey
artless shard-borne mumble-news
bawdy boil-brained scut
bawdy base-court canker-blossom
droning toad-spotted fustilarian
bawdy clay-brained wagtail
artless clapper-clawed hedge-pig
artless pottle-deep lout
artless elf-skinned nut-hook
artless full-gorged bum-bailey
artless ill-breeding flap-dragon
artless fool-born wagtail
artless doghearted boar-pig
bawdy fly-bitten wagtail
artless pox-marked canker-blossom
artless flap-mouthed whey-face
artless elf-skinned gudgeon
bawdy bat-fowling canker-blossom
artless earth-vexing bum-bailey
artless plume-plucked bum-bailey
artless fen-sucked flirt-gill
artless fat-kidneyed dewberry
beslubbering bat-fowling dewberry
artless dismal-dreaming apple-john
beslubbering bat-fowling miscreant
artless bat-fowling pignut
bawdy crook-pated baggage
artless full-gorged wagtail
artless elf-skinned ratsbane
artless hedge-born bugbear
churlish rump-fed baggage
artless beetle-headed flax-wench
artless pottle-deep varlot
bawdy clapper-clawed harpy
bootless dread-bolted flap-dragon
bawdy flap-mouthed ratsbane
artless hedge-born hedge-pig
artless boil-brained minnow
artless plume-plucked varlot
bawdy clapper-clawed hedge-pig
bootless base-court lewdster
artless doghearted baggage
artless pox-marked boar-pig
artless clay-brained barnacle
artless beetle-headed boar-pig
artless elf-skinned baggage
artless full-gorged harpy
artless doghearted skainsmate
clouted sheep-biting canker-blossom
bawdy doghearted mumble-news
artless tickle-brained baggage
bawdy toad-spotted lout
artless plume-plucked boar-pig
artless beetle-headed foot-licker
beslubbering crook-pated skainsmate
beslubbering pottle-deep wagtail
bootless clapper-clawed wagtail
bawdy crook-pated vassal
artless dread-bolted wagtail
artless knotty-pated clotpole
bawdy motley-minded hedge-pig
artless flap-mouthed miscreant
artless beetle-headed apple-john
artless fool-born pignut
bawdy bat-fowling hedge-pig
currish pox-marked death-token
artless pox-marked flax-wench
beslubbering elf-skinned lewdster
artless shard-borne varlot
artless rough-hewn death-token
bootless pox-marked apple-john
artless milk-livered moldwarp
bawdy fool-born baggage
artless common-kissing gudgeon
artless full-gorged pigeon-egg
artless clapper-clawed scut
artless bat-fowling skainsmate
artless dismal-dreaming wagtail
clouted bat-fowling ratsbane
bawdy full-gorged bugbear
artless motley-minded flax-wench
artless tickle-brained clotpole
artless flap-mouthed dewberry
artless crook-pated flirt-gill
artless tardy-gaited flap-dragon
artless bat-fowling miscreant
bawdy tardy-gaited baggage
bootless knotty-pated puttock
artless bat-fowling whey-face
bawdy elf-skinned boar-pig
bawdy bat-fowling skainsmate
artless common-kissing varlot
artless base-court apple-john
beslubbering dread-bolted ratsbane
artless beef-witted barnacle
artless beetle-headed hedge-pig
bawdy hasty-witted bum-bailey
artless common-kissing nut-hook
beslubbering rump-fed death-token
artless knotty-pated codpiece
artless tardy-gaited horn-beast
artless dizzy-eyed lout
artless ill-nurtured minnow
artless hedge-born gudgeon
beslubbering plume-plucked miscreant
beslubbering crook-pated bum-bailey
artless hedge-born fustilarian
artless dizzy-eyed death-token
artless earth-vexing hugger-mugger
bawdy full-gorged measle
artless ill-nurtured hedge-pig
bawdy beetle-headed whey-face
artless pox-marked giglet
artless folly-fallen baggage
artless motley-minded mammet
artless beetle-headed moldwarp
artless fool-born hedge-pig
bawdy ill-nurtured flirt-gill
beslubbering base-court fustilarian
bawdy elf-skinned harpy
artless boil-brained flap-dragon
bawdy dread-bolted apple-john
bawdy pox-marked giglet
bootless clay-brained mammet
artless beef-witted bugbear
bawdy doghearted apple-john
artless clapper-clawed varlot
artless dread-bolted flax-wench
artless knotty-pated fustilarian
artless earth-vexing skainsmate
bawdy elf-skinned hugger-mugger
artless earth-vexing baggage
artless fool-born lout
bawdy clapper-clawed whey-face
artless flap-mouthed joithead
artless clay-brained baggage
bawdy doghearted minnow
artless hell-hated bladder
artless flap-mouthed canker-blossom
artless dizzy-eyed clack-dish
artless flap-mouthed pignut
bawdy bat-fowling clotpole
artless crook-pated skainsmate
artless clapper-clawed flirt-gill
artless base-court death-token
bawdy sheep-biting flap-dragon
artless clapper-clawed bum-bailey
artless earth-vexing gudgeon
artless dread-bolted boar-pig
artless unchin-snouted minnow
artless fly-bitten hugger-mugger
bawdy bat-fowling lout
bawdy plume-plucked pigeon-egg
beslubbering crook-pated flap-dragon
beslubbering earth-vexing minnow
artless beetle-headed maggot-pie
bawdy rump-fed whey-face
beslubbering toad-spotted varlot
artless dread-bolted pigeon-egg
bawdy toad-spotted apple-john
artless fly-bitten coxcomb
artless clay-brained pignut
bootless dismal-dreaming canker-blossom
artless tickle-brained whey-face
bawdy dread-bolted wagtail
artless pox-marked coxcomb
beslubbering crook-pated bugbear
artless milk-livered bum-bailey
bawdy beetle-headed apple-john
artless elf-skinned whey-face
beslubbering beetle-headed coxcomb
artless doghearted minnow
bawdy earth-vexing flirt-gill
artless rough-hewn flirt-gill
artless hell-hated giglet
artless full-gorged hedge-pig
artless beetle-headed flap-dragon
artless tardy-gaited baggage
clouted dizzy-eyed harpy
beslubbering bat-fowling apple-john
artless dismal-dreaming joithead
bootless earth-vexing flap-dragon
artless bat-fowling pumpion
bawdy doghearted ratsbane
beslubbering bat-fowling pignut
beslubbering dismal-dreaming vassal
artless bat-fowling mumble-news
artless dread-bolted canker-blossom
bawdy fool-born whey-face
bawdy pox-marked flap-dragon
beslubbering base-court wagtail
artless tickle-brained death-token
artless milk-livered baggage
bawdy knotty-pated hugger-mugger
artless boil-brained varlot
artless sheep-biting gudgeon
beslubbering rough-hewn whey-face
artless pottle-deep minnow
bawdy fen-sucked skainsmate
artless bat-fowling codpiece
artless knotty-pated miscreant
paunchy plume-plucked puttock
droning pox-marked coxcomb
bawdy beetle-headed giglet
beslubbering beef-witted whey-face
droning clapper-clawed wagtail
artless spur-galled malt-worm
artless fool-born varlot
artless bat-fowling clack-dish
artless motley-minded wagtail
bootless doghearted apple-john
bawdy elf-skinned ratsbane
artless crook-pated pigeon-egg
beslubbering common-kissing nut-hook
beslubbering crook-pated gudgeon
beslubbering earth-vexing clotpole
artless bat-fowling hedge-pig
bootless fly-bitten bum-bailey
artless motley-minded ratsbane
bawdy clay-brained dewberry
churlish dizzy-eyed miscreant
artless shard-borne boar-pig
artless tickle-brained flirt-gill
artless fly-bitten clotpole
artless half-faced bum-bailey
artless full-gorged moldwarp
beslubbering elf-skinned dewberry
artless bat-fowling puttock
bawdy motley-minded mammet
artless hasty-witted varlot
artless hedge-born puttock
beslubbering dismal-dreaming boar-pig
artless hedge-born strumpet
artless hedge-born flap-dragon
beslubbering dismal-dreaming mammet
artless motley-minded hugger-mugger
artless flap-mouthed death-token
artless toad-spotted lout
artless crook-pated lout
bawdy unchin-snouted wagtail
artless crook-pated dewberry
artless dismal-dreaming dewberry
artless motley-minded boar-pig
artless motley-minded gudgeon
bawdy clapper-clawed mumble-news
artless clapper-clawed coxcomb
droning fly-bitten wagtail
artless plume-plucked foot-licker
artless plume-plucked mammet
bawdy toad-spotted bugbear
artless bat-fowling apple-john
artless beetle-headed clack-dish
beslubbering base-court flap-dragon
bawdy beef-witted coxcomb
bootless clay-brained canker-blossom
beslubbering fool-born flax-wench
bawdy hasty-witted canker-blossom
artless beetle-headed giglet
artless clay-brained miscreant
artless elf-skinned hedge-pig
artless fly-bitten boar-pig
artless clapper-clawed clotpole
bawdy tickle-brained whey-face
beslubbering earth-vexing varlot
artless crook-pated clotpole
artless earth-vexing joithead
beslubbering dread-bolted horn-beast
beslubbering crook-pated coxcomb
artless tickle-brained vassal
artless dismal-dreaming baggage
artless dread-bolted pignut
artless fool-born mumble-news
beslubbering beetle-headed ratsbane
artless pox-marked lout
artless bat-fowling dewberry
artless toad-spotted baggage
bawdy crook-pated maggot-pie
artless hedge-born minnow
bawdy tickle-brained dewberry
artless crook-pated giglet
artless fool-born coxcomb
beslubbering rump-fed whey-face
artless hasty-witted bum-bailey
artless crook-pated maggot-pie
artless pottle-deep pigeon-egg
artless fly-bitten dewberry
artless clapper-clawed pumpion
bawdy fat-kidneyed wagtail
artless sheep-biting ratsbane
bawdy rump-fed wagtail
artless common-kissing pignut
bawdy milk-livered flirt-gill
beslubbering pox-marked pumpion
bawdy rump-fed joithead
artless hell-hated vassal
beslubbering earth-vexing skainsmate
bawdy motley-minded apple-john
bawdy fly-bitten miscreant
bawdy earth-vexing lout
artless beetle-headed whey-face
artless dismal-dreaming vassal
artless folly-fallen minnow
bawdy dismal-dreaming barnacle
bawdy crook-pated coxcomb
bawdy flap-mouthed clotpole
artless half-faced wagtail
artless fen-sucked gudgeon
artless beef-witted fustilarian
beslubbering rough-hewn apple-john
artless rough-hewn pumpion
artless dismal-dreaming moldwarp
bawdy pottle-deep lout
bawdy common-kissing gudgeon
artless ill-nurtured malt-worm
droning fly-bitten gudgeon
artless bat-fowling pigeon-egg
artless hedge-born canker-blossom
bawdy common-kissing bladder
artless onion-eyed wagtail
artless bat-fowling horn-beast
artless hasty-witted codpiece
bawdy fool-born wagtail
bawdy toad-spotted clotpole
artless fly-bitten pignut
artless dizzy-eyed varlot
artless beef-witted clotpole
craven pox-marked wagtail
beslubbering fool-born coxcomb
bawdy rough-hewn wagtail
artless beef-witted wagtail
artless flap-mouthed vassal
bawdy dread-bolted flap-dragon
artless dismal-dreaming boar-pig
artless flap-mouthed coxcomb
beslubbering bat-fowling joithead
artless crook-pated whey-face
artless motley-minded horn-beast
bawdy clapper-clawed wagtail
artless ill-breeding apple-john
artless elf-skinned flirt-gill
artless flap-mouthed haggard
bawdy pox-marked boar-pig
artless common-kissing puttock
artless pottle-deep haggard
artless dread-bolted mammet
artless bat-fowling giglet
artless milk-livered gudgeon
artless bat-fowling barnacle
artless clay-brained skainsmate
artless sheep-biting death-token
artless hasty-witted whey-face
artless motley-minded fustilarian
artless crook-pated coxcomb
beslubbering folly-fallen lout
droning toad-spotted minnow
beslubbering dismal-dreaming malt-worm
artless fly-bitten minnow
goatish boil-brained measle
bawdy plume-plucked wagtail
artless hell-hated apple-john
bawdy clapper-clawed scut
artless ill-nurtured canker-blossom
artless full-gorged canker-blossom
bawdy crook-pated minnow
bawdy toad-spotted minnow
bawdy boil-brained apple-john
artless elf-skinned dewberry
artless full-gorged fustilarian
artless beef-witted pignut
bawdy bat-fowling horn-beast
artless fly-bitten malt-worm
bawdy full-gorged scut
bawdy flap-mouthed joithead
bawdy weather-bitten lewdster
artless full-gorged nut-hook
artless rough-hewn mammet
artless tardy-gaited canker-blossom
beslubbering beetle-headed clotpole
beslubbering hedge-born hedge-pig
artless elf-skinned pumpion
artless beetle-headed death-token
artless ill-nurtured apple-john
bawdy ill-breeding hugger-mugger
artless sheep-biting pigeon-egg
artless unchin-snouted varlot
artless beetle-headed ratsbane
bawdy pottle-deep clotpole
bawdy earth-vexing canker-blossom
beslubbering clapper-clawed boar-pig
artless ill-nurtured whey-face
artless doghearted fustilarian
artless elf-skinned pigeon-egg
beslubbering crook-pated flirt-gill
artless clapper-clawed hugger-mugger
artless base-court coxcomb
bawdy base-court wagtail
artless dismal-dreaming varlot
artless clapper-clawed harpy
artless hedge-born death-token
artless tardy-gaited codpiece
bootless pox-marked flap-dragon
bawdy flap-mouthed apple-john
artless doghearted clotpole
artless dread-bolted hugger-mugger
