Case #1:
10100100111111000010000011110101 3 2 5 2 7 2 3 2 11
11111110111110110110011010101111 17 2 3 2 29 2 17 2 3
11100110011111110110011010001101 3 2 5 2 5 2 3 2 11
10000101111010011011110101001011 3 2 3 2 7 2 3 2 3
11111001001101000001001100101011 3 2 5 2 7 2 3 2 11
10011000100101000000111101111011 3 2 5 2 7 2 3 2 11
11101010100110000100111001011001 79 2 11 2 11 2 5 2 61
11101011010011011110100001001101 3 2 3 2 7 2 3 2 3
10100001000111110001001110110101 19 2 61 2 11 2 13 2 13
10100101000100111011000111101001 3 2 5 2 7 2 3 2 11
10100010000111110001100100011111 3 2 5 2 7 2 3 2 11
11111101110111110011000010111011 3 2 5 2 7 2 3 2 11
11000100100101001010111010111111 7 2 3 2 43 2 17 2 3
10110101011110110001001110001101 7 2 3 2 19 2 29 2 3
10100101011100011010010110101001 3 2 5 2 7 2 3 2 11
11001101010000101000110100101001 3 2 5 2 7 2 3 2 11
11001001101010010100101010000011 5 2 67 2 23 2 7 2 7
10111101000000010001110110001011 29 5 3 11 5 3 5 29 3
11100010101010110011001011001111 3 2 3 2 13 2 3 2 3
10100111011010111101110101110101 3 37 3 3 47 3 3 19 3
11010100000011011000100011111001 5 5 3 19 5 3 5 19 3
11100111001010001000111110101011 3 2 3 2 37 2 3 2 3
11100110001111011000000110000111 3 2 5 2 7 2 3 2 11
10100101100001011010110001000111 7 5 3 11 5 3 5 7 3
11110110010000001011111001011011 3 2 3 2 7 2 3 2 3
10001000111001111010011010010011 5 2 7 2 13 2 5 2 31
10100000111110010101000101001011 5 13 3 31 5 3 73 7 3
10000011000000011100111011110001 3 2 5 2 7 2 3 2 11
11000001101011101110101100001001 11 2 11 2 17 2 11 2 7
10111001110101000000010100001111 3 5 3 3 5 3 3 7 3
11001001011010000100101000011101 3 2 5 2 7 2 3 2 11
10111010101111011011010101110001 3 2 5 2 5 2 3 2 11
11011011000111010100010111010011 3 2 3 2 67 2 3 2 3
10001000001110100100001101000101 3 2 3 2 7 2 3 2 3
10101010110101010010001000100001 3 23 11 3 11 5 3 29 19
11010110101101110100101000010101 3 7 13 3 31 43 3 31 7
10011110111101001110000011001101 3 2 3 2 7 2 3 2 3
10101010001111001110110110100011 3 2 3 2 37 2 3 2 3
11100100111010100011000000110001 83 2 29 2 17 2 7 2 19
11110110100101100010101010100101 3 5 19 3 19 47 3 11 7
10100101001010010100111000010101 5 2 17 2 11 2 5 2 17
10000010010011001101100011111101 3 2 5 2 7 2 3 2 11
10110101010110000010011100110001 3 7 3 3 5 3 3 73 3
10100101110001001110010010111111 3 2 3 2 7 2 3 2 3
11011011011010011100100000000111 3 2 5 2 7 2 3 2 11
10101010001000111110011100110001 5 2 97 2 17 2 11 2 53
10111101111000110111010011000001 5 2 3 2 37 2 5 2 3
11100001010101110101110110110111 3 2 7 2 5 2 3 2 29
10011011100000111101000100111001 3 2 5 2 7 2 3 2 11
10011110010010001001110110000001 3 2 5 2 7 2 3 2 11
10010100000111101010110011001101 3 2 5 2 7 2 3 2 11
10001000100101001000001111010111 3 2 5 2 7 2 3 2 11
10001000100001011011001001000101 3 2 3 2 7 2 3 2 3
10111101000111100100010111101111 11 2 11 2 5 2 31 2 41
11010110001000010101110111111111 5 2 17 2 5 2 5 2 31
11111010000001001101000010001101 3 2 5 2 7 2 3 2 11
11010010110001100101000101000111 5 13 3 7 5 3 73 5 3
10101010111000100101000011010001 5 2 17 2 23 2 5 2 7
11011010100001100011100001010111 3 2 5 2 7 2 3 2 11
11100110011011001000100100000111 7 11 3 31 5 3 11 7 3
11010000101111000111000000001011 3 2 5 2 7 2 3 2 11
10110111001001111100000000000011 3 2 5 2 7 2 3 2 11
10000100111001101000010011001101 3 2 5 2 7 2 3 2 7
11110100100011001010111000100011 19 2 11 2 17 2 29 2 29
11001111001000111101111000111101 3 2 5 2 5 2 3 2 11
11110000000111101101110101000111 73 2 3 2 19 2 19 2 3
10011101111011010100100101100011 7 2 3 2 29 2 11 2 3
11010001011000001111010000111111 3 7 13 3 31 43 3 67 7
10001001110011011100011100011101 3 5 11 3 13 5 3 7 53
11101001000001100110001000011101 3 2 5 2 7 2 3 2 11
10010011001101011000001110011011 3 2 5 2 7 2 3 2 11
10101000110101010110000000000011 3 2 3 2 7 2 3 2 3
11111011101100011111101000011011 3 5 3 3 31 3 3 73 3
11101111111000110100011001110111 5 13 3 31 43 3 7 7 3
10011001101000010001101001011001 3 2 5 2 7 2 3 2 11
11100111101111110100110000010001 5 2 3 2 37 2 5 2 3
11000001110100100111010000100111 3 5 3 3 5 3 3 11 3
11011100000111111000001110001011 7 53 11 13 13 29 53 7 61
11011101000101000010100100101001 17 2 7 2 71 2 7 2 7
11000110111101111011010101110101 7 5 3 31 43 3 5 5 3
10000000011010101101110100110001 3 2 5 2 7 2 3 2 11
11101100110010111011100110010111 5 2 23 2 5 2 11 2 19
11000111011100111011001110101101 3 2 5 2 5 2 3 2 11
11110000100101110010011000111111 3 2 3 2 7 2 3 2 3
10111001111110010100101001010101 7 2 3 2 11 2 73 2 3
10111100101000100011000011010101 7 13 3 11 5 3 41 7 3
11000000100101100000000110110011 3 2 3 2 7 2 3 2 3
10110000001011000111000011001011 5 2 17 2 23 2 5 2 7
10001100000000000100010011100011 3 2 5 2 5 2 3 2 11
11001100110001110100001111101011 3 2 3 2 7 2 3 2 3
10100110010000111111000100000011 3 2 5 2 7 2 3 2 11
11001011100000110111011001001111 3 2 3 2 7 2 3 2 3
10111001110101100110000110100111 3 2 3 2 7 2 3 2 3
11110011001111011010011010110101 3 2 5 2 5 2 3 2 11
11001100111100010110111010000001 3 2 5 2 7 2 3 2 11
10111010110010011010100111010101 7 2 3 2 13 2 5 2 3
11010100100101100010001010010011 3 2 5 2 7 2 3 2 11
10111111110100001011110111110011 3 2 5 2 7 2 3 2 11
10001100100110110001011101101111 3 2 3 2 7 2 3 2 3
11011110101110010111001110010101 31 2 11 2 5 2 5 2 7
10000011101011000000001010010011 7 2 3 2 47 2 23 2 3
11001111000011000000000000111001 3 2 3 2 7 2 3 2 3
11000001011101011101100011110101 3 2 3 2 11 2 3 2 3
11101100100100001101011110100001 3 2 5 2 7 2 3 2 11
11011110100100001101001110010111 7 2 3 2 17 2 73 2 3
11010101100000100011101100100111 3 2 5 2 7 2 3 2 7
11001100101000011110100101000001 3 2 5 2 7 2 3 2 11
11101101100100111101000100110101 17 2 3 2 23 2 5 2 3
10011110001011110101111110001101 3 2 5 2 5 2 3 2 11
10100010100010100101101000011111 13 17 3 7 5 3 89 5 3
10101101101010000101010010111111 7 2 3 2 43 2 11 2 3
11101100001101111111100000111101 3 2 5 2 5 2 3 2 7
10010101011011101111011000101001 3 2 3 2 7 2 3 2 3
11011011001110100110100110101001 7 2 3 2 43 2 5 2 3
10100110101101101000110100001001 3 7 3 3 5 3 3 73 3
11110110001010111111111100110101 3 2 5 2 7 2 3 2 7
10011110111100110011010111001011 3 2 5 2 5 2 3 2 11
11110111000000011111011000111101 3 7 13 3 31 5 3 73 7
10000001100010011101110110101101 3 2 5 2 7 2 3 2 11
10101110000000111011011100111101 7 2 3 2 43 2 23 2 3
10100101100110010001101111101101 3 2 3 2 7 2 3 2 3
11110110111011111010000011001111 3 29 3 3 11 3 3 11 3
10000110101001111110011101000001 3 2 5 2 7 2 3 2 11
11001000111100101000110110010001 7 13 3 31 5 3 17 7 3
11011110100010110100011001111111 3 2 5 2 5 2 3 2 7
10000000011110001011011111010001 5 7 3 17 5 3 67 7 3
11110001111001100111101111001111 3 2 5 2 7 2 3 2 7
10111100101000110111100101010011 3 2 3 2 7 2 3 2 3
10100111111001101000101110001011 3 2 3 2 37 2 3 2 3
11100110110010101100011101001011 7 2 3 2 43 2 73 2 3
10100001001100001010110000000111 7 2 3 2 43 2 31 2 3
11011000000111001000110000111001 3 2 5 2 7 2 3 2 11
11011011100010101000111011011111 19 2 29 2 5 2 97 2 17
10111001110111011110101010111111 3 7 13 3 13 43 3 73 7
11011010111001000011000011111011 5 2 3 2 37 2 5 2 3
11110010001010111101101011000101 5 2 3 2 37 2 5 2 3
11101110011111000100110110001111 3 2 5 2 5 2 3 2 11
11100000011011000110100001110101 7 13 3 31 5 3 73 7 3
10001111001111100110111010111001 5 2 17 2 5 2 5 2 89
10010000101011101111111100100011 7 2 3 2 17 2 11 2 3
10100100000001001010100011111111 3 5 3 3 5 3 3 7 3
10101000010000101000000000100011 7 13 3 31 43 3 73 5 3
11111110000011000010111001100101 11 19 17 43 11 23 53 31 13
10111101111010011110011111010011 3 2 5 2 7 2 3 2 11
10111101001010000000101101101001 3 7 3 3 5 3 3 73 3
11010001101110000001101111000011 3 2 5 2 7 2 3 2 11
11100111110111101000101100100001 5 2 3 2 17 2 5 2 3
10011011010101010111010001000101 5 2 17 2 37 2 5 2 7
10011001110000110100100100010011 5 2 19 2 13 2 7 2 7
11110001001001011111101000100111 3 2 3 2 7 2 3 2 3
11111011010011111001001000100101 3 2 3 2 7 2 3 2 3
11110010001011110011001000100011 17 2 11 2 11 2 5 2 73
11010011000000011100111010011011 3 2 5 2 7 2 3 2 7
11110011101101001101011000101111 3 2 5 2 5 2 3 2 11
11111011001111100000110111110111 3 2 5 2 7 2 3 2 7
10110010111111001100111000010101 3 2 3 2 7 2 3 2 3
11001110001011000111111110011101 3 2 5 2 5 2 3 2 11
10110011001101100111101101001001 3 2 3 2 7 2 3 2 3
10011011000100101111000010001011 3 7 3 3 5 3 3 19 3
11010110001101110110110010110111 5 2 73 2 5 2 11 2 7
10110100110011010100100011111011 3 2 3 2 7 2 3 2 3
10000011100001110100100100111101 5 7 3 19 5 3 37 29 3
11000011101000010100011111001011 3 2 5 2 7 2 3 2 11
10100111000101110010111100100111 3 2 3 2 7 2 3 2 3
11101110010100010010000110100111 3 2 5 2 7 2 3 2 7
10001000011101001001100101000111 17 2 19 2 11 2 7 2 43
11011010111111000001110110111001 3 2 5 2 5 2 3 2 11
10011111110010111010010100000111 3 2 3 2 7 2 3 2 3
11100110101110111011001110110101 3 79 3 3 11 3 3 19 3
11000010111000101111100000010101 7 13 3 31 5 3 73 7 3
11110110000110110101000110100111 7 2 3 2 11 2 23 2 3
10010100010110111101001101001101 17 5 5 37 29 23 5 5 13
11110111101100001101101001110011 3 2 5 2 5 2 3 2 11
10111001000101100001110010010101 3 13 3 3 5 3 3 7 3
11010001101010010011010110101001 3 2 5 2 7 2 3 2 11
11010010000111101011000110100101 3 2 5 2 7 2 3 2 11
11110011110010111101010010101101 3 2 5 2 5 2 3 2 11
10000110011011011001001000011111 3 2 5 2 7 2 3 2 11
10101110000000000001111111110001 7 13 3 31 5 3 73 7 3
10101010011100100100110111011011 5 2 3 2 37 2 5 2 3
10100111100111001101000100101111 3 2 3 2 7 2 3 2 3
10010000111001000110111010011101 3 2 5 2 7 2 3 2 11
10011101001011010010111110011111 3 2 5 2 5 2 3 2 11
11111001000101001010101111100101 3 2 3 2 7 2 3 2 3
10101000001000000000111110100101 5 2 3 2 13 2 5 2 3
11110011000011110110000001010011 13 2 11 2 11 2 5 2 97
11000011111101111100010100100011 7 2 3 2 43 2 73 2 3
11011111011100001001110110001111 5 2 13 2 5 2 11 2 61
10001001101010110011100110000101 3 5 3 3 5 3 3 7 3
10111111111101100001100100000011 3 2 3 2 7 2 3 2 3
11001000011000100001001101110011 3 2 5 2 7 2 3 2 11
11010101111010000000111110100111 3 2 3 2 7 2 3 2 3
11111001011010101111011101111111 3 2 3 2 7 2 3 2 3
11110000111101001100011011001101 61 2 3 2 13 2 5 2 3
10111100011110101001100011110001 7 2 3 2 43 2 11 2 3
11111111111000100011100110001011 11 2 11 2 5 2 11 2 13
10100001010100000110110000100011 3 2 3 2 7 2 3 2 3
11010111101110101010011010001001 19 2 3 2 41 2 11 2 3
11100010010110010010111111010011 3 2 3 2 7 2 3 2 3
11111110100011100011000011010111 7 7 47 17 11 31 17 7 7
10111101100111001001001001001111 3 2 3 2 7 2 3 2 3
10110010110111110100100101111011 3 2 5 2 5 2 3 2 11
11000001010001000010100001111001 29 2 3 2 17 2 47 2 3
11110010100000111100110111000001 3 2 5 2 7 2 3 2 11
11010011101111011000000100111011 3 2 3 2 7 2 3 2 3
10001100110011001111001010000101 83 5 3 11 5 3 5 17 3
10001111110001100010100011000101 7 13 3 7 5 3 73 7 3
10011111100111110001101011011111 3 2 5 2 7 2 3 2 11
10000110010000100101111011101001 7 13 3 17 5 3 73 7 3
11111111011110000001111000101101 3 2 5 2 5 2 3 2 7
10110001101001010110110010111101 3 2 3 2 7 2 3 2 3
11001111010111011010101110100101 3 2 5 2 5 2 3 2 7
11111100111100100110011100111001 3 2 5 2 5 2 3 2 11
11111100011101110100101000001011 3 2 3 2 7 2 3 2 3
11100001110101111011011100101011 3 2 5 2 5 2 3 2 11
11001110010110101111110111111111 3 2 3 2 7 2 3 2 3
11000111001011010100001010111111 3 2 3 2 7 2 3 2 3
10110010000000111010100000101001 3 2 3 2 29 2 3 2 3
11110010100000001000011001111101 17 7 3 43 5 3 11 19 3
10001111000000001011010111111111 3 2 3 2 7 2 3 2 3
11110010101000100101010101010001 3 13 3 3 5 3 3 7 3
11101101111110110110011010101001 3 7 3 3 31 3 3 7 3
10110110110111010000101100001111 3 2 3 2 7 2 3 2 3
11000110100011101000100010001111 7 5 3 31 5 3 5 5 3
10010011010000111011111001001001 3 2 5 2 7 2 3 2 11
10101011100101010111111101111011 3 2 5 2 7 2 3 2 11
10011101101111111010101110111111 5 2 3 2 43 2 73 2 3
10110001001000011001001001111111 3 2 5 2 7 2 3 2 11
10110110000110111111011101111011 3 2 5 2 7 2 3 2 11
10111010001001111110010010110111 3 7 11 3 31 17 3 29 7
10010100100011100110111100000111 3 2 5 2 7 2 3 2 11
10110111011101101100100101111111 17 2 7 2 23 2 17 2 73
11011111010011001011010001100011 17 2 3 2 71 2 17 2 3
10100101011101101000100011111101 3 2 3 2 7 2 3 2 3
11010101110111110001100000001111 5 2 3 2 23 2 73 2 3
11000011100101010000101000001001 3 2 3 2 7 2 3 2 3
10011001110101111110011110101001 3 2 5 2 5 2 3 2 11
11110011100000010010100111000001 3 2 5 2 7 2 3 2 11
11111111110101000110100110001011 3 2 5 2 5 2 3 2 11
10011101011010110110000100110101 3 5 11 3 11 31 3 7 31
11100110010000011101010000011011 3 7 3 3 5 3 3 73 3
11001010100000000011011010111111 5 2 11 2 29 2 5 2 7
11111100111000111010010100001011 5 2 3 2 37 2 5 2 3
10001010001110110111011111111001 5 2 7 2 5 2 11 2 7
10101101001000101111110101010101 5 2 3 2 19 2 5 2 3
11010110000010010011100100101001 3 2 5 2 7 2 3 2 11
10111110100101111111101010011001 3 7 3 3 31 3 3 7 3
10001100111100001000111001010111 3 2 5 2 7 2 3 2 11
11000100110111001000110010000011 3 2 5 2 7 2 3 2 11
11010010011011010011101111100111 3 2 5 2 5 2 3 2 11
10101011000001110001000001011111 17 5 3 17 5 3 5 19 3
10011000101100000110010100110011 3 2 5 2 7 2 3 2 11
11011110000101001000001110111001 3 2 5 2 7 2 3 2 11
11001110001110100111100010110101 5 2 3 2 13 2 5 2 3
10110010001001001010000101110101 3 2 5 2 7 2 3 2 11
11101001111100000000100010110011 3 13 3 3 5 3 3 7 3
11000000111110111110100011001101 5 2 3 2 43 2 73 2 3
10010010011001111111101000001111 31 2 3 2 41 2 41 2 3
11111101010000001011110110101001 3 2 3 2 7 2 3 2 3
10101110111010110111011100100011 7 2 97 2 5 2 71 2 67
10000110010000111000110001011011 3 2 5 2 7 2 3 2 11
10111001010010100000000010010101 3 2 3 2 7 2 3 2 3
11101111000011011010000110101011 13 2 3 2 17 2 59 2 3
10110011010100100001111011100111 3 2 3 2 7 2 3 2 3
11001110001000111110010011011101 3 2 3 2 7 2 3 2 3
11000101111110101010111011101011 23 5 3 7 19 3 5 5 3
11111101111001000110000110111011 3 2 5 2 5 2 3 2 11
10001110010111000111110111011001 3 7 17 3 11 41 3 7 7
10110010001010111000111010111011 5 2 3 2 97 2 59 2 3
11010001111010100101011001001101 3 5 43 3 11 11 3 13 19
10000000110011101111010011100101 3 2 5 2 7 2 3 2 7
10011001111010110001011000110111 3 2 3 2 7 2 3 2 3
10001011110000001000010100010011 3 2 3 2 7 2 3 2 3
10010100011010100101101001110011 3 2 5 2 7 2 3 2 11
10001000010001000001000010101011 17 2 29 2 5 2 17 2 73
11111000011001000100000110110011 31 11 3 11 5 3 31 11 3
11111000110011000100101111111101 3 2 5 2 5 2 3 2 11
11000011110010111010101101001011 13 2 3 2 11 2 31 2 3
11110000100000011111100011001101 3 2 5 2 7 2 3 2 11
11010111010010001100000011100101 3 19 3 3 5 3 3 19 3
10111110111001010000100110101111 3 7 13 3 31 43 3 31 7
11100110100100010110001000111101 3 2 5 2 7 2 3 2 11
11000100101111010000001100100011 3 2 5 2 7 2 3 2 11
10000110001100111111111001101001 13 2 3 2 73 2 17 2 3
10101001010001111100110111111011 3 2 5 2 5 2 3 2 11
10111000010000100110010100001111 3 2 5 2 7 2 3 2 11
10001011010101010010101110111101 3 2 3 2 7 2 3 2 3
10000000110111111000000110110001 3 2 5 2 7 2 3 2 11
11001110111110101101001001111111 7 2 23 2 17 2 47 2 7
11011101000010111000100010010001 3 2 5 2 7 2 3 2 11
10111111110000101011101000100011 3 2 3 2 43 2 3 2 3
10011111000001010010111110101101 3 2 3 2 7 2 3 2 3
11101100100000010001100111001001 3 2 5 2 7 2 3 2 11
10010000000000100101101101011001 11 2 3 2 13 2 5 2 3
11110101110111100110000010010011 5 2 3 2 37 2 5 2 3
11001111000010011101001111111011 3 2 5 2 5 2 3 2 7
10111000000001101001011110100011 3 5 3 3 5 3 3 19 3
11000001011101010011110011101011 5 2 3 2 19 2 5 2 3
11010001100100011001010100011111 3 2 13 2 11 2 3 2 7
10101001110100000000111001110011 7 11 3 19 5 3 73 7 3
11100110111111001100111001000001 3 2 3 2 7 2 3 2 3
11001100100011101111001001000001 13 11 3 11 5 3 31 11 3
10101011000001110101000011000011 3 2 5 2 7 2 3 2 11
10100000111111110100110011010011 3 2 3 2 7 2 3 2 3
11110010110000001100000000001011 67 2 3 2 11 2 43 2 3
10111101111100010010000111001011 3 2 3 2 7 2 3 2 3
10100101010100110010011010100111 3 2 5 2 7 2 3 2 11
11111010101110011100000111100001 7 2 3 2 11 2 73 2 3
11000011101111110101111110010101 3 11 3 3 43 3 3 7 3
11100001110100100011111100100001 3 2 5 2 7 2 3 2 11
11100101110001101111111101101011 3 2 5 2 7 2 3 2 11
11101010110011111110010001010001 3 2 3 2 7 2 3 2 3
10000110000000001001000001110011 3 2 5 2 5 2 3 2 11
10100010010101101001110000011001 3 2 5 2 7 2 3 2 11
11000100111001010100100011110101 89 2 11 2 11 2 5 2 7
11100111011000001010101101110101 3 2 3 2 7 2 3 2 3
10001101111011010011100110011111 3 2 5 2 5 2 3 2 11
10101111111010010100001101011001 3 2 3 2 7 2 3 2 3
11111110001110000101100000011001 3 2 5 2 7 2 3 2 11
11111100001011101010000101010111 3 2 3 2 7 2 3 2 3
10111101000101110111100011000011 7 2 3 2 13 2 17 2 3
11101010100101101101011100110111 3 2 5 2 5 2 3 2 11
11100111010001010001010111010101 3 7 7 3 23 47 3 11 7
11111110011001100110110001000011 3 2 3 2 7 2 3 2 3
10011010101010111011110110101101 3 2 13 2 5 2 3 2 7
10001001110000001100111100011001 3 2 5 2 7 2 3 2 11
11111000100111111100010010000001 3 2 5 2 7 2 3 2 11
10100100111101010000100011100111 3 2 5 2 7 2 3 2 11
11101001010111000001001000011111 13 2 47 2 79 2 11 2 7
10110000010101101101010100011001 5 11 3 31 5 3 11 5 3
10010011110101111000101001000011 3 2 5 2 7 2 3 2 11
11111010101101111110111101001011 3 7 13 3 31 17 3 73 7
11011000001011001110001000111011 5 2 17 2 19 2 5 2 47
10011000111011101100010100111011 17 2 3 2 47 2 17 2 3
10111001100000001101110100001001 3 2 5 2 7 2 3 2 11
11100000000101001000111011100101 3 2 5 2 7 2 3 2 11
11011001001101110000001101101101 3 5 11 3 31 43 3 7 7
11110001101111101110010101101111 3 2 5 2 7 2 3 2 11
11101010111110111100101001100011 3 2 11 2 5 2 3 2 19
10100100000100110100101001100001 3 2 3 2 7 2 3 2 3
11011100011011011011011110001011 3 2 5 2 5 2 3 2 11
11110000111001100011011111111001 3 2 5 2 5 2 3 2 7
10000000000101111001100110111001 3 2 5 2 7 2 3 2 11
10110001011011001000101001110101 3 2 5 2 7 2 3 2 11
10000001000011110010011001100111 3 2 5 2 7 2 3 2 7
11000111100010001011000100110101 5 7 3 31 5 3 73 7 3
11111100010010100111111000000001 3 2 5 2 7 2 3 2 11
10111000011010000010001000100011 3 2 3 2 31 2 3 2 3
11110110001101100011101100111101 3 2 5 2 5 2 3 2 11
11100010000000001000010100001011 5 2 17 2 5 2 5 2 23
11000000110111110010001001010101 3 11 3 3 5 3 3 11 3
10111000101001110100110000011101 3 2 5 2 7 2 3 2 7
11001110000010010100100011011111 3 2 5 2 7 2 3 2 7
11100001000000110000110010110111 3 2 5 2 7 2 3 2 11
10110111111110100000011011011101 3 2 5 2 5 2 3 2 7
11000001010010110110011010000011 3 2 5 2 7 2 3 2 11
11010010011101001001111000101001 3 2 5 2 7 2 3 2 11
10011110000111001101101111011101 31 2 11 2 5 2 13 2 7
11110101011100010001101110001001 3 7 13 3 31 43 3 23 7
10110010000100000100000010001101 3 2 5 2 5 2 3 2 11
10001000101101100100100000111011 7 2 23 2 11 2 7 2 53
11011011100011001110100001011101 3 2 3 2 7 2 3 2 3
10110101001000110001111110000011 3 2 5 2 7 2 3 2 11
10110101111011110101110111010101 3 2 71 2 11 2 3 2 31
11100010100101010010000011110111 3 2 5 2 7 2 3 2 11
11110100010110001011100100100011 3 2 5 2 7 2 3 2 11
11011011101100000001011111111111 11 17 3 61 13 3 7 23 3
10000100101110000010000001000011 5 2 17 2 5 2 5 2 19
11110100000010111100110000111111 3 2 3 2 7 2 3 2 3
11111101000101100110010000100001 3 5 3 3 5 3 3 11 3
10010111100010111011011110011101 3 2 5 2 5 2 3 2 11
11001100110100101100001100000111 53 5 3 17 5 3 5 53 3
11001010111110100110100001000001 3 5 3 3 5 3 3 7 3
11010000000111100100000101111111 5 2 13 2 37 2 5 2 53
10000010011010011100111101011111 3 2 3 2 7 2 3 2 3
11010111001110101011100110001001 5 2 3 2 17 2 17 2 3
11010010111000110001110010000001 3 2 5 2 7 2 3 2 7
11000000111010100111100010101011 3 2 61 2 17 2 3 2 7
10010100000010111111111101100101 5 2 3 2 13 2 5 2 3
10101101110100011000100111001001 3 2 5 2 7 2 3 2 7
11010010110100001100110110110101 3 7 13 3 13 13 3 73 7
10011000111011110001010000011001 7 29 3 13 5 3 19 7 3
10110111111100000100100101101101 5 2 3 2 37 2 5 2 3
11010011001110001111111100100111 3 2 5 2 5 2 3 2 7
11001000011101100001001000011101 5 2 17 2 37 2 5 2 47
11000010011100001011011000001101 3 2 5 2 7 2 3 2 11
10010101110001100110001000111011 3 2 5 2 7 2 3 2 11
11001111100110101011101000001011 3 2 3 2 11 2 3 2 3
10101110101001000001110000010011 5 2 17 2 37 2 5 2 7
11010011000110111110011111101111 3 2 5 2 7 2 3 2 7
11100001101010011000010001010011 3 2 5 2 7 2 3 2 11
11111101100100110001111000010011 7 2 3 2 43 2 73 2 3
11111001110000010110101001001001 3 2 5 2 7 2 3 2 11
10111101110000101101010011110001 7 2 3 2 43 2 37 2 3
10000010101010010001010111010011 3 2 5 2 7 2 3 2 11
11110110000010101101000111011011 3 2 3 2 7 2 3 2 3
10000110110100010100100101011001 5 2 7 2 13 2 7 2 53
10000110111101110000101100000001 3 2 5 2 7 2 3 2 7
10010100000101010100100110001111 5 2 7 2 73 2 7 2 17
10011000001110001110111011101011 3 2 3 2 11 2 3 2 3
11011101110011001010001000010011 3 2 5 2 7 2 3 2 11
11011100011100111011111011000011 3 2 5 2 5 2 3 2 7
10100001010000111110011111111001 3 2 3 2 7 2 3 2 3
11111010101110110010010000010111 7 2 3 2 13 2 97 2 3
11110000110011101110100101011001 3 2 3 2 7 2 3 2 3
11110101110100000011000000111011 5 2 13 2 23 2 11 2 31
10010000111001101110011110111001 5 2 3 2 37 2 5 2 3
10110111001100100010100100010101 5 61 3 47 5 3 89 17 3
11111111011000110110011011100111 3 2 5 2 7 2 3 2 11
11010001001101101011001110100001 3 2 5 2 7 2 3 2 11
11010101111111111110111000101111 3 2 3 2 7 2 3 2 3
10010010111101000000011000001111 3 2 5 2 7 2 3 2 11
11101011010001011111001100001011 3 2 3 2 7 2 3 2 3
10011101110110110001011101100001 7 2 3 2 43 2 5 2 3
11001111011111101101100001001011 3 2 5 2 5 2 3 2 11
10111111011100101100110100110011 3 2 5 2 5 2 3 2 11
10010000011101110011111100110101 19 2 3 2 29 2 17 2 3
10111100100000000011010010010111 3 2 5 2 7 2 3 2 11
11010001001011111001100101110101 19 2 3 2 79 2 5 2 3
11011110111100111001101110010111 3 2 5 2 7 2 3 2 11
10011111111111101110001111100111 7 2 3 2 43 2 73 2 3
10001100100111110010011101110011 3 2 3 2 7 2 3 2 3
11100111101101000000110010111011 5 2 3 2 11 2 5 2 3
10101111100011111100110001101101 7 2 79 2 5 2 71 2 7
11011000110010010001111001111011 3 2 3 2 7 2 3 2 3
10000111000110011110101011010111 3 2 3 2 7 2 3 2 3
10111111100110010010011110011101 3 2 5 2 5 2 3 2 11
11111011110010101010000011011001 5 2 3 2 19 2 53 2 3
11101111100001000101111011110011 3 2 5 2 5 2 3 2 11
11000101100111001000101110001101 3 2 5 2 7 2 3 2 7
11000001011110011100001110100011 3 2 5 2 7 2 3 2 11
10110110011111111011110110111101 3 2 3 2 7 2 3 2 3
10111001111010001111010110101001 3 7 13 3 13 43 3 73 7
11100100100000101101111110010111 3 2 3 2 7 2 3 2 3
10011000101100100110101010011001 7 13 3 23 5 3 13 5 3
11000101110011101110010011101111 3 2 5 2 5 2 3 2 11
10100110011011001110010110000101 3 2 5 2 7 2 3 2 11
11110100100010001010111000001101 3 7 3 3 5 3 3 7 3
11100100011111111010001001000111 3 2 3 2 7 2 3 2 3
10010010011101110100111110001101 5 2 3 2 11 2 5 2 3
11110100000110110011111000001111 3 2 3 2 7 2 3 2 3
11011001101010111101001101100111 3 2 5 2 5 2 3 2 11
11000111100011001100011011100001 3 2 5 2 7 2 3 2 11
11011100010011110000011110010011 3 7 13 3 11 43 3 7 7
10111100001011011101011100000111 5 2 3 2 13 2 5 2 3
11010001100101100010111100101111 3 2 3 2 7 2 3 2 3
11110101100010111111000000001001 3 2 5 2 7 2 3 2 11
10101010101001011100111100101011 3 2 3 2 37 2 3 2 3
11001101110111000101011101011011 3 2 59 2 5 2 3 2 67
11100100100101100011010100001101 3 11 3 3 5 3 3 29 3
11101101010101100000100010101101 3 2 5 2 7 2 3 2 11
10111011001100100000101101011001 7 2 47 2 11 2 13 2 17
10110101101011001100011100100111 3 2 3 2 7 2 3 2 3
11011010100110000001111111100101 3 2 3 2 7 2 3 2 3
10110101010000101100001100100011 3 2 5 2 7 2 3 2 7
11010010101100000010101001100111 3 13 3 3 5 3 3 7 3
10000010001101001111010000000011 3 2 3 2 7 2 3 2 3
11001111000000101010101000111101 5 2 17 2 37 2 5 2 53
11011111010010111101011101111111 5 2 3 2 37 2 5 2 3
10110101000010110000111100000011 3 2 5 2 7 2 3 2 11
11010100011011011010100101110011 5 2 3 2 37 2 5 2 3
11111101101010111101110000111101 3 2 5 2 7 2 3 2 11
11111101011000001101100001111101 3 61 31 3 13 5 3 31 19
11101001101101101101000001110101 5 2 3 2 37 2 5 2 3
10010010100010101101100101111111 11 2 3 2 11 2 23 2 3
10111011011100010001101000001101 3 2 5 2 7 2 3 2 11
10110000101111011011010111000011 3 2 3 2 7 2 3 2 3
10100011001100011100001110000111 7 7 3 13 5 3 73 7 3
10001111110000000100010010100001 3 2 3 2 7 2 3 2 3
10010010100000010111110000001001 3 2 3 2 7 2 3 2 3
10101110010001000100100000011111 3 2 5 2 7 2 3 2 11
11110101111000101101001110100001 3 2 3 2 7 2 3 2 3
11111100010111011001001011001001 23 2 3 2 11 2 29 2 3
10011001101110111111010000110111 3 2 5 2 5 2 3 2 7
10001000010111001110011110001101 3 2 5 2 7 2 3 2 11
10001101000011110110001101111101 5 2 3 2 37 2 5 2 3
10101011100110011011011011000101 37 2 3 2 17 2 71 2 3
10110010000010101101101001011101 11 2 73 2 29 2 29 2 17
11111001101100101010111110111011 3 2 29 2 13 2 3 2 41
10000101000001011101111000111001 3 5 3 3 5 3 3 23 3
11000110101111010100011111111101 3 5 3 3 43 3 3 7 3
11010110110011110010001100001001 3 2 5 2 7 2 3 2 11
11000010001100000010010100100111 3 2 3 2 7 2 3 2 3
11011101001001111011100011111111 3 2 5 2 7 2 3 2 11
11000100001101110111000111010111 3 2 3 2 43 2 3 2 3
10110000001011000111101101010011 3 2 5 2 7 2 3 2 11
10011000011001100100101011000101 3 2 5 2 7 2 3 2 7
10001000010110100101100100100001 3 2 3 2 7 2 3 2 3
11011010001000001100011110111111 5 2 3 2 37 2 5 2 3
10001100000011011000010001010011 7 2 3 2 19 2 5 2 3
11001001011111110011011011101111 3 2 5 2 7 2 3 2 11
10110011111011010010010101111011 3 2 5 2 5 2 3 2 11
11111101000100111011101111100001 3 2 5 2 5 2 3 2 11
10001111100010111001111001111011 7 2 19 2 5 2 23 2 47
11000010000010010101110011110101 3 7 3 3 5 3 3 31 3
11101001011110011110111100110111 3 2 5 2 7 2 3 2 11
10110111101000000001111001011001 3 2 5 2 7 2 3 2 11
10100101011011001101001000100001 3 2 5 2 7 2 3 2 11
11001111111100010011101011011111 3 2 5 2 7 2 3 2 11
10011001100000110110110000110101 5 11 3 11 5 3 31 11 3
