Case #1:
1110101000100001 3 7 11 3 31 43 3 23 7
1010011110000101 3 2 5 2 7 2 3 2 11
1101011011001011 3 2 5 2 5 2 3 2 11
1110000001010001 5 2 3 2 37 2 5 2 3
1101111000110011 3 2 5 2 5 2 3 2 11
1110101100110101 3 2 5 2 5 2 3 2 11
1010000111110111 3 2 5 2 5 2 3 2 11
1101100001100011 3 2 5 2 7 2 3 2 11
1000001000010001 3 2 5 2 7 2 3 2 11
1001001111111001 3 2 5 2 5 2 3 2 7
1011101101010101 7 2 11 2 5 2 17 2 41
1110001101111001 3 2 5 2 5 2 3 2 11
1100110100011011 7 5 3 31 43 3 5 7 3
1111100010000101 3 2 5 2 7 2 3 2 11
1010011000001001 5 2 3 2 37 2 5 2 3
1010010101100111 7 5 3 31 13 3 5 7 3
1001100001111001 3 2 5 2 7 2 3 2 11
1111111011000111 3 2 3 2 7 2 3 2 3
1100101110110101 3 2 5 2 5 2 3 2 11
1110011110000101 7 13 3 31 43 3 73 7 3
1101110100110111 3 7 13 3 13 29 3 73 7
1101011001111001 5 2 17 2 5 2 5 2 97
1001000011011011 3 2 5 2 7 2 3 2 11
1110101000110011 3 7 3 3 31 3 3 7 3
1011011011100101 3 2 5 2 5 2 3 2 11
1100010100110111 3 43 3 3 23 3 3 89 3
1110010000001001 3 2 3 2 7 2 3 2 3
1111010000010001 3 7 13 3 13 43 3 73 7
1001011111110101 3 7 13 3 31 43 3 17 7
1001111001100111 3 2 5 2 5 2 3 2 11
1001010000100011 3 2 3 2 7 2 3 2 3
1100111111100111 3 2 3 2 7 2 3 2 3
1001001010011101 3 2 5 2 7 2 3 2 11
1010011111010011 3 2 5 2 5 2 3 2 11
1010110111110001 3 2 5 2 5 2 3 2 11
1001000001011001 7 2 3 2 13 2 11 2 3
1011111001111101 3 2 3 2 7 2 3 2 3
1111110010110001 3 2 5 2 5 2 3 2 11
1011110111001001 3 2 5 2 5 2 3 2 11
1010100101100101 3 2 5 2 7 2 3 2 11
1001010100101011 3 2 5 2 7 2 3 2 7
1100111100101101 3 2 5 2 5 2 3 2 11
1111111111100111 3 2 5 2 7 2 3 2 11
1110000111001111 3 2 5 2 5 2 3 2 11
1011000100101101 3 2 5 2 7 2 3 2 11
1110101101000111 3 2 5 2 5 2 3 2 11
1100000100111011 3 2 5 2 7 2 3 2 11
1100100010000011 7 2 3 2 43 2 11 2 3
1110010010100101 3 2 5 2 7 2 3 2 11
1010010110000111 3 2 5 2 7 2 3 2 11
