Case #1: 1 0
Case #2: 1 0
Case #3: 1 1
Case #4: 0 0
Case #5: 500 499
Case #6: 0 0
Case #7: 0 0
Case #8: 1 0
Case #9: 0 0
Case #10: 3906249999999999 3906249999999999
Case #11: 2 2
Case #12: 1 0
Case #13: 500000000000000000 499999999999999999
Case #14: 1 0
Case #15: 0 0
Case #16: 249999999999999999 249999999999999999
Case #17: 0 0
Case #18: 1 0
Case #19: 1 0
Case #20: 250000000000000000 249999999999999999
Case #21: 0 0
Case #22: 7812499999999999 7812499999999999
Case #23: 2 1
Case #24: 0 0
Case #25: 0 0
Case #26: 0 0
Case #27: 0 0
Case #28: 1 1
Case #29: 0 0
Case #30: 0 0
Case #31: 0 0
Case #32: 1 0
Case #33: 0 0
Case #34: 0 0
Case #35: 1 1
Case #36: 0 0
Case #37: 0 0
Case #38: 0 0
Case #39: 1 0
Case #40: 0 0
Case #41: 1 0
Case #42: 3906250000000000 3906249999999999
Case #43: 1 0
Case #44: 1 0
Case #45: 0 0
Case #46: 125000000000000000 124999999999999999
Case #47: 2 2
Case #48: 0 0
Case #49: 0 0
Case #50: 1 1
Case #51: 1 1
Case #52: 0 0
Case #53: 1 1
Case #54: 1 1
Case #55: 0 0
Case #56: 0 0
Case #57: 1 0
Case #58: 499999999999999999 499999999999999999
Case #59: 1 0
Case #60: 1 0
Case #61: 1 0
Case #62: 0 0
Case #63: 0 0
Case #64: 0 0
Case #65: 0 0
Case #66: 1 0
Case #67: 0 0
Case #68: 2 2
Case #69: 0 0
Case #70: 7812499999999999 7812499999999999
Case #71: 0 0
Case #72: 1 1
Case #73: 0 0
Case #74: 2 2
Case #75: 0 0
Case #76: 0 0
Case #77: 1 0
Case #78: 0 0
Case #79: 250000000000000000 249999999999999999
Case #80: 0 0
Case #81: 1 1
Case #82: 1 1
Case #83: 0 0
Case #84: 0 0
Case #85: 0 0
Case #86: 2 2
Case #87: 2 2
Case #88: 1 0
Case #89: 3906249999999999 3906249999999999
Case #90: 0 0
Case #91: 2 2
Case #92: 0 0
Case #93: 0 0
Case #94: 1 1
Case #95: 0 0
Case #96: 1 0
Case #97: 0 0
Case #98: 1953125000000000 1953124999999999
Case #99: 1 0
Case #100: 0 0
