Case #1: 1 0
Case #2: 1 0
Case #3: 1 1
Case #4: 0 0
Case #5: 500 499
Case #6: 0 0
Case #7: 499 499
Case #8: 3 3
Case #9: 0 0
Case #10: 0 0
Case #11: 1 0
Case #12: 0 0
Case #13: 0 0
Case #14: 249 249
Case #15: 0 0
Case #16: 1 1
Case #17: 1 0
Case #18: 0 0
Case #19: 0 0
Case #20: 0 0
Case #21: 0 0
Case #22: 3 3
Case #23: 3 2
Case #24: 3 2
Case #25: 0 0
Case #26: 1 0
Case #27: 0 0
Case #28: 0 0
Case #29: 0 0
Case #30: 0 0
Case #31: 0 0
Case #32: 1 0
Case #33: 250 249
Case #34: 1 0
Case #35: 0 0
Case #36: 0 0
Case #37: 0 0
Case #38: 0 0
Case #39: 1 0
Case #40: 1 1
Case #41: 3 2
Case #42: 0 0
Case #43: 0 0
Case #44: 3 2
Case #45: 1 0
Case #46: 1 0
Case #47: 0 0
Case #48: 0 0
Case #49: 1 0
Case #50: 0 0
Case #51: 0 0
Case #52: 1 1
Case #53: 1 0
Case #54: 0 0
Case #55: 1 0
Case #56: 1 0
Case #57: 0 0
Case #58: 0 0
Case #59: 0 0
Case #60: 1 0
Case #61: 1 1
Case #62: 1 1
Case #63: 1 1
Case #64: 0 0
Case #65: 0 0
Case #66: 1 1
Case #67: 1 0
Case #68: 0 0
Case #69: 1 0
Case #70: 0 0
Case #71: 3 3
Case #72: 0 0
Case #73: 0 0
Case #74: 2 2
Case #75: 3 3
Case #76: 0 0
Case #77: 1 0
Case #78: 0 0
Case #79: 0 0
Case #80: 7 6
Case #81: 1 0
Case #82: 7 6
Case #83: 0 0
Case #84: 2 1
Case #85: 0 0
Case #86: 0 0
Case #87: 0 0
Case #88: 0 0
Case #89: 1 0
Case #90: 1 1
Case #91: 0 0
Case #92: 1 0
Case #93: 0 0
Case #94: 0 0
Case #95: 250 249
Case #96: 1 1
Case #97: 0 0
Case #98: 0 0
Case #99: 1 1
Case #100: 125 124
