Case #1: 1 0
Case #2: 1 0
Case #3: 1 1
Case #4: 0 0
Case #5: 500 499
Case #6: 1 0
Case #7: 1 0
Case #8: 0 0
Case #9: 1953 1952
Case #10: 0 0
Case #11: 1 0
Case #12: 1 1
Case #13: 1 1
Case #14: 1 0
Case #15: 1 0
Case #16: 0 0
Case #17: 3906 3905
Case #18: 1 0
Case #19: 3905 3905
Case #20: 3 2
Case #21: 0 0
Case #22: 0 0
Case #23: 0 0
Case #24: 0 0
Case #25: 0 0
Case #26: 1 0
Case #27: 0 0
Case #28: 0 0
Case #29: 0 0
Case #30: 500000 499999
Case #31: 0 0
Case #32: 1 0
Case #33: 249999 249999
Case #34: 0 0
Case #35: 3 2
Case #36: 2 2
Case #37: 1 0
Case #38: 0 0
Case #39: 0 0
Case #40: 1 1
Case #41: 1 0
Case #42: 0 0
Case #43: 1 1
Case #44: 0 0
Case #45: 0 0
Case #46: 1 0
Case #47: 0 0
Case #48: 0 0
Case #49: 0 0
Case #50: 0 0
Case #51: 0 0
Case #52: 0 0
Case #53: 499999 499999
Case #54: 0 0
Case #55: 1 0
Case #56: 1 1
Case #57: 1 1
Case #58: 0 0
Case #59: 0 0
Case #60: 3906 3905
Case #61: 0 0
Case #62: 0 0
Case #63: 0 0
Case #64: 0 0
Case #65: 0 0
Case #66: 0 0
Case #67: 0 0
Case #68: 1 1
Case #69: 1 1
Case #70: 0 0
Case #71: 1 0
Case #72: 0 0
Case #73: 1 0
Case #74: 1 0
Case #75: 0 0
Case #76: 1 0
Case #77: 0 0
Case #78: 0 0
Case #79: 0 0
Case #80: 0 0
Case #81: 2 1
Case #82: 0 0
Case #83: 0 0
Case #84: 1 0
Case #85: 7812 7811
Case #86: 3 2
Case #87: 7812 7811
Case #88: 1 1
Case #89: 250000 249999
Case #90: 0 0
Case #91: 125000 124999
Case #92: 1 1
Case #93: 0 0
Case #94: 0 0
Case #95: 250000 249999
Case #96: 0 0
Case #97: 1 0
Case #98: 0 0
Case #99: 0 0
Case #100: 1 0
