Case #1: CAB
Case #2: MJA
Case #3: OCDE
Case #4: BBAAA
Case #5: CCCABBBAB
Case #6: CCCBAABAB
Case #7: ZXCASDQWE
Case #8: MMLKJIHGFDBACEA
Case #9: CCCCCBBBBBAAAAA
Case #10: BAAA
Case #11: BBA
Case #12: VRLRFDTPBHBFQMH
Case #13: DCCCCCBAAAAABA
Case #14: CCCCCCCCBABBAAB
Case #15: CCCCCAAAAAABABB
Case #16: ONMDLKJIFCHEAGB
Case #17: BAAA
Case #18: BAAA
Case #19: CCCCCBAABABBAAA
Case #20: CCBBBBBBAAABBB
Case #21: MMKAJHGFEBACDIL
Case #22: BAAA
Case #23: DCBAAAAAAABBAB
Case #24: CCCCCCCBBBABAAB
Case #25: CCCCCBBBBAAAAAB
Case #26: CBBBBAAAABBBA
Case #27: DDDDCCBABBCAAA
Case #28: CCCCCBBBBBAAAAA
Case #29: ONBLDEFGHIJKCMA
Case #30: CBA
Case #31: CCCCCBBBBAAAAAB
Case #32: BAA
Case #33: OJNLKMIHGFEDCAB
Case #34: A
Case #35: CCCCCAAAABBBBBA
Case #36: BBBBBAAAAAAAA
Case #37: XPJLSHRTQLBVBQR
Case #38: OHBDFECNLGKJMAI
Case #39: ONKJFCAEHBIGLMD
Case #40: ZDCBA
Case #41: CBA
Case #42: DCCBBBBAAABBB
Case #43: ZEDCBAYXWU
Case #44: RRBAACADABA
Case #45: BA
Case #46: CBBBBBAAAAAAA
Case #47: XXQQLLNPBSTVHDD
Case #48: BA
Case #49: CCCBBBAAAABAAAA
Case #50: CCCCCCBAAAAAABA
Case #51: CCCCCBBBBABAAAA
Case #52: CCBBAAAAAAAABB
Case #53: ZAYBXCWDUE
Case #54: AA
Case #55: CCCCCCAAAAAABAB
Case #56: BB
Case #57: ONMCJFLAHIKEDGB
Case #58: ONJACDBFGHEKLIM
Case #59: MMLAJHGFEBACDIK
Case #60: CCCBAAAAAAABAAA
Case #61: CCCCBBBAAAAAA
Case #62: ZABCD
Case #63: MMKJIEDBAALHGFC
Case #64: ZHWQXSTYFVWMRGL
Case #65: CBA
Case #66: BBA
Case #67: CCCCCBBBBAAAAAB
Case #68: MMLKJHGFAIEDCBA
Case #69: AAA
Case #70: BBB
Case #71: CCCCCAAAABBBBBA
Case #72: CCCCCCCBAAABABA
Case #73: ZRBWKRNVPLVNWLK
Case #74: CCCCCCABBBBAAAB
Case #75: ZABYCXDWEU
Case #76: ZAAAA
Case #77: CCCCCCBABAABABB
Case #78: ZDABC
Case #79: CAB
Case #80: OMNHJELKAFIDCBG
Case #81: CCCBAAABAABABBB
Case #82: OGNLKMBCHEFDJIA
Case #83: CCCCCBBBBBAAAAA
Case #84: CCCCCCAABAAAABA
Case #85: Z
Case #86: BAA
Case #87: CCCBAAABBAAAABA
Case #88: MMJALKIHGFEDCBA
Case #89: BBA
Case #90: CCCCCCCBBABABBA
Case #91: ZACBA
Case #92: CCCBBBBAAABAABB
Case #93: CBA
Case #94: CCCCBBABABBBBBA
Case #95: ZADBC
Case #96: CCCCCBAAABABAAA
Case #97: DDCCBAAABBBBBA
Case #98: BAA
Case #99: ONCADEMGHJLKIBF
Case #100: CCCCCBBBBBAAAAA
