Case #1: 19 20
Case #2: 023 023
Case #3: 0 0
Case #4: 05 00
Case #5: 367 767
Case #6: 600 600
Case #7: 029 060
Case #8: 099 090
Case #9: 737 727
Case #10: 5 5
Case #11: 99 99
Case #12: 993 998
Case #13: 258 257
Case #14: 039 080
Case #15: 070 073
Case #16: 050 009
Case #17: 909 900
Case #18: 10 15
Case #19: 153 553
Case #20: 445 185
Case #21: 09 09
Case #22: 666 677
Case #23: 870 870
Case #24: 09 99
Case #25: 609 601
Case #26: 674 674
Case #27: 989 989
Case #28: 326 336
Case #29: 049 049
Case #30: 070 000
Case #31: 925 925
Case #32: 90 09
Case #33: 90 90
Case #34: 95 95
Case #35: 653 653
Case #36: 033 033
Case #37: 05 05
Case #38: 076 076
Case #39: 95 95
Case #40: 05 05
Case #41: 990 909
Case #42: 080 039
Case #43: 009 040
Case #44: 5 5
Case #45: 09 00
Case #46: 820 320
Case #47: 943 943
Case #48: 686 986
Case #49: 019 070
Case #50: 002 002
Case #51: 430 929
Case #52: 080 029
Case #53: 05 05
Case #54: 003 006
Case #55: 909 990
Case #56: 053 064
Case #57: 000 000
Case #58: 00 00
Case #59: 067 067
Case #60: 500 490
Case #61: 070 029
Case #62: 09 05
Case #63: 915 935
Case #64: 278 279
Case #65: 784 064
Case #66: 008 007
Case #67: 541 541
Case #68: 798 798
Case #69: 038 031
Case #70: 387 387
Case #71: 0 0
Case #72: 05 05
Case #73: 552 552
Case #74: 046 046
Case #75: 357 657
Case #76: 945 948
Case #77: 000 009
Case #78: 00 05
Case #79: 396 806
Case #80: 980 980
Case #81: 092 093
Case #82: 621 671
Case #83: 99 99
Case #84: 039 090
Case #85: 039 039
Case #86: 99 99
Case #87: 049 080
Case #88: 703 704
Case #89: 050 019
Case #90: 93 98
Case #91: 468 461
Case #92: 00 09
Case #93: 99 99
Case #94: 00 00
Case #95: 430 330
Case #96: 828 822
Case #97: 022 054
Case #98: 9 9
Case #99: 090 059
Case #100: 039 070
Case #101: 086 082
Case #102: 059 090
Case #103: 691 691
Case #104: 318 310
Case #105: 070 039
Case #106: 05 09
Case #107: 00 00
Case #108: 699 659
Case #109: 90 99
Case #110: 366 566
Case #111: 960 060
Case #112: 09 09
Case #113: 98 93
Case #114: 90 90
Case #115: 009 009
Case #116: 807 800
Case #117: 500 500
Case #118: 190 590
Case #119: 90 90
Case #120: 307 301
Case #121: 817 637
Case #122: 998 992
Case #123: 604 604
Case #124: 519 219
Case #125: 998 993
Case #126: 060 009
Case #127: 900 909
Case #128: 090 049
Case #129: 09 09
Case #130: 99 90
Case #131: 167 166
Case #132: 900 900
Case #133: 99 99
Case #134: 049 090
Case #135: 040 009
Case #136: 040 029
Case #137: 159 151
Case #138: 15 10
Case #139: 407 401
Case #140: 507 500
Case #141: 080 080
Case #142: 048 048
Case #143: 09 90
Case #144: 99 99
Case #145: 009 060
Case #146: 090 099
Case #147: 930 930
Case #148: 9 9
Case #149: 95 99
Case #150: 098 093
Case #151: 099 909
Case #152: 99 99
Case #153: 955 955
Case #154: 009 009
Case #155: 00 00
Case #156: 019 060
Case #157: 157 147
Case #158: 800 600
Case #159: 167 117
Case #160: 107 107
Case #161: 630 630
Case #162: 090 039
Case #163: 067 017
Case #164: 99 09
Case #165: 019 050
Case #166: 992 998
Case #167: 090 019
Case #168: 90 90
Case #169: 029 080
Case #170: 015 065
Case #171: 405 409
Case #172: 060 019
Case #173: 600 600
Case #174: 199 199
Case #175: 807 807
Case #176: 700 700
Case #177: 940 940
Case #178: 857 857
Case #179: 00 00
Case #180: 008 088
Case #181: 605 604
Case #182: 306 706
Case #183: 0 0
Case #184: 121 121
Case #185: 009 050
Case #186: 99 95
Case #187: 00 00
Case #188: 029 070
Case #189: 09 09
Case #190: 060 029
Case #191: 00 00
Case #192: 070 019
Case #193: 439 439
Case #194: 092 098
Case #195: 093 098
Case #196: 650 650
Case #197: 172 332
Case #198: 504 506
Case #199: 99 99
Case #200: 080 049
