NWZQHZIRRGYUTOVOBHNAQASROBXZPRPWZQSMLET
JLJJKLKIKLLLKIJJJKKJJJKLLIJKKLIKKLIKLIK
QMRMRNOQNLLPNOKQLPQNLLLPNOJPLPNQNQOROMA
DIRTXFRTEVRTWNRTXARTGMRTEMRTIURTUURTFAA
RQMOQQSSPOTRSVVSVVTPTWRWVUPQQRQSVVTVSPO
UCBBDQBBREBBFSBBTKBBLOBBPMBBNIBBJGBBHAA
ZOPLEJNOFNXDMGDWIQPZBTJCRLUQQALWPONEBHW
PTYHUDJOPOHLVCHPBGXYRBRKVQAMQSQVGCNCNDG
ZUZTTCYLZXLWVEYMKWMGUCWUCWJNOJLIDLVZRFV
NKLLSVTILKATXWRBKNFTHNVBINIWTPTPUZDKAYL
CIPLWUBRMUWZYXSYNEFOBNGAWJBQLITCIPLZETC
HIPTOYOIMXMXGFRRXGOYPJPJOHOHUFUFOIGFRRA
TBAACFAAGJAAKRAASNAAOHAAILAAMPAAQDAAEAA
ZBOQBOYIBODEBOFYBOVCBOTWBOZABOXJBZBBBOI
OSTRNMPNSNLTROLOKMOLNPOMPLNNLOKPONSOLRN
LONJIPNKXHLLWLSNWQPTOQMMLOTSISWPPMKMWIL
ISRSRSSQPRTNTNKJNTNNTNKUJNTQNOLOTQMNOLP
SABABABCDCDJJIIEEFEGHGGMMNNOOPOKLKKRRQQ
HLLCHVFPNCLLCHVWFPCHVWUHLLEUHLHVWFWFPNA
LPLCWNLCCQLCBMLCMILCGELCJXLCJALCFNLCXAA
QPWOQPWRNOQNOQPPWOUQRNOPUVTOUPUWOUPUPUV
SFRKKTWZRQCTXDJZSSEGHXJMBEQRQPSOMXHDKRA
KNLPPSOKJMRROKRNOKNOKNJMRRSPKPOKSPPSRNA
ABBBNMMNLKLLJJJJGGGGOPOOEEFERRRRDDCDAAA
TFPONIFHINMPSERGSHHUNPGLOFTMHSPRJQLJTPU
EFFFDCDAEDDCDDCDFEDDFBAEAACCBBEFABEEAAA
GXCPSECUFLTLDMVCKVPROLZOWNHSSOBUSPDIDMF
QPOPIQHONLKKJPIQHLNLNJKJKONLMKJLKHNHNQP
IVJVTNQPORMIPWVWQPTNLLPLJMLLPLPWVWJMMIA
HECMDLMMMCLMHECLMHEECMMCMMCMCLJDLMHCLJJ
XBOYHRRORSNQPFOUDYLRWIQEKCUNRMEUXGILMLU
FNNJNNXPNNWENNCUONNRNNHONNUKNNCPNNRCNNZ
BIYXLXSGHWGRBGPHOSNCIXKIUMNLHZOBTQICMTK
RPXXNOSOXRPSXXSWQRVUOXROSNPRVXNSUOXOOSU
HMIEDOMCFKQKICJFNHFIIKEFCKERMQQNJKGKCIO
QMMSTTRNSLQMPQQSLSTMSNSLQSTSTMPQQQMQMSL
VRVRRWVURUTSRTUTVVSSSWVWWURVSTSSUUSRRST
YDYDDYAZDYOJDYRADYXLDYNTDYIIDYSWDYQYDYQ
EDFHGCHFBDCEGHFCCCEBHEEEEHEBFEBCGECEEFE
NRQMRQSNPPRSORPRNQOOPOQQSQMNOOQOORNOQAA
RPNRQQQPONLSQPQRSLRRQSSQNNQLPQRQPOPLQPR
PXWPPTRTRVWSXUPSXRTXPSXZSVQVUSXPSXRPTOP
SXVRUJXQKSXJXOXXQKSUJXOQKSXUSLJUSLJTHHJ
JYEHBFLYWSJLNJYYQKKLOFDDXYVRCHLKFNSVJIY
VMGHFMOKDPOBVHUKOBPTGHUHOKDPPTGHUKVHUHA
PTFXXVWNSIZPXOTWVHMIHRYTKEIJMUPYCUJMHON
IAPZAAPAUAPNOAPICAPNCAPOZAPCAAPADAPLAAA
KSQQUOQWNGJGWJSWVNJSOFWQLWQQMNWGMHKJIIG
PROAVCRFFVMENZICWJFITWPBTYOLJWKHZDDHASE
AHZRZOEOMPGARUTCIWJAEWWWWVGVLNBELTBPQYO
NHMLJNKKRPTTUUUUQPPKUSKPJKOQSLNPRPPUPPQ
POASOXHCKKNWIOJGAYXBMXAVVUYCMJFINXKXHHT
TYNHZSLPZXYWNPMOZALUUGVBVZWTKXVVIFIFICA
ABBABBAJJJJFFFFHGGGPPPPDDDCNMMMKKLLQRQR
UYJKDETZXRJBRNZQHBIOCRHVUGPAERLWHMRFVSQ
HNEIEPOQQTTIBQTERCOJFMGDRDEMFEQBGHIDRDE
XYHLVOEJWDDKYTCICHXKYTCBAWQVKYJIGBWDSKA
AEIMBLDEXWOSHMKFKEYJWJOVIMKUHBHRKHLGLUK
LLJLJLJKJKLKJJLKKLLLKJKKJLJJKJJLLJKLJKL
HKKNEKQOLLHKKVVNJEFVVCMRSBFIVEFVVRSKTAA
NHXYWQQQSWGIHSXQMSMXWGNMTHKKZVQGJIIQLIJ
QERBDJMWUODJLPGURURUDBDBQULPGUQUMWWMQEA
AVATHMOQOWFWQQPECUOZJTDGFBHCRBWETCEMZWH
TTHWPFGRPWRGPPTOWHMORKWWOJVMISTVMPRRLUO
MRXKSKXHZXCJGEBMQUXAUHFSZHNMQLULDREDREL
CEEBBDDFCEAABGFFECGAEEFGBCFFFCCDDEAGEFF
STBAABMMNMRRQRLLKLOPPOEFEFCCDCIJIJHHHGA
LLFEFFHGLFLFHGKLJLLFKJHIJEGLLEKLEKLIKHG
MLKCIOLHXBPBDDVDVSGTMDERQMHAFDPUCCIYXNF
JGCGJBBKJDIBEDBKHBKAJDFBCAKIAJBDBCJBABA
GRPNVMLRUGRWKDRDRUGPNVMUGRPRPNVKDRUJWKD
UUISBLVNKEJSTVVBWXPXJJGVVQDDBAOUEFWCNAA
SLMPVPTLLLSVMQRVVMPQQQQNQNMKOPVOPRKTAAA
LAOLGDRBGYDYFKFHDWWIDYFWKCBXZIUWHVCWLGD
QUCJYYQYAYUUBIUZSOUWKYGFXWDUICRMNXRZUAA
BKJWEAUEAUEHVBKVBKJPWHVAUEIJWEAKJWEWHVB
JIMMLNLIHJNLJIMMMLNIMMLNLJIKIHJJNLJHJNL
IHHJMHHNWHHXOHHPSHHTUHHVQHHRYHHZKHHLAAA
CBBDOBBPGBBHKBBLEBBFMBBNQBBRIBBJSBBTAAA
VVVWVWVVVVWVWWVVWVWVWWVWVVVVVWVWVVVWVWV
LKJLRXKQZCOPWQZJDQZNCLWZHWBAWGQFNYLYWOA
RRRTRRSRSRTSRRTSSSRRSRRSSSRSSSRSRRTSTRT
XEFEEGPEEQREESTEEULEEMHEEINEEOVEEWJEEKA
XFLWMUWMUPUVURFLWMIUVUVURXPIUVUPIUMUPIA
DNNSBIKOIJMLGEKJPDRJMFMQPNNDLONDDOIHQMM
HQJUAHCKRSIOBYYFYKMRQZITUHMLPDLHIGTTUHM
MGGLGLILIJNLIJFJNMGLHNIGLLHMGMGLGLGJFLI
KMJKKMJLFGGNLOKGGNLOKKMGNLOOLFGLOKKFGGN
IAJKHFSAERERCBIAORFTFLHFIAFLSACBIAORFLA
DWSRKLNGQHDQHDWHDWSGOGQKLNPOGQHSRKLWSRK
QPPQPPOWPPWGPPKLPPMJPPJLPNPUPPNDPPPNPPP
EASJDYAPOAKRAPOWDYVJVEZGPTVJXCXMOFBFZZC
HOQNLPJKGIGLIKKNIGIPJQHOLKOMQRHRHIOOPGK
SSTRSSWSYYPUXSSVQVTXQUSSPSVSWTUWTXSPUYS
ZIOSYMIQVHEJSPUPIWMPWMOXLNICAAWYMITBATF
IYBQYMVFLYQCCFJAJRGJASEKWFUULTWDBQMQUEA
MKLKLKLMMKMLMMMMMMKKMLMLMMLKLMMLKKLMLMK
CRSFRSPTRSQJRSDHRSXMRSBGRSVGRLRLRSKWRSC
USUSURVVRTVRTUURUTSURUSUSUUVVRTUSURTUSA
BNYSWQAWZLSZHJFTDYTJSWQCLEBNQPKZRKTLLZR
MCPOMLDMOHNHLLMRPLFNEJORODRFFGHDSDRORMR
OMMJFINNGFHLFONFOHNHIMONIJLLGNLKHKKKINF
LROLMJQQJOJKNKLRMMMKJMMQQKKIOQKOMLOQQPA
MLVLZIBFDHQEPCOAMLVEABTSLDFHTFBMVFXTZJG
RUUTRSSUPPPPSTUPURSQURSQRSQSPRQQRSQSAAA
BAABAABNNMMEEEEPOPOJIIJHHHHQQQRDDCDLLKL
GSDOFLIJHSSELEOJPPFIELEKFNIRKRNDQSERDSK
FLNZUENKKPKFQXDDBFUJKRIKFHMCJYUEURIKFHM
BSHDNGFTOPRMHIGQNESJOLCBQTOTGQLJEQNQTIE
SIWRSMJCNOHBPINTUNTMUJBTUMUBJAXOUSOIGYX
QWCEZXGUQNDPMQTMCBVVLYWUALFVXGPIKVWUALA
STSSSRTSRSRSTRRTRRRTRTSTSTSSTSTTSSSSSSS
LPPSIMWWONOTPKOOHLVRPUTOWMPPVVTWUIWTLHL
JANJISOQLNLNJARSEEKDBRTFRSGFOQISTFBRGFA
MKALCOLMCIEEMEFAFKMJKKAFJMFFOALCEDJLFHM
LJTSAOWXQJWFXOYTTMDQBKWVSJVPJOXMKLBJOXZ
HDEEDEBBDCHDEBDDEEBEKEDDCHDCHDEEBDCKEDE
TMYHMYMRMYNMMYIMMYKFMYTPMYMQMYXOMYAXMYS
ORVRLVOLVVLNMMUQOSLRVPMPVTRMRNRMUVUNAAA
PXXAESXAMPXAEIXATCXAVCXANYXAWGXAOVXASAA
STZUOYNSTTYNSUOQYZUOQYOWWQYOWOQYONSTZAA
UCBBDEBBFIBBJOBBPQBBRKBBLMBBNGBBHSBBTAA
UVQOBYUBNTIEBYSPYMPWENTIRGIZCXZVFPEEPOB
QAVYQQQDLCFPVAKRGSGVRNYNYKLVZBCNVWYXMQK
IJAHVNAAOIJNAOIYMYAMYAHVNAOYAHVOIJAAHVN
BAACRAASJAAKDAAEHAAIPAAQFAAGNAAOLAAMAAA
IVBWYHPFVXNLLSUJURIWHHFBPSXHRMJXOWXMATX
DSRDFGAZZLXOOGJGWPAVSNHWPFCUCIQTYTXCMRK
YURGIMRGNRRGXYRGSHRGBARGOCRGRERGFMRGSAA
SIXOAZLNAIAZTTNWITEKYWLCCHLXZKVOGQQLFEP
BBAAEEFEKKKLPOOOQRQRCDCCJJJJGGGHMMNMAAA
QIEHJVBPWMWYOXTSYVZKGYEUDLNROOIQXRCYVZI
OROIJKIQJSRNRQRNMKNIOKOORRPROJQPNSPRKRO
QGRMMQCRTOIQIQOQMMQVCJNKMRHYDAVXDDASCET
ESKXYCWUYYIMAVBTGMNQYEAOEFKMUUKEDFITRSL
KNKMNLLNNKNLKKMNMMLNLKKNKNLNMMLMMMKLMNL
XJZPEJZPFJZJBJZAMJZQQJZPHJZFQJZOWJZBAAA
DBDBIGFDGEHHAAHLKADFLKDEBBJHLDEABCLFKHA
ABIFCBBGGICBAGCAABGIACAGHAIIBGACFAFACAA
OOCOOCOUOCAHOCTLOCHUOCOUOCUUOCBEOCAUOCV
UBCBBDQBBREBBFOBBPSBBTGBBHMBBNIBBJKBBLA
MAAVYMXDGVDGVMKKXDKXDGGVMAVMAAVYMIAAVYA
TBBBBBBLLKLEEFFDDDDNMMNJIIIHHGHQRRQPOOO
OIRQYCYEBBGSQFGYGBEGJSJPRQSJFWOQBDQGHDK
SRNORQQPSYUXSRNWYWSTPORPORQWSTPWTPSSTPO
CBBDQBBRGBBHOBBPMBBNEBBFSBBTKBBLIBBJAAA
OEVMHSWJXFVYFQZUOEFQLSXFLNLSZULGWJLNVYA
HEPPRYYLSTGHIZXYOVGSIYGIRXFMEKYSIYGRJIG
OHYAHYGHHYYUHYXKHYXMHYRTHYKCHYIIHYNHHYU
NSMMSMBKSMHSSMTQSMUEPSMNSMYPSMSNSMNMSMP
SSAAAABOPPOEEFFHGHHIJJIQQRRMMMNKLLKCCCD
WWWXXXVWVVXWXVVXWXXVVVVXWVWWVWWVVWXXWXW
FJLEEJIGCRLTEFHHVWFDVIVDOVWETTPIVCYNIPE
DJOPPCSRNVDCSLSLSRNSLSRSRNVPCSLVDJONVDJ
JQGBQGJSQGIYQGCKQGGJQGIPQGMFQGEVQGFNQGW
GKLEISPISPFHFFSFSGKSGKLSPFQLEISFFSGKLEI
JIIKPIIQTIIUVIIWXIIYRIISZIIALIIMNIIOAAA
SEHJMEHXSEHBCEHLNESECEHSTEHOVEHZUEHQAAA
UTPTTTVRRQWORVRRRQWUUUTRRQWTTVPWOOPQWSW
UPMLLSTNQWVTMLPXLVMLUQVURWSRUUWWWSLSSWA
BABABAQQRRNNNMJJIJGGGGEEFFCCDCLLLLPPOOA
UPQIQWLSKOLLOIWLIHUWPLTLJRWWHQMWLJWMLPL
RNPQOQRTOSRRQPTUOTNQORUNSUQPQRRRRUOQPNP
MSNOTVPUOMMVMQTMSSQTMTQOTQVQNRUPPQQQQOO
VCAJCEJZFFCIFQALPMKGKRTYMVOOVMKGAKUSEMG
RMXTXNWNOXLWSRSSWXXYQLYUTMYOPWRYMUNLLQO
EEDHHBEKBGJBGJHBEEDJHHBHBEEGJHHEDHJGKBG
DCCEHCCILCCMJCCKPCCQFCCGNCCOTCCURCCSAAA
STBBBAAGHHGLKLLCDCDPPPOQRRREFFFIIIINMNM
NONRNMHMJWWVPWTWTUROTKUSHNILQLTHMTSLNOT
QPHYSSAIWNUKMPCHCPRZOTOXDIWXAVKIMHAMFQP
LKQNLLKPONLQLLKRRQNQNKPRKPOLKRRONRKKPQL
XILASIJFCKMFZFXUWQBUWQBUUJMKSNZVFDKFHQL
YJKUQPVVNKOMLNTLNTJRVVRNSPKVVYJPVVYMLNT
FRAVAGWKJTNBGXHINKKYXUMEFXNAJOHHLMMDTAT
ESCASCVXSCIESCJFSCITSCULSASGSCJNSCXPSCY
TSBABANMNNQRRQEEEFDDCDGHHGLKLLIJIJPOPPA
UILULFNBVWMHONHNPUJELWTCABRKGRZLFNXJSJU
BABBABBRRRQPOOODDCCNMMNEEFEJIIIHHGHLLLK
VNQPTAUIENRWVIBIFVNMHDBZDHOBSOTDYWUOBEB
DHHHHRSESPODGLHPODHDIESRCDGIPESESRCLHIP
QMWOLOLQWSUWWMRUPQPWMRWWQQMLOLPQWSUWMRW
PUFQUPGKUQUVIGOPGPUUSVMMQKUVMMQGOUSFQJM
CBIHHKPQFIPDKCMNIHHKPEGIPNICMCBCNDKEGCN
KKHIHKGCKCIFDDHIIECHHCIGCEKCJIDICHCFFCF
BJBSNRYOJEHIZQPMQVZOQGKQHVKZTOKOGFJEXRL
QGLQOHIGLQOOHIDIDGFORJQHIDGLQOHJQGLRJQG
PRZRHBFRHTDRHKKRHYYRHKGRHUQRHTRRHMCRHXA
RNYQZXOUVTQPPQRRWWWOXQQTTUPWYQUZRZRQZRZ
RTRRXVTUVUSSRTYUVUUTUTUSUVSYUUWVQSVVVUR
IGIIIMLLMJLMLFFMLIGFFMNKGILJLLMJLMLMNKG
NQMNOPKMRTSLMTRQPNLQKRKORMQMPLRQPNNOMSA
URHMYFHJRCPQGCGJJENXGAUFFKZUTNUNCEFRYVG
VTTVVTVUTVSSSSVVTTUTVTSUUSVSTSTVVTUUTVS
MXLMAHGZWYCIWXCVJYSPSRAACJHEDSRHKVIBUDD
DQZRLSHDYFLHDQZPNOGTWUTLFLEMNVPMOEUZBKD
XSWLEXSKYIPNMRURUGLZWNMPIUOWFZWOGKYWLTX
POOQVOOWROOSBOOCFOOGXOOYTOOUDOOEZOOAAAA
TBVBLHYMPVBJQOMFRMCVDBOMOAHHJRDHTBVFEPT
OTNRLKLTLKNTMJSNPSNRKNOTTQMOKKJOLMTPTLM
TABBAFEFFJIJIQRRRNMNMDDDCOOOOHHGHLKKLAA
QWYJVVTPJVVPMYMYMPVPJVVWJPJVTPXPVNQUJYP
PGYUABLHMTDJZNRMZVPFNTXYHBGKYTKFNHNJAWW
OPNLHGFZQMRFWIWOIJZNHYTXWWOWXWLIIOPNXWW
AEWUTEOHFIJOEYOSNRHNOGNFYKZZYEUQLWFZZQA
XUQUEMGPQIFTNCMGGPDWFTNTDWQIXUPCNTNCMGA
PPORPPPPRRORQQPOORRRQOROORQRQRPPOPOPOPR
ADQYMXMKUCZVSECLOVDLBLPAKEQVYMCPAKETKLS
ACOHGFQAODDEJJAJDENDFCODNDHKAJJJQAGFHKA
ZZUYCLOQJGVUGXQDVFREFNVWNRYDMSUHHAMQOAA
QUKVVDYSFCPLVLMUQTZCPWNUQTZATFNNNNYKTHC
CKJJLOJJPQJJRAJJBMJJNUJJVWJJXSJJTYJJZAA
LTQUTQYXTQNKTQWCTQWZTQZUTQFBTLTHTQISTQR
BABBABBMNNNGGHGIIJILLKKEFFERQRROOPOCCDC
URSQQRRRUTSTUSRQQURTURSRQRQQQURQSURSQAA
PQGGOPGPUIIGGPUIIGOOUWGGVOUPGWSFKGVWGPQ
GOCKNLILIHJDOMGEMGEHEINFFOMMHEHEHEIOMGO
STABABLKLLHGHHFFEEIIJJRRRROOPPNMMMCCCDA
YBKAXCDQMNVDMQLCSCCPUHQMAOVIXDCKFJYTMLG
TCQDWGFNQVVIYOFQMCCRFJCDVSNEJRFXBUCIUQW
FMQYLDBIMELZTGEAYNROOXVGMYUMJRWGKCMZKCU
ICZRAOUMCQZTVPWAOUECOTDCZWISGFEQNCDKVTB
LJOMHSJVMJOTSPPISLTQHTMOXNKPPULKXSQJRTV
VXSURMWQKGRSPXQRGCVBJMLWLEIUJSBGQXUIXES
TUZHXUZIEUZJZUZBEUZBVUZQCUZXZUZEMUZDAAA
LUZSLIMVQFKPRKMCEMLVGIZFUTAKHEJOXKHAECP
TTSBBAAIIIIDDCCNMNMPPOOGGHGQQRQFEEEKKKK
IBEAGADDHBABAGADIBEADIBHBAGBEAEBDHBGADI
UCOMTHTVIKVTHRPLOUVDLILHDOEHCSLNDNSCMQN
KJGEDRIRDGKMORSIKLELIGKKOJMSNMCCHKRFRPL
GYCCDYCUBLHTLQXGMBLNFYAVVJJHEFZYIVMOAAA
MIKMHGMIGIHLIGJJJGGKHGIMGJKHLILKJGHGIJM
OTCVTCISTCBOTSTATCCFTCUXTCCSTCGITCWSTCV
BSQOSQEUSQRVSQAXSQWSSQRGBSQMSQHVSQHXSQK
AAABGGHGEEEEKLKKOPPODDCDQRRRIJJJMMNNAAA
ZENGYXDBXQHFJXGVTBMJMLRDPFGFUOTLRGEWMQG
NOPPQPQONNNQNQNPQNPQOPNPNOQNNNQQNQQQPQO
VBCUGFPYHLZAVSKCAUWWFXXLCLANNUGKIVKVFOB
QSORREBVLPTASBDNKCTUZXOMFFDIGCOUNRRYWNJ
DQUVFWOFJOFJWJPYHJPYHQDXYWLXEYHYQRTMVAA
XUEOLEXUEJJASWEXUSPOWPOWEOWEXJASPASPOAA
TTBBBBBGGGGIIIIQQRQOPOOKLLLFFEFDDCDNMNM
WUJUHOLJLHTNTLGVWIRUPNLQQHGOLQJLVSTPLPV
UHSNCRXFJUPIWWYHSNCHWQTHSNCUFMVLFJUXCWH
SSTABBARQQQKKLKNMNNFFFEJIJIPPOPCCDDGHHH
OHMJKMIKFDOIGHKILPSOPKDSEIIRSEOSPFDDRIR
KKKKJJLJLKJJLKJLKKKKJLKLKJLKKKKJLKLKKJL
OGUVDSGZPEZORGIDKSTXIJTPGBSUXFEVDSGGXLX
VRKLKKSPMTPPUPLSLPSMLTVSURRNJLPOJONRNTM
YFGFFHQFFRUFFVIFFJSFFTMFFNOFFPWFFXKFFLA
BAACJAAKLAAMDAAEHAAIFAAGNAAOPAAQRAASAAA
UBBCBBDSBBTKBBLEBBFGBBHMBBNQBBRIBBJOBBP
UUXVVXXVXXVXVXVVUWXXUUVXXVVWXXUWVWXXVVA
KFTWCKWUYAAMVDWTZYQQQVXYJEOTPWJSPOHYAAA
UTWXDQKNZOKAKUZRIUHDNKANFCGWJHTIXTWQCNF
XZWVSSNSEBAQRHLWBJYCNAHQDZWJVQJVSSNRAEW
FLIEOMFFGHHCIIFLHDHFCPJMPKLOJJCJGMDGDEA
BZEPXUIZPRUSFQSLAYHWKJHHOJMLAYHCRUBXPUL
ABBABBAPOPPHGHGKKKLEFEFDDDDQRRRMNNNIJIJ
PIICQLJBSIKHEBMJKPHKKTDBOODDHEPMUHBDUDI
TECHFVERSDSRAEZPVLRJIFJPGLORGIALHFVNTPR
IVKMCPZGZYZMOZTWLAKNEFKGHWYGTPHLQWINFYG
EFEHFEFHFEHGGHFGEGHHHFGHHFGHHFGHHGHGEGF
XTKRVAWOWOMJJSRXYGVYWTRAXLMHCXBGYLRDWFS
JBBJXSJJFNWRWCDWOROQZVDPOWVSSENISBXZZYT
WYYVXVVVVXUUVUTUTYWVWVTVWUVUVXUUYYUTUWU
SNKHPUOJQXUSXNLVQPMSIJOSSWRJHVKPKKKSIJO
WMJLQGHMWMNNHMQGFKSGPTHUSGPTHRFKOTOTHUA
PMMWYDZFQJTVVPGYHPHPPJXZPUNPGBTZNXJQOVY
EOYLOYTVOYYCOYKROYWROYMUOYFQOYIOOYSIOYQ
FMOPLOFEMFSLFHSFNRHSFNKEFMIPLSMESLOKIPA
SABABAAFEFEMMMNPPOPCCDDQRQQKKLLJJJJGGHG
NEMLNFNMLNFJKIHFIHKEMJKNDGNEMLNEMJKLFLF
TBLFWTWKTYLGQBAEJQQMUQVTWFSZZQCNYABNYAB
QKRMUISPJHFKCTELMIILAPSZFPBWNCJUMVXKRMG
WETAETCHETDZETPRETWVETZYETJXETOQETRIETP
QTROUQUTUOPRUTSUTSTROOTSTTTOOUQQRRUUTST
SSTBBAAGHGHKLLLJJIJRQRRCDDCFFFEOPPONMMM
SKIEDRVNXXMKJUPYVGPFXWDGCUBVGPYNVBZSLJA
GFFFHIEIIGGEHEFHHHHGFGFIFHGHIGFFFEHHHHH
RONPJCCKEADEOTCCELRPASBCOHKDOTKBQQERSGP
VOZSUHBMUYVWAMVOJAJQCKUIVXHIWJHBERWOAQV
FZGCZGLSZGMVZGXOZGNGZGBLZGVYZGUAZGICZGL
LORMMPITUHQWQHZEVOKDHLJEGVLEGVLKYOOGTRF
SVQZZPSMJUJUXLNQSMXLXSXJSQSQSVXSXJZPLMA
HOKOKOOGUOSQGUOSPPHPPHOPHOKUOSPOSPPKOOT
SMMGBFMTRFMPOFNEUKCMGRPRRKTMFPSNNEEKDGR
CYMYTMOYTYOYTIXYTXFYTEGYTHQYTTGYTEWYTTA
RQQSVQQWBQQCZQQADQQEXQQYTQQUFQQGHQQIAAA
OMKOMMOMLOOKKNMKNNKNLKLLMNKNOKNKNLNMNMM
UKLHQHNGSBZAANTCRZJUOSXPOSRPFFWXKUNRHSV
FWIHWDHVMEXPFBWMUKCSGGDKFBCDMUKJYYEBKRO
ZCVXHCRIHHOZCRIHOXHOZZCRIVXHOOZCRIHOCAA
KIRWPPISHHPPPPPPMLHRPXGSISMLVOHHHRPXKIA
HNKJOUJLNJOJTNHNKRUJLJLNHLNHNOJTKKJOJAA
TNNJMRNYUUTNJMRKYUUMRNWUUTNUTNNRNWQNNJM
CGDVGBBBVTNRJOUCEAHIXCGPISZUPRPQBUQWQNP
WVVXGVVHAVVBEVVFKVVLCVVDMVVNIVVJYVVZAAA
WKVULUXQUMXWTKRNJNXJNXORNJNXSMJLUXSSMJO
ZGLVHDGXUXRATKWSASGJRQIWXBKDMZYRPMJZGLV
WTMXXPUZYRYWYZWZMSUURYXUXVZZRVWWTNWYWNZ
YNRMFGQQYNRUVNNQMFGNNQMFGQYNQMFVNNQGQYN
XMRPGUQHWXDHEHGUQJQJWDWXUKFHQHUKDHEHXMA
SSFMZQPQWSUNNEESFMSTHEUJWHBIXDJYLCZTDKL
RSGHWINWWQPIQRRKITWOMTVVPHMQMIOPVSQNKPK
VYHLHKZQBNFHEXFPMESNYLNJAWMXMEOZVKWGDMW
ABMBFJUBFVNBFHKBFWQBFJZBFLOBFWMBFDLBFGA
TIPKQKIOIUJMOTUHQQQIJLNJGRHNMGTUMGIQSHM
ZGHGGIJGGKTGGULGGMXGGYNGGOVGGWPGGQRGGSA
UGIMHSGGXTYKKQLMSRUQPLKQNVLYLFKKPJQLEOM
IHSAHUOEFFQLYIQVJWFGGJCDNXNJUTJQMDGZAAA
STBBBABPOOPHGHGQRQRJJJICCDDNNMMLLKKFEEF
ZOFJXKUKFKHQKLNPYZWFHBFGYOUGUYIQDOHXRQS
XEEFEEGLEEMNEEOVEEWREESJEEKPEEQTEEUHEEI
GKKHKIHKJJKIJGGGGGJGHIIJJGIJHKIJIGHKGKH
UTTWVXUTXVVUTUVTUXUVWWWXWUWTTWWTWXUXWTA
XLBBBICADSDEJADFDJEICGNAUVFVFFDSDXLGNAU
VRTROTOVRQVWYUWVSYOOOPVVTTRZWRVOVSVRXZW
HJKQMIHHOPPKJNHHNKHHQKHPIMKHHKJKLHQJNMK
NHYSSZXWJNNLRRRRVUNNQZKNXIWXZSTKRXRTTZL
IDXRTMFGCTQKJKCFYPIHYAKQFPRYAVTRLCYCLHG
DROVRXGXDIXGXWXIXKPWXXIXGPWXIXDROGXDRAA
ULOOODFTLFJRIZXEVIULCIBXXLOCRDCCQHBBBKU
PVXPGFUYCAADTOCOVGQLKQAIMIWYVLPXFENVGQW
BIVFFCLQULVOEIBGISJZBAQWCJNYMHWQITBEIBJ
HGGIRGGSTGGULGGMPGGQNGGOVGGWJGGKXGGYAAA
HLKKMMHJLLILJMHKMHJLJHLIMKJMHIHILHLHMHL
YWSWSWWTWTUOXWTPOOXNYPNWXPSPOOXPOOXWXPS
WVVVVVVVUUWVWVWUWVUWVWUUUWUUUUUUVUVVUWU
QPOOPOQOOQQPQOPQQQPQOQQPOQQQOPOQOQQOQPO
TABABAACCDCJIJIGGGHRQQQLLKLNMMNOOPOEEFE
DIVMLSJVHSTTHXAGUEFLCABNXTPJRSRUAVNFSNX
CDDXLEYILFPKBQHJTVGQWNOEMZRDLSOREWJDWBA
NMIVULTKHJTRQQMCGMBTJFRIRDYMLTCTTMNYESK
YAWUVWXSRFZVLJSMHKMSXTMWTJOPNKUHHLYAWUA
LKKMPKKQZKKAXKKYRKKSNKKOTKKUBKKCVKKWAAA
ELKJLLGGGIIKGDGIFKGDLGDLJJJJIKLGGGFKELA
STTABAAIIIIKKKKPPOORRQQHGGHCCCCFEFFMNMN
GUAIDVEZJTBSRSOZJLTNTZIGMSIFKYVNZVJNTZI
AIRPAIRPAIRPAIRPAIRPAIRPAIRPAIRPAIRPAAA
ENKKJHKKHGGMEJNMEJNNLJENJJMGJNNEHHEHINM
ORTRDCNSZCOOIKBKIRSOBULTUYHXRAILAORXUWY
NENVIENOIENCFENMJENWAENYCENECENVDENYAAA
NJCMLIYJKECUFUNXEHJYKYXFPEOKSHUWYSFOEKK
JKQVIVCMYIJQUJHCGHRHCWWWHQBROCJIVRMBTQI
BAACPAAQLAAMFAAGHAAIJAAKRAASNAAODAAEAAA
UCBBDMBBNIBBJQBBRKBBLOBBPGBBHSBBTEBBFAA
XXTOOZWYMNXXWMQPTWXQUOTWRWYOUXPTNNOMXMO
WEHBRVLEFLVIUZHTAOKYLZOFHDAXDUJPXBRQMLS
IPLMSMTWVLSYWURWURORVVQXOXOPTUQLNWXQXXI
DSWEBKGMOEAWKXHQNXFLXAYCDKWKUFTCEICXKLC
UNKINKMQNKTNNKRINKYJNKAANKPDNKMQNKWANKK
STAAAABHGGHRRRQFFEFMNMMPOOOLKKLJJJIDCCC
SORQPRMQTKPQNORMLNNKQLOOSTLSRPSPPTOOSTA
FLIYLIFKLIETLILWLIMZLIHZLINULIDGLIMVLIG
IZILNAKMZVLPDGCQKENWCYEGOWPULKKBVALNLAA
IDRATGPKGGHFPZHWOUHFGXGEWPNKSTJZJWBOCOF
XNWNESJEOMCTDAMIDJSLVAGSJGIUYWADBCUHGZU
XEFEEGVEEWJEEKPEEQLEEMREESTEEUNEEOHEEIA
SRRTGRRHARRBERRFWRRXCRRDYRRZIRRJURRVAAA
TSBBBBBHGGGQQQQIJIIKKKLFFEFDDDDOOPPNMNM
FARXANNGVJOVPKXUAQPNSLHFPTWZUICVVASDJOZ
TMMSUZMXTCFTOZBVJNBWPAXUYWVRHMOGXIOCQJA
KXWMOPJSIQRSDISVWWSLXTNFMKOABFJHBUOZVTJ
TPECSFOFTEZHJBWEXTIQBZIXHJKCSHJSGQYXYLW
PLQGKGVRWXPPENKGPPYTTRDMYTENVRYKDMWXYKA
CFCBWYWVMZGAAYYLMMOPUYHJTLCJKKDUUAAWDIW
VWWWWWTSVUXVUXUVSVUTVSVXURXWTVSUXURWWTV
TTTBAABCCCCNNNMEFFELLLLOPOPQRQRHGGGIIJJ
WXOIUTQNTRQMRMFSFUZOFMUHTUYSMJLOFMUNSUT
NVUUWJUUKLUUMDUUEHUUIFUUGBUUCZUUAXUUYAA
CLUVZKRUWIGBLVDPLSYFXIPGWCVKEJAAMCFXQSA
LIAMKGWZXTGOQLFNKKBLLITJEXIQRALLOUCUAAA
SSTABABEEFFDDCDLLKKPOPPGGGHIJJIMMNMRQRR
WQPNVXULWQLWQPQPNVXYLWVXYLYLWPLWPTNVXYA
ZGHGGIJGGKXGGYRGGSPGGQNGGOTGGUVGGWLGGMA
JNKFNKUBNKTYNKIDNKYGNKFINKCHNKFTNKRTNDN
TAABBDCDCHGGHMNNMRQQRJJJILLKKOOOPFEEEAA
XPQKKXSWRMRULWNOPSTXXTLOLWIOUQIXTLSXRXK
UBCBBDQBBRSBBTMBBNKBBLIBBJOBBPGBBHEBBFA
DKTDERBYJHXPETAMSASLVZTWWRTGGSLIAGPELVV
XZAZAZODFWVADAOUEAMDECCYBYOBRPRQBFFWRJT
XXZYYXYYYYYZYZYZXZZXYZYXZZXXYZYXYXYZZAA
RWIFJQGPNRSWHMGMGCQERWIIFXHPNRSTIBWFXHP
KEEAOVTEIZCBXWLBYOCQGUKUNDQWEYZRRGMXJON
YKHNSTLWDCKSAOWIYGNSLIVJEPMDVUEETDVEYHM
IMGGIHDHHIDIEJHIKMGDGFKGLDFDGIFLLJKMAAA
ZRDSEZJZUVLTMTYYRPPGHIJIHHXNMXRZJNIZUNA
KBSDSQTPYTYGVKWAUNCPCWSDKINCPPHURRHYFAA
AXIJPXIXYXIUEXIIDXIBVXIOAXIYGXICQXICAAA
TRBDZOBDVCBDAUBDLTBDXKBDZSBDFDBDULBDQAA
CCECFFCCEDECECFCFECEFCFCEDCEFCFCFECECFF
IDONVPONAOONGQONQRONGEONTHONLOONPGONJAA
STABBBJIIJCDDCQRRRFFEFLLKLOOOPHGHHNNMNA
ZPZPHZKSYKOVKYJDOGBBWRTELKSMYZIVSLOSPWL
XYASOUXOMIGXYAOUXOTGXYUXOMSOUXYASOATGXA
FQWPVQRONFJQFUWONFJKVVIOLIPWIMTETTLTEST
NXIXNNJVMSGTNXXVWUJQGTWUJLMSJQJLWHNNXVA
DKSZKSJIKSXHKSTUKSBQKSSAZKSKKSWOKSKDKSG
EHGCFHKKEFDBIMEBMJBMLBEENNMKNGGGNJBBIMB
BSMMMXIAHPOTGOLCWGSDVNBVBSOHKWCGRUNNLWG
DVUPVUSSVUNXVUPDVUENVUUWVUOXVUPKVUBIVUD
RHPJDGNQRQRHPRMGNNQRHLPARARMGPARMMGNQAA
JMITJMITJMITJMITJMITJMITJMITJMITJMITAAA
HHXEEOETIAFMQLDBOPEVGIGHLYRBTLVBOPESRLJ
MVPEAWJYZEPYQGHCUTUOAVBXRLFOWOJEJVWZAAA
QULHVVYRVSOLJLLXKQBNWVBHKQWAOKBCPJLBAAA
IRTOCRTJYRTERRTNHRTNIRTZYRTYDRTJIRTFAAA
UBCBBDEBBFIBBJKBBLOBBPMBBNSBBTGBBHQBBRA
HTSUXNBCYQKNBYWHYVWALLAJEFJDBWAJIVZGJVV
LPNINNNPNNIIJMQNONPIQHPOKOIILPIPQHNQHPO
XTEISTKNEGSQSWNTKAYNVBRMDMKJUNGYBSMYBNR
WXVWVZXZWVUZVRYYTWZQXWYTWUQZTZQXXWUYZUW
OWNDWNOYWNQEWNKEWNUAWNUGWNQJWNZIWNAIWNA
WYPLMWPSLOCYRECMMTCIBYVJIBQWPYWQHQGOXBW
WRQUIHRHDEZJGASNJPKGASEECLSXYJHJGASRJUY
DFEDFGGEGGGFEGDGEGFFGFFEDFFGFFDFEDGDDEA
OOUVULUTLJNLJNVRLTLPUVSOTNOLOTRSVNNPOPO
QOVPIENBOKLWOJHITTUSRXOVULRNDDFJHPXYIDV
SAAAAAAPOOPHHHGLLLLEFEFRQRRDCCDIIIINMMN
ADAKOZAKUHAKPTAKGRAKBJAKKYAKVFAKCVAKDAA
TAABAACLAAMHAAIJAAKFAAGNAAORAASPAAQDAAE
DQXHQXUEQXYRQXKUQXCIQXKPQXHIQXFIQXHCQXZ
GHDWVWDVGHDVGHDFNEDVWDOPFNEONPPUDEGGHDW
EVBXHRMWUNDDVUEMXELRUXXXKVPCEFTTSLWPFTC
MLJOGFNPOBNEIHAKMJCDGEFNJKDAIFOGBJKDDIP
ONNPANNBENNFYNNZQNNRSNNTCNNDUNNVWNNXAAA
RMLOQMQOORLKQOLOLNPMMSQOORKQOOQRPSKQRPA
TBAACJAAKFAAGLAAMNAAODAAERAASPAAQHAAIAA
RSTSRURSUSRSTSSRURSURURURSTUSRURURUTSSR
SGMMMFKFQNJIRHKIKLFKHOPSIJHQLONOIONSIJH
SSSUVXYOQPWPOQPVSSSPWUWWUWTVTUVPUQVSURU
JDEGEKHEDHJEHHFDDFIHIGDIIGJFKJEJIJIEHFE
AZBQEYHPYSOKZQJXTUOUVRFPPGXRZJMKEJQARZJ
PMLNQNOMNONMMOMPQLQMMLQMOPQMLNLNMLNNQNM
BBABBABKKKKFFFENNMMHHHGIIIICDDCQRQROPPP
VMFXBKLOSFCIZVOVHKWVFNAHVHKGIIIUXRQDEEH
XQMKBKQFOQOQDSIXSPSPQLRDXQQLQFBKIXDSMCA
UBCBBDEBBFKBBLIBBJQBBRGBBHSBBTOBBPMBBNA
PLLGUDFPUPATDTNBPLLTITDNUKTUDFAFAESTNPK
BJIIKPIIQVIIWZIIALIIMXIIYNIIOTIIURIISAA
UUJBDNOTYPSRRNBFUUMXQZZNOEHLSIINHNACAAA
GHKMIKIVKLLLLRRRRRLQTVKKMSISIQTRLTHKIGH
EMCDMJIMIHJJMJEEHFMBAJEEHBFMBHAKCFMBAAA
NTUKSBYEYZRWKUUXBASKQWCYWMIOCAEGYURKWAA
KRPOKPRSTTKPTUKQMTPMKRQPKQTUQPLMRSMTLMA
VQUVTRVURVUQRUQUTRQVVUUUVVQQRTUUUQUQQVV
VUTTPWPWUWVUTQRQVRWPUWSSTRVPSRQXWXUVPPX
ONKQJBNGLEAELESNRJFFIJEJHSGOESOIGOOAMOI
RRRTQSQTQQRRQTQQSQSQRRRSTSSQRSTSQRQRRRA
ADUHBQHZXVWQREJJERWDTOPKYMEZITYEJHAJWHN
GRIWLTKFNJTALENJUZDEGSXXSMBPCMHPMHWWERS
QRXTBFMIEWEWPCGMNTVFMIPCGMFOQRBFVFCMFOA
PXQZGYITVQJDOSLNHBEHTUPUJRAWQGXQYWUWNNH
PUJOROTNAVVYTNICCEROICAVQDUCVYDMPUCEUCA
LAZHTZALYNFNXMZQUGFCQOLGTFXJDZKUWYFCUAJ
TSSBBABHGGGMMNMLLKKQQQQJIIICDCDEEFFOOPP
ZZWYYPZNSKLIRTOLSXRZJMIRXIZSNROOZRNOPLS
UNVGEAFHUHTOSEQRDMHTYPYPAUBIZKLECIFYMIO
UCDPTFJLRUCDPDPTCAIWCMUCDUFLFFJLRLFMGAA
RUQTWSRVQVSWRQVSRSVTVUWVWVSRUVVSTUTVRUV
KPIOKQNQRIQGOOQHGJNNNHLFJPKQFQMLRLGMFJF
TBAACNAAODAAERAASPAAQJAAKFAAGHAAILAAMAA
DNLMZNLGZNLTNNLWUNLJCNLTUNLPRNLKXNLFAAA
KPKBPKSOPKRWPKQAPKNTPKUTPKKCPKZIPKQEPKT
APILTERNQEFDQXYVVOQZOSJSVAAWHTQJRXEBPDX
DNNULWNNDHEPEVNNGTGDRBEGKLDGPBPEXTGPLUD
TABAACFAAGJAAKPAAQLAAMHAAIRAASDAAENAAOA
JXPGXPTQXPVMXPBRXPEWXPQKXPIKXPOKXPIIXPD
YVVCPNLRXWHWHLFLFFPVCEGEGRQOJYVRQRXFPCP
QQPSRSPTQSTSQQPRRRRSPRRRQSPRPTQSTSQSTSA
ULHULHUMSRANVKAAQTAHPBSMPFMZUMBEXQYWILI
TBAACRAASJAAKDAAENAAOPAAQFAAGHAAILAAMAA
GONNPCNNDENNFUNNVWNNXQNNRYNNZANNBSNNTAA
LSHJSROLMJIMPMMUKNWPLIJUKJLIOLSHQSROAAA
FFGMNFSGBJQOMBOBACEKQCACFFQCSGNFQOMBEKA
AABXJJAGHVQXARGVCPBLEEKNMPEBMOMGBHRGICA
BUKTNCKSTXTWFOPUEYGIMITBHRWCHZMGNHKOCAA
FCACKNDUMLSIHAQLKZHYIMHHYOLHYOLCZVTDIVV
RSTUTVVQUSUQQVQTSTURTTTQVQVQUTTUSQQTQVS
PSGDDRLMPLQHJTRLDDPENJHLNTHQHILHITLRKEE
QQQNMMQQQQQQQQPMQMQQQNMQQMQPMPMQQQNMQAA
QTTRUGUNVSVUQRQKPLTIOSLTIMJLSSNVQKKJTQR
VKAUSDAULSAUDGAUOLAUYXAUOUAUIBAUUEAUIAA
RUKEPZGSASPWBOHYTPJESGRUXFAFRUKLDVFLQVZ
XKCLGFVXHFXOOQOXVJCQPYEJUINXTAQLQZWAMAA
UFPDHGPAXOBZMARZDSLWTMBSQWYSZLAYZNXJEHJ
MILSGJIPMIMDCRFKREDWTCPYTSTIZYMTJHWMXEK
XZMPTTLMIKMWCFKTMYVJATNTTLRURYQESRFYBQV
SBHXAWGIQMDBXKQUSQJJWDUVUIXAOKREOOSTXXA
ABAABAAHGGGQQRRLLLLJIIJMMMNOPPPFEEEDCCC
JJJIJKJKKIKKIKKKIKJIJIIIJIIKKKJJIIJIIIK
EGLDEEAAJFJBINAFHCBDBLAHNJFABKGGCJDJHJH
OQQOOQOQQNOOQONOQNOMNQNNPPQOQNOONQMNQOO
CMDCFLNLFINQFFIFFIICMDCOOPQQFFIDNMCFLNL
MQXYMLZCIEOZRYBGNILPBHBKVHPGLLGENIFZFEI
HGLXSPNPDIJFGGKSZJBIQJPHWNXCAICNXDGHSNT
TTSABBBPPOOIIIINMNNKLLLGGHHFFFFCDCDRQQR
NOOPPNPPNPPONOPPPPPPONNONPNNOONNNONNPAA
JQOTXVJLIKKJSMIKJLRUIXVJLIVPVJLRLIVPAAA
FVBKQAVLQNNABORHRDHLGWNDRFOGJGNECDCCAAA
LKKMVKKWPKKQNKKORKKSBKKCZKKAXKKYTKKUAAA
LEXFWGJUNHPJJUMRIUIUKMKMJNWGMRJNJEJEPJA
YXWHWBAGELXBZLONRACXVZNNNJZCJLRLLCFGAAA
WVKSGIRMELIIHLHLGFVVIRLRHELLGWMXYTKKTVW
SWUUVXXMVMWXOUXMVRUXPTVXPRNSWWWXRXOXTPX
DWLXPRRJXMPRRJGLMJULRWRWUFLUDWMJLUUFGLA
BTEUPYHPYHADBTEZJDBHADRYHADJDBTTEUPEUPY
LNGYBTVVLGUWLAVBJFNBJTQTKVKHTTKIIUCVGIG
ONNOMONNOMOMMNOMOMOONNONOONONONOONMOMMA
GKHPRITJVLPPLQORNGGONORTNTKKQTLGNLJGKGG
JPJOORBJKPXNOGVNMMFGOVUBGIFLEFLJBGICYKH
VWFDSQYKMTPMGWEJPWYYRBVYUCTZKYMEJGJYFYX
TPOXYPXSUQWWWSOSQUQXYRPQWXSYZSTSSZYPYYS
AVHRDPEJJBKVLUJXFEDGIROFGQOEJUBIZUOMSLM
KQPQPLKLQMMKQONNPOLLPQPKQQPMONKNOQLPLMN
DOTJPJROGOINNJUREEUUUKPRDUOISTGUFQNGNSR
BCRGONBMQQCBGAOQQCCBRSDHBCREHJNCCHGQQCC
UNQITYKMDVQCJFTFFAEKXFIRJERUKJXFEGSVONJ
DJSNFWGCVXECFBXVBRVPKFDRBDRKFCOWDPKRJZF
EPLEMVSDTMKLXPBVOJNOVWSMEPHHRAPHLXPKHSL
MRPNKTMHLRMOMQTNNNHJLQOTPJKFKLGMGFFGOOJ
VVXVUVWXUXVUVUWUUVUWUUXXVVVVVXXVVXXXWVV
HQXKRHZTICIJATOBLXYMKDNDFMUFYQEMLSSDSFT
OCRZCRPKCRLSCRCICRNJCRDOCRMAKCRQCRBVCRJ
LMZZWBAXUSGQBCBIONMXFBRBKPYOYSUBEYEJTFD
MMPOJNPIQKMMMINPIMMMPOJKIJKINPOJKKINPAA
SRTWLBTKBTCCGWEMITWXNBFUPJGJWGOXRBWBWWE
CJIJRBDGGZDPKTUCGKIPPUUVYMIGJYRMCCJNHCF
UVDYOGRHHFAJQRPTYJNRNPYZBZYOEMGPMQCZBZY
MYDYWLBVAHJGENXMAQTXLVJJHJOIFDXIPCLAZVK
QQOPOPPQPQQQPPOOOOQQQPPOQPPQPOPPQQPPOPP
NMGEJNHSLMLJFJJGENQKSRFQFMOLLHHMNRFLIAA
TAABAACHAAIRAASDAAEJAAKLAAMPAAQNAAOFAAG
SSAAAAAGGGGPOPPFEFFKKKKRRRQJJJINMMNCCDC
JHLIGDOBSOZFDRXYRSKAQRSYKATCNCDLIGFGLCZ
UXVXXWWVVUVUUVVUXXWUXWWUUVVXUXXVVUUUVVU
HHSFHSUQHSUQHSKYHSJWHSEEHSODHSTIHSGGHFH
GFJHIFGGIFJGGFIHGIHHGHGGIHIHIFGFHHHFJHF
LPQOBPQECPQFAPQZHPQBUPQEAPQYMPQEOPQGAAA
TUKAQTKGQJBRUQYLMMIQEHSMOUJBRXONMJMDMOU
NMGLNHQPQOINMHOINPQKHQPQKQKHOINMGKHOIAA
OWVANAPXCUEWAQPYUMWVQBIDNQDXMEEANAPKDTH
JSMOOKQVOOOQTRVQJSMOOOKRVOOKQJSOKQJTRVO
NJPQLJMMOLNHPPNJQHHMIQKPNIHOKMJHINMNNIP
XGTVRJWWTHXIZXTXWVITXIXOUVVZYUGGNJOXXMZ
RHYOKNFAZFJHWRSULDTVARLGAZFBTWMOODTIRDA
ESFALPMTXPXEVEVCMFKTDASFSFAKFCOMXACEMCU
VHPVJQUTTVVQTSNIHRSVOGHQVLHIIUVVPVNIVUA
KOCAZHDLYTFBLSQSRTWHKHHLNAZSOWSJXTBNHJX
MRUGUNEQESNFGJRGKQGLPUEKQGEKGLEOJLSPUTO
GRJVQITMGJULSHGUGJSSWSXLJGVXWKLIKXMVGHI
SNCIWUFVGUCTKUIUSURQWKJRLRBVROCIHNYTJEA
PPNPPNPRRLHLSSOIMRLUPPQHTTLSQKQTJTHRLSS
GFEGDCDCGFGDEGDFGFFCDFDFFGAGAEBEGDEEBGF
TPZDNNOIXLACECQIOHOIEACEWFCLLFUZTPZSEZV
RXLTXLXUXLDPXLHGXLTAXLOJXLTAXLORXLXLXLG
DSPUEVIHQHSASDZOGTRRURRWVHFVWVHYBCSMYTV
YDEICTKLILEOZJZZXWOSDLEOZZXZKOZDJEMWOAA
LGVJNHKOWOWOIJWIKONTPJPJUJNHWIIJGUUJLGA
SAAAAAAOPOPQRQQLKLLMMNMIJIIHGHGDDCCEFEF
TAABBFFEELKLKJIIIGGGGDCDCNMMNQRRQPPPPAA
RCQWULQWBHQWTQQWQGQWPUQWOMQWTMQWCHQWWAA
EYSAYSXBYSTYYDYRYSWDYSNXYSJUYSTDYSHKYSJ
GJJKRNLLTXGXWHYHGYXGPRZZZISSUYHHXUHIXGG
JKHDOKHQOKHAFKHHWKHKFKHPHKHHAKHVFKHWAAA
TABAACRAASPAAQHAAIDAAELAAMJAAKNAAOFAAGA
ZYMMYMCUYMTZYMSJYMDZYMSHYMVNYMNGYMVMYMN
FQURGFDVRHTTJTOUSSKOHFFKSDOOKOFFVNUFLEF
HIIFKJJIGIJKHGFHHHHIKFJKKIKGJJJGFIKIHJJ
CAABCABCBACBCBBBACBACAABCBBCABABCBABBBC
BTMBTMBHQJHZFHGKFCJYKSKJGALLHYHSGSJEICI
HKXVSXJCEOFMGQWXVPPQCWEYCJWIHWIMYXKSLAA
QPMOLZMTTJVUMBVRSKMKOWVOSEIKTOFMNKUTLAA
PTVRTPQPVRVPSTRURQVVPVRQPRPRPQPVUSQQPSP
XLCALCLOLCWZLCKPLCFRLCBDLCWGLCTYLRLWLCG
MWHGLKOQZEUPPEAUREXDAWLFSULUREXAPDRFOGL
SAABBNMMNJJIJEFFFHHGHPOOPDCDDKLLLRRRQAA
WEDDFKDDLUDDVQDDRIDDJSDDTMDDNODDPGDDHAA
WWYVVXXYYYXWWVWVVWXWWYYYVVWWYYXVVWYVVAA
FSSWWRZHDKPDGIHHXGWGUOUSLVXGOODSLVXKBUD
GNNONNPYNNZSNNTANNBCNNDUNNVQNNRWNNXENNF
CVTZJGUZVHEMCVVHSTSTYRKWEMTICMJGUZYRTIA
QUPTUTJKQUQVJKIRTOPOQVTOSJSJVMUTIRIRPOA
NJPLPOLJLKNJJNLJPPNPKJJLOKLLNOOOPKJLLNP
KKIPXUBLBESJIECXUBBIHNWFQQOMUJVDUIFGHLR
JNDGTMVKKKFBJVIQYYEVGPSOOJLJVLNTPYCGFTG
APRRXKJJOZFYISJRDVWTMDOPFLFTTUMZBDWFJAA
QKJPMRRWVKTGLLKGDHWVURGTSVVKDTQRNJPRMWG
KKJJKKJLJKKJJKLLKLJKLJKLJJKJLJJKLKLJKLK
NVQRTZSSRXMNTOLTKSNLPORMJOTUWZYYJQTTTUU
TBAACPAAQJAAKHAAINAAORAASDAAEFAAGLAAMAA
TBABABBFEEFGHGHJIJJPOOPCDCDNNNNQQQQKKKL
ZCZXOXRGVRWTBWAEJJUVZGUZBQCLGFXFTJSBJKR
PPVVURPLPKSLUXWMKRLNPJJNZSPKVSXKZVSRIZM
SUJSRJVSSUNVSUJRJVSJSSUUJSSUNRKJVSUSUNR
SABABABLKLKIJIJOOPOQQRRHHHHFFEFDCDDMMMM
NPSJMLLPKHONNLMFPFFNSNEKSIRLLISGMQHGMRO
FJBIWMWODSHSBPLKLPBPWOCBFJLPCBMELKWMHSA
HJNGTOEHNKJOWLYUROFBGEWDIQEBENWXAHUWGFP
LPYLPYUWPYKNPLPCPYNEPYHYPYBRPYKOPYVNPYV
IHJHIJJIJJHIHIIIIHJHJHIJHIJHIIHJIIHIIHI
BBBCDBCBDEBDBEEBDCCEEDBCDBDCDBCBEECCDBB
GHODLJOEIHOFNDIOEIOHILKOGMJCJLHKHGGEKNA
REAGMUNVUANJZFHVYNJIPZEEKKNCDTXKSIHJPEK
IUOYGIIZEZQOEOHDQQJRDYYIKHGHRPYPRIZJOGA
OMZAKXSWDKWWWNFLTUNMAXJTWUWXVWYJJUWLXQA
TSRPOSSSQTROTSNTSPOSNRQTNTONRORTSSSPONA
SABABABPPPPEFFEIIIIDCDCMMMMLKKLHGGGQQRR
LNNLNNNNNNLNLLLLLLMLLLNNLLNNLNMLMNNNNNL
QUPYXWNPQVRYXWNYXWNTXKLYXWNNMQUPRTXYXWN
HGPENRFSWVOVLWVTJHODVUQGLOFVLWVVKKPLOXN
CKJJLSJJTUJJVWJJXYJJZOJJPMJJNQJJRAJJBAA
HRHPCGQDLGGQBEGHKFQQKHQGRQHGPJCHLEHQFMH
SWQOQMHJFQOQFGHLUUTWMIUTWCSWQGHLUFNFMAA
KTXBOYIQOHJRCSYAGQVDCPTOOZNFHYXTWVCYXOQ
ROGBDIAVNZDYXPGCRTBMGIKDDYVWAITIYNFAMAA
NMUQVJLMUQVINMUWINMYIMNNWINUQVJIMNWMNWI
IROEROUPROPFROXAPROLROBFROTMROKJROTJROU
BMTHIJRQPBMOQPBPBMTIOQPSIOQMTHITHIJLSIO
TTBBBBADCCCQQQRMNNMLKKLEEFFPPOOGHHHIJIJ
GBRYHUEUBQCOIXABQCSUQTTPNMCVPZQSGFZLFSY
UTLTBUXNFUEXKQDFDENXORXEWPXDITVVPQWWLOF
PTLVQIIPTLHIPTHHIPVIJHIJHHJHHIVQIHTLVQA
WSOQOHCFCROHDCFMNSDCFMNSRTRTDLCREKEKWSA
IQPBQPLVQPYOQPRHQPBLQPLNQPVSQPLQQPJEQPH
HTLUFFNPQTNDZINXKJCDHTLXXPEENOAYAYNLTZV
ETQRSEFFPKOJWOWMHGJWOWEKUSCCMWNNBSROLUM
NKKKGHLLIHLNNLKJNGHNGHJJKLILGILLHIJMJIK
KNBLAVIRXCGDTPMAXMZYGMROKOCMEBXJPIEJAAA
QSSQSRTTTTTQSQSSSQSSQQSTSSTSTTTRTTSTTSS
HZSDRWEZOOSZNZWJGBKZPBPWEJOODKVNYNQTIJI
QSYRSYRWUXXSSRURSYRSRSYSYXWYXWUVSSRSRSY
TLMPUPYFZYLMNOCUULUHXESRGRMHYORITLNSGIZ
LAZNCQKAHAUHBHFYUUTRKFSSHUJSHUJUMNCKYDP
TMAEMACSMACRMAHAMAJGMAUZMALNMATYMAJBYMA
IVZEVZTCVZLYVZJJVZHIVZFPVZKHVZTFHVZOVZE
STTBBBAGHGHDCCCFFEEQQQRJIIIPPPOKLKKMNNM
RNTKLTPJSJNOJSVPRLVUTOUNVVRTNJVRVPTKURA
SUOTRVVOUTRQQQVOUTRQQVQOQUSVQROQQVQSOQU
IOGEJFNKRNOPQNIMOLLNMKKOIMHLIGFHNGRRHEM
RJEKYYDEGOGOERUSBNJEKYQWYYLPYLGLPYDEGOA
HGGINGGOPGGQXGGYRGGSTGGUJGGKLGGMVGGWAAA
NWLVMQTLNWLNVVMQVUSWXSMSNUNUTLXSMSVVSWA
SSBABAEFFFNMNNIJIIOOOOLKLKCDDCHHHHRRRRA
SIDPPQWJNZISEREHIRFCHFAHXEJSUTTTGMJSFLP
XZXLTPDDXXDEPGTXHYKQFEHMBBZLKBJZVZKDNJZ
LLIKJMMPRHLIKJMQPRHOQPRHLLIRHLLLIKJQOQP
PJRTMRTENUSPGYKFWDSMFXKJKTOPJRTPFLVEUEN
RKAWVKAZVKANFKAAFKAECKAWKKAQNKARYKATAAA
FRPXRZWIHCPMGHGADXLDRAIUCIBTDVRZSTIOQGA
ZETFOBALISSPMYTMYTDAREQINUFSDYZWDXQULGP
OSQOTZQPXXRSRVZQUXVQTVUZUSNPVZQMORNVYUV
SBPXTBUAEYBDASTKVQPEQPQTNFEVPEFPIOPEQWH
WDDEDDFSDDTUDDVGDDHODDPQDDRIDDJKDDLMDDN
KZCLUMCIJSUTCSUSSMJUYKVCJYTKZCLJZJXGZCX
CBBDEBBFQBBRSBBTOBBPKBBLIBBJGBBHMBBNAAA
BBBBBBBCDDDOPOOGHHGEEFEIJIIRQRQMMNNLKKK
RURQMURRPPRTTMSSQPSTNUTSSRRQUTQTMQTRSMU
OTXVQXXRPOQXTSXONNVXOMQWOUNTRQPTOOWQXXN
ESYUXVOTSWXTWHGBOOZSKUKNIBHAXJZZPNFTAAA
YRTNYURYWPYQQXMWRXOOQXQRRQYNQTYYXWYMXXN
HOOWZPNPLVTBHBPSYJGGOOMRNPNPNZZYCSCFIAZ
BCDBBBBDDDCBCDBCBCCDDCBBCDDBCDCCBDCBDCD
FTTPNWPAZWGYBAXUTBKMWZZFKQANPUXBZBVTLWA
GILGJIHFFKHKHMGHKGIKNHKMGGJFNKFKFKNIHFN
VDVZBTYGRRPYTJAILJJKNVJBGYBMGMEIFZFTMPH
ZFELQLRSPXHJCOPKAZFUYTJJTYLKCSGYVZNURQH
GFSOTSTWCCHELUJIZJGPDWCQGLWMASWZSNRFAAA
MIKFPDJJDLEEGQGGEORRRHQJRSRRPMMQNQSSPON
WVVDSTUBYQPUYSOWMDMNJDAFJRHSTUHNMCBNSZE
FEJGJHILDHGLKELIFLKGGEEHIFLJCCCFLKELKEL
CJKYHCPMFFBHJMCUDUNPGLPWXIZOXLOULOWCJAH
KNFSNFJDNFGDNFCXNFLUNFQINFGZNFYFNFFSNFJ
KQRLFZMVOBPYRHOAXPZDYGJQRLAUAXEXEGTSOLC
EBECQEWEWPNAYVZPUGBBLWHESIKFVAWXYAIFAYR
SWPOXSSURXSPURTOPPPTUQSSWTSSROUSSSXXSSQ
NMMOXMMYRMMSZMMAVMMWPMMQDMMEBMMCTMMUAAA
JMXBDRYVESFSYJXTPSPOXZNRTUHRGQJVTQMQSYJ
GAKIAKSLAKSXAKDNAKROAKQFAKJPNAKLAKDVAKW
OIJFEHQHQFJBJOIIJFJJOIJJBJOEHQFQFJBFJBJ
KSANLJSBEWJNIWIOQLTOMZXAHHIOBEWEUXHYSMG
TUVRSSRUTSVSTRURTTRUTVRRUTRRTSTSSTSRVAA
IPQPPRCPPDAPPBUPPVWPPXSPPTEPPFYPPZGPPHA
NPJGMRGRIGKKISLSGRISLLSLSGMRGNPGKKIGRSG
NXNASZJJTPUSTQTIQLXCPVXLKVLOMECBKYODFUI
HBBBCMEAFYWXPLUNHBKEBGRNHBKASWXNVAMTPHY
KEHFHGQMYCEWOWEJQQBZKURURFZOYWORLGAUDPF
NPNFYFMNAMRZTKMPZVXAZXIXABSWALFEBCQCQIL
SAABAMMNMKKLKRQRQCDCCIJIJPOPOHGGHFEFEAA
AFAGFEKGEJEJKIAJBHFEAFKIAAFBKGAAFAGFEAA
VVVZYUXXVVUTZZSZWVWVXXVZSZYYUTYUYYZZUSA
DSLEBRCIOZFRBLCGWYVCGIKBIKPCYFRBNUDYIZY
QSRTUQSSRQTSRTURQTQUQSUTQQSQTQQQQSRRTUQ
JBLAHGBDGEGJIBCJEFJFHBAIIEGEBDKKBGBGJCG
RNPSTNOTRTTRTPQOTRTNQONQOTSTNQNPSTRTPRA
VLTMLTLALTCRLTMGLTKNLVLNLTIOLTUELTJLLTE
LLMFTSWKJTNYJOJGYZEJBCATITMPQNHCBYRUUCA
KMRNKNLMPNRRKKMQQLRKQNOLNNKROQKPOOQOPPP
FSNXSNLDSNECSNOVSNJMSNIASNAZSNFMSNMMSNK
PQWXRWHWIKLHWMUVRPHHPSPLXOKUIRLTUOVLRWW
GRTZDRERKYWZQKFDHSMNSRYHINFXOAFENOFTAAA
NMMODMMEBMMCTMMURMMSZMMAPMMQXMMYVMMWAAA
JEGCFFIHEECCJEDIJJCDGCJFHDHFJCFICHFCEBI
FRLGNISKFELEMBCGGIJPTLFCRKGJTERLDJPSJDK
WDDEDDFSDDTGDDHQDDRKDDLIDDJMDDNUDDVODDP
XQCMKQCNPQCAOQCHLQCPLQCTPQCBYQCMUQCKAAA
OUFPKTHRDHFUTKPQRGIFMQUMMRRUROOIQQUHLGQ
YYXWXWXWXYYWYXXWWYYXWYWXXWWWYYXWXXYWWWA
WVRNRUNUPROOVRYTUUONTRTYWXUONXNTNOYNUQT
MLBGDRQSHOJKMGSTKRMGGLMGKMGKTSGMGSRLBGG
CGEGKODOKOFKFBIHNLLHLEJMOQJDHMLMOQJBCOB
TZZTZUTWWVYUVVVVYXTZZTUTTYWZVUWVUUVWYZZ
TMPQLPIPKJQMJIRSQTMQLPISQTMSQTMQLLKJIRL
TSSAABBHHGGNMMNRQRQPOPODCDCJIIJKLLKEEFE
TEYKSNEGBOJRYVDSKKQTCIAYKFEBBEOCARVMOUP
QYPSTGQQLJNPEBSFMBEEJHXNMJPTGSQXTWAAOTT
GHGDEHFHHGGDGHCEGFECGHDEDFFDEHCCHHEFCGH
CBBDIBBJOBBPGBBHQBBRMBBNEBBFSBBTKBBLAAA
ABBABBACDDDIJJIQRRQOPPOEEEEKKLKGGHHMNNN
USUNUOPUSUPTNRQTTUNRNMPTNRUSNUPUSUUTTUA
JVSPGXMZXVPROHTYMRTTGMKMNMYTSNZPQORKWYM
IBJGQWVOBEBXSDUBSWKKKWXVUMOKYAIUSJUUEQA
DAMCWNFXPXPJNCWPNMCWPWPNFDDAMPNFXFXPJAA
SMNMMKJPQQVGVMQLJKJKSMVMPRQQVGPRJPMKQQA
TAABBEEFEDCCCKLKKGGGHOOOPJJIIMMNNQQRQAA
SBBAALLLKCDDDEFEFQRQRMNMMJIIJGHGGPOOOAA
TAABAACPAAQNAAOJAAKFAAGLAAMDAAEHAAIRAAS
TTAAAAARQQQHGGGDCCDOOPONNMMIIJILKLKFFFF
RQQSZQQAFQQGTQQUHQQIXQQYVQQWBQQCDQQEAAA
TTBBBBBPPOOKLLKGHHHMNNNEFEFJJIIRRRRCDDD
XHTAHTCYHTWOHTNUHTHIHTSFHTLIHTSYHTNMHTZ
TBAAAOOOOEEEFMMMMCDDCLLKKIIJIGGGGQQQRAA
NDMPVGQKVONJDVGQPEJRDNSJSTRSRGKSRUJKTQS
BYKRYKKMYKIAYKJYYKAFYKZZYKPVYKBSYKFZYKQ
UOSFNLJKRPRTMOFHNOAPHVOLBATOPVTPMRRYFJA
RFLZFLWVPFLJFLERFLEPFLMVFLOPFLVTFLODFLP
FAFCGISSUERJETOUEEHLAORUXKBAATKMFEGOCAA
RQNABFBIACYOKTOHTLIGLPWLCONTPMJQRRQGMEG
LPOMJKKQKJPNNNNNKJRJRQLPLKNRKLLKRQQMQLM
MSGFRNWMWBBZCEKWCLBUUPKQIPVNSJZXPJDPZCE
TSBAABNMMNIIJJKLLKQRRROOPPEFEFDDDDHGHHA
BJIIKNIIOLIIMXIIYTIIUPIIQZIIAVIIWRIISAA
FIDGHDJKJBGJFKJGHKEKDEKGFEFFCBKBJGGECDB
GEDDLLAJAAENMJEKEENMDJAIDGGANAIDEECBLAA
SBBBBBAJJIIDDDDKLKLHHGGRRRQNNNMPOPPFEEE
LJMKONLMMNLMNLKLKMKMKKKMNLKMNLKONLIPOKL
UZBZZBNHZBCSZBVWZBGPZBOZZBGSZBVSZBYVZBL
TABBBJIIICCDDQQQRGHHGOPPPMNNMEFEEKKKLAA
SJWPJXKLHTHXSUQIDCUIJFJLCTOWWADZXREKAAA
KJICGLLDBBAEHBLIDEGHFBFHHFGGLLADEEECGDJ
TVTTRRRTVRRTVSUUUSVTVSUSVVSSVVSUSVVVSUR
SVJURKCNNLVBKQAHHNEVWPDWIMHGJGTHFRHABBL
TPEZJULGOVUARUMMGKBCJHDSLMNCQKHNTZJZZEZ
JJFMJFGZJFRTJFEWJFKZJFSMJFWNTJFAJFYJJFC
HHFCEBFBFGDBDHHHHHFDHHHEBFGFCEBHFCEGBDH
PCKTVJQQMFPOIPLMCJOJCNFFWXPFKVMLUFTPOEF
MTLASIUNEYRHNXUUWCEFTQESPZMWCEZVYOOMMKB
PKMKMKQWPKMPPNWMKQLTWPKLPPNSTWPKQLPQLPP
VDCCEPCCQLCCMNCCOFCCGTCCUHCCIJCCKRCCSAA
TKNVIPXXLMQMLVTNVIPVTKNPXLMIPXLKNVILVTK
SSSAABAPOPODDCCQRQRHGGGJIIIMMMMLKLLEEEF
NNCGFHKMLCLCBEBOHILBFKMKHKOLGBKKIGCNHIN
GETEEDPOEDMYEDWSEDLAEDHCEDZUEDSTEDEYEDQ
TTBBBBBIIIJMMMMHHGHPPOORRQQDDCCEFFFKKLK
IHTNFMEVOAFHXUMRYTTULZURPTZZXZZEAEIIAAA
NQUFGUHTZQSXCSVRIYEHVHRSYOUEBLXUPDNLTIT
UUGIQHQJMFHJMFHQVLHMHJLQFTKMVHHVFTUHHNK
TSSABBBCDDDHHHHRRRQKKLKIIIIFEEENNMMOOOO
FAFDPRHQABTHLBKTMNPFJSPPLLFPMJCFJDFKPKQ
DTNUUTUQMWJGMTKMPJTQBRWZXFVXURKKZAGIPAA
GIJGHHIIIILIGGGHHHHHKKMGIJGHHHHGJGGIKLA
PXQOVPUUTPOPYUTYWTOTUNPOPWPUUSOZXUTWWAA
PMDUMDVCIMDIMDERMDZJMDIFMDRQMDLMMDEXMDC
AABAABAJJIIEEEFRQQQHHHHNMMMCCDCLKKKPOPP
TJLJHPIRQLOSMITVOSRQQMQLTVMITJQMIRHPRSA
KDCTEDFXAYEEEKSZNRWDSKGSNCWFUEVGWGJEVIR
BABABAFFFELKLKPOOOIIJJDCCDQQRQGGGHNNNMA
SBAAANNMNGHGHOPOPIIJICDDCEEEEKLLLQRQRAA
XJITXJIMJFUFUTXHPMJUTXJJITRJFUTITRMPMJF
AHIHHJMHHNQHHRYHHZUHHVKHHLSHHTOHHPWHHXA
SCQVNPMTRMZUSTJULPPZLGONBDOGSNKYUOWJLSA
AATZGYEKCYLAFIHGIITEGDNLKCYMKBARCBXEZLD
TTAAABALLLKOPPPQQRQNMNMCCDDJIIJEFFFGHHH
SEIYOSENLDUOENLOWLGLGYOJDKFIYOEKFJGJGOW
JQUPTTUJNTMMTUJUTMQQUNJQJTNTUNQNTUTJMTJ
UFPNIKPXRBKEUJOKXPMLAICUXRZEMFNZKIRNBMA
JKHIGJJKGGKHLJIJHLJGJIJJKJJGJJGGGJJKAAA
BHAKCHPPKDACJOLIICBEGMCPPGHHLIELEIIAJCP
WBAOQMJLTDILCBLIWXNNYOWJIOUURNLLWTEZWUL
KHHGQGGNFDPKQHUZNJHBZKSVWVCXRJBNJHJNIPK
THXWHXWUHXXZHXTKHHHLHXBOHXXEHXKHHXZPHXM
ZSDMKFXAKMAGBPXWFVQERZFSVHOYAOUEAFFDTAK
SFKRXUGSMDMKLFMEXVCLBSLQYYBVFYBXXNCQXXN
USSSSVSVSVWVVTVVWSWWSWTTVUTSWTTUTUSTTWS
CKTTRALFYNNJKEYRGZNALTBWNZQQWOZPLYGALZO
DHLCEEFFIDGCCMEEJMJMHJHJCKCMFLIDDHCKGCA
PPJPAVEGROCAUDOUQGWLWUVZPWBZOWXCRPPAOJY
KOIGWDBHMHDAQCPANJDUTKJVHMHHLHLNAMNQXUZ
MTLVSPQUQETKUCIYUDHBPEAMDEZYCMQCAQNJYCM
HCGGBGWDXUZIMRPDKHDDMHWJALNSVIWKMGMSSWV
SSSBBBAIJJIRQQRFFEFDCDCHHHGPPOOLLLKNMNN
RLMTNHVCEYGYEYBDLQGRBEICZFLSKYERHWBMXXV
URGLFKFGPXKQVDVKFUZMQURXKURUZGPDVLFGLMQ
LNNNNNLGLLILILNNLJILJIGJIGLNNLJILNNIGLL
FJIIFIFHFGFGFGIFIHGFGHJHHFFJGHFJHIJFIJH
GAHIWFEBADJKXQUMMMZSFBKXBLFWHLEYLVGUBAD
AHIHHJUHHVQHHRSHHTKHHLOHHPYHHZMHHNWHHXA
CBBDMBBNGBBHIBBJQBBRSBBTKBBLEBBFOBBPAAA
SUZOAAOUKHNGALLIDRBTOMPGNGVDANFTOMPOGVZ
MFEQTCPUPJFGHUPEQVVVVILYLMFJFQTPMGHCPYL
ABAABAALKLKHHHHQRQQFFFFOOOOCDCCIJIJNNMM
HCKEIJLECCIIKDEEHIIIEGDFLFHHKEELCJEDELF
OKPBRCUCZHWRXHCVEXTHPXDEEOOLXFGJCZHKTNU
KZCMJGVNQSNTPRWXYMWKHMVQCBSRIVDETPRLPJS
WODQYCKUOCQELJXQHVYMQYNNKJYJLHRJNOKCNZU
KLFAIHIHDAFAIHKCICIEFKIHDAKCICIEFKAKJIA
OEYIQXGAQLDSEANRSDWCXAIRNNZMVQDGNLMVYDA
HOHSJITKIKERPOHOHPFJHOHOHFJJKFJJKJHFGAA
ZYKFJTOJZCIOKZGKRVYPPTXPPTXOESXTFJROONE
HRXGFIGSQWTHCFJWWNEQOXIOWPHIOPWDOMOCQJU
ABAABAAQRRRJIIINNNMLKLLPOPOFFFFCCCCGHHH
HMNYNHKRNSRXCPZQBLDAYHHNSTQAHEUDJSDNTWA
IYPQGNWUKRUTEFWHOKTUVJHVKNUEHYVHKFHWEIE
RVCMMFIFUJLIRAQOBURSKZNKZNBRACMBYMGAYSL
ESYESBFUJXUXIXPBYHTDDLBRXQXBTRMCTFDBWVX
XBREEYRLCYJEQVTPPADDIDOFWTPALHEUGPNDXHB
EDHFHGDGDEDDEDHEGFHHGDEFDEGDHFDGFHGDEGF
DCCETCCUHCCIPCCQNCCOFCCGRCCSLCCMJCCKAAA
FGINWBRTNWHQIQHMDZBTDFXGIQGEIFGUGJQFSDA
CABLXBZZYMWYGPXFPDCHEUSXQNGPUTRAUOXHEAA
DGGNAJLLPGHOPIBBOREHQOHOQKDEMEDNRFOHKEO
DGHIHILKDEMDDDELJFLCINMIILIMGNDMMCDEMIK
CUXZVYJMUVKMQUKHCXOKSXCBKYSNNVHUBAQLCIA
TBABABBRRQRFFFFGHHHCCCCIIJILKLKOPOPNMNM
FZONSOLYWODXBAZGCZRYWVMHWCDWCDUJLBHPBAW
CKJBKNIWMUHTKWJQTHEYKMHDSIAKJBSBXJMYBHY
DJRXRXVVBFMQSPXWOPPVBFGQHXRWEXMTFIUJZAU
HGGIJGGKVGGWNGGORGGSPGGQTGGULGGMXGGYAAA
TSPUTOWTPTSSWRSRPPTXWQORVPXXXUXSUPRWQPT
JKKLKLJLILKIKILKIKILJJKKLIJJLIKKIJLIJKI
XUXQWNLKLUBFWFLDNOLZXULUBFWFLKLULZWNLDA
AAAAAAAMNMNCCCCKKKLHHGHEEEFQRRROPPOJJJI
STAAABALLLLOOOPQQRQEFEENMMNHGGHIJJJDDDD
TSSUBSSCFSSGHSSIVSSWJSSKDSSEXSSYZSSAAAA
ZKJKFUQFVEEHCNPJCTZYFINKJKXFXJFJSYMXRKT
TLHOMNUJQRONFJQFJQRMNUTUTLHQROMROMNNUTL
LZZZVEFVHXOHFQPQMREIBXWDKJYTWJHDDKJMBXL
VPGNSTRIULFFVPSTRIULUTSLHINSQQQQSLUTNSA
IHJIHIJHJIHGGJIHHHIJGJJIIJJHGJGIGIHGHGA
PFXOUBLPFPQTHDVHDZOIJGIUZLAEBUNVMWLZQAG
BAACNAAOPAAQJAAKDAAERAASFAAGLAAMHAAIAAA
ZHGGIJGGKVGGWLGGMXGGYRGGSPGGQNGGOTGGUAA
UONNVQUTYRXSWUNYTNZTKPITQMZNVPQZTKPPRJR
VDCCELCCMRCCSPCCQJCCKNCCOTCCUFCCGHCCIAA
XGVJAJBNSUVZPBWUIDYHJJINAPPBTLHGRWJWAOY
SIPOHMNMSKQSMLQPQKJKKUSQOSGJRMMQPHKNHVP
YOVTVVXCMGYWHTILZQGSJDEFKSEUJUKRIUVZAAA
TQFOZWWVYMTSZFDXMQGPYRMGHLGPYEDFAFHEAAA
KUSRODMHMEBGWUUEKKRUPBHBJNKHLWGRCHHMDID
ZPMNLIBQJKGQIZHDGRZZBGGPXJGPFOIAWRWWRWW
FRGKJWFLVRURSKEZXEXRDOMJBUDATHXDFCBFRGK
THQZPFHIXOQEBMFKAQWTSZKEBMFKDZQQKYPYHND
OZCTHRHCPYHSKDHRHQFZZYBIENLDVVOUZWONFUF
QJSIFZHOXHYNUKDRNPAIBJLXDADTKMYPGYSMZIE
KRBZVDWSQOIQDWSBJXQODWSBSBHDVRXGDWSBAAA
XPFKPFAOPFFWPFHXPFKPPFIKPFPOPFTKPFLZPFO
SMOTUPKSMKSMOKMTPTPKSLSKMSKMTOTUQMTPKAA
ZHGGIRGGSTGGUJGGKNGGOVGGWPGGQLGGMXGGYAA
AEDBACECDDEEBBBDDEEECDDADDCDCBDCAEAACBD
ATKKWBQGZKAIBEYMOLNQMKENOFDKOOROORCZZUL
EKKFGEGKJGJGHGHFIEJKJGJGIFJKGEEGFKEEJFG
SSTBBBAHGGGKLLLRRRQJJIIDDDCFFEFOOPPNNNN
TBBABIIIICCCCGHHGLKLKQRQRPPOOFFFFMNMMAA
QQRSQRRPRSPRPPPPPQQSPSQPQPRQQPQRSSPRRQQ
GFFHMFFNKFFLQFFRUFFVSFFTIFFJOFFPWFFXAAA
TPNTNTAUJPKRETTNTARETPTAUJNTAUETPNPNTNA
UQLCGSTZTOABYWIMUSNCIVJENZQDBKAWPXVDPXL
BUPURSCDQBIPSAOGFRYMXGSRYOVAWOCGASDGFBE
GNKELPLLGOZWSPFVVSEUEKBQVAYDMLOFSETOGKR
JLUCOLSQDRGJLUNGLEYDVFPIYDTQWSQDRLUCOLA
WWPRHGSPOMAOWRZDNBPNBHZVMCRDHJLFRCTLJAA
LWFXPLBBVFMALHYNJQGQOZHZYZGDRGQFGLSPAAA
WHZPZNZYTWYYGRJXKOQFULWJSPWWTIXZVWQQSPY
CCNRDJKXUEWHWFFLDKONVUKCYGXGUZHZRJEHDWM
ECBCDFCEEECDDDECCCBBECBFCFBBFCCCCCBFCCC
BPIRHGXMYRJSGGARAPJLYKAJXMMZYTJSKRMXTMA
TBABABAIIJJFEFFLLKLRRRRMNMMDCDCGHHHPPPO
GPKPJKJKRNMEEQNORENLROFIMLPHGHFHGHFLEHI
HDBCLXNFKHMVYQAINEBIQGIEGNOKKDRGKLCIJYB
EDCFCEFDEEEEFECCDEEDEEFEFECECFFECDEEFFE
LKKMPKKQVKKWNKKORKKSTKKUBKKCXKKYZKKAAAA
CFWUFWZJFWKTFWWRFWUDFWWMFWMSFWDYFWLZFWV
HFFFGFFHHFFGHHFFHFHGHGHHFFGFGFFFHHHFGHG
LMQKLFGVOPUJPGGSLKQPPHMMQKUTVPPEOINNNFL
AKCUWBASZLIHUCEFWNADRJNQLRWJLSYEHKQPXAA
YTNPNXYPSNVTVYWQPQRTVSPNNXYPUYXVQTNXAAA
WDDEDDFSDDTUDDVQDDRKDDLODDPIDDJMDDNGDDH
DFAGGFGCASWUBWUTDNROFYXXINHXQGUWUQQTLHT
HQEGMPDFHBGEIPMKCMJBQMHIFJDKBFHBJQGCCIH
EJNYSCGYRPCEVQFZRYMROOIXCJNARZSVQUOBAAA
ZHGGIJGGKNGGOXGGYVGGWRGGSPGGQLGGMTGGUAA
KUSWVVCIDUMVVCSHLFFIXKEMNTUIWRKHDSTTSPO
OZLCZLWYZLUPZLCSZLNTZLFLZLRPYZLDZLRIZLD
LNKKKKNNOOOLLNKMPLLNKNMLLPMMOKOKLMPMONO
EEGFHGFGGHFEEGEHFGFEEHHFGHFHGEFGHFEGFEA
UFKUPUJJUFTIJJIJKQMTTIPUIJTIUQRTTIKQMTA
SSTABAALLKLDDCCPOOPGGGGEFEEJJIIRQQQMMNM
RQKMTVKISGKKVPEHEEVMOFHEPNMVLTGKIOIIEER
KTLJSKMQNUTTRPRPKTNFTTKQNFNUOISKQEQEMQA
SZKDBRMSKZMVJTWNRJWCRHCATDFTYXSZJLENXTA
VNNEDKOUTRINPHXCAHUAEYLPQQZQKYJJFVGQUGA
BEEUNDFKDMMEBDLULPIOVEQQFFUWNHRECFTUAAA
OVVNCLMRMRDTUORBHWTADJBAHVAOQFOWSIAMWAW
AQFTFXFFKAIHQDWCNVXGSHUKENGWIVUWNVEMRMC
BLCXWIXBSXUQAXHJTWMDAFSSTGVRKLNDPCVXOVK
JLMJLMMKJLKMLLKLMLMLLJKKJKJJKLJKMLLMLKM
EKOHFPFLKNKNEIFKFLEHNCEIEHJJEKIMFKNCJJA
OLPELPEBLPMXLPSILPCNLPSSLPMQLPGNLPMKLPG
TTSBBBBRRRQKLKLJJJINNNMHHGGDCCCEEFFOPPP
UOQYOUOCOQTTOQGSOQOAOQOXOQUIOQYPOQZNOQZ
RPHFWCRJQNGKAQDVPWPCUIFXFCRNNDXTTQCXFPH
SQOVWPQRSSQXXOWPXRSSSQXRQXPUTVXOWOTVQRA
TAABAACPAAQHAAIDAAERAASLAAMNAAOFAAGJAAK
XEFEEGREESTEEUPEEQLEEMNEEOJEEKHEEIVEEWA
OZQODSUNYQQEBRLSQGABHJANQCBNCGGPNQCEWSD
PDFUHINYXBMRBFDAPFEDCNRYMTXGLPHIYYCRAAA
IVWIVKMKHWLQMKUTLVYZUTVKJKLVXZJKLQHWYZA
HIIIJHIHHGHHJHHGHJHJHHGIIIJHGHIIIJHGHII
WSFNSIBSTKIMUVPVKFWWUWQASJFKLPNKLKTVATA
CBBDSBBTIBBJEBBFOBBPMBBNKBBLQBBRGBBHAAA
RRSPRRRRTRUSTTTPQUTTRRRTRPRRSPTRPQRPQTA
CFBDGAAJJKGKFJEDBBAAIEFJGHADGKADJCBADJA
KRLPKIKHMJRORMKLMJJLNMONMRHNGOHQHRKGJPR
HGJHHLKGKJLKHLHIHJGHLKLHHILGKLGLKHHLLKH
JZJONSWXPPNTRTRJZXPNTNTRJWXPNRJZJJONSAA
JHIGPMARVHXGYNEVJHWEAJYNWEAJEVTJARPMTJA
BUOOUOXRUOMHUODEUOODUOWBUOYIUOCRUOTIUOR
JQTRNIVHRRWPKRLKKRTSWPNIWQKRJQWQTSRRLKA
PZXERJIYJWLTRZXCXSIWRZZHXJIKIWJNFIRNFIR
IEKJGNEMCIHEJFCMOMILCOIGCJMHOELEIHGIEGE
YYMXOUPJWIVXZINNKZJMIPXVOHYJWYMIHUJYNKY
SXECKUESXDGWVLHKQLBFNKZNSXDIMIHCYTCETSG
UYSDUYSDUYSDUYSDUYSDUYSDUYSDUYSDUYSDAAA
SNQMPSQORRQPSNTPTQTQMNTQQPSNTQMNSNRRTPA
BABABALLKLNMMNJIIJQRQQHGHGPOOODDDCEFFFA
QTTOCADPMVCNKGKGDPXUHJCMOXTOCADPMVQTTOA
LKEXNYTMKZWRDAISOQISSRGCBHCVDEGIMTOEGVM
EFANAAECFRKDCFRNMRBIFENRBEFRBEFAELDQIFE
SSLULSKKMROUUMKJLRUSLLOKUOJKPKSKKIKOLIK
NSDJKANFNHPENFHOSSSSNSOIMOMOHOKAPEEDOIA
HYINIQCNOKGEJTWONRLHEXXUDJVRZSFTHFRMJNT
DODKJPQACSKQALPKNWPDVSYIYHBXOMRJOHBKAAA
ROMUJQSKJKNSTPKTQPOJPLULONLLTQPRPMKQLTM
RTHFRMPRRNMLJGGRRTJVMLQQJVRNQQRMPRJGOIA
ZKITXIGYCWBKISSUAJLBHJCIBRDBDBFSMHUNJBA
TBAACLAAMNAAORAASFAAGDAAEJAAKHAAIPAAQAA
MXEUBJBAYZGQXXPQLWTCWFLOSZZCWFLWNACEKAI
IJLGMJJGIGGKHLJHHKIKHLJILIJGGGIKJKLJKHL
ZZRTTDLRKIBSBNFULXDPUUEVIFGMESIZZLBRUEJ
OPPRLPKQWTMTOPXPMTLPWTWTXLQXWMWTXPXLQXA
KTMUVWOAFJHMUNRIIRFPCWOUGSNWFCPVQIMEXOF
ONTRWWNYYQRVSWQNMOYTYNOSZPTQPVSTUUVRYNT
XVWUQWTQVUWVTWRWQUNQOYVTURXRZVXNPZQNWQQ
HUYKQXUXKSJIWPTVJJOOOJXTEWEUXMVERYHLPII
ASKLRQUVVAHPMENGEBMGHNWOSCLACMWOOVHOSCL
FFCDDFEBEEFFBDDBFCCFFCBDCEBCCBFBEFBEEEB
RXWVWWVWXVWXTVRXWYVMOXTYVNVRXTYVMWXTYAA
GMBCMBZFMBZGMBAEMBERMBVUMBOCMBMLMBAVMBU
AABBPPOOJIIJLKKLGGHHFEFFNMNMRRRRDCDDAAA
USFSILNZBYQOWLWUUEAEBDKOTNWVOBPZLAHULDS
OBRWSSWOMHCEKMAVYBEELMMBHJDEOQFFRHVAJFW
OQDBDWKMVKHRAPAMVWLFHILLJRMEBDAZIJTAPAV
TEPBKMSMWCOOUATJSXSLTQOSPNPSBXLPADHOFMM
HWHYJTKVECLBMCQFEQZCHVCGICTJSLMPDQAERAA
MUMYUNSTBOWJYHBKRWYHXYQUFJFPAJYCJXTIBEB
NPINPLMNPIMJPLLKMNJNLIJNLILIMJJPLOJPLOA
BOMGSGBZEFMZLJQXBGYPWSLCBCGWZZNLSLXLAAA
LGJGMNLMDEGLGKKNLGKDEGKMKCMGKKCKHLGMDEG
RSQQSSSQSSSRSQSSSRQRQSSSRQQRRQSQSSSSQSS
PHMCIHESSGKRPHESSGIHHMHHMLIKDQBGLLHMCIA
WVUVTXWSSSXTSVSTWXVTTWUWSUUXXTVUUUXVSUA
BSMRTEJKZACEQIUOWBDYLNZXCPRGTQTFRQWOXRX
YBKDKLBAVFOWDLMIRXPEWQWTCKEPYSTOFJIMJQY
OHMJLKLPPQMHLQPQPOLQGJMILPGJOHPONNNNMHA
MRNUTTNNUVSNQNVONPSPPVTTNNUVMRTKKSPPVKA
HJBIJEIJBKEJGEDJHIBDBDJICIDEGAJFAEHDIDJ
JJLBDJPTPBLRRCRQDHGQOBLCIDPMHCOQOBLDKKP
RAQUHVDBMFIKGZBLLVPUZGHWIVHRDVWUYPKGXVA
RTTUQTOQRUQRQSPUORTUPOOSUTOOSOQTPTRPTQQ
QFFMLEIZIVYJABUEIZYPESAEXWALLURWZHMWHNS
CSKPGKMMSDCHGIGKCICRJCDCDSCCCCIIEPHDCSK
KIRSTKHPSTKIFNNKKIRNNRJNNRJIFNNIGMIEENO
ANJSAUSAUSIANJAUSJMLIAUSJCEMLINJSALIANA
KQINBTMCRFZKJBTPZLHFTJATJATDFWZSPBYTGOE
LOOJQJLLQQMPIMIMLPQJKQPINQJJNKLMJNMQOIM
GJIHJGGGHKJIJJKIIJJHKJFJKGHKIGIKIGIGHJG
CFQYUQSGSIMWALZQGHGHPLYYUKWBQLRGPEIHGFQ
WKHNISXDYNDGEHYAQWFKMPKKHTLMECEUOZUWPAA
DFWTTJSPLEXFBEEMJTGTDYMIFZROQJBMJTGNYTJ
WNFAMMFVPXLPZSAXWJTYRSUBEXPXQJDSDECBQAA
DQSGXXFELFAHJXCOQFNIJBJXLIUHMEZYUVJXFIG
ILJKKKNMJNMLKKMNOJLLNLHMJKLJNNNHOHNNLJL
HBOWGZORBIZSNCXOSAKDSAGOSAKKPUKNFCKRLNZ
BWGFUKANYHREOBWGFHPNWZBWGJYHRPHPNBWGFAA
GHHHEGIIIFIEHHEFIFGFHEFIEGIIFIEGIIIFAAA
GGGEKKJHFHIKFFHJJJIKKFJJHGGIIHKIJHKFHGK
GMHLOZZLNYUXTRTRZLKOFQOZIWFQIGIGGMNYKOA
TJBRATOGLRWTFRBOZOFQBOLUIEUEOXIHKMPXAAA
CLRMQEFDQGCSODDLLDJFNPOGMHFFNJRJRQGRNOS
PUYMELHIJONEVEFUUUIEMTPFTTXXLXENQUXXJTE
LYRLFHJBHTDBGLGOZBOSIDDVNAYMFHERLEITBIJ
HHFSKDVEIDTAINTVVEMCVVELUOOLEYJGTTKLZCL
UEWQPTCHUMOGJQQLFUKKVFFFXQTEOHULFUKQTJC
CFIGNJJDCFDCFIFIGNMDFJMMDFIMMDDFJDFJDCA
AMAQEGGHNNDEEUJGDKNTOQEJJPAJTDBBETHDGRT
IMOPRKSMROUIQLKMOIQITOPKLLKPOSSRSRMKRAA
KMIMSVLHSDUWUVERASDTYGFZCNZHMWCPSEITYGF
HLJOVMJVZRZQSWFHWHPMRGPHDGXUAVIVMKYHGGA
NOHKLKIPNLLONKHLMNKIHLOPJLLHHKPLMPMKLMP
XEFEEGPEEQVEEWLEEMHEEIREESNEEOTEEUJEEKA
LEHSEHDLEHXNEHNTEHXWEHKJEHZKESEMEHNKEHK
TQWWXROROPQTOWXOWXRQUTQXROPOPQUPQUTUTQW
OKPLQPXTLIIZQNWMLPQIYTUNMLPJPZXQQIITVUK
RGTMHMSHRGGQHGHGPOKSOLHLKSOLRRHMHLRRGQA
WXYZZXZXWWWZXXWXZXWXYZZXXZZXXWYXWZZXXAA
PAULTAEWOGMBZFKTONNCTBZQWVLOOQDOCCFLERX
JXLXUHHHHLFHLFLLFLJXLXFFLJXLXFMUHHLLJXL
INGHHXXLQMEDXSQYZLABBVKNVUCWBVEIDXSZVIL
TBAACDAAEPAAQLAAMRAASFAAGNAAOHAAIJAAKAA
HJHJHJGHJGHLMIIMIGMGGJHGILLGILJIIIJMJIA
IOUCATUDGTQRWPIGFVWWQFOSXLILGVHKPBHYUCA
FCJGGFEJHDHEHHIIJBJHFJEJBFFEBBHBFFGGFIJ
DCCEPCCQNCCOFCCGTCCULCCMJCCKHCCIRCCSAAA
AABBFEEECCCDLLLLHGHGQRRRJIJJMNMMOOPOAAA
XGOAUXOAPKOACSOACLOANTOAOBOAHKOAEIOAQAA
NXTVFISFEHTTNWNHHGFNLOXSRFFXOIHJGFNFPKO
LSPSODMEUNPSEUNLSPSDCSOUFKVUGLLKUGLPLGE
MDSRGTLJEGEGMDIGNRDNLJGTKFKFHONREKHOIGA
AWIZNMQUBORWIYBQWOLEOJKBKTRYDQREXECKAAA
GMSITTGVWZGANHZTIVSZAOGRVWZZOKEWLLNGBSM
GFFHQFFRSFFTIFFJKFFLWFFXMFFNUFFVOFFPAAA
CJKJJLYJJZMJJNOJJPSJJTUJJVAJJBWJJXQJJRA
XZVGLJQIKNMJQQIKZMJQIIKZXXNMJKZXZZXZVAA
EIHHDGGCDIGIFGEFFIHIIIHICIGFIFGEFDCEHEE
STBAAALKLKQRRRPPOOCDDDGHHGEFEENNNMJJIIA
DGQHOGTLDGRGTLFGRGJSFGSDJSKSSDULVKVKKSA
OWSSTYQXZWWTYQQZQQZZOXUXQUVQZXQXOUZQRVU
QYUWOLQYUNVILVILLNNVIILLQRGNNLLQYGNNVAA
RAFMHXAUOVQZOUPFNZAOYYTSGUNLFZAMAHEHFZO
SYTHJYSIRUSIWXYYFZDSHPIDIWKDDLMMDEDELMI
TOPVPOOORSPRTVQWPVRWSQWQRROTXVWPRVQORWT
FMJKLFBAKJFGKIAFMHHHEGAKMKGBACKACBKAIHA
TTSABAAIJIIOOPPNNMNLLLLGHHHCCDDEFEERQRR
OULWRRNMLOUSLMLJSWRLWJSLWLWJQULTQJQULSL
HPMQWWBFCQILEBNKKIETMZJHUQITFNHHPMQOECI
KPAIQUAIADAILAAINPAIDUAIMTAIFWAIGFAIBAA
VDCCETCCUHCCIJCCKLCCMNCCOPCCQRCCSFCCGAA
IMHJWWOHGLKJRUIOSMNOHGIOSMMNIMMHJWHGLNA
TSTABAANMNNLKLLIIJJOOOORQQREEEFCCCDHGHH
FTFSNSUPOVMLXWXWWTVMFTPNVMOVYHNSUPWTPNA
SIOUGNGQEVPNNFRQKNDOQLKXQTTFIEHGXEMTRFU
CKTRHKTOKKTEGKTZYKTFXKTVKKTNCKTTPKTPAAA
FSGYTGJENIJGJEYBWVQAIZWDMZEAGWPZUONVQUE
EITUENSNJZUOGWJGCCFNSPIBBRPZUPLBRVOAQRB
TSBABAJIIJHGHHDCDDPOOONMNMQQRRKLKKEEEFA
GIIGKJGIIHFKHKHIIKHFKGKHFFKHIIGKHHIIJAA
EEEEEEEEEEEEEEEEEEEEEEEEEEEEEEEEEEEEEEE
KPMDROENPCHNKIGHKPSIJJPCHNJJFLFLGHROENA
THUNWSTFWORIDDWSNOYHPIGVNKRRJSWHYPKXSUA
HOPBVWHMZZNFAIIHFGRKVXNITMXBSQAEYTXXBVW
PNPPSNSSNSJMPNPKMPNPPSNKQOKOKMPNPPSQOKM
EIOMEMDLJLHGEFKIHOEJOOHIINLDMMEMOIDLKLA
JXHTPMGPMGMGMINNGWVXHTPMINGHTPMMGMIINGW
SSSABABJJJIDCCCHGHHRRQRNMMMOPOOFFEFKLKK
ZYYTZIMHBDAOKMRQNNKKPRIJNMZXDPNQNNKKQSP
IKNTJPFHSLUJPFHPFHSNTJPGKIKKIKNKNTJFHSL
BFVHGHFMNJXOZOLPRLRKUNFPAEMKUNFHPECGPJD
EIMDLVWGEIDZRMDLVEIDZLVWGGEIDWGEIDLVWAA
OMSOEIPJCHMXEBJYJDNEWKGZNLDNJIBNQTJWDAA
SSSAABBNNNMIJJJEFEEGGHHKKKLCDDDQQRQPOOP
POMBLSOUCUKYPSNWVERYFCCINJUYFCCLGDOJTDS
KLLNLLLJPKIIKLIILJPKOKOKNPNPKNLLIKIKIIA
ABBBKKLLGHHGRRRQEEFEJIJINNMMCCCCOPPPAAA
NUSTBRDRVQWDHCIECINDERVUADAUZYJMLZHRSUD
TVXVRQQXCQDJLKYJXKWUKIEVTNCEUZWRCXSSIMA
MGAKNKNHANHAKBBMGAKBOAKNHHAKBBMGAKBOAAA
NBKQENBCSOBOIHHFERQFHFOBLGFQBGQQQLNBSDF
EQJNMQIEQJMQISJREIQJNMEIEQNMQIREIECJREA
ZGTJNCOBAVNTNXURZACHYJZXOBTTPNWMUBNYJZP
EKKPHEMOMFOFHEJLMFOIOKMLIPLHHHHIIKELIKK
EPLSAHJHIHGBIWEADNGFBOMUEFBLJQYUCXCCEIE
AHHIHHJOHHPWHHXUHHVSHHTMHHNYHHZKHHLQHHR
ETULETQMQOUMJJRMJJRRTQMTPUFETQFTQMQRTQM
DZOXCPSJUNQFJKEMTHEUFBQZIWNOWNLMQDNFUFB
GFQZATRWXRAPNCIPSYNTKXXVPNVSYNASHNBJLNC
HBCBMHHLEJBFBFCBBEFMJGGNGHHCFHMGBHNGIEG
BCBFBAEFDDEAEECEEFFEEEDEAAEAADFDAAEAAAA
IHAZAHLIBQQVOMUGUHKLGZCTZTKGHWNOZELZNAA
WAPUKDTJUWSQDWWAJHJVAQMYCUKXPCWPDGVBFPX
SSAAABAEEFFHHGGNMMNPPPPQRRRKLKLJIIICCCD
NHHQPKGMQDWRSEUDJYYPRJRMRKHZIJUNBUEHTJA
PUFJEWNFCUEXGBYANYLZVBTNCBMXGBYKIQJIRBN
WTNFLRNRQHGPTVKNJCWFSHOWCQPWKWGEPECQGOA
QOQPQPOOPOPPOOQPPQQPPOQQOQOOPQOQQOOOPQA
AGPOQGPGZGPAXGPMGGPGOGPMQGPSMGPOTGPHAAA
ABAABAADCCDLKKLJIJIGHHHNNNMRRQRFEFEPPOP
ELJMFJFIMDBGHLICFJDBJFCICHEBKDIDAIBBHDG
HJUSIRJCIUTGDSULIHCURTSJTBHNNJLTJOGSINO
OATCLMRLBCBDKUDNCLMIOAMYHUTMJBFBCRZMDVG
TKRDWNRJMUOJMUOKWUQNTGESWJDXJVCUYZPKBUF
SPRIPUBPBHVKRYDCHQGKUCHQTKKYXSQJPABEOVY
GOEUIUERYTZXPRYDVICCBASFLSFMEMDVQTLCYLA
ZOWUBWDKHLKJHFIZHRFRQGSZUQUVRAFRRZURNBN
ABBABBADCDDHHGGOPPOIJJJQQRQMNMMEFEELLKL
TOUUUPMPMMMMMTMMPSTNQMPTMUVSTROROPUPUTO
IETEZBNQCIHRAAMWFPXWXSVEDMGYCKWIJEPYCSI
XGHJMIMQVAYKHVQFNXIWDRDFYOJMBXTHQKHOKJX
CLDLHBCIIGEFDDHBGLJJJJIEHBLCIIKHLLBLBHC
BHCCFGBEGHGBGHGGEGHHCDBBBHHCBGEGGFCHGFE
SSSABAAKKKLRRRQEEFEMNMNOOOOCDDCIJIIHGGG
ABAABAALKKLEEEFHHHGCCCCOPPOIIIINMNNRQQR
NNMTNNOSOTUOOKMUOLSMKTOUKPRMTKUORUMVOTN
NJOMMLIKGGNQONNJOIGNNMMJKHSIHNPHKIHJRAA
BHEEHEAGGAFBDHFAEFGGDACCFHGFFGHFDGBGDGB
TTABABPPOOHHGHQRQQJJJJNNMMCCDCEFEELLLKA
RQTRPOLLUNNLTTRSRUSRURLUNLLTTRLOORRPSQA
BBAARRQQCCCDJIJIHHGGNNNMPOPOKKKKEEFFAAA
TTHZGNFIDLIAOKNKGASDPVDDNEHTXYLZGNFNGEU
DCCEHCCINCCOFCCGTCCURCCSJCCKPCCQLCCMAAA
GQNYTRGHYULIGQNRGJHTRGJGJHYNYTRJHYUQNYT
GKGNGIHIHJMJNMJJMKKNNGIGNMMIGMKHJMKIGMK
FIEBEAHEMHHJLDFFEAEDAKAFCGAFCGALJDFAJFB
JDIFKAEDHCFEAEHHBHJLCFDGGMLEKCGFEEBKBFE
LSTSSUVSSWHSSIBSSCXSSYZSSADSSEJSSKFSSGA
NDBDEFNINZCMOMHLJHPWBPFIJKDSWINVIPESFRT
KEQXNCBFCTNMQIAXDEPTJKKUVPFZSQMBNQRQYWA
SLIBIWWRZEARNGWMMZSJTTILIBMCMPEILYBFSJF
KJJLUJJVSJJTQJJRMJJNOJJPAJJBYJJZWJJXAAA
JIIIHIIHJHJHIHIIHIIIIHIIHHJIJHHIJHJHIII
HPNVSXDJZSEYNWXOWOUQYHWIIWSOIUVRZHJIWJZ
WAVTAVGNAVSRAVZAAVUDAVOBAVWIRAVDAVTIAVB
EVOWIDXQHLQFVXRFQNBTIHEOUMTROUMPJTRZHQB
VIVLPNTMPDJNINOIUJQUPUJGHTWGHTWNWWKANSH
XSRPQNGPYGJYGJPGJPQJPQNSRPYNGPOQNGPRPYG
QQUOTTUQNUNTSQNUQQSSVTTTSSVTNTSQQTRNUQA
PFUBTVOFHAVQIXWRPFVEKNYDOZUQEYIKETLQRBA
PXVVVVATVVUZVVOXVVPHVVLGVVGPVVYPVVMVVVK
BLPBGDKTYOTROBLKBYXYXBGDKTYVWJPJPROOTVW
VCDCCEFCCGTCCUHCCIRCCSJCCKPCCQLCCMNCCOA
STBAAAGHHGCCDDLKLLFEFFPOOPIJIJMMNMQRQQA
UVLFTQUFYTQUFUFYVTGQTQTQULFTGGQTQFTGQAA
BBAARQRRDDCDHHHGEEFFJJIJPPOPKLLKMMNNAAA
RTTWPJQQUVHSSHRSHSHRXUVHWRTTHFPTSXXUAAA
XRMMDURGMSBKKIXQYAHONAQGUWTOCAGUUMVMKZC
ONUXINVHCQVJPNSUAVTBCFJHONUENJJFNGAEVXH
WIALVCLCFSMIFJGBUQTFXFYWKYMKONEQOERUHWS
KAFLAFRKAFRZAFYEAFPTAFOOAFGYAFLQAFRYAFL
QTOTOKQTOTSRTOKSURTTSURKQTOOKQTOTSUURTO
ESYYMOPXSNFVNDFOBORBNUVIPLYSYYJBYDAXFKG
LKTOXNJPJFMORCMMFFSEHIECMXZFKTICNCWRSWA
TWNRNMVWUUQWRUUQNMSUNNMVWSWWVOPNRUUQAAA
DEJZUGQSRFZMFYLERCJRJYHAMLFNSQTOFNUXQAA
SLLKONSTKMKKKPRXKKMKQOQMYWXXMNKRYTXQTPM
ROIEXKCBKNYHYKASLJKJDVUQDEOGHYKMBVBAOGL
PYJJXESLGYFOJHGYAMVFVLGFZOXXIVLIEUOMFEE
DFHEDEIDIEJGFGDJEGDEEEJGEGFFGDIDIEJFHGE
IQUWXFHXFHLEVJIUWXFFHLZJIQUVJIQQUWXYEVJ
YFGFFHUFFVQFFRIFFJWFFXKFFLSFFTOFFPMFFNA
EFCABACCEAECDCFFABDDFDAAEACABFADFCCCAFD
XADNXAOBOAWFHJQFYGSGSBHZFFQSPIDYAVCOAAA
JXSGIQSXPHNMLVQXSGTJKRWUGRIHSTMWPNTUQNJ
XYPOWXHGOXUEDZMRHGCPMEMEMRSXXYOXUEWXCPA
KQKVPLPRKJWINKKKUHHVKMFOKGNHQHNKWSFGAAA
OPTGZETQZXYYFJFNVWOHZUXMMVPWWFDJVRQLTOA
KLMJWHXUMSMGQDUKPCPCUEQDUKUEKLWHXUFDMGA
VCCDCCEFCCGTCCUJCCKHCCIPCCQLCCMRCCSNCCO
SQVQUVSRSQVVSVXXRSQSVXXXXRSXQUVUVSVVXXR
FCYTWLHXLQMXVWGMWDWMNWHIYWRPIBUPJOHAFUA
CEEFFEDDDFCDDDDDCEFDEFFFEDDFEDDCCCDDDCF
AAAAAAARQRRIJIIGHGGLLKKPOPPNNMNEFFFCCDD
AXNBEMWCOIXSKBOPTGXILYOBNYWISZEQQJWWAAA
LNWWVSTNWKTUGLNTHRTTSTFUGLNGLNWRGNURTST
ABABABIIJJNMNMRRQRGGGHPOOPFEEECCDDKLLLA
VYZVXUZSSSVYZWZUZZSSVZUZSZVXUVXUYSSVYAA
QCXSNSVOOBBUVOFEMOVEOGISVEMOQCOGFEOBISA
PLJPOKPPPLMMKLNKPMMMMMKJNOMLNPPLMPLJPJN
TQIPOQKLAJWUGEBZIOXKPXBLKITUUUQIFALPWBH
MHLOOMBZQRIGCDAHCQOGVLNUOMBENHYOOMBYRLP
KJXLJPUQLQNVNWWSRSJSSTQSUQULTXVLLSVKPSR
KKLLLKKKKLKKLKLKKKKKKKKKKLKLKLLLLLKKKKL
TSTBBABRQRQOPOOMMNMDCCCHHHGLKKKFEEEIJII
NMMOBMMCPMMQDMMEVMMWZMMAXMMYTMMURMMSAAA
TPTRMTNSQKTTQPNLNKSTRTLLPKTNTKTQPSLNMRT
QRUTRRRQWRRQRQRRRQSRVTRQQSVTQRUUSRQSRQA
FIATKAAOVZMRWYTRYPXGZSYSDSPXFQDLAWZHXEM
GCPMCPVECPKICPVDCPGXCPQICPGBCPLICPVGCPS
TTTBAABCDDDJIJJNNNMLKKKOOPPRRQQGHHHEEEF
FMMNMMORMMSDMMEVMMWPMMQTMMUZMMABMMCXMMY
QIYZIYBQIYNSIYUYINIHIYOJIYLNIYFNIYYIIYP
AMOUTAMHTZNQICJMDOYWYKQWLJCTQTUDJTEVKHS
JKBTMVUIWIECJKWDTBHXUMPHOBKMTISPZNMIRXI
ROLPWYYQSIYNNHXSCMZWRUQQOZIXDUTHSQWHVAA
SABABAACCDCRRQQNMNNIJJJGGHGFEFFOPOOKLKL
FGGHHGEFEHGEHGGFGIHGIHGFGGFHGEEIHGHGFFH
FKNLKNLSKNDPKNFDKNRXKNBFKNQHKNJXKNPQKNU
TTBBBAACCCDOPOOFEEFGGHGJJJJMNMMLKKKRQRQ
KRGIBSIJEVQCAIUPTHSRGFXJFAEZHGCCXTXNHDR
NAPQNAPCZBVFFXCMDOMCZFEAGWHNXKPAPEKANDM
TWRTQVWSZTWRSRPZPRVVZPOXRWYOWUPQYVZNZWQ
TTTAAAAHHHHQRQRDCDCLKKKIIIINMMMOOOPFEFE
IIFMJXOSXYMHYEYDVTGYYXQGDFYJJYRFLFCCJEX
UCBBDQBBRIBBJEBBFGBBHSBBTMBBNOBBPKBBLAA
LUAZUAUXUAAOUARXUAGRUAOTUADKUAGCUAUFUAU
NEKPIEMOGLMBEPMAKPGDFLOLLJAPHGFCEIMLAKI
FDFQUNQPMHBUIXSTKRYWQUNAQOSPBKEIFZVCAAB
NLMLMLNPMNLQPMNMNLMNPMNOQPMPMNPMNPMMLNP
TABABABCCCCLLKLOPOPNNMNEEEEIJIIHGHHQQQR
UPKBIDDTWQVRMFEHJXQHYHFCAUBPTWQWUFUBLET
LGPGHLKIIIFMGPDMGPDNLHIDIDNDEOFIFDEDEGG
IAFOIISPBYMATXFWASBDPLAIQTKCMKPAMVMEFDP
GTKRPOFJGNBJNKGOBJNQSOBOFGGCLLQLSBJOFGG
SSSABAALLKLPPOOQQRRHHGGIIJIMMMMFEEECCDC
XJCORMTMBRYQZPSJNDDQOMMWXRTSKUZIAVRBLAA
UVSVRTVRTRSWSVSTVTURSRRRRWSSVVRVSUVTUTV
JLOEXPTCSNMRBPLFICVIBRCNEXPJCWBKPDFBOSP
TAABAACRAASHAAILAAMNAAOFAAGJAAKPAAQDAAE
PSAWUTEBSUNEPXBKCSDWQSEIIQOVRCMXNAKYAAA
GZJLNATVIHXJKIEZNDCOBVLNWMAGGDBMDVGTQHS
HYHYOESYOVWYOERYOIYYOWUYOVHYOJUYOFJYODA
VVGECPFLXDLGECGCGLXOXECJEHIDLXEXEJEHIOX
FKGKHJHHJJGGGHHIGGHGIHGHIKGFFJFHHIFGJII
CBBDOBBPEBBFKBBLIBBJMBBNSBBTQBBRGBBHAAA
SBBAAEFFFDDDDMNNMKLLKRRQQPPPPHHGHJIJIAA
QTWQTRRPLUMXQTLWUNLTMSPNVQQOWNWQTRPNVQA
JRNOSMNLOIJKTRNNJJJPRINMPNLNQOPNTTKKLSK
UGLVUUQBEAKQPVHOBDENTJCHJXDNQPVTFXLZTMH
VSCEPEVAHLWSOAMOUKAPNOJZKZGFGMSRYUQDAAA
PNLMNLPLPONLNPOOLMMNMNMLNLPMPOOOMMLMONL
XWGRFZEYIBAZTVQZTPVNCDSWGRCBZEHOKATLGFE
UBBCBBDSBBTOBBPGBBHEBBFQBBRIBBJKBBLMBBN
RGUJRMRMGOINRPHPRURUINRPRGGOJMJMUPUPMPA
RQPRQSPPRRRQQQQSRQTPSTQPRQRRQPSTSSQQTPA
MHHGOJPJGEOLLFKHGLJGFLOOEEIJNFIOPFHHOOL
QRRURSQVRSURTVRRUQURRRRUURUUUTUUQTUURUV
GBCGABBAGABGGFGBFGGFBEDFBEDGBCGDFBDGBGG
KKBMHFMKRHIMSTKXUEKEBDXKMXLLCWNDIFKIQID
SSVSSTTTUSTSUSVSVVSSVVSSTTSSUVSTTTSSVUS
KMLLMLLMMLDAMLLTMLZXMLRUMLBRMLLCMLSVMLT
BCUAKLKZGCZNYHBTMRSINLVMTWUCTEMLPCBSMRA
LMSSMSQQMSLWMSTMMSRPMSQCMSPYMSDGMSKDMSB
PTQTQSQSRRRNPTRMRNRRSPMNSSSPORSPMNSSSPA
XYVYVWYWYYXXXVWYYXXVYVWYXXVYVYVVWYYXVWX
JHJHHIIIHJIJJHJJHJJJIJJHJIJJHHIHIIIIJIA
POMNIMSRNSUSUNISIPOLVRNOTLVMNRLRLOTMSUJ
STPGKOMRKNSHSQNPOJIMSMHTKKQNNGTQHGPMLIR
HTGPHFHTGGIDTQKLGDTFHKLGITFHTLGIDIDTFAA
TQJRLSTGTISSSKKUUVTKRQMQPVGFNSOMIRUTJQF
HLINMLIJNNHMINMMJKLKHMJLIJNKLMIHJKHINHJ
JLKRKOTXROSUMIROYPLORLMILOXTTXKOXTYPSUA
YFGFFHKFFLSFFTQFFRWFFXUFFVMFFNOFFPIFFJA
CWCLFELWHRCXUMHHUOXTEONXTIWLQSNNRRXHOVT
GFJOFJBNFJNBFJPZFJRDFJNZFJZKFJVZFJTYFJX
ZTCGHJYCRXILYVDEIDVZQHLSKOBLFSSLICMIJAA
PZQPZQPADUROJNBLEFAOGLHDAGTDPSITGZOGZFG
IHIJFCICIAADIHIHJFCIAADIHJFFCIAAADIADIH
UCBBDGBBHSBBTQBBRIBBJKBBLMBBNEBBFOBBPAA
MNROFGBRMTPLSPLSGBRMNLSGGRMNRSGGBGGBRAA
TQUMJFGRNXNVNKYYFKQQYLRMYHJNHITXMRVJQYX
KIPOKJQKIJOQNOPHPOKLLJKOQQHPPMQKHIKPINL
TBBABFFFFPOOPLLKKDDDCGHGHJJJIQRQQMNNMAA
RTTXTTUTTTMPTTHDTTMRTTRRTTDCTTULTTVCTTU
RQUCDQUWFQUFNQUFZQUDPQUWSQUWHQUQNQULAAA
RMWFFRUEJZLKZMDQUJYZXZTMHLZEJIIZTKVPQUG
VDEABWLHTLHQGTVDEHQGWGWLHQGWLHTVDLHTVAA
HLBDFATAQHEATDALTUJPUEQTLRJPZHWLMLTOAAA
BABBABBLKKLNNNNOPPPFEFEDCCCQQRQIIJIGGGG
BFHCIHBHBFHBGFCHDDBGFCIFCIHDBGFIHBFDDBG
OVVTLTEEZYBSKBYSKBYJKVOOADGSPHDFXCODSVN
ELMLLNCLLDYLLZSLLTOLLPULLVQLLRWLLXALLBA
HKJJLGJKIGIFLFFIIHIJIJGFIGHGGJKILHFHKII
LMVDMVYOMVNKMVCSMVJXMVEXMVMRMVXQMVXSMVJ
DYTYYXMYYIAYYGWYYSHYYBHYYJFYYENYYYDYYDA
HREROAEPBPKUDNJDUZAOFDYBOFDPAFXFYPBSKAC
NMOONMOMPPNOMONMMPPPOPNMMMMMMNMOONNNPOP
LJOHRQMOLPJRQMRQMRQMQIPNOLMRPNOLJRQIMOA
SSKHKOPPVNLWBWUJCUWSQGBUIKYROOSYCIRLPCS
NNQSPPPNNPPPPSRLPPNNQLPPPPPPNLSRLRLPPAA
UDDDRHKSKDBTKTCJVNUKVFSBNUTQCVJCTMNNTBJ
NJIWFTCKNPCSEYPGUQCVPFFFSNJGASHXDVYSJJG
TTSAAABPPPORQQQDDDDMMMNHHGHLKKKIJJIFEEE
ZEGZIOAAWLQMLOFKIWSQZEGAFUDIRODPFTKPHXT
RTUSRTQVSWUSQUSWUSWRQQSTRVVUWRQQSTQUVUA
UBBCBBDIBBJEBBFGBBHMBBNOBBPQBBRSBBTKBBL
PNNTMNOLRPKPRSMNOLNOKPRSPNRLNOKOQORPKOA
LLQTOKQQPNNSQLLQWVUKQSUTWTONOLQUTOTOMSK
SLYWIGIHSPGVVNHYTQMDEKUDQGGHDDPTNUQOHSP
DLKKMVKKWBKKCXKKYRKKSTKKUNKKOZKKAPKKQAA
GYUFYUULYUAQYUWPYUQMYUTUYUKGYUQTYUMEYUE
ERVKETHTVSEXEYJCEPAUGXKMRJLVKDCPDNNOAAA
MLLNWLLXCLLDQLLROLLPSLLTALLBULLVYLLZAAA
DMUDZMRJFRDARDLERYJRYGEJVVEJIDZLLCJESHA
SSSBBAAQRQQFFFFJIIJOPPOCCDCNNMMLKKLHHGH
CEEDECDGDGEEEGGDGCEGEDCEEDEECGDDEECGFCA
BWIJUEMVTACWFDLYNLTIUFKFUQDLPPDZZPUTAAA
QGWXGWSIGWFBGWHJGWCIGWNUGWPBGWGHGWTCGWC
TSWSRIQNTBMKTIOGUQDLRYVJZIXCHYOQFVYODJA
SRUSSTSTUTTUTXSVXWRTUSXSUUTTRRXRTSWWXXA
MWBENPSRGXHRISWQYMFGGKLWLBJWPXMLLHNDTCC
FWMLQRBRKGCYOQBBMBROQBRXHUZKFUDUAXEZRUR
TTBBBBAQQQRHGGGLLKLIIIJPOOOEFFEDCDCMNMM
CJIEPPGFQIOHQIOHPJPPPCJIIEHKHPJKMHPJAAA
LMPMPIEMPYHMPZHMPYXMPIKMPVTMPAEDMPDMPKA
QZSTBSZQLKPDIQJXVTPXDYCRAVKRDCVFDBVFDBV
EHHKLFMFHHDLJJJKHICIJHJFIIMGJFLEFHKIIMF
CITVDXVRRKSMKEMCYPHMYHYPUDLIRNKARRKQWSI
GFULFUAJFUWRFUVDFUQLFUSLFUYDFUBFFUWXFUF
IFEDCQLKIHRELRLGUUOSJUOSJLKIFLGUORELTAA
QRTUSIFFFGCCBQBQFGQFHPOBLLFHVJOQANHOTQQ
SAABBPOPPDDCCHGGGNNNNJIJJRRQQEEFELLLKAA
IDHBJHJDCVKLSMFSKGOVSBUOGKSTIUJQAGGFFNJ
UEQQSEQIEQIWEQXSEQRAEQZHEQAPEQFYEQDVEQO
DJKKKXYWWQEMQZSXPYHYIFWNYCYRBXBCGJKJQVR
FQSQFIFNQPKFUVINQPKIVKTRRGRLDJDRJRVORRD
ZYQJVGNVLHALDCHMSAYRRGTVXQMVRGTFADXSLGQ
YUSWQVYYZWRTQZXVTRWZZZVXRWWWZRZRSPYWVYZ
TSSBBBAIIIJFEEEHGHHMMNMQQQRLLKLPPPPCDDC
IMIGWEUTRUAGSGSGCRCTUTCRFQRUIMUGCTFQUGA
LKMJONBBLEJKMJJILKMONBLJJONMJJOLEJENBLE
UBBCBBDGBBHQBBROBBPSBBTIBBJEBBFKBBLMBBN
CZPNPXTJWOKVNTWENJGRCUFLPQTNUPLXMFWECRJ
NMTOWSSONFVHNMPFQXTIPLETTIWSPFNFVHPLSOA
HAGNBQGFCUPSQCBMKMXSRQOFFCUQVECGDKFGQEZ
SSUFSUARSURBSUPXSUUASUMASASHSUUISUKFSUB
EULSTHTTUTVXDMWWMBCDLNJPBZDJKZEVZUXCLMI
YRXTRSQYRXTTQYTTTQTQYRRXTRXYTTVXYTYTTTA
TAABAACLAAMRAASHAAIFAAGJAAKPAAQDAAENAAO
PXTWIXTBHXTHUXTFHXTXSXTESXTRMXTVEXTUAAA
BDXWKHNLQWYOZIOMTJXYLFRQQLFJAZRZNVZLAAA
OLNKNOOOONMLJNJOOLJNJKMNKKNNMMKKMOLMKKK
TTSBBBBIIIJFFFELLLKCDDDGGGHRRRQOPPPNNMM
SSAAABAMMNNEFEFQRRQLKLLIJIIDCDCHHHGPOOP
GNHDKNNMGNWXQUUNMGQUNMDWXQNHDKXQUNMGNHA
SQNNPWOWHQTTKUEENCSVIIEBBMCGOCBCRMWOIFV
TABAACJAAKLAAMRAASNAAOPAAQDAAEFAAGHAAIA
WOGVVPTRCPGSHQEJOYAIYMEXTKBLJREMQXXHVFL
LMCVMCFDMCFMMCUOMCBQMCWWMCULMCVVMCUJMCT
MCPTXEDGHLMNHQYUFNMCLRYDDFLYOVULGJGYUGN
JEUVQUPXLARRXCPIFTCZIMEZJGHGRLULDLXMEFP
LGLNFJCFQSKFXVKYFPEORYQSCAQNEZQLGLNRKMH
RKOSRKSQPSSSMRQSKQLOLMRLMQRROQOQRQRPQSQ
JHWSCXWHPEVXWSCEVWHPSHPSFVXWHWSCECEVXAA
EHGDAQKFBBOIQHMCPINGOIAQKFPIEHQHEJEJMCA
HGCADPPOUITWBZYFYFSOAJNRSBPNEIKTRSBJYIM
KOHCONHPDDIKOEDIKIKOHPDEDHPDEHCOIDEDIAA
GFDEAGCFGBGAGGGBDGGBEADCGGBDFGCFGEDAFAA
QGJLPBJJQGAHBJNBNFPBEEAIJJNFAIEEAHOPNBA
WSYSXVSXYUYVYVUWXVWWWYVTXXWUTWTVTYYWSTT
LFUEGLWJUFVJVTTTOWFWEIUUVTJMTQFVKIJFVOM
CGCAREMVFDRFOMCQZAZCJPLZAZNGLOLBDYRGPOB
ECQLFVDDCPFFFPKKIDEZTXOOKTLLUSJHTCNNCHZ
UGCGCGGEHEUCFYBBOWGHTWKBKKGCKZVSQADYRQK
YLQQZQENDJVOTLJOTQJUPQJRRHEPGITKZOTKGQR
OJGATPHXCBYZYSIDZSYHLYERNGJYVMHIDTLTLDU
FBPZZDZCITMFXQPPJMISRZZBYMQKHXTPTCIKTLX
TSBAAAPOPOJJIIQRRRNNMMGGGHCDDCKKKKFEEFA
HNMKTMMKIPMKVLMKTLMKEBMKVBMKCXMKTLMKWAA
ZXEHEBYGDWWQWJFCBSFKTGFWHACJFABNGUSDPRA
QWYHUIRAAIWCHSFTFUJCPGWXECIFRRBGKNGBROA
FLOPILKKNMMFJIMMRIFIIHFIQMMKHMNNKHIMLGI
IUHTOJEUBPWIFXKYMHIZVPZGXOKHIUHTYEHMCFI
INLMHPGIPROQGHPGHPGIFJBLINLMGILHMLMGAAA
FCLMYAJCLNYGZSJOIPLRSALJVADMTDLGZSJOCGC
NPDMLPMIYVHNHRZNHRZJHPZMLMOHHICKPBMGFXB
TBBAANNMMCDDDEEEEGHHGQQRQLKKKOOOOIJJJAA
ONJPGJPGLQLLJLLJPLJPOPONJJPONPGLMIQLLAA
IPCIRRGPVIGDFJUDIRDTRLPGOFQMSEIQHDDUJVM
VCDCCERCCSHCCIFCCGLCCMPCCQNCCOTCCUJCCKA
LQPNNQLQLRSPKORSONNLMMSLLPPNOLLMQNLROLM
ATAAKNUFCIHXAEHIGZBNVVLKUHNWCQRCBRFAQXT
PQFFFPQRJILGVRLPQQGTIPQPQFFGQJOFFFPQQGQ
LVYIVYAUVYVOVYKLVYCMVUVPVYTKVYOUVYXDVYF
QORPQOQORRPOQPOPOPONQQOOOOROONQRPPQPOOO
SYBDSYBAHPENAUODMJQKFBTOBAWWPDYHXENNOLL
SNQFSLKDNLGSNQDNLGLGSNPKDNGPKDNLGSNQFSA
HUZGXQRLQKLJHGTGPBTMQGDWSBVJZFPDFOTPRYA
CSSBGJLJYDGSGZJFXAAGZJDECXQWKUVAPRPQMMU
PLUTRPSYVMAKFZUZPNWSUUNHVTGYWCVGZIFCUYS
SVGDVGOGVGKXVGMPVGNTVGPIVGLKVGIWVGPNVGW
RPKUHWHOQIIIILHNSOQWHPULHQUPURPQUUHKUUK
HBLENBLOYBLEFBLNDBLENBLBLBLUFBLJGBLOAAA
PROECEGPFOECKBSEGIPROPFIPFIPRSEGPGPFIAA
BKLLUHTRYNUZAJDHEJZGDXANFEXCDEKQFPUHAAA
DPQSQSGTQSMWQSXVQSMPQSIYQSRLQSSLQSYYQSL
LUMMMXYYMWTPNXLMUPWTTNPNMWMRYROLPUNWMTR
YHOYOGOOGOQUCKMONAMHAQOWDPGZAHROHEMCNNG
NMRSRRROLSRROOLPKLPKURSRRROLPONMRSONMAA
NFPPONHHRPQFMGFHQHROQHLOJFMNHKNJMIIRIJO
QLQMNQNKPLQKMPNQOMMLPLNKQKOQOOONOLMPMAA
FVGQELYPNTFJQESOFVGEKBYYLTKNYMHURIHLMEQ
XDMWXBCJIJKTMEETORAGXSRAZEDBSFLPPNLCAAA
OCBEGXYIVDIIQVAOWQKBRPTHKPUIPQEYBAHMAAA
SXWSVRSVSRSWUYUSTWVZSVWSVRWWVUSSQPSUSRQ
VNDNQJCYXUBITVNMRWAJSHFSEFGDDYDKMEBHUCR
YFGFFHIFFJQFFRMFFNWFFXUFFVKFFLSFFTOFFPA
NRUSQSOQNSNSUNQNSUUNRUTOOQRUSQOOQNSUNRA
KKILJMIKKJLJMKKKIMMIKJMMIILJKLJMMIKKKAA
JMOINPJREHJTKFRFSQRKPHIFIQFIEEQRNKFJURT
MKLKLKLMLMLLMKLLLMKMLLMLMLLLMLMLKLMKLML
BHFXNZIXILOZGETTIHFXNZGQTFRHXETTITTINAA
IWWRTXIWWRTQFIWOKKLXIWRTQOKLXWOKLLXIWAA
EJEQQOENOLOPDOGEFIEOKDQDHPPGNLELKEDEOIN
PTSTUUNSRRQUPNONTUUSTNPUUTSQSQTOUOUOOPS
ZEOEEOWFEOFPEOTREOXWEOMDEOULEORNEOOVEOU
XVXVTWTXUTSUTXVVTUTXTXUUTVTTSUTXVXVWTXT
ONWIUMNQRRQNNURSJNJKTPVROTLJMKQQOUOLKLK
TOCFYOJZTHUYOJDJVHBIRAAKNFQSPSKVVXDHKRG
WTIOTIRUTIMXTIPHTIQLTILUTIONTIUUTIOYTIS
RUTUTURRURTSTRRRRUTRRURTURRTRRUUSTRURRU
BAAARRRQHHHGKKKKOOPPMMNNEFEECCCCIJJIAAA
MKPJMHQHPRGOUQPVNQVXLYYJNYGKTTSUMGQUUAA
LLPNNQLMQQKMOLQQLLOQKMNQKPLPOLOLLMKPLPA
KUFITHENLTUHKESQYNLGQYZOYMQLYTYZSAFMBZC
NMQMLPRRQLRQLRLLRLMMQMLQMLPPRQLLNMQLPRQ
AEVJEVDAEVFEEVUBEVKHEVUIEVQHEVIAEVUJEVD
BHWTURBUPIWZGVLFYDNWQPKCBDJZEVPBXXFRFYW
JNJINJSANJPPNJJZINJFNJQWNJJHNJSBNJKGNJA
MTTUTTVATTBYTTZKTTLITTJWTTXCTTDETTFGTTH
TSSUJSSKBSSCDSSEVSSWXSSYFSSGZSSAHSSIAAA
TABAACLAAMFAAGHAAIJAAKPAAQDAAENAAORAASA
OKIJZMSYLIAVIJKNZWBNLWGIRAEEIMKIHJQDXAM
KXWRXWCOXNXNXWELXWZYXWHVXWVFXWLGXWIWXWQ
TJTJTZOJTXWJTCVJTEVJTESJTXAJTFHJTNGJTLA
OOTPJKHGORUQLJTQLHLHGLLJOOJKTQHRHGORUQA
QRGQUVMMUGSPJQQMWIMPPSSTWKPVGUPSTTRSPRV
CHLEPPVLHLJVVQZSWNDEMNPOPDGURLCUGBUTVHG
IOLNFEIJQKIOLIJQKQKEKKEKIXEIJJQKEEKIOAA
MGMCPQLAIXSGPMPCNTQQRIWNZIVIPELZYGPEMMS
IHIRKTOSWRKIKIHFVIKHTHHHHLUIRSWLUMWTOHT
JQQRQQSDQQEFQQGTQQUHQQIBQQCZQQAVQQWXQQY
DEJFLDVMFQHWSVDGIXYSXQELSQEIOGJLHMVWVUA
JHYWBQHWBQHMSHGFOHVBSIPMOSZIXCVXBLGGFBG
NWVCMYRLOGUXPHSRTYKYHPLOJOWQNQXQGCKPFSR
HGGMIBFCQXFELOJOPOWDNWRSRHRHYNQDFHLVAAA
LULVCVZEHRBZDFYHHUBDKJHHVRNPFLVUMSFHUBF
XOOOOOMNOULCJCBJIMXESUPUNJWZIBGQKNBFPDC
RGHUQFMRGHJLIMIMMRMMRGOJLISOJLLIMMGHUQA
ZGGHGGIXGGYNGGOTGGULGGMVGGWPGGQRGGSJGGK
PHQKHMJDFJGKBJFGPHBJLDGPHQGPHQGPHQGKBJA
ZYQHCJAMJEQXVQZARFJDRAVMNFKAWPTQXWBDBAA
FHHFGIIJHHHHGIIIJFJJJGJJHGFIGHJJIFGGEIJ
DEFICIFEICDDGCEHCFDDGGIGHGEFGEDEIFHFHCG
TYOJDIMHLCVMRPBJOAWOWGIMRXORTCEDMCNGARA
TUTTTUTUSUTUTUTUSSTUTTUSTUUTTUUTUSSUSTU
UCBBDKBBLMBBNSBBTIBBJQBBROBBPEBBFGBBHAA
LMWYGPNZOMJIBMSDGJAOVOQSMPQDAEDWWCWPQDX
CJKJJLUJJVYJJZAJJBQJJROJJPMJJNSJJTWJJXA
OMNLNONOMMNOLMNOLMLOOMLOMLOLOOMOMLLNOOA
MGGTVLJXETFUGFPGFYSSHOMFQUGJIMXTEWUPSOG
DCCEHCCIPCCQFCCGTCCUJCCKRCCSNCCOLCCMAAA
ZHWUXBYKKEHYHWNTWVZIXKDJDZXITWUFFMVYKKA
IGPNPILKZTTJCCMZTTFQNONSSNDWUPXZMVQFDLJ
HISLMMDKPHTGELDUNIJJAIRSGELPBCCGNKINRLN
YXQWKLRWCBFWNWGRXLCNYVSXRHFFXLRFIUTKERS
ZQFBOELLBCFDTBQZZAYWPYLOOMATPCOUPFZASBN
BAACPAAQHAAIFAAGLAAMNAAORAASDAAEJAAKAAA
UMYXUWIHDIUSSWYSLLSIVHSMIVPSCMMYXGHUPXS
GBLIXAJHJFROYUFYBOXKKKVMLEUNYREBNQZNYRE
SJCBMKTDGORHKIGTKCLEJBSRJTHGNPGHOPEGHHD
PMALHUFVAURIMFQOAIAUFTDMWZZMMOPQSWNQCDK
OJPMFPKPFMNPKPFFPKPKPFMFMNLPMFPHOJPJPMF
TGMSVUPUJVKFQOJVETETESESTGVUKFQOPFNVPUA
DPARXLUIRSVXLOAXNCNWXFVHDJHMZGWSLARWXFV
PTRNVMWCTCIUNNOGSCTYCTEGEEYXENAGLGNNRAZ
LPILMIPKMOLIJIMKKJLQJKOKIMNLLKIRLMLRKPA
DENONDHFNNFKNEPHOHGJJLJOHIJJOGFGJGIMLIF
EMFYMFBEMFVMMFFNMFPMMFVJMFWWMFEWMFXEMFF
MDQRFSFWCRTATDIIRLLZLFTLDQEPCDXCIFUWCRT
AHHIHHJYHHZUHHVMHHNWHHXQHHRKHHLOHHPSHHT
CJOHCJVLCSGJVLCJOVLCJOHCCGJVLHCCBCCBJAA
IKWXWOETWXTLJIKJGVSPNOTVSLJOTJGXTPNWXXW
ITGGKLHSMNMKVQYEFDVPLMJYZAZNWSCYLUKKVQY
IMIRCRJEKCIKKNDJNENPNOHMPMQOCJKMCGPNRGG
FDDJCDGJGEEFJDGDEIICHGJCJEDGICIFCICGEGA
HOSCHFHOSIIRGGFHOTGIISCHHGIIRRGFHIRGFAA
PMHVSZMNCERJAIUGFMMSVTRFDMXGJXGIVQCFHDR
WEDDFQDDRODDPKDDLGDDHSDDTUDDVIDDJMDDNAA
LPXWXSNXQWJQLJQLPQTWJXQTWTWJQQLPXNXQTAA
BIIJIIKRIISPIIQXIIYZIIANIIOTIIUVIIWLIIM
WDEDDFUDDVKDDLODDPIDDJQDDRMDDNGDDHSDDTA
TPSONRRRTPONRNTPSOOMNPPSRRNSTOOMNPNRNTA
MXKOIETCQCSMBFIGTTCBNRWRLVNWWWUOVYVVNSR
TQOJKNINSQTLNSQOJKNQOJKQTTQTTQOKNIISQTT
KJQWRJSPGQIQIGUNNONGUNNJSKJONSOSOHRHRWR
STSAAAAEFEFKLLKOPOPDCDCNNMNQRQRJIJJHGGH
ILMEWBBWAFOMRBONSPVPTLWHRZLKCJDSKCJHPVF
OTLTTHPDTHZPTHJRTHFDTHKUTHNRTHCKTHTLTHQ
IDJJHLKEEDJHFLIIHGIFLDHKFEIGIKHIJMGHHHE
VVHSDDEKGVVBDOFLBSDGTBDDEKGOFORORLBBCGT
RPWQNHIGFSXHIQRPWWQNOIGFQFQRPXHIGGFQRAA
UDQUZOLUFSKARMMWFYZGUIEDCBWNAFYPFJWKQAA
QLIDRSXRJKNEIMOVRXUQPLHTGSCEMQPELYIZPHB
CADDFDCBADFDBABCBADBDDBBEEDBBABAEFBFDAC
TGGCVPUDFPFVRPAYJQFVKGNSLVGJQEYJQEYEUID
MTUTTVCTTDKTTLETTFATTBYTTZGTTHWTTXITTJA
NOYVMTQYHVEFKSWDIMGNNOYOWZINOJSKPJUAJZA
UTZYWUSSYUUZWVWRZYZUYZSRWUUWSRRSZVWWXWW
JXLTGVJHMGVGJAFWXGZFSZONFXGZMGVGLMFXAAA
KXGFWOQTLPQNXQMGZSPWGHIPBXPYBDVGFNFZHBK
FNIDSFJODKRLJOOLFNFHJLJLRKRKLPSFFHDKOLA
XVJAHJUQFDRVPZCVPZCHTFQZVOPKCRWFXGQZRLC
TABABABIIJJOOPPMMNMKLLKFFEFQQQRGGHHDCCC
TBBABLLKLDCDDHGHGQRRQPOOOMNMMJIJIEEFEAA
TBAACHAAIDAAEFAAGRAASPAAQJAAKLAAMNAAOAA
YEGDBTEZCWPJVMRFHJTKTPVOZDIHCIHLSXNAKTP
KEIDJEKKEIEJBBJEJBBBDCJBBDEIDJBDCIDJEJA
FBRAVJXOEZBJHMDHRMJOGWBMGRJBOOWDJPYDMGR
MGSVNOKKMGSIVNOOKRKNOKRSVFPKRKMGSVFRKMG
NPWIVEEXJADTAYKRWKBYVKOPQIEHEUISRPQXRYL
UWSSXRVSWUUUVRXUURUUXTUVWUTTSRUUTTUUXSS
PEABEAQUEAWNEASTEABSEALPEABXEAVHEAPPEAF
YOWXLVUSRGZOCPFJZBTAFHZNFEERCLFUCYODGAA
CBCCCBDCDBCCDDCDBBCCDCCDBCCCDBDCDCCDDDC
LILJKGJLEFEFJJLDFJLDLDGLLIDELKBGGDFJKJL
QQQMSSPPOMSSQNRNPPQNRNOMONONNMMOQQNMMRA
MRURNKVYBFPVFMVRLHPADWKLSLNQAHEQAGXNZQA
TSTBAABKLLLQRRQJJIIEFEFNNNNGGHGDCDCPOPO
HEPPGFKCMDPKLIHLFEPPGFNKNLLNCNKLONCJHKL
DLRSTXYNUSEJWRVAFOSGKSANDBMJKRAJACAKRAX
VVHBFBCOHBWRUKAHBEUBXRDAZMBPCMQTFNXMHZO
SRRSPJOQJJKKKSMJKMNNJMSOPOPPINMLRTJMORQ
URDHHKIOBERQDHJABLZPDKMKIEYYKRMYEXADGFZ
QQQTQTTTSSRTQQRTRSSSSTTTQQQRTTTRRQSSSTT
KPQCNLAYAHZHGIQBRQPOKGYIYSFPLWHRMISVHPR
RTSSUUTQRSSTQUOSQOTRQSRTOURTTPTRUPPOTOR
VWVQTVQTVVVTTVVVTVTTVWTVVTWVQTTVWVVTVQA
ZBDIBWBQLPDKCZCOEGBYXQZPAKOFTHVADWJNAAA
EFFTFFUEFFAUFFOBFFWJFFENFFFIFFKQFFOQFNF
ZRUSJRUGHRUKSRUFRRUBBRUMFRUSBRUTGRURAAA
OFWGLCZZEVWIYOWLZTLYJCNMGQOHRLZABTAEBRI
YUUXVYWVYXVYXUUVWYXVYVYUXXVXVVYYXUUWUUV
MHGGNNKIHHMNNKMJNIINNILIKJLIHHMJMNNMNLK
PIQPIPHIOKPIPPPKPIPPQQQIQPQQQQHPIPHPQQQ
LFIFHJGCEEFFBBBBHDLBIDLLKCBLFEBBKGGGIGC
MSMLRUWSKTMSGTQQYEPPXPSLWJYWSOPHMILYTVH
QOLJVQHOVTNHLIJTHOLIQOSMJTTRSMVQTRVTOIA
TABAACHAAIJAAKPAAQNAAOFAAGRAASDAAELAAMA
UESRESKZESGWESGPESOHESUAESOQESGWESYKEPE
ELLMLLNQLLRULLVALLBYLLZWLLXSLLTOLLPCLLD
TUXIOBQNZARNDQFGTAKYXVQBAPCHWLNTHNZFPTU
NQSUVSUVKOOQRVKOOQUNQUNQSOQROKOOQUVKOAA
BBBBBBBNMMNQQQQIIJILLKKOOPPEFFEHGHHDDCD
XIVGRAAZEFNSLSLLPVKGCGNSCJLXGIJYYXKRWAA
STGJTFGTHOXNAYQGWWKWFXPDLZFFWZMZWTLWPVW
CLXLYNSCYZIMYOMAXULCPXAXISLLIJPLMKGPVKS
OOUONTPOQQTOOUURMTRPNQUORVNQVUOPMWTVPTA
PQUWPKXDPRDVHKFNZQQWKQGZRCPIUZCCRNSHAAA
CYPQTXHZAWVJXQJFCIYNDCCNBBLCRKSTWKZRDKA
AVKRGAEZERCOHXPQRBUYHLRTYHLIJFNFZTKKIMD
PWKTHFLJPXMKHRMVJSFXRLNQTKISVIJFHPWPQMS
LCUCKKXELXGVJXJUECSESKHDLCUINNQMCUGPUXS
DQODAEAECBKNSICBKNQODAECBKDAECBKNSJDQOA
AHIHHJQHHRMHHNSHHTKHHLUHHVYHHZOHHPWHHXA
ADQGMUWUSFKLQZNBAWUBWWZNMHZYTYQOGPSAAAA
VPKZPKMQPKXPPKGLPKBZPKKRPKZAPKIZPKUJPKH
AIWSAZZWZESAZWZEERWZEEIWSAEERHAZWZZAIWA
CLBMYEAAKITJITASSKQJLOIGSENDDPSZJOONOWH
PYZNJDKPTRZVSFKJILLUEMDUIVUVLWUXEMJXVLW
NENBFDHAAXBVYRDBJYHTIWWGNMDNPRHNGQALAAA
AAAAAAARQRQJIIJMMNMHGGGFFFFPOPODDDDLKKK
DKEIPNPESQDSQHSGHMLLDGGPRTEPPQSLOISSIJL
HBDJCANFHCBNIHCKHCFHHDLDLODCODLALJMCFLA
LXWVYQNQYRJABPNOFXGOPXDSJYDTBGWFJWWSTAA
LNJYXHLKTSMLTPZTSMIMIOJKKTSTSMIPZTNVQSX
PPSVPWVOMRUWVMMPQOMSVPQSMVSMMSMVSTUTUPP
XXKEXKVQXKBOXKYJXQXGXKYGXKUZXKFEXKCMXKT
XFEEGPEEQJEEKTEEUVEEWLEEMHEEIREESNEEOAA
TSBBBBBHGGHQQRQMMMMPPOOEEFEKKLLIIJJCDDC
QCRTCRPPCRRRCRVTCRPICRNWCRIPCRILCRMTCRQ
JJIHJIKLJLJIHJLKJLHLLKJLHKKHLLHLIJLHJAA
JIIKNIIOTIIUZIIAVIIWPIIQRIISLIIMXIIYAAA
MQSNRPSOKNMOOKMRNIOLJSOIKMNSRQQMQSRQIKI
SOFTYHFRXGETCSEGSONHGMOAERMTNHEEFLKLAAA
HEMILGHKIFDDLILFDFLFEMMNMFEMMHEFLDLGHNM
KTDQXWWVNDEYUYVBDNBWNNMZKIOTKBKAQRNBKDH
NOKPLKKXKKXKKQVOUNLVXTTLULWUMVNQWXWTQOL
EEMLXBVKZEAWZXXBBSZKGNOHJCWJMFZHHFGOBJN
PSIJALOSGOAMQYHIVBZBKMCCYKHDIPDJHBYRAAA
GJDIILGJHJGKKFEFIILKLKKGJIHFKJHKKFEDIHG
WVGWITFJSSUXIVOPWTMFNIOJRNRGGJGKRVHRIMI
QXFEXFMFXFJCXFKSXFZYXEXQXFFDXFJHXFIVXFN
NPQHACCJNBGBNGAAGLNCKKDDACJBNFJAMOAGEIB
CBLGGOWSVEWOOEWWJTCJFBFFENJKFQOJDFSWVKK
GUNNUNKDUNHGUNGKUNHQUNPFUNNTUNEZUNPNUNK
TTBLYYGZPTQJEGBGUKZXPFDUIPUTATYFTXNRVXY
NMMOBMMCXMMYRMMSDMMEPMMQZMMATMMUVMMWAAA
KWQPIVDOWFBKWQPEUKUUJQQHIKGLQFOWKYFFDKY
TAABAACLAAMFAAGHAAIDAAENAAOPAAQJAAKRAAS
UBCBBDQBBRKBBLIBBJEBBFMBBNGBBHSBBTOBBPA
AUAEVIAETCAEVPAEGDAEKKAEHDAEEQAEVOAERAA
SSSAAAAIJJIEFFEKLLLNMNNQRQRCDCDPPPPGHHH
ONNPUNNVANNBWNNXQNNRENNFSNNTCNNDYNNZAAA
MNJJNJIKMMNNLINMNJIJKKKLJMJIKMKKLJIJKAA
ROGMRSKCSJRONCAAFOEUIGOEJUCBMTUKQCIIQPB
INQLOOIRJPNPRINQPOSRIPNQNQLILIPNIRRJAAA
RRPQSRPROMMNRRNRRPRRPRRPROQSRRSRRPRPQSA
WUOCDECIGWXAGHPUPSRANJLOJVXHINGYFFVINUP
OXUWQTQTXTRVROTVTOVWSQQTWQUVOPQPQPTWQUO
JQMWSREADRECAHZYAIGGUZSZCXFUUXPTBGLTIAA
IXFKBMJPBWCUQKSIAASKQJJALEMUPBWLWSJFKMG
LKMMMMMMMMMLLKKLLLLKLMMMMMMLKLLKKMMMMAA
NMOMPNPOPMPPNMOOMNPMOMNNPNMPMPNNOPMPNPN
EEJGFFGFGHFHFIHHIEIIHHIEIEEEIEIEEEEJGHI
VXRRQXYINDEXIMRXAVBNGCFRROLEWNIPGGHGNZK
SWYSLMBBXZSZVZDWRRBKRKZFOGPBXVKDOAXXGZF
IHDEEFHFHDFIGIHHHDGDGEEGGIFDEHHDFGGDEDE
PPLROXUXXVPPYMWOWYVMUVNRSMNWQRQWLLLLRLR
HJHIKJLJIMHGLJJMKHJLGLGIGIKLHLMJHLMMLKL
OQRONRRRPRNRQSONRSPSPRQRNOQOPNRSOONROOP
MFNNOQMODJGCJEGCHFOMDIGPMPLJJDEIJGCQEMK
HGHIGMOOINLOFLJIOFKOOOOJHFJLOLFFLIFGGMM
KLKIKLKLJJKJKLJJLKJLKKLJJLJKLKLKIKIKLJA
EDKNEXBVJQNBBZOUQRPZQEYAQWSQEYSEWTSAVFQ
FCWNZZTIKLAHRQALKLOSUHSIDIJUPBJVGWEPCOA
NNPOPOQPRNPNNNNOORNRNORNPOPOQPPOPOPONRA
VKATWPUFCGHOPTWGHOPUFWGHOHOPUPVKAATWGAA
MWGHGFUJMVXUOWGFKHWUSQSQMWIIXUOWUJMVWUA
RHPNILSGRFKSSGKKTHWQGWWWQGTLRTQWOSGKFVL
ZBTEKIXPWNMTDHHVTXCSIXLQRITOORCWMUAYXXZ
MNNPQOQQLMPPONOQOQLLMPOMPONOQLMNPQONNPQ
IJFTIRPZVGSMIHCQEDGAAPUXHCGIJFTPLWZHSOX
XEFEEGJEEKNEEOREESLEEMTEEUPEEQHEEIVEEWA
YGLLEFXBCGYQQGIGIYYQXGNHOXXHPRYFGHNQXNE
BPSKESORDBPHXVUJRYVWQOIDDRTZEMCEBNNVINH
IOYDYRHINYNEDHYZXERYHTINXNINYTDDPQZRYME
YFGFFHIFFJMFFNSFFTKFFLUFFVQFFRWFFXOFFPA
YNONOPRXVYVTSMPYVTQMPYNVUNOPRNSONXVNSTS
JKVEFBAKSLZAGMRXYHVNCXFUKGIMRBOYNWCXWBD
AHIHHJSHHTMHHNQHHRUHHVOHHPKHHLYHHZWHHXA
PLINMMPLOJKKKRNOORIKJMRPMNORQLLNPRPLOPK
YLYTPSNZIEDKSQGTYWYVFIVCMTFCIDZSNFNCHEG
NSUVWNURRPQRQPQRQNSUVSNSUNURRRSNRQMSUAA
WRRURURTVUTVRUTTWVXUWRVUTVRUXURUTTWVXVA
EJIABFITSBBCPXHEQLFKJPZUEKEUXFPXOBSUPCA
KKXOLKVPDTZUZLJLNJQJOJAUAUFEQSYKQBVAAAA
KBQHJLFMHREOOTJTQLLNIKHOEEDMRJLRIDTMIFA
ETJZJGJZJOJZKCJZDWJZZYJZUBJZCKJZWEJZZAA
UOJTXSIGPOCNJKGJLEUGQKJOVASCXUNIQJGSKWI
ZRVBKRVFLRVWARVOWRVFKRVCVRVRTRVTWRVEAAA
JPPHNRIHIMRRHPIILOQJLNMQLHHIMRIGOQPIKGA
XXYYTSVVUSVRRSWVYTRUVXXXUVTWTTUTZVSSUXX
BIJIIKLIIMXIIYRIISVIIWZIIAPIIQNIIOTIIUA
FQPYXEWYJOBVBMFWYJXGOBITQSTIQLPPLEHWDMA
TBBAAQQQRGGGHIJJIOOOOFFFFNNMNLKKLDDDCAA
UWVUWUWWUUVUWVUUWWWWWVUUVWUVUVUWVWWWVVW
SVIHFJSNSKMIIVIIJKKVVJTBPJOTUVIBINHNBIA
SECMLECUNECYVECRAECJGECLIECGXECKQECVAAA
RKSPYFIJDLXJXEJFFIXXHHJPXRJJMIBXPUPIOPF
QEVOGRWBTMOHMTWZACXFVRCJDFISFBTMPEYQVFG
VUWXUWXTSTSUSTSSSWTXVTTVUTVTVSSTWVSTVSS
FIPIWYAZWTZGWGGEIFPWMMBTWKUDUJVQNCYCQNC
ONOKLMPLMPOOPKLNKNKPOMMKKONMPOOKMMNNOOL
HELPNNENLJHHJIPNHFKPDHILLKNELELHMGNIIPH
HPOOQTOOUBOOCFOOGDOOEVOOWXOOYZOOAROOSAA
GNFCQSSQSSSFCQSKCNGPIKCIKCNNFCQCNGNNGNF
QPPRSPPTWPPXAPPBCPPDYPPZGPPHEPPFUPPVAAA
QXXYXXZCXXDKXXLEXXFMXXNIXXJOXXPAXXBGXXH
ZGGHGGITGGULGGMXGGYRGGSNGGOPGGQVGGWJGGK
MDCOHIJRAMIFPNDJXRSWDNUEBHNHQBEOIAMHAAA
YYXTRQRUVZSRSOVZUOVVVRUTTSZVVVZTXUTZUXY
RMIZXIHMZVKNVYRITUQLTRDBJSDAJCARXJCMZVK
LLLLLJKLKLJKLLLJKJJJJKLJJJKKLLKJKJJJJKL
QPPRCPPDWPPXGPPHEPPFUPPVAPPBSPPTYPPZAAA
WKCLXQMCIUQRBHXSPSFFWKCWKELVGLGMWJRBCKU
LPVUWWMULJXLSTUXNOPXRVPWRPPNQJWMTXPPAAA
PKSUNNXTHISVKYTYHVKSMHPSMYHMHPTMHPTSMYH
GWEHSEJBFQVRFUGSESJUNOXHKKNLNWLPCKCNXPA
VGVTSXQKSEQZPQQHQLGATEUXZQQLKPQKPQMUHLN
UOPSLMJDFSILETLDUOETLDLMRQELJDRQELFSICA
UCBBDSBBTQBBRGBBHEBBFIBBJKBBLOBBPMBBNAA
QACYKPLJQAMHWLBRBNJVWKGLYYODFHTWOJUPMYA
AXINXITSXILMXIBHXIPQXIUDXIQBCXICXIRWXID
UWCJTJRMNXIFRXZWOCZBBOBXNVGWPZUSDLVBUPY
CJKJJLOJJPSJJTAJJBMJJNWJJXYJJZQJJRUJJVA
BVSZZAQLXYZWAXLQNIDZLSKORHFGFFRLYRIGFFR
YGYFSAOSNRHVSDGVVBEBZXIIMTQVKXDVBEEADTN
PGHQGHXLGHWNGHRZGHOJGHJEGHQKGHEVGHLZVGH
OPLLROFROFKOFKIPLLRKKHOHOPLKKKHKHOPLLRO
FCJHEEEEHHFIHDJFEGHDDFIHFIHHJFDFFCEGDJA
DUSHKOVWIMIDSDRXPLRUFRMIDVWIDOVWIDSEBAA
VCVNMGWLFRXFDLBPBTWHDWMNMGWLAGCHVCVPBTW
YUZNSRDFRDXQZALPFCWAPTWKWCEKWTGVSAIVSAI
EGZEXZMXNWTCYPFWMSYGZEPAPGEPTPBPEDVLFQO
SSBBBBAJIJIGGHHDDDCFEEEKKLLOOOONMNMQRRQ
DMRPMRFLMROLMRIIMRBDMRVRMROLMRIZMRJWMRM
JJKILJJKKKLIJLJKLKIKIIILJKKILILIIILJJIJ
UUTTTTRTRSRQTUURSRRUTTTTTTTTUUTTTRSQQTU
XZXWYZXYYZWYZWZWZYXWWWZXYZXXWYYZZYXZWZY
OINONNRGMNLRRGHQOINHRIMNKIRIHQKIFKFKNHA
RMTRONNOQQONRMRPNRNNRPPQNORTOTOROSTOPRP
FPHTHQNBCSLGGWPOUMAXFMQKKGXFPHTKGOSHPAX
RNNQTRNSPNQSPNQNOROSTRMRMNPPSPNSNORRMNP
TRBFKJIHDOSKFSGONGTGGTGGTGLILHHAAFKLHCO
GLLEMJLCLEGGDHLLJMCAGAIHDJGLFBDHFLHIHEH
OMKTOLPLOMKJSLOOLPKSJSLSLOMMKTOKTOLLPKT
TBABABAPPPOFFEEQRQQIIIJCCDDGHGGKLLKNMMN
MCYCFSQOXGVBYPGJQBNKNJRGRGLEXADSAHWKAAA
NLLRLLNHLLRYLLRALLUTLLZSLLWYLLROLLOBLLH
KASOGXONUIASXTQVOQSEWKKAUHEQRANIUDJOVTI
CFTXHAGMBGUBSTVITBXZJPACVPPTVXBWLYDSPPC
HIMLWZRWSSIJRTYANCNWZFGVBUAYKNBBDCCUGUA
AKDLKXFIBAFPHTMGEELCAEOQBXAGNXRCAEOCWLM
IPPQPPRSPPTWPPXCPPDUPPVYPPZEPPFGPPHAPPB
WEWGSLWSLWDJFGJDJWKFGJVWDJWFJFGRFJFGLOR
STBBBBALLLKHHGGEFFFMMNMOPOPCCDCJJJJQRQQ
SQRRSRQSSSRQSRRRRRRRSSRRSSSRSRSQRQRRRSR
QEOLFYWLOUOVGHDKKNGTOASYLOUPPBEFLTMKGXI
VIKRXQNTLWUOVWJMLQQNNKMKWPOURRMQQKKMLUV
TLTHMDPLEXQUUAFHOJLFJFGWJLTPPSUTGUTQCOH
ADZBGXWCVAKICXDZOMSZOMSSMFCMAQIRQRFDTLT
TUTWXYWRSRRRWSTTYVSUTSYXSXVWWSXVTSTXRWX
KGEJJEIBHKKDDBJBHKKKKGEFJJEJJEIFDDBKHGJ
INIINKELMFMLDFJDNILELILJLMNEMJJJKMDNMKI
TBBABMMNMCDCDPOOOFEEFKLLKJIJJGHHGQQQRAA
IXWUKLKFRITNCFRTTSMPLNEPPFUBNQUIIKAYAAA
NPSGHLRPKXIKNJPITOTPFWNOXTERPTOTIQPHSPK
PQQQRNROPQRRQQRNPQPNPOPONRQOORNRORROPRP
KHEGDLEFLEFFEDHFHKHDKKHEEHFHHDFHEEKHDEI
OEEIJPOKPPPOKFFOEOKPIFOEEIJPPJPPOEIJPAA
KKMZTQMVDEHGILLMVJCZNUSGHSGZZUJLIETELAA
CAABLCOMROALHXZFZPLJSSGAHRCVLALAWTVKMUA
OVTVCQXHIAYBOFTOFZWWRZIPVBSVUZPJRLXHXMQ
RRNNWPTSXSRRNNNWYNPTSXSRRWNPTSXSRTSXSAA
AGDJTCHXVCYXJDLPDVLGRLIRENUVMBLDSZQMXVC
BJQMDMHEXXTGIFVLZBQNWIHEMDMGYONAPWDJAHM
TBAACLAAMRAASFAAGPAAQNAAOHAAIDAAEJAAKAA
XRUNTXKUNTVKQKQKUNRUNNVKQKXRUNNTXRKQKUA
WOMYCPPNZUUNFYZRMFQDLNEVELNZOWJZUULQZKN
CSPESOXPHFKNJCSRNOPXUTPKQXXSCCPPVSNXIYC
OJBJMENQUXGRHNEERHNJRBWTHTKNJSNAWIYAVDG
GNHFKLLEKMLEKLDEGIFDLLFJKHIMJJLIDGJKLFA
WTVVVUUTMXUVUUNUNWTUUNWTWTVNWTMTVVUWTMX
XYIHRQOHKYRQOHYQKYETSNKYETSNYFYFRNRNXYA
STFWJJTFWJXMXXPQVPFKPJGLRMFKPJJJDQDQIGA
HAYAHGBMOWRHCKWKTTBCZEOXIMRJMPNYVTTHAYA
SSBABBPPOOGGGHNMNMEFEFLLLLCCDCJIIJQRQRA
TBAACJAAKHAAILAAMDAAEFAAGRAASNAAOPAAQAA
DNOBMCIKDMDODQGVANPWXAXSJUISIZXUILYFAAA
JUTJIVEMNRWGKTJESQEENUGIVFMKOQINUVKGWSN
MMKSFKLLHQKKGMMMMKGGMEMSGORHKRLRFTELSDS
MRMSKOMRMMSKMKMJMSKMJMJMPJJPOJPOMPOMRAA
TBGSONNYUBWQDKBQYFDQSXKLPCIOAOWSYRRANAA
YQTPIILKUYCKWMXFTYOJSCGTONFLMBFXIELKUYC
JKJJHIIIHKHHHHHHJJHHJIIIHIJJHJJJHIHHKJJ
ZGXRZFIYMMMEVODGQSNLDUDZXXVRCOUHKNYOUTP
XKYNEGVQUNPPLTRACDFIWLOQJBEUWQAFPLQPAAA
AAOJXCQFSOOQIFSNDOFZEHBCLVHUXFUQGJHIHSI
TYEDDPPFUUBUEDBRQUHNPJLTKRMZJQYPCPFZTON
SRLRQNTQMSPPTSKMOOSOLSQTOOUKMLOUKPQUKKM
FCVZTUHNTXDAOSHEUWKDROTUPHKXTQAOMDWUSCA
CHTKGMVMVLOMSJMARWMVQXQPKNFIXHCEGCMUROL
LFLHGBQFLHEFMHIRRCECOLKEFMOLFLGQFLDIRRA
JKJIIIJJJIIIIJJKKKIJIIKIIJJJJIJIIKIJIKJ
UPDRORODEOQTUODEXQMOQQTUPTUPDDRODMOQTAA
ZULJCANMSTFAZEKMKLANZMKTNZSWMDJCNIQWUKL
RUDLVSRUDLUJPDOHLQGTOHIGTOULLPIGTODRRKA
RLHRPEKBSNDNYPLJVOGXIUKYBDWYNKPJXYNHZOF
QVWQXTSUOKUMTVQOYTUNQSLSXXVLQXOSVWSUYYM
KGLXUUFQBOAPDRGRJNIKCLZCRVQWZCIVKGLVLZS
SSTABBBQQQRDDCDFFFFPOPONNMMGGHGKKLLJIIJ
EFINFIBWFIZVFIYBFIHAFICNFIBFFIRJFIAVFIT
STSAAAAEFEEPOPOKKLKCCDDGHGGNNNNRRQRIJJJ
SQOMKJLOUJNOSQOJJSSTKQSTRQQJKRRMKPPULNT
QQFQKQQEQQKMPRIHNIKMGEQIKMGKMMPRIFKFKHN
XXMCYQPDIPWVBXQBXHDERBKKLSOBHGYYWYLJBXH
QHEGJMBOQCJMIHQCCKCKMDHKQHKNBOIHOHMDHKA
TTBAAANMMNPOOPDDCCGHGGIIIIEEEELKKLRRQRA
WHPIWHPKTOBNOIYJXJRBYBKWCHAONPWARKAEQTK
JHOPOKOKFHFHEJNJHOHEJJHOPOPOKFKFHEFNJHA
FKMIDGKJIFMMNHFHFIJJJNMNMNHDGKJJNMNLFKM
NETFBQFVOMGVQGSNVNJQTPPIOEVRQGURAEKSMVO
CBCCCBBBBCDBDBDBDCBCCBCBDBCCBCBDCCBDBCC
WWHCGKCXKPOOFITTDDNMDMFQQTRVPFIFDKVBTYB
GEHCFCCCDFCEHDFCGDFCEEDGEEDGFCEDEDCCAAA
KANNKPPCMJAGIKFUOZPSMDGXEFLKANNDHKXDSJK
FVSEBWULTHUVFKLSBEKQQLTHUVEJSFSBEHVSEBA
RKRMRJRKMRJRJROROLKKRKRLKRKJROLOLKRMKMR
SBAABDDCCIJJJEEFEMNMNRQRQPPPPLLKKGGGHAA
RJGMEHZPOOJQJPWFPDDKSJXZJQNXVAUYCHCVBIA
RGEVFKQHOHYLWFIACPFHSALBILFGITJIKZWALVJ
MOFCDKPEPEDNAMRPQEBBOLPRGRDDLOGPHFNGJCE
TADOWRTLLJYEZABKNMQZNIKMFTDECCHACQHUECC
BRHTRHJCRHRNRHDDRHPORHZERHRLNRHORHKWRHS
IWSGRAYWHAWQNDJUHSNBHSCUIDGSKGRLROJOMHD
FNMMOVMMWPMMQDMMEZMMATMMUBMMCRMMSXMMYAA
DICRNLBNOKOBDJNBBJDPJNJOKJPNCMNNROBJFIR
UNQQTORNQQTORSVTORSRSVMRUNQMRUNUMRUQQTO
IWFCOWAMWYSFROSOEAIZPBWPUAGPWKBJQUOPZPB
RARVJEEZFCKYNIRASDFNPOZXDSHHRRYUPBDIREH
ZKYUNYRGDQNRAUSOSVLOXHRZXFZOOXHLRNWYTKH
PUQZWURUTPSPNQUSSRTRSWTRPSSSOPRTZNPYWWP
SSGEMNUUGOZAWXJVXOMKNIECNQFZHPCUPIHFAAA
IKIJIJJILLJLKLIJKLKKLKLKLIJLIJKJKLKIJJJ
TGIUMRTGIYRTGMNLTNLTNTYRTUMNLLTNYIUMNAA
RMBNRLSHQUOUNAFFLAHCHOSANARSJLUHJHHSIAC
OONNMKLNNKKKKKNKNMKNOOOONNKNKKKOOONKKNM
NHNNHNNEHIBBHKEGKDEIJGECBNHGECBCKFBEIJG
GVKONSBRQQNSBRVKONRQQPSBRQONSBQQPGQPGFA
GTIQOKGRUCELTUTDLSDQLNDHIRFDMMLFJGRTRCH
WOOHMVLLUNHQHVQOYUVHPIQLURNQKOSVXTWNSXO
ZGMHDJPELZRTKGRXUKYKLEGNKXUZUHKUBIQASDQ
PGKCXJTCBMNXTKJXWUEKJDZORPEOHXSMGHAHAAA
PJXGINALJUXLYSTFZIOLUSRXIEYENCWVBYLDEUE
LNCIAWPMNTQYLZZULWIMELOLSILKYPUYYPJMBQW
RSRTXRWRWRSVVWTWRSRUVVWSRTWVWTXXRWRWTXR
TQTSJWJLKVXJNMTNPSVQSTTQOTVUJWOJOSJSJWX
OQXQWKOQKOQXONVRONVRWLONXOWWQXQRWKOQAAA
MQHKIYRTVWVWKYMURUKYTJKYNWTJRTNWMQRUKYA
PSQUVRSSSPTRRTPXPVXXVWSSSPUSWVXPUTRUXXS
KRYDRXSSQCWLTHESTPEYLFTTCFWCDRXEUCTAGOE
SQPZWQKUZJVPIYPROFGMSEXNYBNLDRBBUWMXSCD
PTEWXCIYQUDTOUJZKURYGLAZSNUFHIVFTOUPEJA
VQDUYVOZBRFMRJBLPEETMRJKQGVVHCACKXEQQKP
RQSMIRPXPLJJTJVXKPTPLPKTWWXVQTXKMKRPXUX
TSBABAJIIJRRRRLKLKHGGGDDCCFFFFPPPPMNNMA
NUONSNUNQQUSRRNUTSUUNUSUQSNUTOUTNRUNPRT
XKLHKLTZRFJJCLAJFZTVDBAICPTIXOKTEFEHYBW
DSUNSUTXSUHKSUVZSULESUSMSUNKSUVKSUKTSUH
ZLJVRKTFIFOKTSOADUNSOGACRTYXDVRKGVNKFLI
TJWCOYSBWWLZRPUFUFXDBKYRGGAKXKNAEXKCYZL
XRSXFBLLLIHIWRIFLBRSNKKLNIWJTWRVROWZQJP
DLKKMTKKUXKKYBKKCPKKQRKKSVKKWNKKOZKKAAA
ACZTMYQIRDJGNZPFTPOGCUSFAZLCZTJDAVBWCVQ
IIGHQRSGGHJFFSNFGGGNHQRIGHKHKHPQRSFGGHJ
ABBBKKKKOOOOEFEECCDCQRRQGGHGJIIINMNMAAA
GKMEJMNFIKGKGEIIMGONKCDNDIGOHOIDOKKIOFF
SLOSMMLLSMQRTRTTRKLPQQLLQLRTKQSMSNTQMTM
FRZBNMZEZPLFBXQEAIMHUNFZQVTGEHLIQALEFNR
YCXSXZQFPUBMBLQAYYWOIFDYFNJFNJXKXVZMEML
ZKLMBMNPACLHYRTVUXQXBSUFZSUIWDKBNHRSAAA
IJFJFFEIGDHDJEDFFFIEIGDDJDDDDGFGGEIDIIG
OODXFWEHRRJAYHPFEJCNJQGMNCFLSCSEKYBSSWA
AHOBHGZYVNKQGMUFBTHYKPITAQEDJOWLUYVJXEJ
NEZYHBVEJLQZVVJPQXQEAHRXOWHXOWHSXRCDVXP
BUBLPRQRIRGYOZUODBOCDHDALTTYOCKRTTRYOCK
JRQQSFQQGVQQWDQQEBQQCXQQYZQQATQQUHQQIAA
OCDDQTGKKDIEIIOTLDTMKKDQIOREDMJPEFWSLVC
YUYRRTTWZQZPUSWTXZUYYXXZPUWXUYUSPRTXZWA
WTSPSWSWWTLQRWWTSQRWSLQRWWWWTRWSWSWWWAA
JQDZCCSDOVYXUCZQIEKUVPKROEAOHSTGJCHPZDB
FFEFIFFFGEIGJHEJEEEEEHHHIJJEHHGIGEGFFFF
TBAABNMMMFEEEGHGHKKKKRRQROOPPIJJJDDCCAA
UZSUZUZTTSUZTPZUZXPZUTTSRZUZSZTTSTSRPAA
QUXQRSXTXXRUQRUQUXQRXTXRUUQUXXTXRQRXSAA
SAAAAAAJIIJFFFEDDDCMNNNQRQRPOPPHHGGLLLK
AABDACBAAADCCBADCADDAACBCCBAABABBCDBAAA
SIZAFMBLNKBFUQVTMRWXQJRLSSJQJYPTSMFOTTY
FRMEXPVVDZILLXQKRHGYANBACYBKZEKHWYOPVQC
EGDNMJIDNMFMJILLEGDGDNMFNMJILEGJILEIFNM
RQQSZQQAHQQIXQQYFQQGTQQUVQQWDQQEBQQCAAA
PWPOCGUHDPMUHDOMUHHDPWDPWPWPOCOCGTOOMUA
NQMSLROQPHRLCISOMLLAJPQPBHNRTHPSHLLEERA
KQGNEJUYKSPLJAFALYRSVAHQMPYMPYENMSSLVGW
OWTOKQMSFBJLMGCNUVUGUGPSJRYBBSJRWEAKQMC
USUYXVURQSNQPNQPNSUYXTXXTNQPNUYXVUSNQAA
RKHTKINSLLQGNLKIOHKMGGSSNSGGRKOHSSNLKMA
GOWRFABCQGFYWAHZQDMOFHBQZJUZJUAFGLGFIBT
TBAACPAAQJAAKHAAIFAAGDAAELAAMNAAORAASAA
NHZKHZUTHZDNHZJRHZUEHZGZHZFWHZMFHZKHHZG
MSNUCTABRQSTEHBSOBBHRUHPBLGWNMCPSVLCSOB
BAAANMMNFEEEDDDDRRRQLKLLGHGGIJJIOOOOAAA
LHEPVTTNLUHIWJLWQQCOCCPEDJNUFJCDLSCCAAA
VSUQOLXRLRPXTNYYMZWWQMVTPNYWLYTLRZWYXOR
IYKATOSSNJOMCDZJNRKCBAKAIYKIHEASZLUVGGY
JGFNJSJGFGKFGGSJGFGEGEGSJKFGEFNJLGEGSAA
BAABAABLLKLMMMMDDCCHHGGFFEFRQRQOPOPIJII
RNJQHNTTJLKIKTROORQPKLIQLUTTLNNKSRNNLHO
ITISGNLRAJXQXWYTNCWDNAWWRIXFWBNCWKMZECF
ABBHKXFDNCMNMREGRCRSCAFYLUKPLEDFBNWKXFI
NVDQQCYWUDKFFFRFCCHCIEJSRYHFCCHDBROJWRB
PNHOQSQSHSHSSJPOUMUMNVKMKLKLFQFQPONVPNA
LTGQOPNVEDGJRDEXGULURUGSIOXFSNFSNVOLURA
TDLHIWEGMQIMZQGQDPQBRZEBOIVEUHKSAQWZGSE
BBABBABRRRQMMMNKLLLJIJJPPOODCCCEEEFGHHH
FKWGJPLMUPYKISPCUGHGEFCJERMAEXCSVQFQYMC
TNNMTOSSPPOQMVTMUQNTOPNTOPVUTTVMNTRUTQA
EJLBUDTMUIQHYOFYNBHMNLPGFWIBMRFMCOWOMKE
HKHPLVWMAHBAHBJEJHAEFADZVCDOYUACBPYUYXJ
IHHJKHHLQHHRYHHZWHHXOHHPSHHTUHHVMHHNAAA
LFHUILOWHXUOKYLLQFOUYQIIOUWOXZLZRHLLOLZ
FJCXFTJXRQRGUOGETHHFJCXTPEEEGUOVEGUOGRE
UWUXLFDVHPZIGZDLTVHFCUOPOZNHWKOPLLQAXJM
EAHBPMYRTSJPZCPFHZQCTACFNVJEIGMYYBGUDEB
BBBBBBBJJIJOOOOMNMMDCCCQRRRFFFELKLLHGGG
KFQTBFROUESEGBKDAAJGBPERUAOPIQDSOSPTFIT
AEZLMJMUUJKSXHYJRAMZSUFZMCUQDSBZSXAHYNH
AHAFDJIQIKIJCKIJCMJIQRFKIHHAHSHHAKEMJAA
EABBDOEDWOTMGJGYLWCWKOOURWVOOFVFFVYUAAA
ZBPFTEHOOGIYKHPZBNXDEEPMZRRJCATYWPWZBPF
TSSBABBHGHHJJJJPPPOKKKKQRRRDDCCFFFEMMNM
SSTAAABMMMNOPOOLLLKGGHGIIIICDDCFFEEQQRQ
EFTNFTRXFTRJNFTEFTMVFTLFFTSTFTJEFTVTFTK
BABABAIJIJLKLKHHGHNMMMQQQREEFFDDDDOPPPA
WDEDDFMDDNSDDTGDDHODDPQDDRIDDJUDDVKDDLA
NPNPNPNPOOPPNPNOOPOOPOONPNPOPNPPNPNOOPN
LICBJQDJKXGRIMDYMXCYSTHXPCNMXGKUYABMXGK
MMPNCRFFKBMFQEOAQQIOTAEINIREPHKRBFNNJRF
HGFHGFHDPOEDEHGPGDEGGDEDEDFGDEDKIIQIQJD
TBBBBBACCDDIIIJEEEEPOOPMMMNLKKKHGGGRRQQ
RVYWJOJOWSJGWQMTQLPGDOJUSGDRYZJKGFOCMZQ
SSTBABAPOPPNMNMHHHGQQQQEEFEKKLLIIJJDDDD
QYMUXVQYXTIQRXHFTYRRKJFFHURMHFYHGHMIWNF
QDJYEGSCGDBBLXOESTDSEFKDHRWHGHSFMQVRAAA
UMAYQYBJBQKLDEQVUBUZWJBORWZVUBUSUIAHPZO
OPGYPGBVPGWVZPGTPGKUPGNZPGDQPGIKPGNSPGY
JGAGGASJGABDGAQJGAJIGAYSGACVGAAGGAASGAE
LRUKLVLRUUMPNGUTPMKUWJJJXUKLTRUKLUKLTAA
KVZNJHPSIVKGZRSEHPTNKISREXYCURZDEVIAAAA
MVRYLZUPXZLZQYYUPXYLZQZQYUVRYLIMVRQYUPA
NHJKHMDMFINOIKMJNJOGKHNGFMIEIHGDJLGNOHJ
MMOMNNOMNNONNMNNMONMOMOMNOONOONMMNNONNO
RDBCCYJFTOWPOWOILDJNLNXAECOTGSVPRFTNMHU
MWSUNQWSUNNQXHPFSMFSMWSMWSUNQXQXHPMPFSA
QKGQWNOPRKRVVGQMOGKRSPSKHTLOSRPNJJVLJHN
BSWKGPRZFEZCAJXIEBXPCJQEYFZPIWQDCMLEDDP
SKSDKSWCKSDGKSIRKSDMKSATKSVJKSJWKSPYKSH
EKIFLFCFBILFCFEADDBALDLDIBIBAFAFEABIBAA
LKLJKLLLLJKJKLLKKLKLJKLJKJKLLJKJKLLKKLA
TWXUWMSNXDXDGHBGQEDGHNXUWMWXUWVTSVQCEKA
VHIRIJHQJSDVSORSYXDXZPWNGEVLRFHEHCUSTTE
XWXYWXYWYXYXYYWXWYYXYWYYYXWYWYWYWWYWYYW
EFHCAFFADDDFHAAFBADCGGBADCDDDFGBEFHAGBA
QHKGHKWQHKSIHKJVHIHYHKVJHKGOHKKTHKJCHKC
MIOLMKMIRGQQQKSTIQLLTLKNNJQQSRIRHQNSSNT
GGIGFFFMHKFFFHJKFGGFGGIHKFGGIGFIGFFFFFH
GGJLLGLLIKJJLLLLLLGLGLIHKGGGJLLGLIKKGGJ
MEDIFGDGMEFGBDCJMCGCKIMHGCBDMHKILDLDCJA
DDLEEYZFQCEYWLVTZVWLZFGMLEZVGMWIDDQCVTA
LIIJPJQPJQOJPKQNIQTIJPJPKJOJQOOTIRTTTLI
FAKKKWRWROZQTIIVVMNOZWTWTQTGEFAIIVVBFGE
PVJNJQLLSVMWOWOQLOQLLSPVJMWOQLLSPLSPVAA
VMPJKVQQTKUQYXWWKTRIHYXRTXJJHNQTQHVUKKI
RRRTSUSUSSSUUTRSUVUSURTSUSSSUSVSVRSTVUS
HFJBFBZZCJDSYYHWYZCGODUYXGMMAELPSCNTKAP
ABBABBAHHHHMNMNCDDCJJJJPPPPEFFFLLLKQRQR
YNSSSHNNJTLZUCPRZZSZSZLMPKMPHMPZSZLPKMY
IIFEJAFMLJJAFJIJNFJICIEJANIFPGAFIJKKBIF
NFTLHBKZRMRVXJPNVVIKIVOFFGANIHHXILSCRGA
IHHJMHHNWHHXUHHVOHHPQHHRSHHTKHHLYHHZAAA
VAHRWMIQLJPOFIWHVXIAANRDBTOTQHIGSCCMHVX
TTABBADCCCFFFFRQRQPPOOIJJIHHHGMNNNKKLKA
HSQVNSBGAXEQXDNTZLSQAXBEKVCAJEDNSBODPJS
OSPQJPQQSPOPQPQRMSRJNOLPOQPNLSSSSRSNJOA
BABBABBJJJJLLLKCCCCMNMNOPOOGHGGQQRRFFFE
OLQQPNMRRRNLVQNMRQPQNMRRNRRNLQQPQPQNMAA
EDDFSDDTQDDRKDDLIDDJMDDNGDDHUDDVODDPAAA
SGQONFGQCBJGQGCQCBJCSGQGQGCGULGWPMEFGJL
IBKFCJDDIBHIBHFDFLHCIBKHCJCDFLHKCIBLJIE
VLFESSKIOCWZEIDLCTCQUSHVNHVAXQTADXVDXVL
QLKOLKLVLKKVLKUVLKARLKHRLKELLKKVLKLLLKX
OVMWVMIHVMUTVMQTVMYAVMYGVMKVVMEEVMITVMY
RTLPKSCLSTIPIUGORTJQADBFDCDCLSHJQABFDCA
DXSYLCSYLQSYDGSYHVSYQGSYGZSYZJSYRDSYAAA
TMTHILNDJTNLOEKGHHIJOESPSKOFPTMPSKOINEM
JGVRDQUNUYMTDOMFUDPYTHJBTDOGATLCXLHQABT
RIASTIMANMLOSFBDYUCYHBYARIHGRLYRAEZIMZR
IWNLLUPNLRTTOQWVSHLSTWJVOUNJJHHWSSISULL
RTQSQTQSQTTTRRQTRRRQQTSSTRRQQTTQSRSTRSA
HYYERAXKVOBXJJFOOFXJEELIDSHLPEGEPVEDUUQ
TSTBBBBRRQQEEFFKLKLHHHGDDDCOPPPIIJJNMNM
NMKMLHNKIHKHLJNNKHHNJNNNJINHNJKKIHNMIIM
IKLLJHGJKENTRWIGAGIBYWNNWABXQEJIGAXFUCT
MHLGGIMIGJHKJKMIMJKHKHMGGGIMJHMMHIIMKMG
OHSNLNHUJLOKHSQTNHKKMUUNOKKKLNOOGGTQJKN
XVHGORXEJTSCHKXGOWNREBEIVGMTKBFZATHVNQA
DADPVHATRMIGNDLNNVBAOVOVTLLBAOVATRVHQTA
GHLPFIGHONIGOHGNOMFPNMNKJJNGNHKFHQPNJGH
LHVQSYQYQZHXRLHWVTMTMVTQHZSVQWVZSXRZHQH
LDINOLHJLDQDMLEKMJLNSMJLKRDORNLEERNQQOK
POOMPMNNOPOOPPPMNPOMNOMOMPMMNPMONOOMNPO
QNAWGTZFJBMCXOWCZUYFKDEXVKIZUYWKTZFHRWR
PSAMRKEEPEEPOEEPONKJACSEECECSEEPOAMRJAA
TTBBBBBKLLLHGGHRRQQNMNMCCCDOOPPJJIJEEFE
KLCYLCKGLCXALCDVLCBYLCRBLCUGLCHGLCHBLCM
OSOTLUULSRVLLPLPLORLOROMMSLMSLLOSOTSLLP
LAKUYECDWVAWCHGLORGFKULEZWVYDNBRVAOLAKU
MHPKMHZPDXFAQRRAIHZAWIMZSWAFWVAZMBPSUXA
QNWSNWVBNWXVNWTPNWPSNWDDNWQUNWCYNWQBNWC
DHHDIFGEGEDGHEDHEDEEEIHHFDEFGGHHDHHHIDH
SGQPRPGSJWMESSSOKSPGLLLPQUOIINOLMVIMITS
WDEDDFMDDNUDDVGDDHIDDJSDDTODDPKDDLQDDRA
KRMQOQOQRHLNKRJOLNRMQOQOQROLNKQRHINKRMA
KXNQQTLLLQQLKXNLQQTLLLQQTLKTLLLXNQRTLKX
BABABAGGHGOOPPRRRQEFEEMMNNCCDDLKLKIIIIA
MGRWULLOJGFGOGSFTJIIVPKKRPMEFOGVNFOLQKE
KKUKJWCKJFAKJVGKJFKKJBKKJOUKJDRKJBFKJMA
TGKGKXJGKKDGKRUGTGQGKTFGKBJGKQDGKOJGKLA
NPHZFBNBIYFXBEVXVTHIXEIGHUYSPVRLNVLEQQE
NPHPJDMNDNNMDDNHMLHNJDOHGPNOKLJOIGLLPPO
VSQTNOPOPTSQPSNTNNWRTNNNWQNSTPTTNOPOPTS
