87
81
97
85
87
100
99
81
88
43
90
78
99
76
80
100
60
100
77
34
87
81
73
62
102
61
90
95
31
56
81
88
55
84
95
66
66
82
96
65
77
23
30
85
73
67
98
103
99
57
40
85
33
100
97
77
65
56
76
101
76
99
96
89
24
33
89
85
44
67
74
57
44
21
96
90
57
89
93
52
67
69
75
60
76
99
87
86
56
77
65
50
69
74
89
77
101
67
74
97
68
78
74
105
87
99
75
32
84
84
65
91
41
100
87
100
100
87
34
95
42
90
92
80
75
80
63
77
67
54
101
88
44
68
84
52
98
23
96
99
76
100
97
66
101
94
97
105
88
79
101
21
95
65
97
83
88
94
102
63
92
57
54
66
98
61
81
68
75
76
78
91
94
106
75
43
91
74
56
102
76
62
44
69
57
79
65
88
62
65
57
97
82
70
99
73
34
97
59
80
69
102
94
59
20
102
96
98
86
55
98
90
12
74
87
55
82
90
86
51
66
91
87
46
107
70
96
77
69
75
92
69
88
86
53
85
82
93
84
43
95
53
76
94
84
56
57
83
77
86
96
71
66
99
67
47
98
66
100
68
55
46
54
75
64
58
83
98
103
72
101
67
84
93
52
92
83
56
65
72
93
54
98
74
100
71
43
56
92
64
83
81
68
79
58
77
66
80
54
74
62
106
102
70
97
75
100
92
84
98
86
70
94
80
95
66
97
98
42
83
41
56
73
104
93
98
95
43
86
89
94
103
94
46
73
53
98
95
95
72
103
58
11
77
85
66
77
33
89
66
108
89
67
89
54
99
81
96
89
99
93
53
69
55
76
86
93
34
66
98
89
68
100
31
65
89
96
68
43
44
55
96
88
84
94
96
64
94
92
57
86
102
102
53
70
64
44
95
73
45
75
71
83
55
102
107
83
58
91
90
83
88
68
69
68
44
104
79
95
91
104
88
91
70
81
94
98
95
101
87
64
103
33
90
101
90
57
91
94
82
85
67
75
54
89
85
101
98
90
45
33
85
86
74
90
93
54
104
66
65
90
22
88
88
64
85
100
76
77
85
82
78
93
102
81
99
83
78
89
87
98
99
80
104
79
76
51
45
99
67
54
86
92
79
93
98
92
86
89
98
93
68
95
62
34
71
43
96
85
73
54
90
66
47
66
53
51
36
97
64
100
88
22
84
88
44
104
98
87
45
78
93
92
94
33
82
44
93
71
55
91
64
104
47
56
84
23
86
88
45
97
67
103
53
78
78
65
33
78
81
104
103
99
78
74
61
83
92
103
79
97
105
76
99
84
99
98
80
92
98
96
73
67
105
102
76
94
41
88
64
99
98
97
31
61
88
78
101
55
103
89
63
32
72
77
74
42
97
87
95
79
104
75
52
101
79
82
42
101
42
89
92
63
78
102
41
80
43
77
75
35
44
65
76
81
101
103
62
46
99
97
58
65
71
64
93
76
83
93
81
105
87
32
55
85
106
95
65
96
100
72
34
99
52
75
66
105
96
87
74
82
56
92
73
102
78
64
79
75
63
45
96
78
53
100
79
88
78
96
55
80
101
45
99
103
80
91
102
63
54
79
65
100
32
75
100
76
93
43
87
80
98
85
10
88
95
85
105
97
92
91
22
79
104
63
22
78
63
67
35
66
97
102
53
90
48
78
94
52
31
86
74
107
97
102
103
84
79
101
45
96
70
99
67
100
73
86
76
86
101
72
87
56
102
55
87
79
100
84
32
69
94
90
102
55
92
91
42
96
93
76
90
78
86
56
91
62
45
82
88
106
82
75
91
35
104
91
90
89
77
77
82
91
101
86
101
92
43
88
94
83
98
72
42
77
100
91
103
97
52
77
89
99
91
87
87
99
85
100
89
91
105
97
89
95
94
101
88
80
46
100
22
33
101
90
32
92
44
93
76
98
72
77
82
55
63
64
101
96
87
104
95
71
95
100
106
68
77
89
51
105
59
68
86
65
81
54
92
32
93
90
99
64
88
103
97
58
103
99
21
94
53
21
54
46
63
67
87
11
106
