98776665322221
84433221000
9433
9857
545
776553322
9811110
6540
87666522
88
500000
998777664433221
97722110
8766554433321
6643221
7743332210
7653
12
7663312
58
9750
55422223
98444111
745
988875322
97655531
12
99999666554210
65551
865
744
98765321
9877543324
987665533
9888330
9998887550
96663222
999865555422221
9986430
887532
887753300000
82
997765543332212
9865543
999771
9877654433224
96643331
8775433
9987434
987654410
9888862
17
875552
99887554332210
700000000000
887646
966331000
999766554443110
843
98866655221
5
9866644320
8777543220
50000000
977420
63
999975443310
9855
776544333223
6432
776553322
7532221
98766543210
867
12
9996654335
13
98888655510
7731
78
766
8777665544333
87766441
7777754333222
6
888886655544211
8876644443334
8752
9999766544
764
41
997765
74321
9998888765440
987654
8874443332
998887772
20
646
821
2
8885554446
9999888767
987
999866554432
746
90000
99993
89
96332
99988877644320
9997644334
99864430
87554432110
9776555542
810
77544332110
8776670
8665330
866654444321
99755524
77775433322221
13
887654
8866554434
87644311110
964310
9523
77765422100
876534
9865432
10
9655421
99877554333210
99764
98632
99988887748
9887765322
987765544431110
53224
420
88775541100
86446
87776544333
9987765544432
9655436
99866658
9855
8665321
0
8
998887775443331
99886554434
999999844322211
777655444211
97662221
6654
5000000000000
988554433212
9764222110
9887543310
98210
9779
9888866322
998765432
99877666655321
31
98879
44443322211
55443223
986545
76533211
999764333
887643322
998754310
98887655221
8765332110
8886655522200
998842222
9877745
989
99877665432
998876655543311
78
78
7
9974422111
76642211100
99766643330000
55
9765444321000
989
776653324
997555331110
987666551
10
9999665433110
97553320
9998875443222
7541
99880
633
987653321
97654444
68
9776665533221
99988441000
4331
9885533111
9988877544331
99998654433
998887766553211
985444311111
988766410
98876333221111
9655434
97555443
88712
422
82
977653332200
8883322
9966421
9777666521100
773
6000000000000
9877
9877555334
41
76665533321
14
999855432100
988888766555432
9321
888855544210
99887755511
972
9766443322110
9886442
99754431
876640
99865321
9888865554442
88766555542
998766555433200
66435
997766432212
988777664332200
877666554
997766653311
434
87333
99780
99999876533
12
999862
98876321
987776654330
9832
652210
986443
9963
7754
864332
997753
99876541
987765543335
7
765533221
9876554212
987555422
7
98776651
977531100
998885533221
9985432210
88887776544433
887654221100
975443332221000
752
7655434
855546
99711
88776542110
9887766622100
8776622100
98877334
321
67
975
88877766542111
988543332
987766555332
987777664432110
96431
11
300000000
9888875544
9987644433300
57
553211
988766554311
997543322211
2000
988884433222
998655544221100
5443
1001
45
98766554334
985443
99766655444
104
59
9987764444334
98764443221
762222
966653321
98
9998887765322
5542
9976555442
87758
977655544443311
70000
9754443222
100000000
500000
100000000000
7777546
990
8878
9986444
996644333221
888873200
877654443000
11
99998754442211
98755444433221
7000
97554332
9976553322112
98766444322100
9221111100
9998644
766500
22000
97642220
9876544
10
96551111111100
92
933221
988777
9744212
200
8000000
977655522
765433333
886524
71
863
99887655522110
99888887644333
7547
60000000000000
99997754211000
99988876542110
8776665521
988755444322210
63
9976655320
988666657
9
998654422110
8844210
99888774420
997776655544430
60000000000000
99885554221110
987776521
7555443311100
10
98887555433211
988886554332211
88444222
8766332211
644443322
654443311
82
67
987777665432211
99887666431000
9877666554410
988876655323
3000000000
400
865553210
88766555542222
977543
9986642
60000000000000
87
65322
88
88830
997754421
8821
887432222211
9977530
5321
73334
8755535
99887654322221
10
98765554431
987755311
8644432
10000
87655
7665431
87754432
988777665544431
12
886665444
12
998869
99777544331
987754322222
86663322
77766553332211
99875421
654331
97
3212
99766333221
988887555322110
9886654436
88777655433323
99534
95
8775322210
3210
9875554432200
986544
98888766444322
877543310
99877554322112
8554432
99966654443323
9874440
9765543321110
90
866633222
2
962
5545
653320
8445
977766664433
988667
97776665543200
434
877433220000
9987665411
8775554322211
888433332
998777665543221
766533322221
998766553
18
9651
987655545
743332000
765543332
7644
8853322
9886553
99888744333
766544
8764322210
99887655533210
99876654332
73
96533
633311
6000000
988776666533220
95
964
988555322
9766320
98866533322112
9866333
999887765433211
66658
6411
865
88733333210
9888665544200
98764444112
9999665210
997655422210
99888543222211
12
876631110
988658
88655444212
9852
975555443333332
7555
60
888777544332
98854433211
8876644310
75510
8766552
99
992
99754332
85
777655544433333
98765431
8
7665433111
77543222
433212
746
7765443321
555
956
642223
9776652221
8748
44446
765221
9854332211
13
8865432
9876653321
543
7765554443300
98766555
782
988622211
9887654224
998766655432211
10
977635
98876643110
32
9875544100
9886655444311
99987666553310
99876665543224
9
12
76321
732
99988765551
7753221
998777665433
88774
13
16
88775423
9997522
988776633
7754210
400000000000
87632110
998876633321
400000
88777655444333
8887666552212
98865442212
9876654322
888766432221111
877543331
874422222
7544210
9432
722
9886542222
997658
9552222111
999767
966545
988876544433322
97642
994332221
988664333221
8653
888765554433
77765322100
99999859
99875444332
9877657
986643211
834
8767
9999754
988866
87754443200
776655554432
985544433310
9875
86547
998444433312
8887766642110
5000000000
9997658
965542
6
84333222
99977754435
87533210
8876554322210
8776641
999888877632221
2
877554332212
9876
987776435
866431
9776654432221
99744410
980
20000000000
55534
663
9995433110
886422
999776665334
54223
99866665532
12
877653320
70000000000
8877666544332
87655554433200
4
998887665553321
8655521100
9997775544
88777643322100
998888665423
9886643221100
98610
98877665
987643
999887655533221
887743221100
88775443320
9665554444433
764433222
777632
9887546
986555
987534
9996642110000
86410
645
998643211
877766552
9866552
999876652223
99886655433
95332
99775322
99533
99865442
98654322210
9644211
996556
98776622210
99998887755420
975431
8765533
7775554432222
988766532
103
87765555443332
64
88655444334
988523
888
999765333100
9776653211
894
1001
8865554400
999854332110
864432
100
8744443200
886553311000
88876654222
700000000000000
9766655443111
988775333
540
944432
9555
800000000000000
943
8886210
42
999888746
87651000
976655444322
99887654434
9988755443321
998877666522
986653322221111
5
77644433
987766544333332
9977664333220
65443310
94
876666664322
76432
21
975432100
987665433221100
9655443333220
7670
985544322210
643211110000
96667
8643220
9999877654445
60000000
987777544442
9888766555
76654210
97
9888776643222
9781
9755
966300
998665543331
9884433222200
998865443321111
78
98766544333320
8877555210
981
986410
86
1000
665546
98765443322
950
15
97775443211
88777765554322
9864431
99977765433221
88876665554321
997320
7766555554420
12
96555444442
998766554433220
547
9866
98765
6000
99643
962
98332
97765433320
99994200
103
77633221000
86668
976643320
7560
3
988864322
98866
653
6654332
975421
654311
97
99878
98
555
88877533333100
754420
800000000000000
996555212
951
99876443200
95532
14
97777765434
99654330000
8777776655322
781
99888777665534
6000000000
744321
6544
99888764332211
98855543221100
833
97553
9997763322200
877654211
9774322
874223
99986444334
87756
888765524
886653
9977766432221
97777665433321
931
421
9762
887777664432100
9771
8755441111
9988882
97755520
77631
86544444331100
988876665112
97554332221
8887777444
855
88876431110
13
87655411
9873210
998876653310
998777763
877763311
744311
768
988776655433210
8775443
978
8868
887554432100
755421
45
200000000
965555433211
998777755533310
98888766523
9776665444322
4000000000000
9866655543322
965532
877666532
99887665555333
85544
98771
999855553
9876543210
760
97766544322210
9885
100
98766643332
7635
99765422
877555
8721
987776545
887654222111
999877666655546
998
9877610
988666643211000
87765522
877666554210
87753221
8660
888554432211
887776665421
8533
853
99988754332221
8732222
60
987664322
997766444221110
998876555432222
77776655221
99888654421110
770
18
97755532211
988777765543332
8664333
99755432211
98877654322110
9998886543
988887664433110
99986544200
984
98876655444322
93320
7
99877777643223
888765433110
1000000
91
998554311
96
9998875554310
99877544333221
767
46
9999876443336
97444
98765435
97773310
98322221
87654410
999865433222
854322
98874333
966664411
9887655420
8777553332100
100
844
731
999888633221100
7533
9986
8754300
9876
998666553210
97
943
669
9974444423
9997546
985554422210
87776543331100
63320
98887666
77663211
983211000
866532110
999976544445
9764421111
9
999877666655432
986554212
8632000
9861
766552
876444
98886640
9732
999987555434
99888665444
976422
8555422
865531000
995431
98655533
9832
87776332
65
10000000
7776665555434
997755411
8776
88880
98863
8888764444332
20000000000
9655444333
9998633
7331
76644
9855554320
976542
988877444221
998774334
99754211000
99888855442200
996544
8630
99876665431
6554420
99765534
999887776544320
99775541111
9633
